[ 2016-09-13T23:39:06+08:00 ] ::1 /SIS.JXNU-B/index.php/Excel/Excel/excel.html
INFO: [ app_init ] --START--
INFO: Run Behavior\BuildLiteBehavior [ RunTime:0.000000s ]
INFO: [ app_init ] --END-- [ RunTime:0.002001s ]
INFO: [ app_begin ] --START--
INFO: Run Behavior\ReadHtmlCacheBehavior [ RunTime:0.002001s ]
INFO: [ app_begin ] --END-- [ RunTime:0.003001s ]
NOTIC: [8192] mysql_connect(): The mysql extension is deprecated and will be removed in the future: use mysqli or PDO instead F:\PHP\wamp64\www\SIS.JXNU-B\HomyitCore\Library\Think\Session\Driver\Db.class.php 第 95 行.
INFO: [ action_begin ] --START--
INFO: Run Common\Behavior\HyLogBehavior [ RunTime:0.002000s ]
INFO: [ action_begin ] --END-- [ RunTime:0.003000s ]
NOTIC: [2048] Declaration of Common\Model\HyFrameModel::find() should be compatible with Think\Model::find($options = Array) F:\PHP\wamp64\www\SIS.JXNU-B\Application\Common\Model\HyFrameModel.class.php 第 13 行.
NOTIC: [8] Undefined index: Excel/Excel/all F:\PHP\wamp64\www\SIS.JXNU-B\Application\Common\Model\HyAuthModel.class.php 第 91 行.
NOTIC: [8] Undefined index: model F:\PHP\wamp64\www\SIS.JXNU-B\Application\Common\Controller\HyFrameController.class.php 第 42 行.
SQL: SHOW COLUMNS FROM `edu_user` [ RunTime:0.0430s ]
INFO: [ hy_log ] --START--
NOTIC: [8] Undefined variable: sql F:\PHP\wamp64\www\SIS.JXNU-B\Application\Common\Behavior\HyLogBehavior.class.php 第 31 行.
INFO: Run Common\Behavior\HyLogBehavior [ RunTime:0.000000s ]
INFO: [ hy_log ] --END-- [ RunTime:0.001000s ]
INFO: [ before_view ] --START--
SQL: SHOW COLUMNS FROM `edu_frame_alert` [ RunTime:0.0040s ]
SQL: SELECT `id`,`category`,`icon`,`message`,`url`,`type`,`create_time` FROM `edu_frame_alert` where `to_users` LIKE '%,18,%' AND ( IFNULL(`read_users`,'')='' OR `read_users` NOT LIKE '%,18,%') AND `status`=1 ORDER BY `id` DESC [ RunTime:0.0010s ]
INFO: Run Common\Behavior\HyBeforeViewBehavior [ RunTime:0.014001s ]
INFO: [ before_view ] --END-- [ RunTime:0.015001s ]
INFO: [ view_parse ] --START--
INFO: [ template_filter ] --START--
INFO: Run Behavior\ContentReplaceBehavior [ RunTime:0.001000s ]
INFO: [ template_filter ] --END-- [ RunTime:0.001000s ]
NOTIC: [8] Undefined variable: hyMenu F:\PHP\wamp64\www\SIS.JXNU-B\Runtime\Cache\Excel\d2814c4988b17a59d48be3bcf38216f3.php 第 307 行.
INFO: Run Behavior\ParseTemplateBehavior [ RunTime:0.248014s ]
INFO: [ view_parse ] --END-- [ RunTime:0.248014s ]
INFO: [ view_filter ] --START--
INFO: Run Behavior\WriteHtmlCacheBehavior [ RunTime:0.002001s ]
INFO: [ view_filter ] --END-- [ RunTime:0.002001s ]
INFO: [ action_end ] --START--
SQL: SHOW COLUMNS FROM `edu_frame_log` [ RunTime:0.0030s ]
SQL: INSERT INTO `edu_frame_log` (`user_id`,`description`,`sql`,`module`,`controller`,`action`,`post`,`url`,`create_time`,`ip`) VALUES ('18',' >> 信息','','Excel','Excel','excel','{\"HyFrame_SSID\":\"nf1bk0fnh48bqtafu12ub6f1k6\",\"Hm_lvt_41c66ca2d9e89051b8f673b25979b6a0\":\"1473574019,1473683143,1473745700,1473779866\",\"Hm_lpvt_41c66ca2d9e89051b8f673b25979b6a0\":\"1473781142\"}','/SIS.JXNU-B/index.php/Excel/Excel/excel.html','1473781146','0.0.0.0') [ RunTime:0.0010s ]
INFO: Run Common\Behavior\HyLogBehavior [ RunTime:0.010000s ]
INFO: [ action_end ] --END-- [ RunTime:0.010000s ]
INFO: [ app_end ] --START--
INFO: Run Behavior\ShowPageTraceBehavior [ RunTime:0.003000s ]
INFO: [ app_end ] --END-- [ RunTime:0.003000s ]

[ 2016-09-13T23:39:13+08:00 ] ::1 /SIS.JXNU-B/index.php/Excel/Excel/favicon.ico
INFO: [ app_init ] --START--
INFO: Run Behavior\BuildLiteBehavior [ RunTime:0.000000s ]
INFO: [ app_init ] --END-- [ RunTime:0.002000s ]

