[ 2016-07-12T16:56:51+08:00 ] ::1 /SIS.JXNU-B/index.php/Excel/Excel/excel.html
INFO: [ app_init ] --START--
INFO: Run Behavior\BuildLiteBehavior [ RunTime:0.000150s ]
INFO: [ app_init ] --END-- [ RunTime:0.001988s ]
INFO: [ app_begin ] --START--
INFO: Run Behavior\ReadHtmlCacheBehavior [ RunTime:0.003048s ]
INFO: [ app_begin ] --END-- [ RunTime:0.003650s ]
INFO: [ action_begin ] --START--
INFO: Run Common\Behavior\HyLogBehavior [ RunTime:0.004335s ]
INFO: [ action_begin ] --END-- [ RunTime:0.004797s ]
NOTIC: [2048] Declaration of Common\Model\HyFrameModel::find() should be compatible with Think\Model::find($options = Array) C:\wamp\www\SIS.JXNU-B\Application\Common\Model\HyFrameModel.class.php 第 13 行.
NOTIC: [8] Undefined index: Excel/Excel/all C:\wamp\www\SIS.JXNU-B\Application\Common\Model\HyAuthModel.class.php 第 91 行.
NOTIC: [8] Undefined index: model C:\wamp\www\SIS.JXNU-B\Application\Common\Controller\HyFrameController.class.php 第 42 行.
SQL: SHOW COLUMNS FROM `edu_user` [ RunTime:0.0154s ]
INFO: [ hy_log ] --START--
NOTIC: [8] Undefined variable: sql C:\wamp\www\SIS.JXNU-B\Application\Common\Behavior\HyLogBehavior.class.php 第 31 行.
INFO: Run Common\Behavior\HyLogBehavior [ RunTime:0.000296s ]
INFO: [ hy_log ] --END-- [ RunTime:0.000743s ]
INFO: [ before_view ] --START--
SQL: SHOW COLUMNS FROM `edu_frame_alert` [ RunTime:0.0146s ]
SQL: SELECT `id`,`category`,`icon`,`message`,`url`,`type`,`create_time` FROM `edu_frame_alert` where `to_users` LIKE '%,18,%' AND ( IFNULL(`read_users`,'')='' OR `read_users` NOT LIKE '%,18,%') AND `status`=1 ORDER BY `id` DESC [ RunTime:0.0010s ]
INFO: Run Common\Behavior\HyBeforeViewBehavior [ RunTime:0.030692s ]
INFO: [ before_view ] --END-- [ RunTime:0.031132s ]
INFO: [ view_parse ] --START--
INFO: [ template_filter ] --START--
INFO: Run Behavior\ContentReplaceBehavior [ RunTime:0.000763s ]
INFO: [ template_filter ] --END-- [ RunTime:0.001215s ]
NOTIC: [8] Undefined variable: hyMenu C:\wamp\www\SIS.JXNU-B\Runtime\Cache\Excel\d2814c4988b17a59d48be3bcf38216f3.php 第 307 行.
INFO: Run Behavior\ParseTemplateBehavior [ RunTime:0.135394s ]
INFO: [ view_parse ] --END-- [ RunTime:0.135889s ]
INFO: [ view_filter ] --START--
INFO: Run Behavior\WriteHtmlCacheBehavior [ RunTime:0.003340s ]
INFO: [ view_filter ] --END-- [ RunTime:0.003822s ]
INFO: [ action_end ] --START--
SQL: SHOW COLUMNS FROM `edu_frame_log` [ RunTime:0.0168s ]
SQL: INSERT INTO `edu_frame_log` (`user_id`,`description`,`sql`,`module`,`controller`,`action`,`post`,`url`,`create_time`,`ip`) VALUES ('18',' >> 信息','','Excel','Excel','excel','{\"pgv_pvi\":\"9940927488\",\"Hm_lvt_6338835ad35c6d950a554fdedb598e48\":\"1463732487,1463741855,1463811579,1463840298\",\"HyFrame_SSID\":\"detopd861pcruj1qj8dhvds8l6\",\"Hm_lvt_41c66ca2d9e89051b8f673b25979b6a0\":\"1468313550\",\"Hm_lpvt_41c66ca2d9e89051b8f673b25979b6a0\":\"1468313779\"}','/SIS.JXNU-B/index.php/Excel/Excel/excel.html','1468313811','0.0.0.0') [ RunTime:0.0015s ]
INFO: Run Common\Behavior\HyLogBehavior [ RunTime:0.023041s ]
INFO: [ action_end ] --END-- [ RunTime:0.023471s ]
INFO: [ app_end ] --START--
INFO: Run Behavior\ShowPageTraceBehavior [ RunTime:0.004724s ]
INFO: [ app_end ] --END-- [ RunTime:0.005221s ]

[ 2016-07-12T16:56:53+08:00 ] ::1 /SIS.JXNU-B/index.php/Excel/Excel/favicon.ico
INFO: [ app_init ] --START--
INFO: Run Behavior\BuildLiteBehavior [ RunTime:0.000094s ]
INFO: [ app_init ] --END-- [ RunTime:0.001696s ]

