[ 2016-06-24T08:11:47+08:00 ] 69.30.218.166 /index.php/System/HyStart/login.html
INFO: [ app_init ] --START--
INFO: Run Behavior\BuildLiteBehavior [ RunTime:0.000000s ]
INFO: [ app_init ] --END-- [ RunTime:0.000000s ]
INFO: [ app_begin ] --START--
INFO: Run Behavior\ReadHtmlCacheBehavior [ RunTime:0.000000s ]
INFO: [ app_begin ] --END-- [ RunTime:0.000000s ]
NOTIC: [8192] mysql_connect(): The mysql extension is deprecated and will be removed in the future: use mysqli or PDO instead D:\wwwwroot\SIS.JXNU\HomyitCore\Library\Think\Session\Driver\Db.class.php Á¨¨ 95 Ë°å.
INFO: [ action_begin ] --START--
INFO: Run Common\Behavior\HyLogBehavior [ RunTime:0.000000s ]
INFO: [ action_begin ] --END-- [ RunTime:0.000000s ]
NOTIC: [2048] Declaration of Common\Model\HyFrameModel::find() should be compatible with Think\Model::find($options = Array) D:\wwwwroot\SIS.JXNU\Application\Common\Model\HyFrameModel.class.php Á¨¨ 13 Ë°å.
NOTIC: [8] Undefined index: model D:\wwwwroot\SIS.JXNU\Application\Common\Controller\HyFrameController.class.php Á¨¨ 42 Ë°å.
SQL: SHOW COLUMNS FROM `edu_frame_setting` [ RunTime:0.0146s ]
SQL: SELECT `key`,`value` FROM `edu_frame_setting` WHERE `status` < 9  [ RunTime:0.0020s ]
INFO: [ before_view ] --START--
INFO: Run Common\Behavior\HyBeforeViewBehavior [ RunTime:0.021485s ]
INFO: [ before_view ] --END-- [ RunTime:0.021485s ]
INFO: [ view_parse ] --START--
INFO: [ template_filter ] --START--
INFO: Run Behavior\ContentReplaceBehavior [ RunTime:0.000000s ]
INFO: [ template_filter ] --END-- [ RunTime:0.000000s ]
INFO: Run Behavior\ParseTemplateBehavior [ RunTime:0.011719s ]
INFO: [ view_parse ] --END-- [ RunTime:0.011719s ]
INFO: [ view_filter ] --START--
INFO: Run Behavior\WriteHtmlCacheBehavior [ RunTime:0.000000s ]
INFO: [ view_filter ] --END-- [ RunTime:0.000000s ]
INFO: [ action_end ] --START--
INFO: Run Common\Behavior\HyLogBehavior [ RunTime:0.000000s ]
INFO: [ action_end ] --END-- [ RunTime:0.000000s ]
INFO: [ app_end ] --START--
INFO: Run Behavior\ShowPageTraceBehavior [ RunTime:0.000000s ]
INFO: [ app_end ] --END-- [ RunTime:0.000977s ]

[ 2016-06-24T10:17:23+08:00 ] 111.73.220.52 /index.php/System/HyStart/login.html
INFO: [ app_init ] --START--
INFO: Run Behavior\BuildLiteBehavior [ RunTime:0.000000s ]
INFO: [ app_init ] --END-- [ RunTime:0.000000s ]
INFO: [ app_begin ] --START--
INFO: Run Behavior\ReadHtmlCacheBehavior [ RunTime:0.000000s ]
INFO: [ app_begin ] --END-- [ RunTime:0.000000s ]
NOTIC: [8192] mysql_connect(): The mysql extension is deprecated and will be removed in the future: use mysqli or PDO instead D:\wwwwroot\SIS.JXNU\HomyitCore\Library\Think\Session\Driver\Db.class.php Á¨¨ 95 Ë°å.
INFO: [ action_begin ] --START--
INFO: Run Common\Behavior\HyLogBehavior [ RunTime:0.000976s ]
INFO: [ action_begin ] --END-- [ RunTime:0.000976s ]
NOTIC: [2048] Declaration of Common\Model\HyFrameModel::find() should be compatible with Think\Model::find($options = Array) D:\wwwwroot\SIS.JXNU\Application\Common\Model\HyFrameModel.class.php Á¨¨ 13 Ë°å.
NOTIC: [8] Undefined index: model D:\wwwwroot\SIS.JXNU\Application\Common\Controller\HyFrameController.class.php Á¨¨ 42 Ë°å.
SQL: SHOW COLUMNS FROM `edu_frame_setting` [ RunTime:0.0029s ]
SQL: SELECT `key`,`value` FROM `edu_frame_setting` WHERE `status` < 9  [ RunTime:0.0000s ]
INFO: [ before_view ] --START--
INFO: Run Common\Behavior\HyBeforeViewBehavior [ RunTime:0.000000s ]
INFO: [ before_view ] --END-- [ RunTime:0.000000s ]
INFO: [ view_parse ] --START--
INFO: [ template_filter ] --START--
INFO: Run Behavior\ContentReplaceBehavior [ RunTime:0.000977s ]
INFO: [ template_filter ] --END-- [ RunTime:0.000977s ]
INFO: Run Behavior\ParseTemplateBehavior [ RunTime:0.008788s ]
INFO: [ view_parse ] --END-- [ RunTime:0.008788s ]
INFO: [ view_filter ] --START--
INFO: Run Behavior\WriteHtmlCacheBehavior [ RunTime:0.000000s ]
INFO: [ view_filter ] --END-- [ RunTime:0.000000s ]
INFO: [ action_end ] --START--
INFO: Run Common\Behavior\HyLogBehavior [ RunTime:0.000000s ]
INFO: [ action_end ] --END-- [ RunTime:0.000000s ]
INFO: [ app_end ] --START--
INFO: Run Behavior\ShowPageTraceBehavior [ RunTime:0.000000s ]
INFO: [ app_end ] --END-- [ RunTime:0.000000s ]

[ 2016-06-24T10:17:55+08:00 ] 111.73.220.52 /index.php/System/HyStart/favicon.ico
INFO: [ app_init ] --START--
INFO: Run Behavior\BuildLiteBehavior [ RunTime:0.000000s ]
INFO: [ app_init ] --END-- [ RunTime:0.000000s ]

[ 2016-06-24T10:18:02+08:00 ] 111.73.220.52 /index.php/System/HyStart/login.html
INFO: [ app_init ] --START--
INFO: Run Behavior\BuildLiteBehavior [ RunTime:0.000000s ]
INFO: [ app_init ] --END-- [ RunTime:0.000977s ]
INFO: [ app_begin ] --START--
INFO: Run Behavior\ReadHtmlCacheBehavior [ RunTime:0.000977s ]
INFO: [ app_begin ] --END-- [ RunTime:0.000977s ]
NOTIC: [8192] mysql_connect(): The mysql extension is deprecated and will be removed in the future: use mysqli or PDO instead D:\wwwwroot\SIS.JXNU\HomyitCore\Library\Think\Session\Driver\Db.class.php Á¨¨ 95 Ë°å.
INFO: [ action_begin ] --START--
INFO: Run Common\Behavior\HyLogBehavior [ RunTime:0.000000s ]
INFO: [ action_begin ] --END-- [ RunTime:0.000000s ]
NOTIC: [2048] Declaration of Common\Model\HyFrameModel::find() should be compatible with Think\Model::find($options = Array) D:\wwwwroot\SIS.JXNU\Application\Common\Model\HyFrameModel.class.php Á¨¨ 13 Ë°å.
NOTIC: [8] Undefined index: model D:\wwwwroot\SIS.JXNU\Application\Common\Controller\HyFrameController.class.php Á¨¨ 42 Ë°å.
SQL: SHOW COLUMNS FROM `edu_frame_setting` [ RunTime:0.0020s ]
SQL: SELECT `key`,`value` FROM `edu_frame_setting` WHERE `status` < 9  [ RunTime:0.0000s ]
INFO: [ before_view ] --START--
INFO: Run Common\Behavior\HyBeforeViewBehavior [ RunTime:0.000976s ]
INFO: [ before_view ] --END-- [ RunTime:0.000976s ]
INFO: [ view_parse ] --START--
INFO: [ template_filter ] --START--
INFO: Run Behavior\ContentReplaceBehavior [ RunTime:0.000000s ]
INFO: [ template_filter ] --END-- [ RunTime:0.000000s ]
INFO: Run Behavior\ParseTemplateBehavior [ RunTime:0.009765s ]
INFO: [ view_parse ] --END-- [ RunTime:0.009765s ]
INFO: [ view_filter ] --START--
INFO: Run Behavior\WriteHtmlCacheBehavior [ RunTime:0.000000s ]
INFO: [ view_filter ] --END-- [ RunTime:0.000000s ]
INFO: [ action_end ] --START--
INFO: Run Common\Behavior\HyLogBehavior [ RunTime:0.000000s ]
INFO: [ action_end ] --END-- [ RunTime:0.000000s ]
INFO: [ app_end ] --START--
INFO: Run Behavior\ShowPageTraceBehavior [ RunTime:0.000977s ]
INFO: [ app_end ] --END-- [ RunTime:0.000977s ]

[ 2016-06-24T10:18:12+08:00 ] 111.73.220.52 /index.php/System/HyStart/ajax?q=login
INFO: [ app_init ] --START--
INFO: Run Behavior\BuildLiteBehavior [ RunTime:0.000976s ]
INFO: [ app_init ] --END-- [ RunTime:0.000976s ]
INFO: [ app_begin ] --START--
INFO: Run Behavior\ReadHtmlCacheBehavior [ RunTime:0.000977s ]
INFO: [ app_begin ] --END-- [ RunTime:0.000977s ]
NOTIC: [8192] mysql_connect(): The mysql extension is deprecated and will be removed in the future: use mysqli or PDO instead D:\wwwwroot\SIS.JXNU\HomyitCore\Library\Think\Session\Driver\Db.class.php Á¨¨ 95 Ë°å.
INFO: [ action_begin ] --START--
INFO: Run Common\Behavior\HyLogBehavior [ RunTime:0.000976s ]
INFO: [ action_begin ] --END-- [ RunTime:0.000976s ]
NOTIC: [2048] Declaration of Common\Model\HyFrameModel::find() should be compatible with Think\Model::find($options = Array) D:\wwwwroot\SIS.JXNU\Application\Common\Model\HyFrameModel.class.php Á¨¨ 13 Ë°å.
NOTIC: [8] Undefined index: model D:\wwwwroot\SIS.JXNU\Application\Common\Controller\HyFrameController.class.php Á¨¨ 42 Ë°å.
NOTIC: [8] Undefined variable: logStep D:\wwwwroot\SIS.JXNU\Application\System\Controller\HyStartController.class.php Á¨¨ 56 Ë°å.
SQL: SHOW COLUMNS FROM `edu_user` [ RunTime:0.0020s ]
NOTIC: [2] Missing argument 1 for Common\Model\HyFrameModel::find(), called in D:\wwwwroot\SIS.JXNU\Application\Common\Model\HyAccountModel.class.php on line 25 and defined D:\wwwwroot\SIS.JXNU\Application\Common\Model\HyFrameModel.class.php Á¨¨ 271 Ë°å.
NOTIC: [8] Undefined variable: options D:\wwwwroot\SIS.JXNU\Application\Common\Model\HyFrameModel.class.php Á¨¨ 272 Ë°å.
NOTIC: [8] Undefined variable: options D:\wwwwroot\SIS.JXNU\Application\Common\Model\HyFrameModel.class.php Á¨¨ 272 Ë°å.
SQL: SELECT `id`,`name`,`roles`,`user_no`,`password`,`sex`,`birth`,`phone`,`qq`,`email`,`country`,`session_id`,`login_last_time`,`login_times`,`status`,`english_name`,`admission_time` FROM `edu_user` WHERE `user_no` = 'ª¡$:Áèﬂ∏ú‘‰P<<˜' AND `status` = 1 LIMIT 1   [ RunTime:0.0000s ]

[ 2016-06-24T10:23:21+08:00 ] 111.73.220.52 /index.php/System/HyStart/ajax?q=login
INFO: [ app_init ] --START--
INFO: Run Behavior\BuildLiteBehavior [ RunTime:0.000000s ]
INFO: [ app_init ] --END-- [ RunTime:0.000977s ]
INFO: [ app_begin ] --START--
INFO: Run Behavior\ReadHtmlCacheBehavior [ RunTime:0.000000s ]
INFO: [ app_begin ] --END-- [ RunTime:0.000000s ]
NOTIC: [8192] mysql_connect(): The mysql extension is deprecated and will be removed in the future: use mysqli or PDO instead D:\wwwwroot\SIS.JXNU\HomyitCore\Library\Think\Session\Driver\Db.class.php Á¨¨ 95 Ë°å.
INFO: [ action_begin ] --START--
INFO: Run Common\Behavior\HyLogBehavior [ RunTime:0.000977s ]
INFO: [ action_begin ] --END-- [ RunTime:0.000977s ]
NOTIC: [2048] Declaration of Common\Model\HyFrameModel::find() should be compatible with Think\Model::find($options = Array) D:\wwwwroot\SIS.JXNU\Application\Common\Model\HyFrameModel.class.php Á¨¨ 13 Ë°å.
NOTIC: [8] Undefined index: model D:\wwwwroot\SIS.JXNU\Application\Common\Controller\HyFrameController.class.php Á¨¨ 42 Ë°å.
NOTIC: [8] Undefined variable: logStep D:\wwwwroot\SIS.JXNU\Application\System\Controller\HyStartController.class.php Á¨¨ 56 Ë°å.
SQL: SHOW COLUMNS FROM `edu_user` [ RunTime:0.0029s ]
NOTIC: [2] Missing argument 1 for Common\Model\HyFrameModel::find(), called in D:\wwwwroot\SIS.JXNU\Application\Common\Model\HyAccountModel.class.php on line 25 and defined D:\wwwwroot\SIS.JXNU\Application\Common\Model\HyFrameModel.class.php Á¨¨ 271 Ë°å.
NOTIC: [8] Undefined variable: options D:\wwwwroot\SIS.JXNU\Application\Common\Model\HyFrameModel.class.php Á¨¨ 272 Ë°å.
NOTIC: [8] Undefined variable: options D:\wwwwroot\SIS.JXNU\Application\Common\Model\HyFrameModel.class.php Á¨¨ 272 Ë°å.
SQL: SELECT `id`,`name`,`roles`,`user_no`,`password`,`sex`,`birth`,`phone`,`qq`,`email`,`country`,`session_id`,`login_last_time`,`login_times`,`status`,`english_name`,`admission_time` FROM `edu_user` WHERE `user_no` = '123' AND `status` = 1 LIMIT 1   [ RunTime:0.0000s ]
SQL: UPDATE `edu_user` SET `login_last_time`='1466735001',`login_times`='700',`session_id`='5ao1oqbip46i131p2aipcm6u93' WHERE `id` = 18 [ RunTime:0.0088s ]
NOTIC: [8] Undefined index: avatar_file D:\wwwwroot\SIS.JXNU\Application\System\Controller\HyStartController.class.php Á¨¨ 100 Ë°å.
NOTIC: [8] Undefined index: college_id D:\wwwwroot\SIS.JXNU\Application\Common\Model\HyAccountModel.class.php Á¨¨ 55 Ë°å.
SQL: SHOW COLUMNS FROM `edu_frame_role` [ RunTime:0.0332s ]
SQL: SELECT `id`,`name`,`title`,`table` FROM `edu_frame_role` WHERE `status` = 1 AND `id` IN ('22','32','31')  [ RunTime:0.0000s ]
SQL: SHOW COLUMNS FROM `edu_user` [ RunTime:0.0029s ]
SQL: SHOW COLUMNS FROM `edu_frame_access` [ RunTime:0.0166s ]
SQL: SELECT `action_id`,`model` FROM `edu_frame_access` WHERE ( `role_id`=22 AND `status`=1 )  [ RunTime:0.0107s ]
SQL: SELECT `pid` FROM `edu_frame_role` WHERE ( `id`=22 AND `status`=1 ) LIMIT 1   [ RunTime:0.0000s ]
SQL: SELECT `action_id`,`model` FROM `edu_frame_access` WHERE ( `role_id`=10 AND `status`=1 )  [ RunTime:0.0000s ]
SQL: SELECT `pid` FROM `edu_frame_role` WHERE ( `id`=10 AND `status`=1 ) LIMIT 1   [ RunTime:0.0000s ]
SQL: SELECT `id`,`pid`,`type`,`title`,`name`,`options` FROM `edu_frame_action` WHERE `status`=1 AND `id` IN (100000,510000,510300,510303,510301,510302,310000,310101,310102,310103,310104,310105,310201,310202,310203,310204,310205,310206,1100100,310300,310301,310302,310303,310304,310305,310306,310307,510304,510305,510306,510307,610000,1100000,1100200,510200,510201,510400,510203,310400,310401,310402,310403,310404,310405,310500,310501,310502,1000000,1000100,510401,510402,510403,510404,610100,610101,610200,610201,610300,610301,610106,610206,610306,310406,310506,1000101,1000102,1000103,510308) ORDER BY `rank` DESC [ RunTime:0.0098s ]
SQL: SELECT `id`,`pid`,`type`,`title`,`name`,`options` FROM `edu_frame_action` WHERE `status`=1 AND `id` IN (100000,510000,510300,510303,510301,510302,310000,310101,310102,310103,310104,310105,310201,310202,310203,310204,310205,310206,1100100,310300,310301,310302,310303,310304,310305,310306,310307,510304,510305,510306,510307,610000,1100000,1100200,510200,510201,510400,510203,310400,310401,310402,310403,310404,310405,310500,310501,310502,1000000,1000100,510401,510402,510403,510404,610100,610101,610200,610201,610300,610301,610106,610206,610306,310406,310506,1000101,1000102,1000103,510308) ORDER BY `rank` DESC [ RunTime:0.0010s ]
SQL: SHOW COLUMNS FROM `edu_frame_log` [ RunTime:0.0615s ]
SQL: INSERT INTO `edu_frame_log` (`user_id`,`controller`,`action`,`post`,`description`,`ip`,`create_time`) VALUES ('18','HyStart','ajax','{\"u\":\"4AT2MLQ+uoTYYh+WLVeKDQ==7385442\",\"p\":\"PQPtkUql3qozREuTiDgjSb0m9fTOHxMvMjDk1MMNfBg5m0zYDNFvl0rzyj1FczgJ9351471\"}',' >> ÁôªÂΩïÈ™åËØÅ >> <span class=\'text-success\'>ÊàêÂäü</span>','111.73.220.52','1466735001') [ RunTime:0.0772s ]

[ 2016-06-24T10:23:22+08:00 ] 111.73.220.52 /index.php/System/Index/index
INFO: [ app_init ] --START--
INFO: Run Behavior\BuildLiteBehavior [ RunTime:0.000000s ]
INFO: [ app_init ] --END-- [ RunTime:0.000000s ]
INFO: [ app_begin ] --START--
INFO: Run Behavior\ReadHtmlCacheBehavior [ RunTime:0.000000s ]
INFO: [ app_begin ] --END-- [ RunTime:0.000000s ]
NOTIC: [8192] mysql_connect(): The mysql extension is deprecated and will be removed in the future: use mysqli or PDO instead D:\wwwwroot\SIS.JXNU\HomyitCore\Library\Think\Session\Driver\Db.class.php Á¨¨ 95 Ë°å.
INFO: [ action_begin ] --START--
INFO: Run Common\Behavior\HyLogBehavior [ RunTime:0.000977s ]
INFO: [ action_begin ] --END-- [ RunTime:0.000977s ]
NOTIC: [2048] Declaration of Common\Model\HyFrameModel::find() should be compatible with Think\Model::find($options = Array) D:\wwwwroot\SIS.JXNU\Application\Common\Model\HyFrameModel.class.php Á¨¨ 13 Ë°å.
NOTIC: [8] Undefined index: model D:\wwwwroot\SIS.JXNU\Application\Common\Controller\HyFrameController.class.php Á¨¨ 42 Ë°å.
SQL: SHOW COLUMNS FROM `edu_frame_log` [ RunTime:0.0020s ]
SQL: SELECT `create_time` FROM `edu_frame_log` WHERE `user_id` = 18 AND `status` = 1 AND `controller` = 'HyStart' AND `action` = 'ajax' AND `description` LIKE '%ÊàêÂäü%' ORDER BY id desc LIMIT 2   [ RunTime:0.0000s ]
SQL: SHOW COLUMNS FROM `edu_frame_notice` [ RunTime:0.0029s ]
NOTIC: [8] Undefined index: associate D:\wwwwroot\SIS.JXNU\Application\Common\Model\HyFrameModel.class.php Á¨¨ 141 Ë°å.
NOTIC: [8] Undefined index: order D:\wwwwroot\SIS.JXNU\Application\Common\Model\HyFrameModel.class.php Á¨¨ 162 Ë°å.
NOTIC: [8] Undefined variable: field D:\wwwwroot\SIS.JXNU\Application\Common\Model\HyFrameModel.class.php Á¨¨ 181 Ë°å.
NOTIC: [8] Undefined index: where D:\wwwwroot\SIS.JXNU\Application\Common\Model\HyFrameModel.class.php Á¨¨ 189 Ë°å.
NOTIC: [8] Undefined index: decrypt D:\wwwwroot\SIS.JXNU\Application\Common\Model\HyFrameModel.class.php Á¨¨ 241 Ë°å.
NOTIC: [8] Undefined index: scope D:\wwwwroot\SIS.JXNU\Application\Common\Model\HyFrameModel.class.php Á¨¨ 247 Ë°å.
NOTIC: [8] Undefined index: count D:\wwwwroot\SIS.JXNU\Application\Common\Model\HyFrameModel.class.php Á¨¨ 248 Ë°å.
NOTIC: [8] Undefined index: find D:\wwwwroot\SIS.JXNU\Application\Common\Model\HyFrameModel.class.php Á¨¨ 254 Ë°å.
SQL: SELECT `id`,`title`,`content`,`creator_id`,`file_id`,`create_time`,`update_time`,`status` FROM `edu_frame_notice` WHERE `status` = 1 ORDER BY id desc LIMIT 5   [ RunTime:0.0000s ]
INFO: [ before_view ] --START--
SQL: SHOW COLUMNS FROM `edu_frame_alert` [ RunTime:0.0020s ]
SQL: SELECT `id`,`category`,`icon`,`message`,`url`,`type`,`create_time` FROM `edu_frame_alert` where `to_users` LIKE '%,18,%' AND ( IFNULL(`read_users`,'')='' OR `read_users` NOT LIKE '%,18,%') AND `status`=1 ORDER BY `id` DESC [ RunTime:0.0000s ]
INFO: Run Common\Behavior\HyBeforeViewBehavior [ RunTime:0.006837s ]
INFO: [ before_view ] --END-- [ RunTime:0.006837s ]
INFO: [ view_parse ] --START--
INFO: [ template_filter ] --START--
INFO: Run Behavior\ContentReplaceBehavior [ RunTime:0.000976s ]
INFO: [ template_filter ] --END-- [ RunTime:0.000976s ]
INFO: Run Behavior\ParseTemplateBehavior [ RunTime:0.026368s ]
INFO: [ view_parse ] --END-- [ RunTime:0.026368s ]
INFO: [ view_filter ] --START--
INFO: Run Behavior\WriteHtmlCacheBehavior [ RunTime:0.000000s ]
INFO: [ view_filter ] --END-- [ RunTime:0.000000s ]
INFO: [ action_end ] --START--
INFO: Run Common\Behavior\HyLogBehavior [ RunTime:0.000000s ]
INFO: [ action_end ] --END-- [ RunTime:0.000000s ]
INFO: [ app_end ] --START--
INFO: Run Behavior\ShowPageTraceBehavior [ RunTime:0.000976s ]
INFO: [ app_end ] --END-- [ RunTime:0.000976s ]

[ 2016-06-24T10:23:22+08:00 ] 111.73.220.52 /index.php/System/HyChat/ajax?q=list
INFO: [ app_init ] --START--
INFO: Run Behavior\BuildLiteBehavior [ RunTime:0.000000s ]
INFO: [ app_init ] --END-- [ RunTime:0.000977s ]
INFO: [ app_begin ] --START--
INFO: Run Behavior\ReadHtmlCacheBehavior [ RunTime:0.000977s ]
INFO: [ app_begin ] --END-- [ RunTime:0.000977s ]
NOTIC: [8192] mysql_connect(): The mysql extension is deprecated and will be removed in the future: use mysqli or PDO instead D:\wwwwroot\SIS.JXNU\HomyitCore\Library\Think\Session\Driver\Db.class.php Á¨¨ 95 Ë°å.
NOTIC: [2] session_start(): Cannot send session cache limiter - headers already sent D:\wwwwroot\SIS.JXNU\HomyitCore\Common\functions.php Á¨¨ 1263 Ë°å.
INFO: [ action_begin ] --START--
INFO: Run Common\Behavior\HyLogBehavior [ RunTime:0.000977s ]
INFO: [ action_begin ] --END-- [ RunTime:0.000977s ]
NOTIC: [2048] Declaration of Common\Model\HyFrameModel::find() should be compatible with Think\Model::find($options = Array) D:\wwwwroot\SIS.JXNU\Application\Common\Model\HyFrameModel.class.php Á¨¨ 13 Ë°å.
NOTIC: [8] Undefined index: model D:\wwwwroot\SIS.JXNU\Application\Common\Controller\HyFrameController.class.php Á¨¨ 42 Ë°å.
ERR: SQLSTATE[42S02]: Base table or view not found: 1146 Table 'jxnu_sis.edu_frame_chat' doesn't exist
NOTIC: [2] Cannot modify header information - headers already sent D:\wwwwroot\SIS.JXNU\HomyitCore\Library\Think\Think.class.php Á¨¨ 229 Ë°å.
NOTIC: [2] Cannot modify header information - headers already sent D:\wwwwroot\SIS.JXNU\HomyitCore\Library\Think\Think.class.php Á¨¨ 230 Ë°å.

[ 2016-06-24T10:23:23+08:00 ] 111.73.220.52 /index.php/System/Index/favicon.ico
INFO: [ app_init ] --START--
INFO: Run Behavior\BuildLiteBehavior [ RunTime:0.000000s ]
INFO: [ app_init ] --END-- [ RunTime:0.000000s ]

[ 2016-06-24T10:23:24+08:00 ] 111.73.220.52 /index.php/System/HyStart/switchs/role/encrypt_act-NAhUJNs0SkZgVBNht34BR4uBH4y3k3NQl7wNuLL6U5Bp13R5KaCr3GkA_W3PMdaOZtHkqdYdFDVogNpKCC07aQ.html
INFO: [ app_init ] --START--
INFO: Run Behavior\BuildLiteBehavior [ RunTime:0.000000s ]
INFO: [ app_init ] --END-- [ RunTime:0.000000s ]
INFO: [ app_begin ] --START--
INFO: Run Behavior\ReadHtmlCacheBehavior [ RunTime:0.000000s ]
INFO: [ app_begin ] --END-- [ RunTime:0.000000s ]
NOTIC: [8192] mysql_connect(): The mysql extension is deprecated and will be removed in the future: use mysqli or PDO instead D:\wwwwroot\SIS.JXNU\HomyitCore\Library\Think\Session\Driver\Db.class.php Á¨¨ 95 Ë°å.
INFO: [ action_begin ] --START--
INFO: Run Common\Behavior\HyLogBehavior [ RunTime:0.000000s ]
INFO: [ action_begin ] --END-- [ RunTime:0.000000s ]
NOTIC: [2048] Declaration of Common\Model\HyFrameModel::find() should be compatible with Think\Model::find($options = Array) D:\wwwwroot\SIS.JXNU\Application\Common\Model\HyFrameModel.class.php Á¨¨ 13 Ë°å.
NOTIC: [8] Undefined index: model D:\wwwwroot\SIS.JXNU\Application\Common\Controller\HyFrameController.class.php Á¨¨ 42 Ë°å.
SQL: SHOW COLUMNS FROM `edu_frame_role` [ RunTime:0.0029s ]
SQL: SELECT `id`,`name`,`title`,`table` FROM `edu_frame_role` WHERE `status` = 1 AND `id` IN ('22','32','31')  [ RunTime:0.0010s ]
SQL: SHOW COLUMNS FROM `edu_user` [ RunTime:0.0020s ]
SQL: SHOW COLUMNS FROM `edu_frame_access` [ RunTime:0.0020s ]
SQL: SELECT `action_id`,`model` FROM `edu_frame_access` WHERE ( `role_id`=32 AND `status`=1 )  [ RunTime:0.0000s ]
SQL: SELECT `pid` FROM `edu_frame_role` WHERE ( `id`=32 AND `status`=1 ) LIMIT 1   [ RunTime:0.0010s ]
SQL: SELECT `action_id`,`model` FROM `edu_frame_access` WHERE ( `role_id`=31 AND `status`=1 )  [ RunTime:0.0010s ]
SQL: SELECT `pid` FROM `edu_frame_role` WHERE ( `id`=31 AND `status`=1 ) LIMIT 1   [ RunTime:0.0010s ]
SQL: SELECT `action_id`,`model` FROM `edu_frame_access` WHERE ( `role_id`=10 AND `status`=1 )  [ RunTime:0.0000s ]
SQL: SELECT `pid` FROM `edu_frame_role` WHERE ( `id`=10 AND `status`=1 ) LIMIT 1   [ RunTime:0.0010s ]
SQL: SELECT `id`,`pid`,`type`,`title`,`name`,`options` FROM `edu_frame_action` WHERE `status`=1 AND `id` IN (100000,510000,510300,510303,510301,510302,310000,310101,310102,310103,310104,310105,310201,310202,310203,310204,310205,310206,1100100,310300,310301,310302,310303,310304,310305,310306,310307,510304,510305,510306,510307,610000,1100000,1100200,1,2,3,4,210000,210100,210101,210102,210103,210104,210105,210200,210201,210202,210203,210204,210205,210206,310100,310200,420000,420100,420101,420102,420103,420104,420105,420106,420200,420201,420202,420203,420204,420205,420206,420300,420301,420302,420303,420304,420305,420306,510100,510101,510103,510104,510105,510106,510308,610100,610101,610102,610103,610104,610105,610106,610200,610201,610202,610203,610204,610205,610206,610300,610301,610302,610303,610304,610305,610306,810000,810100,810101,810102,810103,810104,810105,810106,810200,810201,810202,810203,810204,810205,810300,810301,810302,810303,810304,810305,810400,810401,810402,810403,810404,810405,1000000,1000100,1000101,1000102,1000103,210207,510102,710000,710100,710101,710102,710103,710104,710105,810107,810108,910000,910100,910101,910200,910201) ORDER BY `rank` DESC [ RunTime:0.0020s ]
SQL: SELECT `id`,`pid`,`type`,`title`,`name`,`options` FROM `edu_frame_action` WHERE `status`=1 AND `id` IN (100000,510000,510300,510303,510301,510302,310000,310101,310102,310103,310104,310105,310201,310202,310203,310204,310205,310206,1100100,310300,310301,310302,310303,310304,310305,310306,310307,510304,510305,510306,510307,610000,1100000,1100200,1,2,3,4,210000,210100,210101,210102,210103,210104,210105,210200,210201,210202,210203,210204,210205,210206,310100,310200,420000,420100,420101,420102,420103,420104,420105,420106,420200,420201,420202,420203,420204,420205,420206,420300,420301,420302,420303,420304,420305,420306,510100,510101,510103,510104,510105,510106,510308,610100,610101,610102,610103,610104,610105,610106,610200,610201,610202,610203,610204,610205,610206,610300,610301,610302,610303,610304,610305,610306,810000,810100,810101,810102,810103,810104,810105,810106,810200,810201,810202,810203,810204,810205,810300,810301,810302,810303,810304,810305,810400,810401,810402,810403,810404,810405,1000000,1000100,1000101,1000102,1000103,210207,510102,710000,710100,710101,710102,710103,710104,710105,810107,810108,910000,910100,910101,910200,910201) ORDER BY `rank` DESC [ RunTime:0.0020s ]
SQL: SELECT `id`,`pid`,`type`,`title`,`name`,`options` FROM `edu_frame_action` WHERE `status`=1 AND `id` IN (100000,510000,510300,510303,510301,510302,310000,310101,310102,310103,310104,310105,310201,310202,310203,310204,310205,310206,1100100,310300,310301,310302,310303,310304,310305,310306,310307,510304,510305,510306,510307,610000,1100000,1100200,1,2,3,4,210000,210100,210101,210102,210103,210104,210105,210200,210201,210202,210203,210204,210205,210206,310100,310200,420000,420100,420101,420102,420103,420104,420105,420106,420200,420201,420202,420203,420204,420205,420206,420300,420301,420302,420303,420304,420305,420306,510100,510101,510103,510104,510105,510106,510308,610100,610101,610102,610103,610104,610105,610106,610200,610201,610202,610203,610204,610205,610206,610300,610301,610302,610303,610304,610305,610306,810000,810100,810101,810102,810103,810104,810105,810106,810200,810201,810202,810203,810204,810205,810300,810301,810302,810303,810304,810305,810400,810401,810402,810403,810404,810405,1000000,1000100,1000101,1000102,1000103,210207,510102,710000,710100,710101,710102,710103,710104,710105,810107,810108,910000,910100,910101,910200,910201) ORDER BY `rank` DESC [ RunTime:0.0020s ]

[ 2016-06-24T10:23:24+08:00 ] 111.73.220.52 /index.php/System/Index/index.html
INFO: [ app_init ] --START--
INFO: Run Behavior\BuildLiteBehavior [ RunTime:0.000000s ]
INFO: [ app_init ] --END-- [ RunTime:0.000976s ]
INFO: [ app_begin ] --START--
INFO: Run Behavior\ReadHtmlCacheBehavior [ RunTime:0.000977s ]
INFO: [ app_begin ] --END-- [ RunTime:0.000977s ]
NOTIC: [8192] mysql_connect(): The mysql extension is deprecated and will be removed in the future: use mysqli or PDO instead D:\wwwwroot\SIS.JXNU\HomyitCore\Library\Think\Session\Driver\Db.class.php Á¨¨ 95 Ë°å.
INFO: [ action_begin ] --START--
INFO: Run Common\Behavior\HyLogBehavior [ RunTime:0.000000s ]
INFO: [ action_begin ] --END-- [ RunTime:0.000977s ]
NOTIC: [2048] Declaration of Common\Model\HyFrameModel::find() should be compatible with Think\Model::find($options = Array) D:\wwwwroot\SIS.JXNU\Application\Common\Model\HyFrameModel.class.php Á¨¨ 13 Ë°å.
NOTIC: [8] Undefined index: model D:\wwwwroot\SIS.JXNU\Application\Common\Controller\HyFrameController.class.php Á¨¨ 42 Ë°å.
SQL: SHOW COLUMNS FROM `edu_frame_log` [ RunTime:0.0029s ]
SQL: SELECT `create_time` FROM `edu_frame_log` WHERE `user_id` = 18 AND `status` = 1 AND `controller` = 'HyStart' AND `action` = 'ajax' AND `description` LIKE '%ÊàêÂäü%' ORDER BY id desc LIMIT 2   [ RunTime:0.0000s ]
SQL: SHOW COLUMNS FROM `edu_frame_notice` [ RunTime:0.0020s ]
NOTIC: [8] Undefined index: associate D:\wwwwroot\SIS.JXNU\Application\Common\Model\HyFrameModel.class.php Á¨¨ 141 Ë°å.
NOTIC: [8] Undefined index: order D:\wwwwroot\SIS.JXNU\Application\Common\Model\HyFrameModel.class.php Á¨¨ 162 Ë°å.
NOTIC: [8] Undefined variable: field D:\wwwwroot\SIS.JXNU\Application\Common\Model\HyFrameModel.class.php Á¨¨ 181 Ë°å.
NOTIC: [8] Undefined index: where D:\wwwwroot\SIS.JXNU\Application\Common\Model\HyFrameModel.class.php Á¨¨ 189 Ë°å.
NOTIC: [8] Undefined index: decrypt D:\wwwwroot\SIS.JXNU\Application\Common\Model\HyFrameModel.class.php Á¨¨ 241 Ë°å.
NOTIC: [8] Undefined index: scope D:\wwwwroot\SIS.JXNU\Application\Common\Model\HyFrameModel.class.php Á¨¨ 247 Ë°å.
NOTIC: [8] Undefined index: count D:\wwwwroot\SIS.JXNU\Application\Common\Model\HyFrameModel.class.php Á¨¨ 248 Ë°å.
NOTIC: [8] Undefined index: find D:\wwwwroot\SIS.JXNU\Application\Common\Model\HyFrameModel.class.php Á¨¨ 254 Ë°å.
SQL: SELECT `id`,`title`,`content`,`creator_id`,`file_id`,`create_time`,`update_time`,`status` FROM `edu_frame_notice` WHERE `status` = 1 ORDER BY id desc LIMIT 5   [ RunTime:0.0000s ]
INFO: [ before_view ] --START--
SQL: SHOW COLUMNS FROM `edu_frame_alert` [ RunTime:0.0020s ]
SQL: SELECT `id`,`category`,`icon`,`message`,`url`,`type`,`create_time` FROM `edu_frame_alert` where `to_users` LIKE '%,18,%' AND ( IFNULL(`read_users`,'')='' OR `read_users` NOT LIKE '%,18,%') AND `status`=1 ORDER BY `id` DESC [ RunTime:0.0000s ]
INFO: Run Common\Behavior\HyBeforeViewBehavior [ RunTime:0.003906s ]
INFO: [ before_view ] --END-- [ RunTime:0.003906s ]
INFO: [ view_parse ] --START--
INFO: [ template_filter ] --START--
INFO: Run Behavior\ContentReplaceBehavior [ RunTime:0.000000s ]
INFO: [ template_filter ] --END-- [ RunTime:0.000000s ]
INFO: Run Behavior\ParseTemplateBehavior [ RunTime:0.021485s ]
INFO: [ view_parse ] --END-- [ RunTime:0.021485s ]
INFO: [ view_filter ] --START--
INFO: Run Behavior\WriteHtmlCacheBehavior [ RunTime:0.000977s ]
INFO: [ view_filter ] --END-- [ RunTime:0.000977s ]
INFO: [ action_end ] --START--
INFO: Run Common\Behavior\HyLogBehavior [ RunTime:0.000000s ]
INFO: [ action_end ] --END-- [ RunTime:0.000000s ]
INFO: [ app_end ] --START--
INFO: Run Behavior\ShowPageTraceBehavior [ RunTime:0.000000s ]
INFO: [ app_end ] --END-- [ RunTime:0.000000s ]

[ 2016-06-24T10:23:24+08:00 ] 111.73.220.52 /index.php/System/HyChat/ajax?q=list
INFO: [ app_init ] --START--
INFO: Run Behavior\BuildLiteBehavior [ RunTime:0.000000s ]
INFO: [ app_init ] --END-- [ RunTime:0.000000s ]
INFO: [ app_begin ] --START--
INFO: Run Behavior\ReadHtmlCacheBehavior [ RunTime:0.000976s ]
INFO: [ app_begin ] --END-- [ RunTime:0.000976s ]
NOTIC: [8192] mysql_connect(): The mysql extension is deprecated and will be removed in the future: use mysqli or PDO instead D:\wwwwroot\SIS.JXNU\HomyitCore\Library\Think\Session\Driver\Db.class.php Á¨¨ 95 Ë°å.
NOTIC: [2] session_start(): Cannot send session cache limiter - headers already sent D:\wwwwroot\SIS.JXNU\HomyitCore\Common\functions.php Á¨¨ 1263 Ë°å.
INFO: [ action_begin ] --START--
INFO: Run Common\Behavior\HyLogBehavior [ RunTime:0.000977s ]
INFO: [ action_begin ] --END-- [ RunTime:0.000977s ]
NOTIC: [2048] Declaration of Common\Model\HyFrameModel::find() should be compatible with Think\Model::find($options = Array) D:\wwwwroot\SIS.JXNU\Application\Common\Model\HyFrameModel.class.php Á¨¨ 13 Ë°å.
NOTIC: [8] Undefined index: model D:\wwwwroot\SIS.JXNU\Application\Common\Controller\HyFrameController.class.php Á¨¨ 42 Ë°å.
ERR: SQLSTATE[42S02]: Base table or view not found: 1146 Table 'jxnu_sis.edu_frame_chat' doesn't exist
NOTIC: [2] Cannot modify header information - headers already sent D:\wwwwroot\SIS.JXNU\HomyitCore\Library\Think\Think.class.php Á¨¨ 229 Ë°å.
NOTIC: [2] Cannot modify header information - headers already sent D:\wwwwroot\SIS.JXNU\HomyitCore\Library\Think\Think.class.php Á¨¨ 230 Ë°å.

[ 2016-06-24T10:24:30+08:00 ] 111.73.220.52 /index.php/System/HyStart/online?keepTry=g9qFBkGVATi0GnZJl4xAPRv2R3wzrrKnsHjmU8TfDgI%3D3373495
INFO: [ app_init ] --START--
INFO: Run Behavior\BuildLiteBehavior [ RunTime:0.000000s ]
INFO: [ app_init ] --END-- [ RunTime:0.000976s ]
INFO: [ app_begin ] --START--
INFO: Run Behavior\ReadHtmlCacheBehavior [ RunTime:0.000977s ]
INFO: [ app_begin ] --END-- [ RunTime:0.000977s ]
NOTIC: [8192] mysql_connect(): The mysql extension is deprecated and will be removed in the future: use mysqli or PDO instead D:\wwwwroot\SIS.JXNU\HomyitCore\Library\Think\Session\Driver\Db.class.php Á¨¨ 95 Ë°å.
INFO: [ action_begin ] --START--
INFO: Run Common\Behavior\HyLogBehavior [ RunTime:0.000976s ]
INFO: [ action_begin ] --END-- [ RunTime:0.000976s ]
NOTIC: [2048] Declaration of Common\Model\HyFrameModel::find() should be compatible with Think\Model::find($options = Array) D:\wwwwroot\SIS.JXNU\Application\Common\Model\HyFrameModel.class.php Á¨¨ 13 Ë°å.
NOTIC: [8] Undefined index: model D:\wwwwroot\SIS.JXNU\Application\Common\Controller\HyFrameController.class.php Á¨¨ 42 Ë°å.

[ 2016-06-24T10:25:29+08:00 ] 111.73.220.52 /index.php/System/HyStart/online?keepTry=Q4faHwUDDmpx%2FkqVX4kHqpoz8QjKU5ehdBsoUpiV3sk%3D7862540
INFO: [ app_init ] --START--
INFO: Run Behavior\BuildLiteBehavior [ RunTime:0.000000s ]
INFO: [ app_init ] --END-- [ RunTime:0.000000s ]
INFO: [ app_begin ] --START--
INFO: Run Behavior\ReadHtmlCacheBehavior [ RunTime:0.000000s ]
INFO: [ app_begin ] --END-- [ RunTime:0.000000s ]
NOTIC: [8192] mysql_connect(): The mysql extension is deprecated and will be removed in the future: use mysqli or PDO instead D:\wwwwroot\SIS.JXNU\HomyitCore\Library\Think\Session\Driver\Db.class.php Á¨¨ 95 Ë°å.
INFO: [ action_begin ] --START--
INFO: Run Common\Behavior\HyLogBehavior [ RunTime:0.000000s ]
INFO: [ action_begin ] --END-- [ RunTime:0.000000s ]
NOTIC: [2048] Declaration of Common\Model\HyFrameModel::find() should be compatible with Think\Model::find($options = Array) D:\wwwwroot\SIS.JXNU\Application\Common\Model\HyFrameModel.class.php Á¨¨ 13 Ë°å.
NOTIC: [8] Undefined index: model D:\wwwwroot\SIS.JXNU\Application\Common\Controller\HyFrameController.class.php Á¨¨ 42 Ë°å.

[ 2016-06-24T10:26:29+08:00 ] 111.73.220.52 /index.php/System/HyStart/online?keepTry=9SkRX5Qc0xYwyvjV4uj3obIC63Gk7IqH0J%2FWSSj4JBM%3D2643810
INFO: [ app_init ] --START--
INFO: Run Behavior\BuildLiteBehavior [ RunTime:0.000000s ]
INFO: [ app_init ] --END-- [ RunTime:0.000976s ]
INFO: [ app_begin ] --START--
INFO: Run Behavior\ReadHtmlCacheBehavior [ RunTime:0.000977s ]
INFO: [ app_begin ] --END-- [ RunTime:0.000977s ]
NOTIC: [8192] mysql_connect(): The mysql extension is deprecated and will be removed in the future: use mysqli or PDO instead D:\wwwwroot\SIS.JXNU\HomyitCore\Library\Think\Session\Driver\Db.class.php Á¨¨ 95 Ë°å.
INFO: [ action_begin ] --START--
INFO: Run Common\Behavior\HyLogBehavior [ RunTime:0.000000s ]
INFO: [ action_begin ] --END-- [ RunTime:0.000000s ]
NOTIC: [2048] Declaration of Common\Model\HyFrameModel::find() should be compatible with Think\Model::find($options = Array) D:\wwwwroot\SIS.JXNU\Application\Common\Model\HyFrameModel.class.php Á¨¨ 13 Ë°å.
NOTIC: [8] Undefined index: model D:\wwwwroot\SIS.JXNU\Application\Common\Controller\HyFrameController.class.php Á¨¨ 42 Ë°å.

[ 2016-06-24T10:27:29+08:00 ] 111.73.220.52 /index.php/System/HyStart/online?keepTry=fKxXxSeg8WXlSXf%2FOhpFaJ%2BDek2uNo%2Fc7fiUIjBonnQ%3D2065307
INFO: [ app_init ] --START--
INFO: Run Behavior\BuildLiteBehavior [ RunTime:0.000000s ]
INFO: [ app_init ] --END-- [ RunTime:0.000977s ]
INFO: [ app_begin ] --START--
INFO: Run Behavior\ReadHtmlCacheBehavior [ RunTime:0.000977s ]
INFO: [ app_begin ] --END-- [ RunTime:0.000977s ]
NOTIC: [8192] mysql_connect(): The mysql extension is deprecated and will be removed in the future: use mysqli or PDO instead D:\wwwwroot\SIS.JXNU\HomyitCore\Library\Think\Session\Driver\Db.class.php Á¨¨ 95 Ë°å.
INFO: [ action_begin ] --START--
INFO: Run Common\Behavior\HyLogBehavior [ RunTime:0.000976s ]
INFO: [ action_begin ] --END-- [ RunTime:0.000976s ]
NOTIC: [2048] Declaration of Common\Model\HyFrameModel::find() should be compatible with Think\Model::find($options = Array) D:\wwwwroot\SIS.JXNU\Application\Common\Model\HyFrameModel.class.php Á¨¨ 13 Ë°å.
NOTIC: [8] Undefined index: model D:\wwwwroot\SIS.JXNU\Application\Common\Controller\HyFrameController.class.php Á¨¨ 42 Ë°å.

[ 2016-06-24T10:28:29+08:00 ] 111.73.220.52 /index.php/System/HyStart/online?keepTry=1oBgpnKG75fLJD2ymkbEwatEJc74EQd4%2FWX0br28slM%3D8138440
INFO: [ app_init ] --START--
INFO: Run Behavior\BuildLiteBehavior [ RunTime:0.000000s ]
INFO: [ app_init ] --END-- [ RunTime:0.000000s ]
INFO: [ app_begin ] --START--
INFO: Run Behavior\ReadHtmlCacheBehavior [ RunTime:0.000000s ]
INFO: [ app_begin ] --END-- [ RunTime:0.000977s ]
NOTIC: [8192] mysql_connect(): The mysql extension is deprecated and will be removed in the future: use mysqli or PDO instead D:\wwwwroot\SIS.JXNU\HomyitCore\Library\Think\Session\Driver\Db.class.php Á¨¨ 95 Ë°å.
INFO: [ action_begin ] --START--
INFO: Run Common\Behavior\HyLogBehavior [ RunTime:0.000977s ]
INFO: [ action_begin ] --END-- [ RunTime:0.000977s ]
NOTIC: [2048] Declaration of Common\Model\HyFrameModel::find() should be compatible with Think\Model::find($options = Array) D:\wwwwroot\SIS.JXNU\Application\Common\Model\HyFrameModel.class.php Á¨¨ 13 Ë°å.
NOTIC: [8] Undefined index: model D:\wwwwroot\SIS.JXNU\Application\Common\Controller\HyFrameController.class.php Á¨¨ 42 Ë°å.

[ 2016-06-24T10:29:29+08:00 ] 111.73.220.52 /index.php/System/HyStart/online?keepTry=4OqA8kxhe%2BOzZAYZC%2Bxt%2FKsDBVootfK9skLF1eWoLpk%3D9233247
INFO: [ app_init ] --START--
INFO: Run Behavior\BuildLiteBehavior [ RunTime:0.000000s ]
INFO: [ app_init ] --END-- [ RunTime:0.000000s ]
INFO: [ app_begin ] --START--
INFO: Run Behavior\ReadHtmlCacheBehavior [ RunTime:0.000000s ]
INFO: [ app_begin ] --END-- [ RunTime:0.000000s ]
NOTIC: [8192] mysql_connect(): The mysql extension is deprecated and will be removed in the future: use mysqli or PDO instead D:\wwwwroot\SIS.JXNU\HomyitCore\Library\Think\Session\Driver\Db.class.php Á¨¨ 95 Ë°å.
INFO: [ action_begin ] --START--
INFO: Run Common\Behavior\HyLogBehavior [ RunTime:0.000977s ]
INFO: [ action_begin ] --END-- [ RunTime:0.000977s ]
NOTIC: [2048] Declaration of Common\Model\HyFrameModel::find() should be compatible with Think\Model::find($options = Array) D:\wwwwroot\SIS.JXNU\Application\Common\Model\HyFrameModel.class.php Á¨¨ 13 Ë°å.
NOTIC: [8] Undefined index: model D:\wwwwroot\SIS.JXNU\Application\Common\Controller\HyFrameController.class.php Á¨¨ 42 Ë°å.

[ 2016-06-24T10:30:29+08:00 ] 111.73.220.52 /index.php/System/HyStart/online?keepTry=fo94TJFDy3h%2FDiMMhGdSmXxA7yoFrhR8FaYnbvTKO2g%3D4245475
INFO: [ app_init ] --START--
INFO: Run Behavior\BuildLiteBehavior [ RunTime:0.000000s ]
INFO: [ app_init ] --END-- [ RunTime:0.000977s ]
INFO: [ app_begin ] --START--
INFO: Run Behavior\ReadHtmlCacheBehavior [ RunTime:0.000977s ]
INFO: [ app_begin ] --END-- [ RunTime:0.000977s ]
NOTIC: [8192] mysql_connect(): The mysql extension is deprecated and will be removed in the future: use mysqli or PDO instead D:\wwwwroot\SIS.JXNU\HomyitCore\Library\Think\Session\Driver\Db.class.php Á¨¨ 95 Ë°å.
INFO: [ action_begin ] --START--
INFO: Run Common\Behavior\HyLogBehavior [ RunTime:0.000976s ]
INFO: [ action_begin ] --END-- [ RunTime:0.000976s ]
NOTIC: [2048] Declaration of Common\Model\HyFrameModel::find() should be compatible with Think\Model::find($options = Array) D:\wwwwroot\SIS.JXNU\Application\Common\Model\HyFrameModel.class.php Á¨¨ 13 Ë°å.
NOTIC: [8] Undefined index: model D:\wwwwroot\SIS.JXNU\Application\Common\Controller\HyFrameController.class.php Á¨¨ 42 Ë°å.

[ 2016-06-24T10:31:29+08:00 ] 111.73.220.52 /index.php/System/HyStart/online?keepTry=itC0Q6aCh2EpyIlPPP2NnqdQULYQSEcRoiHJKgJxqh4%3D8285050
INFO: [ app_init ] --START--
INFO: Run Behavior\BuildLiteBehavior [ RunTime:0.000000s ]
INFO: [ app_init ] --END-- [ RunTime:0.000000s ]
INFO: [ app_begin ] --START--
INFO: Run Behavior\ReadHtmlCacheBehavior [ RunTime:0.000977s ]
INFO: [ app_begin ] --END-- [ RunTime:0.000977s ]
NOTIC: [8192] mysql_connect(): The mysql extension is deprecated and will be removed in the future: use mysqli or PDO instead D:\wwwwroot\SIS.JXNU\HomyitCore\Library\Think\Session\Driver\Db.class.php Á¨¨ 95 Ë°å.
INFO: [ action_begin ] --START--
INFO: Run Common\Behavior\HyLogBehavior [ RunTime:0.000976s ]
INFO: [ action_begin ] --END-- [ RunTime:0.000976s ]
NOTIC: [2048] Declaration of Common\Model\HyFrameModel::find() should be compatible with Think\Model::find($options = Array) D:\wwwwroot\SIS.JXNU\Application\Common\Model\HyFrameModel.class.php Á¨¨ 13 Ë°å.
NOTIC: [8] Undefined index: model D:\wwwwroot\SIS.JXNU\Application\Common\Controller\HyFrameController.class.php Á¨¨ 42 Ë°å.

[ 2016-06-24T10:32:29+08:00 ] 111.73.220.52 /index.php/System/HyStart/online?keepTry=ha93Hafcs4L78UF2QYRB9xdtemkhU3%2FANggAwejqizU%3D8334880
INFO: [ app_init ] --START--
INFO: Run Behavior\BuildLiteBehavior [ RunTime:0.000000s ]
INFO: [ app_init ] --END-- [ RunTime:0.000976s ]
INFO: [ app_begin ] --START--
INFO: Run Behavior\ReadHtmlCacheBehavior [ RunTime:0.000000s ]
INFO: [ app_begin ] --END-- [ RunTime:0.000976s ]
NOTIC: [8192] mysql_connect(): The mysql extension is deprecated and will be removed in the future: use mysqli or PDO instead D:\wwwwroot\SIS.JXNU\HomyitCore\Library\Think\Session\Driver\Db.class.php Á¨¨ 95 Ë°å.
INFO: [ action_begin ] --START--
INFO: Run Common\Behavior\HyLogBehavior [ RunTime:0.000977s ]
INFO: [ action_begin ] --END-- [ RunTime:0.000977s ]
NOTIC: [2048] Declaration of Common\Model\HyFrameModel::find() should be compatible with Think\Model::find($options = Array) D:\wwwwroot\SIS.JXNU\Application\Common\Model\HyFrameModel.class.php Á¨¨ 13 Ë°å.
NOTIC: [8] Undefined index: model D:\wwwwroot\SIS.JXNU\Application\Common\Controller\HyFrameController.class.php Á¨¨ 42 Ë°å.

[ 2016-06-24T10:33:29+08:00 ] 111.73.220.52 /index.php/System/HyStart/online?keepTry=Hbz%2FBbOcY8SBDAR1WdhlVDJ59tyZvA4rUXPUBZprwXc%3D1702828
INFO: [ app_init ] --START--
INFO: Run Behavior\BuildLiteBehavior [ RunTime:0.000000s ]
INFO: [ app_init ] --END-- [ RunTime:0.000000s ]
INFO: [ app_begin ] --START--
INFO: Run Behavior\ReadHtmlCacheBehavior [ RunTime:0.000977s ]
INFO: [ app_begin ] --END-- [ RunTime:0.000977s ]
NOTIC: [8192] mysql_connect(): The mysql extension is deprecated and will be removed in the future: use mysqli or PDO instead D:\wwwwroot\SIS.JXNU\HomyitCore\Library\Think\Session\Driver\Db.class.php Á¨¨ 95 Ë°å.
INFO: [ action_begin ] --START--
INFO: Run Common\Behavior\HyLogBehavior [ RunTime:0.000977s ]
INFO: [ action_begin ] --END-- [ RunTime:0.000977s ]
NOTIC: [2048] Declaration of Common\Model\HyFrameModel::find() should be compatible with Think\Model::find($options = Array) D:\wwwwroot\SIS.JXNU\Application\Common\Model\HyFrameModel.class.php Á¨¨ 13 Ë°å.
NOTIC: [8] Undefined index: model D:\wwwwroot\SIS.JXNU\Application\Common\Controller\HyFrameController.class.php Á¨¨ 42 Ë°å.

[ 2016-06-24T10:34:30+08:00 ] 111.73.220.52 /index.php/System/HyStart/online?keepTry=DCFVt%2Bg3iQHsO83rEJ%2Ftbgs97nny8niWCRp8c7GsR7c%3D5376306
INFO: [ app_init ] --START--
INFO: Run Behavior\BuildLiteBehavior [ RunTime:0.000000s ]
INFO: [ app_init ] --END-- [ RunTime:0.000000s ]
INFO: [ app_begin ] --START--
INFO: Run Behavior\ReadHtmlCacheBehavior [ RunTime:0.000977s ]
INFO: [ app_begin ] --END-- [ RunTime:0.000977s ]
NOTIC: [8192] mysql_connect(): The mysql extension is deprecated and will be removed in the future: use mysqli or PDO instead D:\wwwwroot\SIS.JXNU\HomyitCore\Library\Think\Session\Driver\Db.class.php Á¨¨ 95 Ë°å.
INFO: [ action_begin ] --START--
INFO: Run Common\Behavior\HyLogBehavior [ RunTime:0.000977s ]
INFO: [ action_begin ] --END-- [ RunTime:0.000977s ]
NOTIC: [2048] Declaration of Common\Model\HyFrameModel::find() should be compatible with Think\Model::find($options = Array) D:\wwwwroot\SIS.JXNU\Application\Common\Model\HyFrameModel.class.php Á¨¨ 13 Ë°å.
NOTIC: [8] Undefined index: model D:\wwwwroot\SIS.JXNU\Application\Common\Controller\HyFrameController.class.php Á¨¨ 42 Ë°å.

[ 2016-06-24T10:35:30+08:00 ] 111.73.220.52 /index.php/System/HyStart/online?keepTry=2FPty3xJItrM6clAOTeV%2BiEu2uy71SZI1732zFB%2BGDU%3D5977081
INFO: [ app_init ] --START--
INFO: Run Behavior\BuildLiteBehavior [ RunTime:0.000000s ]
INFO: [ app_init ] --END-- [ RunTime:0.000977s ]
INFO: [ app_begin ] --START--
INFO: Run Behavior\ReadHtmlCacheBehavior [ RunTime:0.000977s ]
INFO: [ app_begin ] --END-- [ RunTime:0.000977s ]
NOTIC: [8192] mysql_connect(): The mysql extension is deprecated and will be removed in the future: use mysqli or PDO instead D:\wwwwroot\SIS.JXNU\HomyitCore\Library\Think\Session\Driver\Db.class.php Á¨¨ 95 Ë°å.
INFO: [ action_begin ] --START--
INFO: Run Common\Behavior\HyLogBehavior [ RunTime:0.000000s ]
INFO: [ action_begin ] --END-- [ RunTime:0.000000s ]
NOTIC: [2048] Declaration of Common\Model\HyFrameModel::find() should be compatible with Think\Model::find($options = Array) D:\wwwwroot\SIS.JXNU\Application\Common\Model\HyFrameModel.class.php Á¨¨ 13 Ë°å.
NOTIC: [8] Undefined index: model D:\wwwwroot\SIS.JXNU\Application\Common\Controller\HyFrameController.class.php Á¨¨ 42 Ë°å.

[ 2016-06-24T10:36:30+08:00 ] 111.73.220.52 /index.php/System/HyStart/online?keepTry=joL0o52GQN%2BNgJGmDBsC8J6fz1S%2BqU0eLBOFM%2FdIbNM%3D6936760
INFO: [ app_init ] --START--
INFO: Run Behavior\BuildLiteBehavior [ RunTime:0.000000s ]
INFO: [ app_init ] --END-- [ RunTime:0.000000s ]
INFO: [ app_begin ] --START--
INFO: Run Behavior\ReadHtmlCacheBehavior [ RunTime:0.000000s ]
INFO: [ app_begin ] --END-- [ RunTime:0.000000s ]
NOTIC: [8192] mysql_connect(): The mysql extension is deprecated and will be removed in the future: use mysqli or PDO instead D:\wwwwroot\SIS.JXNU\HomyitCore\Library\Think\Session\Driver\Db.class.php Á¨¨ 95 Ë°å.
INFO: [ action_begin ] --START--
INFO: Run Common\Behavior\HyLogBehavior [ RunTime:0.000977s ]
INFO: [ action_begin ] --END-- [ RunTime:0.000977s ]
NOTIC: [2048] Declaration of Common\Model\HyFrameModel::find() should be compatible with Think\Model::find($options = Array) D:\wwwwroot\SIS.JXNU\Application\Common\Model\HyFrameModel.class.php Á¨¨ 13 Ë°å.
NOTIC: [8] Undefined index: model D:\wwwwroot\SIS.JXNU\Application\Common\Controller\HyFrameController.class.php Á¨¨ 42 Ë°å.

[ 2016-06-24T10:37:30+08:00 ] 111.73.220.52 /index.php/System/HyStart/online?keepTry=QnU%2BmyXKPjfGF7S7Nxo%2Fjh%2FszOtxYwq2sAsOWBt7A8U%3D4117523
INFO: [ app_init ] --START--
INFO: Run Behavior\BuildLiteBehavior [ RunTime:0.000000s ]
INFO: [ app_init ] --END-- [ RunTime:0.000000s ]
INFO: [ app_begin ] --START--
INFO: Run Behavior\ReadHtmlCacheBehavior [ RunTime:0.000976s ]
INFO: [ app_begin ] --END-- [ RunTime:0.000976s ]
NOTIC: [8192] mysql_connect(): The mysql extension is deprecated and will be removed in the future: use mysqli or PDO instead D:\wwwwroot\SIS.JXNU\HomyitCore\Library\Think\Session\Driver\Db.class.php Á¨¨ 95 Ë°å.
INFO: [ action_begin ] --START--
INFO: Run Common\Behavior\HyLogBehavior [ RunTime:0.000977s ]
INFO: [ action_begin ] --END-- [ RunTime:0.000977s ]
NOTIC: [2048] Declaration of Common\Model\HyFrameModel::find() should be compatible with Think\Model::find($options = Array) D:\wwwwroot\SIS.JXNU\Application\Common\Model\HyFrameModel.class.php Á¨¨ 13 Ë°å.
NOTIC: [8] Undefined index: model D:\wwwwroot\SIS.JXNU\Application\Common\Controller\HyFrameController.class.php Á¨¨ 42 Ë°å.

[ 2016-06-24T10:38:30+08:00 ] 111.73.220.52 /index.php/System/HyStart/online?keepTry=L3LBODPKUCQUTIB02WH1uYAuzl9cfoIXl9QVBzFoNh4%3D9015189
INFO: [ app_init ] --START--
INFO: Run Behavior\BuildLiteBehavior [ RunTime:0.000000s ]
INFO: [ app_init ] --END-- [ RunTime:0.000000s ]
INFO: [ app_begin ] --START--
INFO: Run Behavior\ReadHtmlCacheBehavior [ RunTime:0.000977s ]
INFO: [ app_begin ] --END-- [ RunTime:0.000977s ]
NOTIC: [8192] mysql_connect(): The mysql extension is deprecated and will be removed in the future: use mysqli or PDO instead D:\wwwwroot\SIS.JXNU\HomyitCore\Library\Think\Session\Driver\Db.class.php Á¨¨ 95 Ë°å.
INFO: [ action_begin ] --START--
INFO: Run Common\Behavior\HyLogBehavior [ RunTime:0.000977s ]
INFO: [ action_begin ] --END-- [ RunTime:0.000977s ]
NOTIC: [2048] Declaration of Common\Model\HyFrameModel::find() should be compatible with Think\Model::find($options = Array) D:\wwwwroot\SIS.JXNU\Application\Common\Model\HyFrameModel.class.php Á¨¨ 13 Ë°å.
NOTIC: [8] Undefined index: model D:\wwwwroot\SIS.JXNU\Application\Common\Controller\HyFrameController.class.php Á¨¨ 42 Ë°å.

[ 2016-06-24T10:39:30+08:00 ] 111.73.220.52 /index.php/System/HyStart/online?keepTry=%2BCNlESiwshzcWDKPyrSIGTuM6Vqn6c4rtvDeWkqXa9k%3D9895994
INFO: [ app_init ] --START--
INFO: Run Behavior\BuildLiteBehavior [ RunTime:0.000000s ]
INFO: [ app_init ] --END-- [ RunTime:0.000000s ]
INFO: [ app_begin ] --START--
INFO: Run Behavior\ReadHtmlCacheBehavior [ RunTime:0.000000s ]
INFO: [ app_begin ] --END-- [ RunTime:0.000000s ]
NOTIC: [8192] mysql_connect(): The mysql extension is deprecated and will be removed in the future: use mysqli or PDO instead D:\wwwwroot\SIS.JXNU\HomyitCore\Library\Think\Session\Driver\Db.class.php Á¨¨ 95 Ë°å.
INFO: [ action_begin ] --START--
INFO: Run Common\Behavior\HyLogBehavior [ RunTime:0.000000s ]
INFO: [ action_begin ] --END-- [ RunTime:0.000000s ]
NOTIC: [2048] Declaration of Common\Model\HyFrameModel::find() should be compatible with Think\Model::find($options = Array) D:\wwwwroot\SIS.JXNU\Application\Common\Model\HyFrameModel.class.php Á¨¨ 13 Ë°å.
NOTIC: [8] Undefined index: model D:\wwwwroot\SIS.JXNU\Application\Common\Controller\HyFrameController.class.php Á¨¨ 42 Ë°å.

[ 2016-06-24T10:40:30+08:00 ] 111.73.220.52 /index.php/System/HyStart/online?keepTry=BavZGtywoahbjTKbrIl0%2BI8VoY%2B%2BRJ6zIhNXwQgBGOA%3D7528709
INFO: [ app_init ] --START--
INFO: Run Behavior\BuildLiteBehavior [ RunTime:0.000000s ]
INFO: [ app_init ] --END-- [ RunTime:0.000000s ]
INFO: [ app_begin ] --START--
INFO: Run Behavior\ReadHtmlCacheBehavior [ RunTime:0.000976s ]
INFO: [ app_begin ] --END-- [ RunTime:0.000976s ]
NOTIC: [8192] mysql_connect(): The mysql extension is deprecated and will be removed in the future: use mysqli or PDO instead D:\wwwwroot\SIS.JXNU\HomyitCore\Library\Think\Session\Driver\Db.class.php Á¨¨ 95 Ë°å.
INFO: [ action_begin ] --START--
INFO: Run Common\Behavior\HyLogBehavior [ RunTime:0.000977s ]
INFO: [ action_begin ] --END-- [ RunTime:0.000977s ]
NOTIC: [2048] Declaration of Common\Model\HyFrameModel::find() should be compatible with Think\Model::find($options = Array) D:\wwwwroot\SIS.JXNU\Application\Common\Model\HyFrameModel.class.php Á¨¨ 13 Ë°å.
NOTIC: [8] Undefined index: model D:\wwwwroot\SIS.JXNU\Application\Common\Controller\HyFrameController.class.php Á¨¨ 42 Ë°å.

[ 2016-06-24T10:41:30+08:00 ] 111.73.220.52 /index.php/System/HyStart/online?keepTry=jGim2SOynRDiIR20x%2Fq9lW%2FEQZTjmoc8K1dv2PUbPQk%3D9849360
INFO: [ app_init ] --START--
INFO: Run Behavior\BuildLiteBehavior [ RunTime:0.000000s ]
INFO: [ app_init ] --END-- [ RunTime:0.000000s ]
INFO: [ app_begin ] --START--
INFO: Run Behavior\ReadHtmlCacheBehavior [ RunTime:0.000000s ]
INFO: [ app_begin ] --END-- [ RunTime:0.000000s ]
NOTIC: [8192] mysql_connect(): The mysql extension is deprecated and will be removed in the future: use mysqli or PDO instead D:\wwwwroot\SIS.JXNU\HomyitCore\Library\Think\Session\Driver\Db.class.php Á¨¨ 95 Ë°å.
INFO: [ action_begin ] --START--
INFO: Run Common\Behavior\HyLogBehavior [ RunTime:0.000000s ]
INFO: [ action_begin ] --END-- [ RunTime:0.000000s ]
NOTIC: [2048] Declaration of Common\Model\HyFrameModel::find() should be compatible with Think\Model::find($options = Array) D:\wwwwroot\SIS.JXNU\Application\Common\Model\HyFrameModel.class.php Á¨¨ 13 Ë°å.
NOTIC: [8] Undefined index: model D:\wwwwroot\SIS.JXNU\Application\Common\Controller\HyFrameController.class.php Á¨¨ 42 Ë°å.

[ 2016-06-24T13:25:09+08:00 ] 180.153.206.29 /index.php/System/HyStart/login.html
INFO: [ app_init ] --START--
INFO: Run Behavior\BuildLiteBehavior [ RunTime:0.000000s ]
INFO: [ app_init ] --END-- [ RunTime:0.000977s ]
INFO: [ app_begin ] --START--
INFO: Run Behavior\ReadHtmlCacheBehavior [ RunTime:0.000977s ]
INFO: [ app_begin ] --END-- [ RunTime:0.000977s ]
NOTIC: [8192] mysql_connect(): The mysql extension is deprecated and will be removed in the future: use mysqli or PDO instead D:\wwwwroot\SIS.JXNU\HomyitCore\Library\Think\Session\Driver\Db.class.php Á¨¨ 95 Ë°å.
INFO: [ action_begin ] --START--
INFO: Run Common\Behavior\HyLogBehavior [ RunTime:0.000000s ]
INFO: [ action_begin ] --END-- [ RunTime:0.000000s ]
NOTIC: [2048] Declaration of Common\Model\HyFrameModel::find() should be compatible with Think\Model::find($options = Array) D:\wwwwroot\SIS.JXNU\Application\Common\Model\HyFrameModel.class.php Á¨¨ 13 Ë°å.
NOTIC: [8] Undefined index: model D:\wwwwroot\SIS.JXNU\Application\Common\Controller\HyFrameController.class.php Á¨¨ 42 Ë°å.
SQL: SHOW COLUMNS FROM `edu_frame_setting` [ RunTime:0.0215s ]
SQL: SELECT `key`,`value` FROM `edu_frame_setting` WHERE `status` < 9  [ RunTime:0.0020s ]
INFO: [ before_view ] --START--
INFO: Run Common\Behavior\HyBeforeViewBehavior [ RunTime:0.017579s ]
INFO: [ before_view ] --END-- [ RunTime:0.018556s ]
INFO: [ view_parse ] --START--
INFO: [ template_filter ] --START--
INFO: Run Behavior\ContentReplaceBehavior [ RunTime:0.000000s ]
INFO: [ template_filter ] --END-- [ RunTime:0.000000s ]
INFO: Run Behavior\ParseTemplateBehavior [ RunTime:0.011720s ]
INFO: [ view_parse ] --END-- [ RunTime:0.011720s ]
INFO: [ view_filter ] --START--
INFO: Run Behavior\WriteHtmlCacheBehavior [ RunTime:0.000000s ]
INFO: [ view_filter ] --END-- [ RunTime:0.000976s ]
INFO: [ action_end ] --START--
INFO: Run Common\Behavior\HyLogBehavior [ RunTime:0.000000s ]
INFO: [ action_end ] --END-- [ RunTime:0.000000s ]
INFO: [ app_end ] --START--
INFO: Run Behavior\ShowPageTraceBehavior [ RunTime:0.000000s ]
INFO: [ app_end ] --END-- [ RunTime:0.000000s ]

[ 2016-06-24T13:25:09+08:00 ] 117.164.80.219 /index.php/System/HyStart/login.html
INFO: [ app_init ] --START--
INFO: Run Behavior\BuildLiteBehavior [ RunTime:0.000000s ]
INFO: [ app_init ] --END-- [ RunTime:0.000000s ]
INFO: [ app_begin ] --START--
INFO: Run Behavior\ReadHtmlCacheBehavior [ RunTime:0.000976s ]
INFO: [ app_begin ] --END-- [ RunTime:0.000976s ]
NOTIC: [8192] mysql_connect(): The mysql extension is deprecated and will be removed in the future: use mysqli or PDO instead D:\wwwwroot\SIS.JXNU\HomyitCore\Library\Think\Session\Driver\Db.class.php Á¨¨ 95 Ë°å.
INFO: [ action_begin ] --START--
INFO: Run Common\Behavior\HyLogBehavior [ RunTime:0.000976s ]
INFO: [ action_begin ] --END-- [ RunTime:0.000976s ]
NOTIC: [2048] Declaration of Common\Model\HyFrameModel::find() should be compatible with Think\Model::find($options = Array) D:\wwwwroot\SIS.JXNU\Application\Common\Model\HyFrameModel.class.php Á¨¨ 13 Ë°å.
NOTIC: [8] Undefined index: model D:\wwwwroot\SIS.JXNU\Application\Common\Controller\HyFrameController.class.php Á¨¨ 42 Ë°å.
SQL: SHOW COLUMNS FROM `edu_frame_setting` [ RunTime:0.0176s ]
SQL: SELECT `key`,`value` FROM `edu_frame_setting` WHERE `status` < 9  [ RunTime:0.0039s ]
INFO: [ before_view ] --START--
INFO: Run Common\Behavior\HyBeforeViewBehavior [ RunTime:0.023439s ]
INFO: [ before_view ] --END-- [ RunTime:0.023439s ]
INFO: [ view_parse ] --START--
INFO: [ template_filter ] --START--
INFO: Run Behavior\ContentReplaceBehavior [ RunTime:0.000000s ]
INFO: [ template_filter ] --END-- [ RunTime:0.000000s ]
INFO: Run Behavior\ParseTemplateBehavior [ RunTime:0.019532s ]
INFO: [ view_parse ] --END-- [ RunTime:0.019532s ]
INFO: [ view_filter ] --START--
INFO: Run Behavior\WriteHtmlCacheBehavior [ RunTime:0.000000s ]
INFO: [ view_filter ] --END-- [ RunTime:0.000000s ]
INFO: [ action_end ] --START--
INFO: Run Common\Behavior\HyLogBehavior [ RunTime:0.000000s ]
INFO: [ action_end ] --END-- [ RunTime:0.000000s ]
INFO: [ app_end ] --START--
INFO: Run Behavior\ShowPageTraceBehavior [ RunTime:0.000976s ]
INFO: [ app_end ] --END-- [ RunTime:0.000976s ]

[ 2016-06-24T13:25:09+08:00 ] 101.226.33.205 /index.php/system/hystart/login.html
INFO: [ app_init ] --START--
INFO: Run Behavior\BuildLiteBehavior [ RunTime:0.000000s ]
INFO: [ app_init ] --END-- [ RunTime:0.000000s ]
INFO: [ app_begin ] --START--
INFO: Run Behavior\ReadHtmlCacheBehavior [ RunTime:0.000977s ]
INFO: [ app_begin ] --END-- [ RunTime:0.000977s ]
NOTIC: [8192] mysql_connect(): The mysql extension is deprecated and will be removed in the future: use mysqli or PDO instead D:\wwwwroot\SIS.JXNU\HomyitCore\Library\Think\Session\Driver\Db.class.php Á¨¨ 95 Ë°å.
INFO: [ action_begin ] --START--
INFO: Run Common\Behavior\HyLogBehavior [ RunTime:0.000976s ]
INFO: [ action_begin ] --END-- [ RunTime:0.000976s ]
NOTIC: [2048] Declaration of Common\Model\HyFrameModel::find() should be compatible with Think\Model::find($options = Array) D:\wwwwroot\SIS.JXNU\Application\Common\Model\HyFrameModel.class.php Á¨¨ 13 Ë°å.

[ 2016-06-24T13:25:09+08:00 ] 101.226.33.205 /index.php/System/HyStart/login.html
INFO: [ app_init ] --START--
INFO: Run Behavior\BuildLiteBehavior [ RunTime:0.000000s ]
INFO: [ app_init ] --END-- [ RunTime:0.000976s ]
INFO: [ app_begin ] --START--
INFO: Run Behavior\ReadHtmlCacheBehavior [ RunTime:0.000976s ]
INFO: [ app_begin ] --END-- [ RunTime:0.000976s ]
NOTIC: [8192] mysql_connect(): The mysql extension is deprecated and will be removed in the future: use mysqli or PDO instead D:\wwwwroot\SIS.JXNU\HomyitCore\Library\Think\Session\Driver\Db.class.php Á¨¨ 95 Ë°å.
INFO: [ action_begin ] --START--
INFO: Run Common\Behavior\HyLogBehavior [ RunTime:0.000000s ]
INFO: [ action_begin ] --END-- [ RunTime:0.000000s ]
NOTIC: [2048] Declaration of Common\Model\HyFrameModel::find() should be compatible with Think\Model::find($options = Array) D:\wwwwroot\SIS.JXNU\Application\Common\Model\HyFrameModel.class.php Á¨¨ 13 Ë°å.
NOTIC: [8] Undefined index: model D:\wwwwroot\SIS.JXNU\Application\Common\Controller\HyFrameController.class.php Á¨¨ 42 Ë°å.
SQL: SHOW COLUMNS FROM `edu_frame_setting` [ RunTime:0.0020s ]
SQL: SELECT `key`,`value` FROM `edu_frame_setting` WHERE `status` < 9  [ RunTime:0.0000s ]
INFO: [ before_view ] --START--
INFO: Run Common\Behavior\HyBeforeViewBehavior [ RunTime:0.000000s ]
INFO: [ before_view ] --END-- [ RunTime:0.000000s ]
INFO: [ view_parse ] --START--
INFO: [ template_filter ] --START--
INFO: Run Behavior\ContentReplaceBehavior [ RunTime:0.000000s ]
INFO: [ template_filter ] --END-- [ RunTime:0.000000s ]
INFO: Run Behavior\ParseTemplateBehavior [ RunTime:0.010743s ]
INFO: [ view_parse ] --END-- [ RunTime:0.011719s ]
INFO: [ view_filter ] --START--
INFO: Run Behavior\WriteHtmlCacheBehavior [ RunTime:0.000000s ]
INFO: [ view_filter ] --END-- [ RunTime:0.000000s ]
INFO: [ action_end ] --START--
INFO: Run Common\Behavior\HyLogBehavior [ RunTime:0.000000s ]
INFO: [ action_end ] --END-- [ RunTime:0.000000s ]
INFO: [ app_end ] --START--
INFO: Run Behavior\ShowPageTraceBehavior [ RunTime:0.000977s ]
INFO: [ app_end ] --END-- [ RunTime:0.000977s ]

[ 2016-06-24T13:25:12+08:00 ] 117.164.80.219 /index.php/System/HyStart/favicon.ico
INFO: [ app_init ] --START--
INFO: Run Behavior\BuildLiteBehavior [ RunTime:0.000000s ]
INFO: [ app_init ] --END-- [ RunTime:0.000000s ]

[ 2016-06-24T13:25:15+08:00 ] 101.226.33.208 /index.php/System/HyStart/login.html
INFO: [ app_init ] --START--
INFO: Run Behavior\BuildLiteBehavior [ RunTime:0.000000s ]
INFO: [ app_init ] --END-- [ RunTime:0.000000s ]
INFO: [ app_begin ] --START--
INFO: Run Behavior\ReadHtmlCacheBehavior [ RunTime:0.000977s ]
INFO: [ app_begin ] --END-- [ RunTime:0.000977s ]
NOTIC: [8192] mysql_connect(): The mysql extension is deprecated and will be removed in the future: use mysqli or PDO instead D:\wwwwroot\SIS.JXNU\HomyitCore\Library\Think\Session\Driver\Db.class.php Á¨¨ 95 Ë°å.
INFO: [ action_begin ] --START--
INFO: Run Common\Behavior\HyLogBehavior [ RunTime:0.000000s ]
INFO: [ action_begin ] --END-- [ RunTime:0.000000s ]
NOTIC: [2048] Declaration of Common\Model\HyFrameModel::find() should be compatible with Think\Model::find($options = Array) D:\wwwwroot\SIS.JXNU\Application\Common\Model\HyFrameModel.class.php Á¨¨ 13 Ë°å.
NOTIC: [8] Undefined index: model D:\wwwwroot\SIS.JXNU\Application\Common\Controller\HyFrameController.class.php Á¨¨ 42 Ë°å.
SQL: SHOW COLUMNS FROM `edu_frame_setting` [ RunTime:0.0020s ]
SQL: SELECT `key`,`value` FROM `edu_frame_setting` WHERE `status` < 9  [ RunTime:0.0000s ]
INFO: [ before_view ] --START--
INFO: Run Common\Behavior\HyBeforeViewBehavior [ RunTime:0.000000s ]
INFO: [ before_view ] --END-- [ RunTime:0.000000s ]
INFO: [ view_parse ] --START--
INFO: [ template_filter ] --START--
INFO: Run Behavior\ContentReplaceBehavior [ RunTime:0.000976s ]
INFO: [ template_filter ] --END-- [ RunTime:0.000976s ]
INFO: Run Behavior\ParseTemplateBehavior [ RunTime:0.007813s ]
INFO: [ view_parse ] --END-- [ RunTime:0.007813s ]
INFO: [ view_filter ] --START--
INFO: Run Behavior\WriteHtmlCacheBehavior [ RunTime:0.000000s ]
INFO: [ view_filter ] --END-- [ RunTime:0.000000s ]
INFO: [ action_end ] --START--
INFO: Run Common\Behavior\HyLogBehavior [ RunTime:0.000000s ]
INFO: [ action_end ] --END-- [ RunTime:0.000977s ]
INFO: [ app_end ] --START--
INFO: Run Behavior\ShowPageTraceBehavior [ RunTime:0.000000s ]
INFO: [ app_end ] --END-- [ RunTime:0.000000s ]

[ 2016-06-24T13:25:18+08:00 ] 101.226.65.108 /index.php/system/hystart/login.html
INFO: [ app_init ] --START--
INFO: Run Behavior\BuildLiteBehavior [ RunTime:0.000000s ]
INFO: [ app_init ] --END-- [ RunTime:0.000977s ]
INFO: [ app_begin ] --START--
INFO: Run Behavior\ReadHtmlCacheBehavior [ RunTime:0.000000s ]
INFO: [ app_begin ] --END-- [ RunTime:0.000976s ]
NOTIC: [8192] mysql_connect(): The mysql extension is deprecated and will be removed in the future: use mysqli or PDO instead D:\wwwwroot\SIS.JXNU\HomyitCore\Library\Think\Session\Driver\Db.class.php Á¨¨ 95 Ë°å.
INFO: [ action_begin ] --START--
INFO: Run Common\Behavior\HyLogBehavior [ RunTime:0.000976s ]
INFO: [ action_begin ] --END-- [ RunTime:0.000976s ]
NOTIC: [2048] Declaration of Common\Model\HyFrameModel::find() should be compatible with Think\Model::find($options = Array) D:\wwwwroot\SIS.JXNU\Application\Common\Model\HyFrameModel.class.php Á¨¨ 13 Ë°å.

[ 2016-06-24T13:25:18+08:00 ] 101.226.65.108 /index.php/System/HyStart/login.html
INFO: [ app_init ] --START--
INFO: Run Behavior\BuildLiteBehavior [ RunTime:0.000000s ]
INFO: [ app_init ] --END-- [ RunTime:0.000977s ]
INFO: [ app_begin ] --START--
INFO: Run Behavior\ReadHtmlCacheBehavior [ RunTime:0.000977s ]
INFO: [ app_begin ] --END-- [ RunTime:0.000977s ]
NOTIC: [8192] mysql_connect(): The mysql extension is deprecated and will be removed in the future: use mysqli or PDO instead D:\wwwwroot\SIS.JXNU\HomyitCore\Library\Think\Session\Driver\Db.class.php Á¨¨ 95 Ë°å.
INFO: [ action_begin ] --START--
INFO: Run Common\Behavior\HyLogBehavior [ RunTime:0.000976s ]
INFO: [ action_begin ] --END-- [ RunTime:0.000976s ]
NOTIC: [2048] Declaration of Common\Model\HyFrameModel::find() should be compatible with Think\Model::find($options = Array) D:\wwwwroot\SIS.JXNU\Application\Common\Model\HyFrameModel.class.php Á¨¨ 13 Ë°å.
NOTIC: [8] Undefined index: model D:\wwwwroot\SIS.JXNU\Application\Common\Controller\HyFrameController.class.php Á¨¨ 42 Ë°å.
SQL: SHOW COLUMNS FROM `edu_frame_setting` [ RunTime:0.0020s ]
SQL: SELECT `key`,`value` FROM `edu_frame_setting` WHERE `status` < 9  [ RunTime:0.0000s ]
INFO: [ before_view ] --START--
INFO: Run Common\Behavior\HyBeforeViewBehavior [ RunTime:0.000000s ]
INFO: [ before_view ] --END-- [ RunTime:0.000000s ]
INFO: [ view_parse ] --START--
INFO: [ template_filter ] --START--
INFO: Run Behavior\ContentReplaceBehavior [ RunTime:0.000000s ]
INFO: [ template_filter ] --END-- [ RunTime:0.000000s ]
INFO: Run Behavior\ParseTemplateBehavior [ RunTime:0.008789s ]
INFO: [ view_parse ] --END-- [ RunTime:0.008789s ]
INFO: [ view_filter ] --START--
INFO: Run Behavior\WriteHtmlCacheBehavior [ RunTime:0.000977s ]
INFO: [ view_filter ] --END-- [ RunTime:0.000977s ]
INFO: [ action_end ] --START--
INFO: Run Common\Behavior\HyLogBehavior [ RunTime:0.000000s ]
INFO: [ action_end ] --END-- [ RunTime:0.000000s ]
INFO: [ app_end ] --START--
INFO: Run Behavior\ShowPageTraceBehavior [ RunTime:0.000000s ]
INFO: [ app_end ] --END-- [ RunTime:0.000000s ]

[ 2016-06-24T15:19:43+08:00 ] 120.203.69.86 /index.php/System/HyStart/login.html
INFO: [ app_init ] --START--
INFO: Run Behavior\BuildLiteBehavior [ RunTime:0.000000s ]
INFO: [ app_init ] --END-- [ RunTime:0.000000s ]
INFO: [ app_begin ] --START--
INFO: Run Behavior\ReadHtmlCacheBehavior [ RunTime:0.000977s ]
INFO: [ app_begin ] --END-- [ RunTime:0.000977s ]
NOTIC: [8192] mysql_connect(): The mysql extension is deprecated and will be removed in the future: use mysqli or PDO instead D:\wwwwroot\SIS.JXNU\HomyitCore\Library\Think\Session\Driver\Db.class.php Á¨¨ 95 Ë°å.
INFO: [ action_begin ] --START--
INFO: Run Common\Behavior\HyLogBehavior [ RunTime:0.000976s ]
INFO: [ action_begin ] --END-- [ RunTime:0.000976s ]
NOTIC: [2048] Declaration of Common\Model\HyFrameModel::find() should be compatible with Think\Model::find($options = Array) D:\wwwwroot\SIS.JXNU\Application\Common\Model\HyFrameModel.class.php Á¨¨ 13 Ë°å.
NOTIC: [8] Undefined index: model D:\wwwwroot\SIS.JXNU\Application\Common\Controller\HyFrameController.class.php Á¨¨ 42 Ë°å.
SQL: SHOW COLUMNS FROM `edu_frame_setting` [ RunTime:0.0020s ]
SQL: SELECT `key`,`value` FROM `edu_frame_setting` WHERE `status` < 9  [ RunTime:0.0000s ]
INFO: [ before_view ] --START--
INFO: Run Common\Behavior\HyBeforeViewBehavior [ RunTime:0.000000s ]
INFO: [ before_view ] --END-- [ RunTime:0.000000s ]
INFO: [ view_parse ] --START--
INFO: [ template_filter ] --START--
INFO: Run Behavior\ContentReplaceBehavior [ RunTime:0.000000s ]
INFO: [ template_filter ] --END-- [ RunTime:0.000000s ]
INFO: Run Behavior\ParseTemplateBehavior [ RunTime:0.008789s ]
INFO: [ view_parse ] --END-- [ RunTime:0.008789s ]
INFO: [ view_filter ] --START--
INFO: Run Behavior\WriteHtmlCacheBehavior [ RunTime:0.000977s ]
INFO: [ view_filter ] --END-- [ RunTime:0.000977s ]
INFO: [ action_end ] --START--
INFO: Run Common\Behavior\HyLogBehavior [ RunTime:0.000000s ]
INFO: [ action_end ] --END-- [ RunTime:0.000000s ]
INFO: [ app_end ] --START--
INFO: Run Behavior\ShowPageTraceBehavior [ RunTime:0.000000s ]
INFO: [ app_end ] --END-- [ RunTime:0.000000s ]

