[ 2016-07-12T07:31:15+08:00 ] 127.0.0.1 /SIS.JXNU-B/index.php/System/HyStart/login.html
INFO: [ app_init ] --START--
INFO: Run Behavior\BuildLiteBehavior [ RunTime:0.000061s ]
INFO: [ app_init ] --END-- [ RunTime:0.000967s ]
INFO: [ app_begin ] --START--
INFO: Run Behavior\ReadHtmlCacheBehavior [ RunTime:0.000951s ]
INFO: [ app_begin ] --END-- [ RunTime:0.001192s ]
NOTIC: [8192] mysql_connect(): The mysql extension is deprecated and will be removed in the future: use mysqli or PDO instead C:\wamp\www\SIS.JXNU-B\HomyitCore\Library\Think\Session\Driver\Db.class.php 第 95 行.
INFO: [ action_begin ] --START--
INFO: Run Common\Behavior\HyLogBehavior [ RunTime:0.001474s ]
INFO: [ action_begin ] --END-- [ RunTime:0.001708s ]
NOTIC: [2048] Declaration of Common\Model\HyFrameModel::find() should be compatible with Think\Model::find($options = Array) C:\wamp\www\SIS.JXNU-B\Application\Common\Model\HyFrameModel.class.php 第 13 行.
NOTIC: [8] Undefined index: model C:\wamp\www\SIS.JXNU-B\Application\Common\Controller\HyFrameController.class.php 第 42 行.
SQL: SHOW COLUMNS FROM `edu_frame_setting` [ RunTime:0.0370s ]
SQL: SELECT `key`,`value` FROM `edu_frame_setting` WHERE `status` < 9  [ RunTime:0.0007s ]
INFO: [ before_view ] --START--
INFO: Run Common\Behavior\HyBeforeViewBehavior [ RunTime:0.020359s ]
INFO: [ before_view ] --END-- [ RunTime:0.020602s ]
INFO: [ view_parse ] --START--
INFO: [ template_filter ] --START--
INFO: Run Behavior\ContentReplaceBehavior [ RunTime:0.000330s ]
INFO: [ template_filter ] --END-- [ RunTime:0.000675s ]
INFO: Run Behavior\ParseTemplateBehavior [ RunTime:0.177948s ]
INFO: [ view_parse ] --END-- [ RunTime:0.178201s ]
INFO: [ view_filter ] --START--
INFO: Run Behavior\WriteHtmlCacheBehavior [ RunTime:0.000672s ]
INFO: [ view_filter ] --END-- [ RunTime:0.000834s ]
INFO: [ action_end ] --START--
INFO: Run Common\Behavior\HyLogBehavior [ RunTime:0.000233s ]
INFO: [ action_end ] --END-- [ RunTime:0.000921s ]
INFO: [ app_end ] --START--
INFO: Run Behavior\ShowPageTraceBehavior [ RunTime:0.001281s ]
INFO: [ app_end ] --END-- [ RunTime:0.001532s ]

[ 2016-07-12T07:31:16+08:00 ] 127.0.0.1 /SIS.JXNU-B/index.php/System/HyStart/favicon.ico
INFO: [ app_init ] --START--
INFO: Run Behavior\BuildLiteBehavior [ RunTime:0.000069s ]
INFO: [ app_init ] --END-- [ RunTime:0.001022s ]

[ 2016-07-12T07:31:18+08:00 ] 127.0.0.1 /SIS.JXNU-B/index.php/System/HyStart/ajax?q=login
INFO: [ app_init ] --START--
INFO: Run Behavior\BuildLiteBehavior [ RunTime:0.000083s ]
INFO: [ app_init ] --END-- [ RunTime:0.001063s ]
INFO: [ app_begin ] --START--
INFO: Run Behavior\ReadHtmlCacheBehavior [ RunTime:0.000659s ]
INFO: [ app_begin ] --END-- [ RunTime:0.000859s ]
NOTIC: [8192] mysql_connect(): The mysql extension is deprecated and will be removed in the future: use mysqli or PDO instead C:\wamp\www\SIS.JXNU-B\HomyitCore\Library\Think\Session\Driver\Db.class.php 第 95 行.
INFO: [ action_begin ] --START--
INFO: Run Common\Behavior\HyLogBehavior [ RunTime:0.001551s ]
INFO: [ action_begin ] --END-- [ RunTime:0.001869s ]
NOTIC: [2048] Declaration of Common\Model\HyFrameModel::find() should be compatible with Think\Model::find($options = Array) C:\wamp\www\SIS.JXNU-B\Application\Common\Model\HyFrameModel.class.php 第 13 行.
NOTIC: [8] Undefined index: model C:\wamp\www\SIS.JXNU-B\Application\Common\Controller\HyFrameController.class.php 第 42 行.
NOTIC: [8] Undefined variable: logStep C:\wamp\www\SIS.JXNU-B\Application\System\Controller\HyStartController.class.php 第 56 行.
SQL: SHOW COLUMNS FROM `edu_user` [ RunTime:0.0855s ]
NOTIC: [2] Missing argument 1 for Common\Model\HyFrameModel::find(), called in C:\wamp\www\SIS.JXNU-B\Application\Common\Model\HyAccountModel.class.php on line 25 and defined C:\wamp\www\SIS.JXNU-B\Application\Common\Model\HyFrameModel.class.php 第 271 行.
NOTIC: [8] Undefined variable: options C:\wamp\www\SIS.JXNU-B\Application\Common\Model\HyFrameModel.class.php 第 272 行.
NOTIC: [8] Undefined variable: options C:\wamp\www\SIS.JXNU-B\Application\Common\Model\HyFrameModel.class.php 第 272 行.
SQL: SELECT `id`,`name`,`roles`,`user_no`,`password`,`sex`,`birth`,`phone`,`qq`,`email`,`country`,`session_id`,`login_last_time`,`login_times`,`status`,`english_name`,`admission_time` FROM `edu_user` WHERE `user_no` = '123' AND `status` = 1 LIMIT 1   [ RunTime:0.0006s ]
SQL: UPDATE `edu_user` SET `login_last_time`='1468279878',`login_times`='706',`session_id`='m6o2oc50bbm4k929bmpe2h87u7' WHERE `id` = 18 [ RunTime:0.1087s ]
NOTIC: [8] Undefined index: avatar_file C:\wamp\www\SIS.JXNU-B\Application\System\Controller\HyStartController.class.php 第 100 行.
NOTIC: [8] Undefined index: college_id C:\wamp\www\SIS.JXNU-B\Application\Common\Model\HyAccountModel.class.php 第 55 行.
SQL: SHOW COLUMNS FROM `edu_frame_role` [ RunTime:0.0318s ]
SQL: SELECT `id`,`name`,`title`,`table` FROM `edu_frame_role` WHERE `status` = 1 AND `id` IN ('22','32','31')  [ RunTime:0.0006s ]
SQL: SHOW COLUMNS FROM `edu_user` [ RunTime:0.0089s ]
SQL: SHOW COLUMNS FROM `edu_frame_access` [ RunTime:0.0322s ]
SQL: SELECT `action_id`,`model` FROM `edu_frame_access` WHERE ( `role_id`=22 AND `status`=1 )  [ RunTime:0.0010s ]
SQL: SELECT `pid` FROM `edu_frame_role` WHERE ( `id`=22 AND `status`=1 ) LIMIT 1   [ RunTime:0.0005s ]
SQL: SELECT `action_id`,`model` FROM `edu_frame_access` WHERE ( `role_id`=10 AND `status`=1 )  [ RunTime:0.0007s ]
SQL: SELECT `pid` FROM `edu_frame_role` WHERE ( `id`=10 AND `status`=1 ) LIMIT 1   [ RunTime:0.0003s ]
SQL: SELECT `id`,`pid`,`type`,`title`,`name`,`options` FROM `edu_frame_action` WHERE `status`=1 AND `id` IN (100000,510000,510300,510303,510301,510302,310000,310101,310102,310103,310104,310105,310201,310202,310203,310204,310205,310206,1100100,310300,310301,310302,310303,310304,310305,310306,310307,510304,510305,510306,510307,610000,1100000,1100200,510200,510201,510400,510203,310400,310401,310402,310403,310404,310405,310500,310501,310502,1000000,1000100,510401,510402,510403,510404,610100,610101,610200,610201,610300,610301,610106,610206,610306,310406,310506,1000101,1000102,1000103,510308) ORDER BY `rank` DESC [ RunTime:0.0296s ]
SQL: SELECT `id`,`pid`,`type`,`title`,`name`,`options` FROM `edu_frame_action` WHERE `status`=1 AND `id` IN (100000,510000,510300,510303,510301,510302,310000,310101,310102,310103,310104,310105,310201,310202,310203,310204,310205,310206,1100100,310300,310301,310302,310303,310304,310305,310306,310307,510304,510305,510306,510307,610000,1100000,1100200,510200,510201,510400,510203,310400,310401,310402,310403,310404,310405,310500,310501,310502,1000000,1000100,510401,510402,510403,510404,610100,610101,610200,610201,610300,610301,610106,610206,610306,310406,310506,1000101,1000102,1000103,510308) ORDER BY `rank` DESC [ RunTime:0.0020s ]
SQL: SHOW COLUMNS FROM `edu_frame_log` [ RunTime:0.0317s ]
SQL: INSERT INTO `edu_frame_log` (`user_id`,`controller`,`action`,`post`,`description`,`ip`,`create_time`) VALUES ('18','HyStart','ajax','{\"u\":\"CzPqKIibLBXTSGfFn491Fw==8454630\",\"p\":\"hHiZ8bQhPS6o+sSzc8qDxTcOK+S3TyP8KyzKfUglxTjjMVoRUtwNt5tzTULpOZwz3960072\"}',' >> 登录验证 >> <span class=\'text-success\'>成功</span>','127.0.0.1','1468279878') [ RunTime:0.0041s ]

[ 2016-07-12T07:31:19+08:00 ] 127.0.0.1 /SIS.JXNU-B/index.php/System/Index/index
INFO: [ app_init ] --START--
INFO: Run Behavior\BuildLiteBehavior [ RunTime:0.000036s ]
INFO: [ app_init ] --END-- [ RunTime:0.000523s ]
INFO: [ app_begin ] --START--
INFO: Run Behavior\ReadHtmlCacheBehavior [ RunTime:0.000689s ]
INFO: [ app_begin ] --END-- [ RunTime:0.000877s ]
NOTIC: [8192] mysql_connect(): The mysql extension is deprecated and will be removed in the future: use mysqli or PDO instead C:\wamp\www\SIS.JXNU-B\HomyitCore\Library\Think\Session\Driver\Db.class.php 第 95 行.
INFO: [ action_begin ] --START--
INFO: Run Common\Behavior\HyLogBehavior [ RunTime:0.001063s ]
INFO: [ action_begin ] --END-- [ RunTime:0.001264s ]
NOTIC: [2048] Declaration of Common\Model\HyFrameModel::find() should be compatible with Think\Model::find($options = Array) C:\wamp\www\SIS.JXNU-B\Application\Common\Model\HyFrameModel.class.php 第 13 行.
NOTIC: [8] Undefined index: model C:\wamp\www\SIS.JXNU-B\Application\Common\Controller\HyFrameController.class.php 第 42 行.
SQL: SHOW COLUMNS FROM `edu_frame_log` [ RunTime:0.0057s ]
SQL: SELECT `create_time` FROM `edu_frame_log` WHERE `user_id` = 18 AND `status` = 1 AND `controller` = 'HyStart' AND `action` = 'ajax' AND `description` LIKE '%成功%' ORDER BY id desc LIMIT 2   [ RunTime:0.0160s ]
SQL: SHOW COLUMNS FROM `edu_frame_notice` [ RunTime:0.0460s ]
NOTIC: [8] Undefined index: associate C:\wamp\www\SIS.JXNU-B\Application\Common\Model\HyFrameModel.class.php 第 141 行.
NOTIC: [8] Undefined index: order C:\wamp\www\SIS.JXNU-B\Application\Common\Model\HyFrameModel.class.php 第 162 行.
NOTIC: [8] Undefined variable: field C:\wamp\www\SIS.JXNU-B\Application\Common\Model\HyFrameModel.class.php 第 181 行.
NOTIC: [8] Undefined index: where C:\wamp\www\SIS.JXNU-B\Application\Common\Model\HyFrameModel.class.php 第 189 行.
NOTIC: [8] Undefined index: decrypt C:\wamp\www\SIS.JXNU-B\Application\Common\Model\HyFrameModel.class.php 第 241 行.
NOTIC: [8] Undefined index: scope C:\wamp\www\SIS.JXNU-B\Application\Common\Model\HyFrameModel.class.php 第 247 行.
NOTIC: [8] Undefined index: count C:\wamp\www\SIS.JXNU-B\Application\Common\Model\HyFrameModel.class.php 第 248 行.
NOTIC: [8] Undefined index: find C:\wamp\www\SIS.JXNU-B\Application\Common\Model\HyFrameModel.class.php 第 254 行.
SQL: SELECT `id`,`title`,`content`,`creator_id`,`file_id`,`create_time`,`update_time`,`status` FROM `edu_frame_notice` WHERE `status` = 1 ORDER BY id desc LIMIT 5   [ RunTime:0.0007s ]
INFO: [ before_view ] --START--
SQL: SHOW COLUMNS FROM `edu_frame_alert` [ RunTime:0.0448s ]
SQL: SELECT `id`,`category`,`icon`,`message`,`url`,`type`,`create_time` FROM `edu_frame_alert` where `to_users` LIKE '%,18,%' AND ( IFNULL(`read_users`,'')='' OR `read_users` NOT LIKE '%,18,%') AND `status`=1 ORDER BY `id` DESC [ RunTime:0.0007s ]
INFO: Run Common\Behavior\HyBeforeViewBehavior [ RunTime:0.088587s ]
INFO: [ before_view ] --END-- [ RunTime:0.088962s ]
INFO: [ view_parse ] --START--
INFO: [ template_filter ] --START--
INFO: Run Behavior\ContentReplaceBehavior [ RunTime:0.000461s ]
INFO: [ template_filter ] --END-- [ RunTime:0.000806s ]
INFO: Run Behavior\ParseTemplateBehavior [ RunTime:0.295427s ]
INFO: [ view_parse ] --END-- [ RunTime:0.295709s ]
INFO: [ view_filter ] --START--
INFO: Run Behavior\WriteHtmlCacheBehavior [ RunTime:0.000582s ]
INFO: [ view_filter ] --END-- [ RunTime:0.000738s ]
INFO: [ action_end ] --START--
INFO: Run Common\Behavior\HyLogBehavior [ RunTime:0.000119s ]
INFO: [ action_end ] --END-- [ RunTime:0.000542s ]
INFO: [ app_end ] --START--
INFO: Run Behavior\ShowPageTraceBehavior [ RunTime:0.001539s ]
INFO: [ app_end ] --END-- [ RunTime:0.002237s ]

[ 2016-07-12T07:31:20+08:00 ] 127.0.0.1 /SIS.JXNU-B/index.php/System/HyChat/ajax?q=list
INFO: [ app_init ] --START--
INFO: Run Behavior\BuildLiteBehavior [ RunTime:0.000080s ]
INFO: [ app_init ] --END-- [ RunTime:0.000978s ]
INFO: [ app_begin ] --START--
INFO: Run Behavior\ReadHtmlCacheBehavior [ RunTime:0.000697s ]
INFO: [ app_begin ] --END-- [ RunTime:0.000872s ]
NOTIC: [8192] mysql_connect(): The mysql extension is deprecated and will be removed in the future: use mysqli or PDO instead C:\wamp\www\SIS.JXNU-B\HomyitCore\Library\Think\Session\Driver\Db.class.php 第 95 行.
INFO: [ action_begin ] --START--
INFO: Run Common\Behavior\HyLogBehavior [ RunTime:0.001210s ]
INFO: [ action_begin ] --END-- [ RunTime:0.001459s ]
NOTIC: [2048] Declaration of Common\Model\HyFrameModel::find() should be compatible with Think\Model::find($options = Array) C:\wamp\www\SIS.JXNU-B\Application\Common\Model\HyFrameModel.class.php 第 13 行.
NOTIC: [8] Undefined index: model C:\wamp\www\SIS.JXNU-B\Application\Common\Controller\HyFrameController.class.php 第 42 行.
ERR: SQLSTATE[42S02]: Base table or view not found: 1146 Table 'jxnu_sisb.edu_frame_chat' doesn't exist

[ 2016-07-12T07:31:22+08:00 ] 127.0.0.1 /SIS.JXNU-B/index.php/System/Index/favicon.ico
INFO: [ app_init ] --START--
INFO: Run Behavior\BuildLiteBehavior [ RunTime:0.000035s ]
INFO: [ app_init ] --END-- [ RunTime:0.000503s ]

[ 2016-07-12T07:31:26+08:00 ] 127.0.0.1 /SIS.JXNU-B/index.php/System/HyStart/switchs/role/encrypt_act-c61TUGjroRypSA4_gM-sIxHq2Uyss8p-eVy7QKykUvasYKEPB-CVQ9ELmY4YnE2MGbYYEqD8WL67R8oOGVGU7A.html
INFO: [ app_init ] --START--
INFO: Run Behavior\BuildLiteBehavior [ RunTime:0.000036s ]
INFO: [ app_init ] --END-- [ RunTime:0.000576s ]
INFO: [ app_begin ] --START--
INFO: Run Behavior\ReadHtmlCacheBehavior [ RunTime:0.000617s ]
INFO: [ app_begin ] --END-- [ RunTime:0.000791s ]
NOTIC: [8192] mysql_connect(): The mysql extension is deprecated and will be removed in the future: use mysqli or PDO instead C:\wamp\www\SIS.JXNU-B\HomyitCore\Library\Think\Session\Driver\Db.class.php 第 95 行.
INFO: [ action_begin ] --START--
INFO: Run Common\Behavior\HyLogBehavior [ RunTime:0.001146s ]
INFO: [ action_begin ] --END-- [ RunTime:0.001399s ]
NOTIC: [2048] Declaration of Common\Model\HyFrameModel::find() should be compatible with Think\Model::find($options = Array) C:\wamp\www\SIS.JXNU-B\Application\Common\Model\HyFrameModel.class.php 第 13 行.
NOTIC: [8] Undefined index: model C:\wamp\www\SIS.JXNU-B\Application\Common\Controller\HyFrameController.class.php 第 42 行.
SQL: SHOW COLUMNS FROM `edu_frame_role` [ RunTime:0.1009s ]
SQL: SELECT `id`,`name`,`title`,`table` FROM `edu_frame_role` WHERE `status` = 1 AND `id` IN ('22','32','31')  [ RunTime:0.0006s ]
SQL: SHOW COLUMNS FROM `edu_user` [ RunTime:0.0104s ]
SQL: SHOW COLUMNS FROM `edu_frame_access` [ RunTime:0.0092s ]
SQL: SELECT `action_id`,`model` FROM `edu_frame_access` WHERE ( `role_id`=32 AND `status`=1 )  [ RunTime:0.0010s ]
SQL: SELECT `pid` FROM `edu_frame_role` WHERE ( `id`=32 AND `status`=1 ) LIMIT 1   [ RunTime:0.0005s ]
SQL: SELECT `action_id`,`model` FROM `edu_frame_access` WHERE ( `role_id`=31 AND `status`=1 )  [ RunTime:0.0019s ]
SQL: SELECT `pid` FROM `edu_frame_role` WHERE ( `id`=31 AND `status`=1 ) LIMIT 1   [ RunTime:0.0005s ]
SQL: SELECT `action_id`,`model` FROM `edu_frame_access` WHERE ( `role_id`=10 AND `status`=1 )  [ RunTime:0.0008s ]
SQL: SELECT `pid` FROM `edu_frame_role` WHERE ( `id`=10 AND `status`=1 ) LIMIT 1   [ RunTime:0.0005s ]
SQL: SELECT `id`,`pid`,`type`,`title`,`name`,`options` FROM `edu_frame_action` WHERE `status`=1 AND `id` IN (100000,510000,510300,510303,510301,510302,310000,310101,310102,310103,310104,310105,310201,310202,310203,310204,310205,310206,1100100,310300,310301,310302,310303,310304,310305,310306,310307,510304,510305,510306,510307,610000,1100000,1100200,1,2,3,4,210000,210100,210101,210102,210103,210104,210105,210200,210201,210202,210203,210204,210205,210206,310100,310200,420000,420100,420101,420102,420103,420104,420105,420106,420200,420201,420202,420203,420204,420205,420206,420300,420301,420302,420303,420304,420305,420306,510100,510101,510103,510104,510105,510106,510308,610100,610101,610102,610103,610104,610105,610106,610200,610201,610202,610203,610204,610205,610206,610300,610301,610302,610303,610304,610305,610306,810000,810100,810101,810102,810103,810104,810105,810106,810200,810201,810202,810203,810204,810205,810300,810301,810302,810303,810304,810305,810400,810401,810402,810403,810404,810405,1000000,1000100,1000101,1000102,1000103,210207,510102,710000,710100,710101,710102,710103,710104,710105,810107,810108,910000,910100,910101,910200,910201) ORDER BY `rank` DESC [ RunTime:0.0025s ]
SQL: SELECT `id`,`pid`,`type`,`title`,`name`,`options` FROM `edu_frame_action` WHERE `status`=1 AND `id` IN (100000,510000,510300,510303,510301,510302,310000,310101,310102,310103,310104,310105,310201,310202,310203,310204,310205,310206,1100100,310300,310301,310302,310303,310304,310305,310306,310307,510304,510305,510306,510307,610000,1100000,1100200,1,2,3,4,210000,210100,210101,210102,210103,210104,210105,210200,210201,210202,210203,210204,210205,210206,310100,310200,420000,420100,420101,420102,420103,420104,420105,420106,420200,420201,420202,420203,420204,420205,420206,420300,420301,420302,420303,420304,420305,420306,510100,510101,510103,510104,510105,510106,510308,610100,610101,610102,610103,610104,610105,610106,610200,610201,610202,610203,610204,610205,610206,610300,610301,610302,610303,610304,610305,610306,810000,810100,810101,810102,810103,810104,810105,810106,810200,810201,810202,810203,810204,810205,810300,810301,810302,810303,810304,810305,810400,810401,810402,810403,810404,810405,1000000,1000100,1000101,1000102,1000103,210207,510102,710000,710100,710101,710102,710103,710104,710105,810107,810108,910000,910100,910101,910200,910201) ORDER BY `rank` DESC [ RunTime:0.0037s ]
SQL: SELECT `id`,`pid`,`type`,`title`,`name`,`options` FROM `edu_frame_action` WHERE `status`=1 AND `id` IN (100000,510000,510300,510303,510301,510302,310000,310101,310102,310103,310104,310105,310201,310202,310203,310204,310205,310206,1100100,310300,310301,310302,310303,310304,310305,310306,310307,510304,510305,510306,510307,610000,1100000,1100200,1,2,3,4,210000,210100,210101,210102,210103,210104,210105,210200,210201,210202,210203,210204,210205,210206,310100,310200,420000,420100,420101,420102,420103,420104,420105,420106,420200,420201,420202,420203,420204,420205,420206,420300,420301,420302,420303,420304,420305,420306,510100,510101,510103,510104,510105,510106,510308,610100,610101,610102,610103,610104,610105,610106,610200,610201,610202,610203,610204,610205,610206,610300,610301,610302,610303,610304,610305,610306,810000,810100,810101,810102,810103,810104,810105,810106,810200,810201,810202,810203,810204,810205,810300,810301,810302,810303,810304,810305,810400,810401,810402,810403,810404,810405,1000000,1000100,1000101,1000102,1000103,210207,510102,710000,710100,710101,710102,710103,710104,710105,810107,810108,910000,910100,910101,910200,910201) ORDER BY `rank` DESC [ RunTime:0.0027s ]

[ 2016-07-12T07:31:27+08:00 ] 127.0.0.1 /SIS.JXNU-B/index.php/System/Index/index.html
INFO: [ app_init ] --START--
INFO: Run Behavior\BuildLiteBehavior [ RunTime:0.000035s ]
INFO: [ app_init ] --END-- [ RunTime:0.000544s ]
INFO: [ app_begin ] --START--
INFO: Run Behavior\ReadHtmlCacheBehavior [ RunTime:0.000995s ]
INFO: [ app_begin ] --END-- [ RunTime:0.001198s ]
NOTIC: [8192] mysql_connect(): The mysql extension is deprecated and will be removed in the future: use mysqli or PDO instead C:\wamp\www\SIS.JXNU-B\HomyitCore\Library\Think\Session\Driver\Db.class.php 第 95 行.
INFO: [ action_begin ] --START--
INFO: Run Common\Behavior\HyLogBehavior [ RunTime:0.001267s ]
INFO: [ action_begin ] --END-- [ RunTime:0.001472s ]
NOTIC: [2048] Declaration of Common\Model\HyFrameModel::find() should be compatible with Think\Model::find($options = Array) C:\wamp\www\SIS.JXNU-B\Application\Common\Model\HyFrameModel.class.php 第 13 行.
NOTIC: [8] Undefined index: model C:\wamp\www\SIS.JXNU-B\Application\Common\Controller\HyFrameController.class.php 第 42 行.
SQL: SHOW COLUMNS FROM `edu_frame_log` [ RunTime:0.0101s ]
SQL: SELECT `create_time` FROM `edu_frame_log` WHERE `user_id` = 18 AND `status` = 1 AND `controller` = 'HyStart' AND `action` = 'ajax' AND `description` LIKE '%成功%' ORDER BY id desc LIMIT 2   [ RunTime:0.0007s ]
SQL: SHOW COLUMNS FROM `edu_frame_notice` [ RunTime:0.0099s ]
NOTIC: [8] Undefined index: associate C:\wamp\www\SIS.JXNU-B\Application\Common\Model\HyFrameModel.class.php 第 141 行.
NOTIC: [8] Undefined index: order C:\wamp\www\SIS.JXNU-B\Application\Common\Model\HyFrameModel.class.php 第 162 行.
NOTIC: [8] Undefined variable: field C:\wamp\www\SIS.JXNU-B\Application\Common\Model\HyFrameModel.class.php 第 181 行.
NOTIC: [8] Undefined index: where C:\wamp\www\SIS.JXNU-B\Application\Common\Model\HyFrameModel.class.php 第 189 行.
NOTIC: [8] Undefined index: decrypt C:\wamp\www\SIS.JXNU-B\Application\Common\Model\HyFrameModel.class.php 第 241 行.
NOTIC: [8] Undefined index: scope C:\wamp\www\SIS.JXNU-B\Application\Common\Model\HyFrameModel.class.php 第 247 行.
NOTIC: [8] Undefined index: count C:\wamp\www\SIS.JXNU-B\Application\Common\Model\HyFrameModel.class.php 第 248 行.
NOTIC: [8] Undefined index: find C:\wamp\www\SIS.JXNU-B\Application\Common\Model\HyFrameModel.class.php 第 254 行.
SQL: SELECT `id`,`title`,`content`,`creator_id`,`file_id`,`create_time`,`update_time`,`status` FROM `edu_frame_notice` WHERE `status` = 1 ORDER BY id desc LIMIT 5   [ RunTime:0.0006s ]
INFO: [ before_view ] --START--
SQL: SHOW COLUMNS FROM `edu_frame_alert` [ RunTime:0.0102s ]
SQL: SELECT `id`,`category`,`icon`,`message`,`url`,`type`,`create_time` FROM `edu_frame_alert` where `to_users` LIKE '%,18,%' AND ( IFNULL(`read_users`,'')='' OR `read_users` NOT LIKE '%,18,%') AND `status`=1 ORDER BY `id` DESC [ RunTime:0.0005s ]
INFO: Run Common\Behavior\HyBeforeViewBehavior [ RunTime:0.014683s ]
INFO: [ before_view ] --END-- [ RunTime:0.014900s ]
INFO: [ view_parse ] --START--
INFO: [ template_filter ] --START--
INFO: Run Behavior\ContentReplaceBehavior [ RunTime:0.000366s ]
INFO: [ template_filter ] --END-- [ RunTime:0.000582s ]
INFO: Run Behavior\ParseTemplateBehavior [ RunTime:0.174982s ]
INFO: [ view_parse ] --END-- [ RunTime:0.175151s ]
INFO: [ view_filter ] --START--
INFO: Run Behavior\WriteHtmlCacheBehavior [ RunTime:0.000570s ]
INFO: [ view_filter ] --END-- [ RunTime:0.000746s ]
INFO: [ action_end ] --START--
INFO: Run Common\Behavior\HyLogBehavior [ RunTime:0.000094s ]
INFO: [ action_end ] --END-- [ RunTime:0.000327s ]
INFO: [ app_end ] --START--
INFO: Run Behavior\ShowPageTraceBehavior [ RunTime:0.002557s ]
INFO: [ app_end ] --END-- [ RunTime:0.002880s ]

[ 2016-07-12T07:31:27+08:00 ] 127.0.0.1 /SIS.JXNU-B/index.php/System/HyChat/ajax?q=list
INFO: [ app_init ] --START--
INFO: Run Behavior\BuildLiteBehavior [ RunTime:0.000075s ]
INFO: [ app_init ] --END-- [ RunTime:0.000961s ]
INFO: [ app_begin ] --START--
INFO: Run Behavior\ReadHtmlCacheBehavior [ RunTime:0.000677s ]
INFO: [ app_begin ] --END-- [ RunTime:0.000835s ]
NOTIC: [8192] mysql_connect(): The mysql extension is deprecated and will be removed in the future: use mysqli or PDO instead C:\wamp\www\SIS.JXNU-B\HomyitCore\Library\Think\Session\Driver\Db.class.php 第 95 行.
INFO: [ action_begin ] --START--
INFO: Run Common\Behavior\HyLogBehavior [ RunTime:0.001030s ]
INFO: [ action_begin ] --END-- [ RunTime:0.001211s ]
NOTIC: [2048] Declaration of Common\Model\HyFrameModel::find() should be compatible with Think\Model::find($options = Array) C:\wamp\www\SIS.JXNU-B\Application\Common\Model\HyFrameModel.class.php 第 13 行.
NOTIC: [8] Undefined index: model C:\wamp\www\SIS.JXNU-B\Application\Common\Controller\HyFrameController.class.php 第 42 行.
ERR: SQLSTATE[42S02]: Base table or view not found: 1146 Table 'jxnu_sisb.edu_frame_chat' doesn't exist

[ 2016-07-12T07:32:27+08:00 ] 127.0.0.1 /SIS.JXNU-B/index.php/System/HyStart/online?keepTry=kKnmys5iF%2BiDTJ8xZ1wGZVytJkKd8SVHstXrCOinhwE%3D7198300
INFO: [ app_init ] --START--
INFO: Run Behavior\BuildLiteBehavior [ RunTime:0.000067s ]
INFO: [ app_init ] --END-- [ RunTime:0.000847s ]
INFO: [ app_begin ] --START--
INFO: Run Behavior\ReadHtmlCacheBehavior [ RunTime:0.000973s ]
INFO: [ app_begin ] --END-- [ RunTime:0.001235s ]
NOTIC: [8192] mysql_connect(): The mysql extension is deprecated and will be removed in the future: use mysqli or PDO instead C:\wamp\www\SIS.JXNU-B\HomyitCore\Library\Think\Session\Driver\Db.class.php 第 95 行.
INFO: [ action_begin ] --START--
INFO: Run Common\Behavior\HyLogBehavior [ RunTime:0.001153s ]
INFO: [ action_begin ] --END-- [ RunTime:0.001387s ]
NOTIC: [2048] Declaration of Common\Model\HyFrameModel::find() should be compatible with Think\Model::find($options = Array) C:\wamp\www\SIS.JXNU-B\Application\Common\Model\HyFrameModel.class.php 第 13 行.
NOTIC: [8] Undefined index: model C:\wamp\www\SIS.JXNU-B\Application\Common\Controller\HyFrameController.class.php 第 42 行.

[ 2016-07-12T07:34:41+08:00 ] 127.0.0.1 /SIS.JXNU-B/index.php/System/HyStart/online?keepTry=P77kEkPBK8652pvQpQQ2pqmIHiverKoC%2FcUXkxgfhTs%3D7446539
INFO: [ app_init ] --START--
INFO: Run Behavior\BuildLiteBehavior [ RunTime:0.000067s ]
INFO: [ app_init ] --END-- [ RunTime:0.000964s ]
INFO: [ app_begin ] --START--
INFO: Run Behavior\ReadHtmlCacheBehavior [ RunTime:0.001580s ]
INFO: [ app_begin ] --END-- [ RunTime:0.001902s ]
NOTIC: [8192] mysql_connect(): The mysql extension is deprecated and will be removed in the future: use mysqli or PDO instead C:\wamp\www\SIS.JXNU-B\HomyitCore\Library\Think\Session\Driver\Db.class.php 第 95 行.
INFO: [ action_begin ] --START--
INFO: Run Common\Behavior\HyLogBehavior [ RunTime:0.001952s ]
INFO: [ action_begin ] --END-- [ RunTime:0.002314s ]
NOTIC: [2048] Declaration of Common\Model\HyFrameModel::find() should be compatible with Think\Model::find($options = Array) C:\wamp\www\SIS.JXNU-B\Application\Common\Model\HyFrameModel.class.php 第 13 行.
NOTIC: [8] Undefined index: model C:\wamp\www\SIS.JXNU-B\Application\Common\Controller\HyFrameController.class.php 第 42 行.

[ 2016-07-12T07:35:41+08:00 ] 127.0.0.1 /SIS.JXNU-B/index.php/System/HyStart/online?keepTry=aSHu9q91e5wNuJ0vGPt67H19h43Gs1XcXJPrTUOtQ%2Fo%3D5649300
INFO: [ app_init ] --START--
INFO: Run Behavior\BuildLiteBehavior [ RunTime:0.000069s ]
INFO: [ app_init ] --END-- [ RunTime:0.000865s ]
INFO: [ app_begin ] --START--
INFO: Run Behavior\ReadHtmlCacheBehavior [ RunTime:0.001017s ]
INFO: [ app_begin ] --END-- [ RunTime:0.001282s ]
NOTIC: [8192] mysql_connect(): The mysql extension is deprecated and will be removed in the future: use mysqli or PDO instead C:\wamp\www\SIS.JXNU-B\HomyitCore\Library\Think\Session\Driver\Db.class.php 第 95 行.
INFO: [ action_begin ] --START--
INFO: Run Common\Behavior\HyLogBehavior [ RunTime:0.001220s ]
INFO: [ action_begin ] --END-- [ RunTime:0.001474s ]
NOTIC: [2048] Declaration of Common\Model\HyFrameModel::find() should be compatible with Think\Model::find($options = Array) C:\wamp\www\SIS.JXNU-B\Application\Common\Model\HyFrameModel.class.php 第 13 行.
NOTIC: [8] Undefined index: model C:\wamp\www\SIS.JXNU-B\Application\Common\Controller\HyFrameController.class.php 第 42 行.

[ 2016-07-12T07:36:41+08:00 ] 127.0.0.1 /SIS.JXNU-B/index.php/System/HyStart/online?keepTry=OnM9pfwgd6AVnhb05BCda3xWZTj%2BLGu8beaRPHDzMsc%3D1328750
INFO: [ app_init ] --START--
INFO: Run Behavior\BuildLiteBehavior [ RunTime:0.000036s ]
INFO: [ app_init ] --END-- [ RunTime:0.000535s ]
INFO: [ app_begin ] --START--
INFO: Run Behavior\ReadHtmlCacheBehavior [ RunTime:0.000637s ]
INFO: [ app_begin ] --END-- [ RunTime:0.000797s ]
NOTIC: [8192] mysql_connect(): The mysql extension is deprecated and will be removed in the future: use mysqli or PDO instead C:\wamp\www\SIS.JXNU-B\HomyitCore\Library\Think\Session\Driver\Db.class.php 第 95 行.
INFO: [ action_begin ] --START--
INFO: Run Common\Behavior\HyLogBehavior [ RunTime:0.000927s ]
INFO: [ action_begin ] --END-- [ RunTime:0.001084s ]
NOTIC: [2048] Declaration of Common\Model\HyFrameModel::find() should be compatible with Think\Model::find($options = Array) C:\wamp\www\SIS.JXNU-B\Application\Common\Model\HyFrameModel.class.php 第 13 行.
NOTIC: [8] Undefined index: model C:\wamp\www\SIS.JXNU-B\Application\Common\Controller\HyFrameController.class.php 第 42 行.

[ 2016-07-12T07:37:41+08:00 ] 127.0.0.1 /SIS.JXNU-B/index.php/System/HyStart/online?keepTry=as5UrHSZpQm5ZnkmdUQ%2FT8la9f9SPjRZ33m%2FUdXk%2Fn8%3D9872460
INFO: [ app_init ] --START--
INFO: Run Behavior\BuildLiteBehavior [ RunTime:0.000036s ]
INFO: [ app_init ] --END-- [ RunTime:0.000581s ]
INFO: [ app_begin ] --START--
INFO: Run Behavior\ReadHtmlCacheBehavior [ RunTime:0.000711s ]
INFO: [ app_begin ] --END-- [ RunTime:0.000862s ]
NOTIC: [8192] mysql_connect(): The mysql extension is deprecated and will be removed in the future: use mysqli or PDO instead C:\wamp\www\SIS.JXNU-B\HomyitCore\Library\Think\Session\Driver\Db.class.php 第 95 行.
INFO: [ action_begin ] --START--
INFO: Run Common\Behavior\HyLogBehavior [ RunTime:0.000873s ]
INFO: [ action_begin ] --END-- [ RunTime:0.001034s ]
NOTIC: [2048] Declaration of Common\Model\HyFrameModel::find() should be compatible with Think\Model::find($options = Array) C:\wamp\www\SIS.JXNU-B\Application\Common\Model\HyFrameModel.class.php 第 13 行.
NOTIC: [8] Undefined index: model C:\wamp\www\SIS.JXNU-B\Application\Common\Controller\HyFrameController.class.php 第 42 行.

[ 2016-07-12T07:38:41+08:00 ] 127.0.0.1 /SIS.JXNU-B/index.php/System/HyStart/online?keepTry=ONg80d8icPE2D0PTMTlPNZbWKGbxrPYVezUkAuDp%2BcI%3D8343696
INFO: [ app_init ] --START--
INFO: Run Behavior\BuildLiteBehavior [ RunTime:0.000115s ]
INFO: [ app_init ] --END-- [ RunTime:0.002122s ]
INFO: [ app_begin ] --START--
INFO: Run Behavior\ReadHtmlCacheBehavior [ RunTime:0.001622s ]
INFO: [ app_begin ] --END-- [ RunTime:0.001937s ]
NOTIC: [8192] mysql_connect(): The mysql extension is deprecated and will be removed in the future: use mysqli or PDO instead C:\wamp\www\SIS.JXNU-B\HomyitCore\Library\Think\Session\Driver\Db.class.php 第 95 行.
INFO: [ action_begin ] --START--
INFO: Run Common\Behavior\HyLogBehavior [ RunTime:0.002023s ]
INFO: [ action_begin ] --END-- [ RunTime:0.002337s ]
NOTIC: [2048] Declaration of Common\Model\HyFrameModel::find() should be compatible with Think\Model::find($options = Array) C:\wamp\www\SIS.JXNU-B\Application\Common\Model\HyFrameModel.class.php 第 13 行.
NOTIC: [8] Undefined index: model C:\wamp\www\SIS.JXNU-B\Application\Common\Controller\HyFrameController.class.php 第 42 行.

[ 2016-07-12T07:39:41+08:00 ] 127.0.0.1 /SIS.JXNU-B/index.php/System/HyStart/online?keepTry=yHQ%2Bsu2MCTJ%2BKoi9icGsiS9SGmU3AGoHSD%2B08XZtZsU%3D8613719
INFO: [ app_init ] --START--
INFO: Run Behavior\BuildLiteBehavior [ RunTime:0.000090s ]
INFO: [ app_init ] --END-- [ RunTime:0.001092s ]
INFO: [ app_begin ] --START--
INFO: Run Behavior\ReadHtmlCacheBehavior [ RunTime:0.000826s ]
INFO: [ app_begin ] --END-- [ RunTime:0.001063s ]
NOTIC: [8192] mysql_connect(): The mysql extension is deprecated and will be removed in the future: use mysqli or PDO instead C:\wamp\www\SIS.JXNU-B\HomyitCore\Library\Think\Session\Driver\Db.class.php 第 95 行.
INFO: [ action_begin ] --START--
INFO: Run Common\Behavior\HyLogBehavior [ RunTime:0.000977s ]
INFO: [ action_begin ] --END-- [ RunTime:0.001127s ]
NOTIC: [2048] Declaration of Common\Model\HyFrameModel::find() should be compatible with Think\Model::find($options = Array) C:\wamp\www\SIS.JXNU-B\Application\Common\Model\HyFrameModel.class.php 第 13 行.
NOTIC: [8] Undefined index: model C:\wamp\www\SIS.JXNU-B\Application\Common\Controller\HyFrameController.class.php 第 42 行.

[ 2016-07-12T07:41:58+08:00 ] 127.0.0.1 /SIS.JXNU-B/index.php/System/HyStart/online?keepTry=eMF8k6J9CLjl1LrE7xM7KC5Ict20w06Bd%2FhQMBURNvY%3D8747863
INFO: [ app_init ] --START--
INFO: Run Behavior\BuildLiteBehavior [ RunTime:0.000038s ]
INFO: [ app_init ] --END-- [ RunTime:0.000612s ]
INFO: [ app_begin ] --START--
INFO: Run Behavior\ReadHtmlCacheBehavior [ RunTime:0.000736s ]
INFO: [ app_begin ] --END-- [ RunTime:0.000904s ]
NOTIC: [8192] mysql_connect(): The mysql extension is deprecated and will be removed in the future: use mysqli or PDO instead C:\wamp\www\SIS.JXNU-B\HomyitCore\Library\Think\Session\Driver\Db.class.php 第 95 行.
INFO: [ action_begin ] --START--
INFO: Run Common\Behavior\HyLogBehavior [ RunTime:0.000821s ]
INFO: [ action_begin ] --END-- [ RunTime:0.000965s ]
NOTIC: [2048] Declaration of Common\Model\HyFrameModel::find() should be compatible with Think\Model::find($options = Array) C:\wamp\www\SIS.JXNU-B\Application\Common\Model\HyFrameModel.class.php 第 13 行.
NOTIC: [8] Undefined index: model C:\wamp\www\SIS.JXNU-B\Application\Common\Controller\HyFrameController.class.php 第 42 行.

[ 2016-07-12T07:42:58+08:00 ] 127.0.0.1 /SIS.JXNU-B/index.php/System/HyStart/online?keepTry=mBcrsqpgX4fmG3nw3%2F5FLIyDoNrhIa%2FDn3U5AQitWFg%3D2359170
INFO: [ app_init ] --START--
INFO: Run Behavior\BuildLiteBehavior [ RunTime:0.000048s ]
INFO: [ app_init ] --END-- [ RunTime:0.000701s ]
INFO: [ app_begin ] --START--
INFO: Run Behavior\ReadHtmlCacheBehavior [ RunTime:0.000845s ]
INFO: [ app_begin ] --END-- [ RunTime:0.001006s ]
NOTIC: [8192] mysql_connect(): The mysql extension is deprecated and will be removed in the future: use mysqli or PDO instead C:\wamp\www\SIS.JXNU-B\HomyitCore\Library\Think\Session\Driver\Db.class.php 第 95 行.
INFO: [ action_begin ] --START--
INFO: Run Common\Behavior\HyLogBehavior [ RunTime:0.001816s ]
INFO: [ action_begin ] --END-- [ RunTime:0.002106s ]
NOTIC: [2048] Declaration of Common\Model\HyFrameModel::find() should be compatible with Think\Model::find($options = Array) C:\wamp\www\SIS.JXNU-B\Application\Common\Model\HyFrameModel.class.php 第 13 行.
NOTIC: [8] Undefined index: model C:\wamp\www\SIS.JXNU-B\Application\Common\Controller\HyFrameController.class.php 第 42 行.

[ 2016-07-12T07:43:58+08:00 ] 127.0.0.1 /SIS.JXNU-B/index.php/System/HyStart/online?keepTry=a9TetbEWpTYFkZfnt%2FS4q0QdRegqiBo3G9EVdbAmcq0%3D5794929
INFO: [ app_init ] --START--
INFO: Run Behavior\BuildLiteBehavior [ RunTime:0.000035s ]
INFO: [ app_init ] --END-- [ RunTime:0.000594s ]
INFO: [ app_begin ] --START--
INFO: Run Behavior\ReadHtmlCacheBehavior [ RunTime:0.000762s ]
INFO: [ app_begin ] --END-- [ RunTime:0.000900s ]
NOTIC: [8192] mysql_connect(): The mysql extension is deprecated and will be removed in the future: use mysqli or PDO instead C:\wamp\www\SIS.JXNU-B\HomyitCore\Library\Think\Session\Driver\Db.class.php 第 95 行.
INFO: [ action_begin ] --START--
INFO: Run Common\Behavior\HyLogBehavior [ RunTime:0.001022s ]
INFO: [ action_begin ] --END-- [ RunTime:0.001173s ]
NOTIC: [2048] Declaration of Common\Model\HyFrameModel::find() should be compatible with Think\Model::find($options = Array) C:\wamp\www\SIS.JXNU-B\Application\Common\Model\HyFrameModel.class.php 第 13 行.
NOTIC: [8] Undefined index: model C:\wamp\www\SIS.JXNU-B\Application\Common\Controller\HyFrameController.class.php 第 42 行.

[ 2016-07-12T07:44:58+08:00 ] 127.0.0.1 /SIS.JXNU-B/index.php/System/HyStart/online?keepTry=b18OwpM7zZs3vkcR6MwIzbKw59d4FQqKES1VYks5EFI%3D3649514
INFO: [ app_init ] --START--
INFO: Run Behavior\BuildLiteBehavior [ RunTime:0.000037s ]
INFO: [ app_init ] --END-- [ RunTime:0.000545s ]
INFO: [ app_begin ] --START--
INFO: Run Behavior\ReadHtmlCacheBehavior [ RunTime:0.000622s ]
INFO: [ app_begin ] --END-- [ RunTime:0.000762s ]
NOTIC: [8192] mysql_connect(): The mysql extension is deprecated and will be removed in the future: use mysqli or PDO instead C:\wamp\www\SIS.JXNU-B\HomyitCore\Library\Think\Session\Driver\Db.class.php 第 95 行.
INFO: [ action_begin ] --START--
INFO: Run Common\Behavior\HyLogBehavior [ RunTime:0.000810s ]
INFO: [ action_begin ] --END-- [ RunTime:0.000967s ]
NOTIC: [2048] Declaration of Common\Model\HyFrameModel::find() should be compatible with Think\Model::find($options = Array) C:\wamp\www\SIS.JXNU-B\Application\Common\Model\HyFrameModel.class.php 第 13 行.
NOTIC: [8] Undefined index: model C:\wamp\www\SIS.JXNU-B\Application\Common\Controller\HyFrameController.class.php 第 42 行.

[ 2016-07-12T07:45:58+08:00 ] 127.0.0.1 /SIS.JXNU-B/index.php/System/HyStart/online?keepTry=FdM%2BHBb%2FOJiqPByo4ndi4qNsAWPv0LhSnJr8Kfam4Ic%3D9984926
INFO: [ app_init ] --START--
INFO: Run Behavior\BuildLiteBehavior [ RunTime:0.000034s ]
INFO: [ app_init ] --END-- [ RunTime:0.000500s ]
INFO: [ app_begin ] --START--
INFO: Run Behavior\ReadHtmlCacheBehavior [ RunTime:0.000624s ]
INFO: [ app_begin ] --END-- [ RunTime:0.000800s ]
NOTIC: [8192] mysql_connect(): The mysql extension is deprecated and will be removed in the future: use mysqli or PDO instead C:\wamp\www\SIS.JXNU-B\HomyitCore\Library\Think\Session\Driver\Db.class.php 第 95 行.
INFO: [ action_begin ] --START--
INFO: Run Common\Behavior\HyLogBehavior [ RunTime:0.000854s ]
INFO: [ action_begin ] --END-- [ RunTime:0.001008s ]
NOTIC: [2048] Declaration of Common\Model\HyFrameModel::find() should be compatible with Think\Model::find($options = Array) C:\wamp\www\SIS.JXNU-B\Application\Common\Model\HyFrameModel.class.php 第 13 行.
NOTIC: [8] Undefined index: model C:\wamp\www\SIS.JXNU-B\Application\Common\Controller\HyFrameController.class.php 第 42 行.

[ 2016-07-12T07:46:58+08:00 ] 127.0.0.1 /SIS.JXNU-B/index.php/System/HyStart/online?keepTry=IsNS%2Fn%2FbK0iWc7LsjkaV6DgjZ7Axl3Qtceszxz57SE8%3D7867290
INFO: [ app_init ] --START--
INFO: Run Behavior\BuildLiteBehavior [ RunTime:0.000035s ]
INFO: [ app_init ] --END-- [ RunTime:0.000560s ]
INFO: [ app_begin ] --START--
INFO: Run Behavior\ReadHtmlCacheBehavior [ RunTime:0.000795s ]
INFO: [ app_begin ] --END-- [ RunTime:0.000931s ]
NOTIC: [8192] mysql_connect(): The mysql extension is deprecated and will be removed in the future: use mysqli or PDO instead C:\wamp\www\SIS.JXNU-B\HomyitCore\Library\Think\Session\Driver\Db.class.php 第 95 行.
INFO: [ action_begin ] --START--
INFO: Run Common\Behavior\HyLogBehavior [ RunTime:0.001126s ]
INFO: [ action_begin ] --END-- [ RunTime:0.001276s ]
NOTIC: [2048] Declaration of Common\Model\HyFrameModel::find() should be compatible with Think\Model::find($options = Array) C:\wamp\www\SIS.JXNU-B\Application\Common\Model\HyFrameModel.class.php 第 13 行.
NOTIC: [8] Undefined index: model C:\wamp\www\SIS.JXNU-B\Application\Common\Controller\HyFrameController.class.php 第 42 行.

[ 2016-07-12T07:47:58+08:00 ] 127.0.0.1 /SIS.JXNU-B/index.php/System/HyStart/online?keepTry=jYM%2FxRNX%2FZJ2l%2FN3jc58FYyb9I67exUkSXx87CwjZz8%3D8109539
INFO: [ app_init ] --START--
INFO: Run Behavior\BuildLiteBehavior [ RunTime:0.000035s ]
INFO: [ app_init ] --END-- [ RunTime:0.000515s ]
INFO: [ app_begin ] --START--
INFO: Run Behavior\ReadHtmlCacheBehavior [ RunTime:0.000614s ]
INFO: [ app_begin ] --END-- [ RunTime:0.000753s ]
NOTIC: [8192] mysql_connect(): The mysql extension is deprecated and will be removed in the future: use mysqli or PDO instead C:\wamp\www\SIS.JXNU-B\HomyitCore\Library\Think\Session\Driver\Db.class.php 第 95 行.
INFO: [ action_begin ] --START--
INFO: Run Common\Behavior\HyLogBehavior [ RunTime:0.001029s ]
INFO: [ action_begin ] --END-- [ RunTime:0.001180s ]
NOTIC: [2048] Declaration of Common\Model\HyFrameModel::find() should be compatible with Think\Model::find($options = Array) C:\wamp\www\SIS.JXNU-B\Application\Common\Model\HyFrameModel.class.php 第 13 行.
NOTIC: [8] Undefined index: model C:\wamp\www\SIS.JXNU-B\Application\Common\Controller\HyFrameController.class.php 第 42 行.

[ 2016-07-12T07:48:58+08:00 ] 127.0.0.1 /SIS.JXNU-B/index.php/System/HyStart/online?keepTry=ww4moMCtmlfydP9K4G05x0yf1MsfRdY8384FzeQEFdo%3D1188148
INFO: [ app_init ] --START--
INFO: Run Behavior\BuildLiteBehavior [ RunTime:0.000038s ]
INFO: [ app_init ] --END-- [ RunTime:0.000566s ]
INFO: [ app_begin ] --START--
INFO: Run Behavior\ReadHtmlCacheBehavior [ RunTime:0.000736s ]
INFO: [ app_begin ] --END-- [ RunTime:0.000889s ]
NOTIC: [8192] mysql_connect(): The mysql extension is deprecated and will be removed in the future: use mysqli or PDO instead C:\wamp\www\SIS.JXNU-B\HomyitCore\Library\Think\Session\Driver\Db.class.php 第 95 行.
INFO: [ action_begin ] --START--
INFO: Run Common\Behavior\HyLogBehavior [ RunTime:0.001086s ]
INFO: [ action_begin ] --END-- [ RunTime:0.001341s ]
NOTIC: [2048] Declaration of Common\Model\HyFrameModel::find() should be compatible with Think\Model::find($options = Array) C:\wamp\www\SIS.JXNU-B\Application\Common\Model\HyFrameModel.class.php 第 13 行.
NOTIC: [8] Undefined index: model C:\wamp\www\SIS.JXNU-B\Application\Common\Controller\HyFrameController.class.php 第 42 行.

[ 2016-07-12T07:49:58+08:00 ] 127.0.0.1 /SIS.JXNU-B/index.php/System/HyStart/online?keepTry=rrpsrr0F0bYqaKUEJ0OYLJ20iV7so5%2F5%2FKDKWEmwg4o%3D6599709
INFO: [ app_init ] --START--
INFO: Run Behavior\BuildLiteBehavior [ RunTime:0.000038s ]
INFO: [ app_init ] --END-- [ RunTime:0.000610s ]
INFO: [ app_begin ] --START--
INFO: Run Behavior\ReadHtmlCacheBehavior [ RunTime:0.000812s ]
INFO: [ app_begin ] --END-- [ RunTime:0.000967s ]
NOTIC: [8192] mysql_connect(): The mysql extension is deprecated and will be removed in the future: use mysqli or PDO instead C:\wamp\www\SIS.JXNU-B\HomyitCore\Library\Think\Session\Driver\Db.class.php 第 95 行.
INFO: [ action_begin ] --START--
INFO: Run Common\Behavior\HyLogBehavior [ RunTime:0.001685s ]
INFO: [ action_begin ] --END-- [ RunTime:0.002033s ]
NOTIC: [2048] Declaration of Common\Model\HyFrameModel::find() should be compatible with Think\Model::find($options = Array) C:\wamp\www\SIS.JXNU-B\Application\Common\Model\HyFrameModel.class.php 第 13 行.
NOTIC: [8] Undefined index: model C:\wamp\www\SIS.JXNU-B\Application\Common\Controller\HyFrameController.class.php 第 42 行.

[ 2016-07-12T16:52:29+08:00 ] ::1 /SIS.JXNU-B/index.php/System/HyStart/login.html
INFO: [ app_init ] --START--
INFO: Run Behavior\BuildLiteBehavior [ RunTime:0.000107s ]
INFO: [ app_init ] --END-- [ RunTime:0.001785s ]
INFO: [ app_begin ] --START--
INFO: Run Behavior\ReadHtmlCacheBehavior [ RunTime:0.003225s ]
INFO: [ app_begin ] --END-- [ RunTime:0.003926s ]
INFO: [ action_begin ] --START--
INFO: Run Common\Behavior\HyLogBehavior [ RunTime:0.004165s ]
INFO: [ action_begin ] --END-- [ RunTime:0.004640s ]
NOTIC: [2048] Declaration of Common\Model\HyFrameModel::find() should be compatible with Think\Model::find($options = Array) C:\wamp\www\SIS.JXNU-B\Application\Common\Model\HyFrameModel.class.php 第 13 行.
NOTIC: [8] Undefined index: model C:\wamp\www\SIS.JXNU-B\Application\Common\Controller\HyFrameController.class.php 第 42 行.
SQL: SHOW COLUMNS FROM `edu_frame_setting` [ RunTime:0.0720s ]
SQL: SELECT `key`,`value` FROM `edu_frame_setting` WHERE `status` < 9  [ RunTime:0.0194s ]
INFO: [ before_view ] --START--
INFO: Run Common\Behavior\HyBeforeViewBehavior [ RunTime:0.033266s ]
INFO: [ before_view ] --END-- [ RunTime:0.033873s ]
INFO: [ view_parse ] --START--
INFO: [ template_filter ] --START--
INFO: Run Behavior\ContentReplaceBehavior [ RunTime:0.000490s ]
INFO: [ template_filter ] --END-- [ RunTime:0.000955s ]
INFO: Run Behavior\ParseTemplateBehavior [ RunTime:0.063461s ]
INFO: [ view_parse ] --END-- [ RunTime:0.063935s ]
INFO: [ view_filter ] --START--
INFO: Run Behavior\WriteHtmlCacheBehavior [ RunTime:0.003201s ]
INFO: [ view_filter ] --END-- [ RunTime:0.003628s ]
INFO: [ action_end ] --START--
INFO: Run Common\Behavior\HyLogBehavior [ RunTime:0.000189s ]
INFO: [ action_end ] --END-- [ RunTime:0.000615s ]
INFO: [ app_end ] --START--
INFO: Run Behavior\ShowPageTraceBehavior [ RunTime:0.004139s ]
INFO: [ app_end ] --END-- [ RunTime:0.004538s ]

[ 2016-07-12T16:52:30+08:00 ] ::1 /SIS.JXNU-B/index.php/System/HyStart/favicon.ico
INFO: [ app_init ] --START--
INFO: Run Behavior\BuildLiteBehavior [ RunTime:0.000125s ]
INFO: [ app_init ] --END-- [ RunTime:0.002647s ]

[ 2016-07-12T16:52:37+08:00 ] ::1 /SIS.JXNU-B/index.php/System/HyStart/ajax?q=login
INFO: [ app_init ] --START--
INFO: Run Behavior\BuildLiteBehavior [ RunTime:0.000098s ]
INFO: [ app_init ] --END-- [ RunTime:0.001922s ]
INFO: [ app_begin ] --START--
INFO: Run Behavior\ReadHtmlCacheBehavior [ RunTime:0.003824s ]
INFO: [ app_begin ] --END-- [ RunTime:0.004235s ]
INFO: [ action_begin ] --START--
INFO: Run Common\Behavior\HyLogBehavior [ RunTime:0.006116s ]
INFO: [ action_begin ] --END-- [ RunTime:0.006502s ]
NOTIC: [2048] Declaration of Common\Model\HyFrameModel::find() should be compatible with Think\Model::find($options = Array) C:\wamp\www\SIS.JXNU-B\Application\Common\Model\HyFrameModel.class.php 第 13 行.
NOTIC: [8] Undefined index: model C:\wamp\www\SIS.JXNU-B\Application\Common\Controller\HyFrameController.class.php 第 42 行.
NOTIC: [8] Undefined variable: logStep C:\wamp\www\SIS.JXNU-B\Application\System\Controller\HyStartController.class.php 第 56 行.
SQL: SHOW COLUMNS FROM `edu_user` [ RunTime:0.0399s ]
NOTIC: [2] Missing argument 1 for Common\Model\HyFrameModel::find(), called in C:\wamp\www\SIS.JXNU-B\Application\Common\Model\HyAccountModel.class.php on line 25 and defined C:\wamp\www\SIS.JXNU-B\Application\Common\Model\HyFrameModel.class.php 第 271 行.
NOTIC: [8] Undefined variable: options C:\wamp\www\SIS.JXNU-B\Application\Common\Model\HyFrameModel.class.php 第 272 行.
NOTIC: [8] Undefined variable: options C:\wamp\www\SIS.JXNU-B\Application\Common\Model\HyFrameModel.class.php 第 272 行.
SQL: SELECT `id`,`name`,`roles`,`user_no`,`password`,`sex`,`birth`,`phone`,`qq`,`email`,`country`,`session_id`,`login_last_time`,`login_times`,`status`,`english_name`,`admission_time` FROM `edu_user` WHERE `user_no` = '123' AND `status` = 1 LIMIT 1   [ RunTime:0.0013s ]
SQL: SHOW COLUMNS FROM `edu_frame_log` [ RunTime:0.0880s ]
SQL: INSERT INTO `edu_frame_log` (`user_id`,`controller`,`action`,`post`,`description`,`ip`,`create_time`) VALUES ('18','HyStart','ajax','{\"u\":\"ARRlzkU8fB2K3MCL1sy3wA==5776236\",\"p\":\"o8nKOsSr3+H0xGWfxlaXGeaX7gsd3Kl+42gYrE8ZbXPgaS19xOfFwHjomLZ8Y+Kx3403600\"}',' >> 登录验证 >> <span class=\'text-warning\'>密码错误</span>','0.0.0.0','1468313557') [ RunTime:0.0411s ]

[ 2016-07-12T16:53:08+08:00 ] ::1 /SIS.JXNU-B/index.php/System/HyStart/ajax?q=login
INFO: [ app_init ] --START--
INFO: Run Behavior\BuildLiteBehavior [ RunTime:0.000096s ]
INFO: [ app_init ] --END-- [ RunTime:0.001745s ]
INFO: [ app_begin ] --START--
INFO: Run Behavior\ReadHtmlCacheBehavior [ RunTime:0.004177s ]
INFO: [ app_begin ] --END-- [ RunTime:0.004719s ]
INFO: [ action_begin ] --START--
INFO: Run Common\Behavior\HyLogBehavior [ RunTime:0.004228s ]
INFO: [ action_begin ] --END-- [ RunTime:0.004615s ]
NOTIC: [2048] Declaration of Common\Model\HyFrameModel::find() should be compatible with Think\Model::find($options = Array) C:\wamp\www\SIS.JXNU-B\Application\Common\Model\HyFrameModel.class.php 第 13 行.
NOTIC: [8] Undefined index: model C:\wamp\www\SIS.JXNU-B\Application\Common\Controller\HyFrameController.class.php 第 42 行.
NOTIC: [8] Undefined variable: logStep C:\wamp\www\SIS.JXNU-B\Application\System\Controller\HyStartController.class.php 第 56 行.
SQL: SHOW COLUMNS FROM `edu_user` [ RunTime:0.0158s ]
NOTIC: [2] Missing argument 1 for Common\Model\HyFrameModel::find(), called in C:\wamp\www\SIS.JXNU-B\Application\Common\Model\HyAccountModel.class.php on line 25 and defined C:\wamp\www\SIS.JXNU-B\Application\Common\Model\HyFrameModel.class.php 第 271 行.
NOTIC: [8] Undefined variable: options C:\wamp\www\SIS.JXNU-B\Application\Common\Model\HyFrameModel.class.php 第 272 行.
NOTIC: [8] Undefined variable: options C:\wamp\www\SIS.JXNU-B\Application\Common\Model\HyFrameModel.class.php 第 272 行.
SQL: SELECT `id`,`name`,`roles`,`user_no`,`password`,`sex`,`birth`,`phone`,`qq`,`email`,`country`,`session_id`,`login_last_time`,`login_times`,`status`,`english_name`,`admission_time` FROM `edu_user` WHERE `user_no` = '123' AND `status` = 1 LIMIT 1   [ RunTime:0.0012s ]
SQL: UPDATE `edu_user` SET `login_last_time`='1468313588',`login_times`='704',`session_id`='detopd861pcruj1qj8dhvds8l6' WHERE `id` = 18 [ RunTime:0.0371s ]
NOTIC: [8] Undefined index: avatar_file C:\wamp\www\SIS.JXNU-B\Application\System\Controller\HyStartController.class.php 第 100 行.
NOTIC: [8] Undefined index: college_id C:\wamp\www\SIS.JXNU-B\Application\Common\Model\HyAccountModel.class.php 第 55 行.
SQL: SHOW COLUMNS FROM `edu_frame_role` [ RunTime:0.0657s ]
SQL: SELECT `id`,`name`,`title`,`table` FROM `edu_frame_role` WHERE `status` = 1 AND `id` IN ('22','32','31')  [ RunTime:0.0235s ]
SQL: SHOW COLUMNS FROM `edu_user` [ RunTime:0.0143s ]
SQL: SHOW COLUMNS FROM `edu_frame_access` [ RunTime:0.0572s ]
SQL: SELECT `action_id`,`model` FROM `edu_frame_access` WHERE ( `role_id`=22 AND `status`=1 )  [ RunTime:0.0156s ]
SQL: SELECT `pid` FROM `edu_frame_role` WHERE ( `id`=22 AND `status`=1 ) LIMIT 1   [ RunTime:0.0009s ]
SQL: SELECT `action_id`,`model` FROM `edu_frame_access` WHERE ( `role_id`=10 AND `status`=1 )  [ RunTime:0.0016s ]
SQL: SELECT `pid` FROM `edu_frame_role` WHERE ( `id`=10 AND `status`=1 ) LIMIT 1   [ RunTime:0.0007s ]
SQL: SELECT `id`,`pid`,`type`,`title`,`name`,`options` FROM `edu_frame_action` WHERE `status`=1 AND `id` IN (100000,510000,510300,510303,510301,510302,310000,310101,310102,310103,310104,310105,310201,310202,310203,310204,310205,310206,1100100,310300,310301,310302,310303,310304,310305,310306,310307,510304,510305,510306,510307,610000,1100000,1100200,510200,510201,510400,510203,310400,310401,310402,310403,310404,310405,310500,310501,310502,1000000,1000100,510401,510402,510403,510404,610100,610101,610200,610201,610300,610301,610106,610206,610306,310406,310506,1000101,1000102,1000103,510308) ORDER BY `rank` DESC [ RunTime:0.0402s ]
SQL: SELECT `id`,`pid`,`type`,`title`,`name`,`options` FROM `edu_frame_action` WHERE `status`=1 AND `id` IN (100000,510000,510300,510303,510301,510302,310000,310101,310102,310103,310104,310105,310201,310202,310203,310204,310205,310206,1100100,310300,310301,310302,310303,310304,310305,310306,310307,510304,510305,510306,510307,610000,1100000,1100200,510200,510201,510400,510203,310400,310401,310402,310403,310404,310405,310500,310501,310502,1000000,1000100,510401,510402,510403,510404,610100,610101,610200,610201,610300,610301,610106,610206,610306,310406,310506,1000101,1000102,1000103,510308) ORDER BY `rank` DESC [ RunTime:0.0036s ]
SQL: SHOW COLUMNS FROM `edu_frame_log` [ RunTime:0.0144s ]
SQL: INSERT INTO `edu_frame_log` (`user_id`,`controller`,`action`,`post`,`description`,`ip`,`create_time`) VALUES ('18','HyStart','ajax','{\"u\":\"TnqdNPhdgcG0ybSYsNlnSw==4931662\",\"p\":\"qrfLeLQ0JMZ9Ug9SRvwhbDPY30GDu1tviNPVQCnsptJgbk1RzKhxpNVEp0E6U6KK5634892\"}',' >> 登录验证 >> <span class=\'text-success\'>成功</span>','0.0.0.0','1468313588') [ RunTime:0.0012s ]

[ 2016-07-12T16:53:09+08:00 ] ::1 /SIS.JXNU-B/index.php/System/Index/index
INFO: [ app_init ] --START--
INFO: Run Behavior\BuildLiteBehavior [ RunTime:0.000096s ]
INFO: [ app_init ] --END-- [ RunTime:0.001765s ]
INFO: [ app_begin ] --START--
INFO: Run Behavior\ReadHtmlCacheBehavior [ RunTime:0.008250s ]
INFO: [ app_begin ] --END-- [ RunTime:0.009105s ]
INFO: [ action_begin ] --START--
INFO: Run Common\Behavior\HyLogBehavior [ RunTime:0.006063s ]
INFO: [ action_begin ] --END-- [ RunTime:0.006866s ]
NOTIC: [2048] Declaration of Common\Model\HyFrameModel::find() should be compatible with Think\Model::find($options = Array) C:\wamp\www\SIS.JXNU-B\Application\Common\Model\HyFrameModel.class.php 第 13 行.
NOTIC: [8] Undefined index: model C:\wamp\www\SIS.JXNU-B\Application\Common\Controller\HyFrameController.class.php 第 42 行.
SQL: SHOW COLUMNS FROM `edu_frame_log` [ RunTime:0.0220s ]
SQL: SELECT `create_time` FROM `edu_frame_log` WHERE `user_id` = 18 AND `status` = 1 AND `controller` = 'HyStart' AND `action` = 'ajax' AND `description` LIKE '%成功%' ORDER BY id desc LIMIT 2   [ RunTime:0.0449s ]
SQL: SHOW COLUMNS FROM `edu_frame_notice` [ RunTime:0.0785s ]
NOTIC: [8] Undefined index: associate C:\wamp\www\SIS.JXNU-B\Application\Common\Model\HyFrameModel.class.php 第 141 行.
NOTIC: [8] Undefined index: order C:\wamp\www\SIS.JXNU-B\Application\Common\Model\HyFrameModel.class.php 第 162 行.
NOTIC: [8] Undefined variable: field C:\wamp\www\SIS.JXNU-B\Application\Common\Model\HyFrameModel.class.php 第 181 行.
NOTIC: [8] Undefined index: where C:\wamp\www\SIS.JXNU-B\Application\Common\Model\HyFrameModel.class.php 第 189 行.
NOTIC: [8] Undefined index: decrypt C:\wamp\www\SIS.JXNU-B\Application\Common\Model\HyFrameModel.class.php 第 241 行.
NOTIC: [8] Undefined index: scope C:\wamp\www\SIS.JXNU-B\Application\Common\Model\HyFrameModel.class.php 第 247 行.
NOTIC: [8] Undefined index: count C:\wamp\www\SIS.JXNU-B\Application\Common\Model\HyFrameModel.class.php 第 248 行.
NOTIC: [8] Undefined index: find C:\wamp\www\SIS.JXNU-B\Application\Common\Model\HyFrameModel.class.php 第 254 行.
SQL: SELECT `id`,`title`,`content`,`creator_id`,`file_id`,`create_time`,`update_time`,`status` FROM `edu_frame_notice` WHERE `status` = 1 ORDER BY id desc LIMIT 5   [ RunTime:0.0014s ]
INFO: [ before_view ] --START--
SQL: SHOW COLUMNS FROM `edu_frame_alert` [ RunTime:0.0760s ]
SQL: SELECT `id`,`category`,`icon`,`message`,`url`,`type`,`create_time` FROM `edu_frame_alert` where `to_users` LIKE '%,18,%' AND ( IFNULL(`read_users`,'')='' OR `read_users` NOT LIKE '%,18,%') AND `status`=1 ORDER BY `id` DESC [ RunTime:0.0175s ]
INFO: Run Common\Behavior\HyBeforeViewBehavior [ RunTime:0.123712s ]
INFO: [ before_view ] --END-- [ RunTime:0.124395s ]
INFO: [ view_parse ] --START--
INFO: [ template_filter ] --START--
INFO: Run Behavior\ContentReplaceBehavior [ RunTime:0.001341s ]
INFO: [ template_filter ] --END-- [ RunTime:0.002262s ]
INFO: Run Behavior\ParseTemplateBehavior [ RunTime:0.220578s ]
INFO: [ view_parse ] --END-- [ RunTime:0.222341s ]
INFO: [ view_filter ] --START--
INFO: Run Behavior\WriteHtmlCacheBehavior [ RunTime:0.004529s ]
INFO: [ view_filter ] --END-- [ RunTime:0.005389s ]
INFO: [ action_end ] --START--
INFO: Run Common\Behavior\HyLogBehavior [ RunTime:0.000258s ]
INFO: [ action_end ] --END-- [ RunTime:0.000800s ]
INFO: [ app_end ] --START--
INFO: Run Behavior\ShowPageTraceBehavior [ RunTime:0.011199s ]
INFO: [ app_end ] --END-- [ RunTime:0.011956s ]

[ 2016-07-12T16:53:11+08:00 ] ::1 /SIS.JXNU-B/index.php/System/HyChat/ajax?q=list
INFO: [ app_init ] --START--
INFO: Run Behavior\BuildLiteBehavior [ RunTime:0.000097s ]
INFO: [ app_init ] --END-- [ RunTime:0.002086s ]
INFO: [ app_begin ] --START--
INFO: Run Behavior\ReadHtmlCacheBehavior [ RunTime:0.003616s ]
INFO: [ app_begin ] --END-- [ RunTime:0.004005s ]
INFO: [ action_begin ] --START--
INFO: Run Common\Behavior\HyLogBehavior [ RunTime:0.007512s ]
INFO: [ action_begin ] --END-- [ RunTime:0.008134s ]
NOTIC: [2048] Declaration of Common\Model\HyFrameModel::find() should be compatible with Think\Model::find($options = Array) C:\wamp\www\SIS.JXNU-B\Application\Common\Model\HyFrameModel.class.php 第 13 行.
NOTIC: [8] Undefined index: model C:\wamp\www\SIS.JXNU-B\Application\Common\Controller\HyFrameController.class.php 第 42 行.
ERR: SQLSTATE[42S02]: Base table or view not found: 1146 Table 'jxnu_sis.edu_frame_chat' doesn't exist

[ 2016-07-12T16:53:13+08:00 ] ::1 /SIS.JXNU-B/index.php/System/Index/favicon.ico
INFO: [ app_init ] --START--
INFO: Run Behavior\BuildLiteBehavior [ RunTime:0.000100s ]
INFO: [ app_init ] --END-- [ RunTime:0.001686s ]

[ 2016-07-12T16:53:19+08:00 ] ::1 /SIS.JXNU-B/index.php/System/HyStart/switchs/role/encrypt_act-femCKAD_4Cgh1v_w4iKytMc1g3uh1QMhBZxz1eplYwzHRtJmPEMbMX9x7ifErYe2a89E0SY59t8BQcWyBRTvIw.html
INFO: [ app_init ] --START--
INFO: Run Behavior\BuildLiteBehavior [ RunTime:0.000098s ]
INFO: [ app_init ] --END-- [ RunTime:0.001795s ]
INFO: [ app_begin ] --START--
INFO: Run Behavior\ReadHtmlCacheBehavior [ RunTime:0.002676s ]
INFO: [ app_begin ] --END-- [ RunTime:0.003126s ]
INFO: [ action_begin ] --START--
INFO: Run Common\Behavior\HyLogBehavior [ RunTime:0.004390s ]
INFO: [ action_begin ] --END-- [ RunTime:0.004997s ]
NOTIC: [2048] Declaration of Common\Model\HyFrameModel::find() should be compatible with Think\Model::find($options = Array) C:\wamp\www\SIS.JXNU-B\Application\Common\Model\HyFrameModel.class.php 第 13 行.
NOTIC: [8] Undefined index: model C:\wamp\www\SIS.JXNU-B\Application\Common\Controller\HyFrameController.class.php 第 42 行.
SQL: SHOW COLUMNS FROM `edu_frame_role` [ RunTime:0.0192s ]
SQL: SELECT `id`,`name`,`title`,`table` FROM `edu_frame_role` WHERE `status` = 1 AND `id` IN ('22','32','31')  [ RunTime:0.0010s ]
SQL: SHOW COLUMNS FROM `edu_user` [ RunTime:0.0145s ]
SQL: SHOW COLUMNS FROM `edu_frame_access` [ RunTime:0.0134s ]
SQL: SELECT `action_id`,`model` FROM `edu_frame_access` WHERE ( `role_id`=32 AND `status`=1 )  [ RunTime:0.0018s ]
SQL: SELECT `pid` FROM `edu_frame_role` WHERE ( `id`=32 AND `status`=1 ) LIMIT 1   [ RunTime:0.0008s ]
SQL: SELECT `action_id`,`model` FROM `edu_frame_access` WHERE ( `role_id`=31 AND `status`=1 )  [ RunTime:0.0032s ]
SQL: SELECT `pid` FROM `edu_frame_role` WHERE ( `id`=31 AND `status`=1 ) LIMIT 1   [ RunTime:0.0010s ]
SQL: SELECT `action_id`,`model` FROM `edu_frame_access` WHERE ( `role_id`=10 AND `status`=1 )  [ RunTime:0.0017s ]
SQL: SELECT `pid` FROM `edu_frame_role` WHERE ( `id`=10 AND `status`=1 ) LIMIT 1   [ RunTime:0.0008s ]
SQL: SELECT `id`,`pid`,`type`,`title`,`name`,`options` FROM `edu_frame_action` WHERE `status`=1 AND `id` IN (100000,510000,510300,510303,510301,510302,310000,310101,310102,310103,310104,310105,310201,310202,310203,310204,310205,310206,1100100,310300,310301,310302,310303,310304,310305,310306,310307,510304,510305,510306,510307,610000,1100000,1100200,1,2,3,4,210000,210100,210101,210102,210103,210104,210105,210200,210201,210202,210203,210204,210205,210206,310100,310200,420000,420100,420101,420102,420103,420104,420105,420106,420200,420201,420202,420203,420204,420205,420206,420300,420301,420302,420303,420304,420305,420306,510100,510101,510103,510104,510105,510106,510308,610100,610101,610102,610103,610104,610105,610106,610200,610201,610202,610203,610204,610205,610206,610300,610301,610302,610303,610304,610305,610306,810000,810100,810101,810102,810103,810104,810105,810106,810200,810201,810202,810203,810204,810205,810300,810301,810302,810303,810304,810305,810400,810401,810402,810403,810404,810405,1000000,1000100,1000101,1000102,1000103,210207,510102,710000,710100,710101,710102,710103,710104,710105,810107,810108,910000,910100,910101,910200,910201) ORDER BY `rank` DESC [ RunTime:0.0062s ]
SQL: SELECT `id`,`pid`,`type`,`title`,`name`,`options` FROM `edu_frame_action` WHERE `status`=1 AND `id` IN (100000,510000,510300,510303,510301,510302,310000,310101,310102,310103,310104,310105,310201,310202,310203,310204,310205,310206,1100100,310300,310301,310302,310303,310304,310305,310306,310307,510304,510305,510306,510307,610000,1100000,1100200,1,2,3,4,210000,210100,210101,210102,210103,210104,210105,210200,210201,210202,210203,210204,210205,210206,310100,310200,420000,420100,420101,420102,420103,420104,420105,420106,420200,420201,420202,420203,420204,420205,420206,420300,420301,420302,420303,420304,420305,420306,510100,510101,510103,510104,510105,510106,510308,610100,610101,610102,610103,610104,610105,610106,610200,610201,610202,610203,610204,610205,610206,610300,610301,610302,610303,610304,610305,610306,810000,810100,810101,810102,810103,810104,810105,810106,810200,810201,810202,810203,810204,810205,810300,810301,810302,810303,810304,810305,810400,810401,810402,810403,810404,810405,1000000,1000100,1000101,1000102,1000103,210207,510102,710000,710100,710101,710102,710103,710104,710105,810107,810108,910000,910100,910101,910200,910201) ORDER BY `rank` DESC [ RunTime:0.0060s ]
SQL: SELECT `id`,`pid`,`type`,`title`,`name`,`options` FROM `edu_frame_action` WHERE `status`=1 AND `id` IN (100000,510000,510300,510303,510301,510302,310000,310101,310102,310103,310104,310105,310201,310202,310203,310204,310205,310206,1100100,310300,310301,310302,310303,310304,310305,310306,310307,510304,510305,510306,510307,610000,1100000,1100200,1,2,3,4,210000,210100,210101,210102,210103,210104,210105,210200,210201,210202,210203,210204,210205,210206,310100,310200,420000,420100,420101,420102,420103,420104,420105,420106,420200,420201,420202,420203,420204,420205,420206,420300,420301,420302,420303,420304,420305,420306,510100,510101,510103,510104,510105,510106,510308,610100,610101,610102,610103,610104,610105,610106,610200,610201,610202,610203,610204,610205,610206,610300,610301,610302,610303,610304,610305,610306,810000,810100,810101,810102,810103,810104,810105,810106,810200,810201,810202,810203,810204,810205,810300,810301,810302,810303,810304,810305,810400,810401,810402,810403,810404,810405,1000000,1000100,1000101,1000102,1000103,210207,510102,710000,710100,710101,710102,710103,710104,710105,810107,810108,910000,910100,910101,910200,910201) ORDER BY `rank` DESC [ RunTime:0.0061s ]

[ 2016-07-12T16:53:20+08:00 ] ::1 /SIS.JXNU-B/index.php/System/Index/index.html
INFO: [ app_init ] --START--
INFO: Run Behavior\BuildLiteBehavior [ RunTime:0.000097s ]
INFO: [ app_init ] --END-- [ RunTime:0.001705s ]
INFO: [ app_begin ] --START--
INFO: Run Behavior\ReadHtmlCacheBehavior [ RunTime:0.002665s ]
INFO: [ app_begin ] --END-- [ RunTime:0.003123s ]
INFO: [ action_begin ] --START--
INFO: Run Common\Behavior\HyLogBehavior [ RunTime:0.004334s ]
INFO: [ action_begin ] --END-- [ RunTime:0.004819s ]
NOTIC: [2048] Declaration of Common\Model\HyFrameModel::find() should be compatible with Think\Model::find($options = Array) C:\wamp\www\SIS.JXNU-B\Application\Common\Model\HyFrameModel.class.php 第 13 行.
NOTIC: [8] Undefined index: model C:\wamp\www\SIS.JXNU-B\Application\Common\Controller\HyFrameController.class.php 第 42 行.
SQL: SHOW COLUMNS FROM `edu_frame_log` [ RunTime:0.0351s ]
SQL: SELECT `create_time` FROM `edu_frame_log` WHERE `user_id` = 18 AND `status` = 1 AND `controller` = 'HyStart' AND `action` = 'ajax' AND `description` LIKE '%成功%' ORDER BY id desc LIMIT 2   [ RunTime:0.0020s ]
SQL: SHOW COLUMNS FROM `edu_frame_notice` [ RunTime:0.0152s ]
NOTIC: [8] Undefined index: associate C:\wamp\www\SIS.JXNU-B\Application\Common\Model\HyFrameModel.class.php 第 141 行.
NOTIC: [8] Undefined index: order C:\wamp\www\SIS.JXNU-B\Application\Common\Model\HyFrameModel.class.php 第 162 行.
NOTIC: [8] Undefined variable: field C:\wamp\www\SIS.JXNU-B\Application\Common\Model\HyFrameModel.class.php 第 181 行.
NOTIC: [8] Undefined index: where C:\wamp\www\SIS.JXNU-B\Application\Common\Model\HyFrameModel.class.php 第 189 行.
NOTIC: [8] Undefined index: decrypt C:\wamp\www\SIS.JXNU-B\Application\Common\Model\HyFrameModel.class.php 第 241 行.
NOTIC: [8] Undefined index: scope C:\wamp\www\SIS.JXNU-B\Application\Common\Model\HyFrameModel.class.php 第 247 行.
NOTIC: [8] Undefined index: count C:\wamp\www\SIS.JXNU-B\Application\Common\Model\HyFrameModel.class.php 第 248 行.
NOTIC: [8] Undefined index: find C:\wamp\www\SIS.JXNU-B\Application\Common\Model\HyFrameModel.class.php 第 254 行.
SQL: SELECT `id`,`title`,`content`,`creator_id`,`file_id`,`create_time`,`update_time`,`status` FROM `edu_frame_notice` WHERE `status` = 1 ORDER BY id desc LIMIT 5   [ RunTime:0.0011s ]
INFO: [ before_view ] --START--
SQL: SHOW COLUMNS FROM `edu_frame_alert` [ RunTime:0.0148s ]
SQL: SELECT `id`,`category`,`icon`,`message`,`url`,`type`,`create_time` FROM `edu_frame_alert` where `to_users` LIKE '%,18,%' AND ( IFNULL(`read_users`,'')='' OR `read_users` NOT LIKE '%,18,%') AND `status`=1 ORDER BY `id` DESC [ RunTime:0.0010s ]
INFO: Run Common\Behavior\HyBeforeViewBehavior [ RunTime:0.031371s ]
INFO: [ before_view ] --END-- [ RunTime:0.031787s ]
INFO: [ view_parse ] --START--
INFO: [ template_filter ] --START--
INFO: Run Behavior\ContentReplaceBehavior [ RunTime:0.000661s ]
INFO: [ template_filter ] --END-- [ RunTime:0.001098s ]
INFO: Run Behavior\ParseTemplateBehavior [ RunTime:0.104258s ]
INFO: [ view_parse ] --END-- [ RunTime:0.104719s ]
INFO: [ view_filter ] --START--
INFO: Run Behavior\WriteHtmlCacheBehavior [ RunTime:0.003318s ]
INFO: [ view_filter ] --END-- [ RunTime:0.003726s ]
INFO: [ action_end ] --START--
INFO: Run Common\Behavior\HyLogBehavior [ RunTime:0.000213s ]
INFO: [ action_end ] --END-- [ RunTime:0.000629s ]
INFO: [ app_end ] --START--
INFO: Run Behavior\ShowPageTraceBehavior [ RunTime:0.004540s ]
INFO: [ app_end ] --END-- [ RunTime:0.004961s ]

[ 2016-07-12T16:53:20+08:00 ] ::1 /SIS.JXNU-B/index.php/System/HyChat/ajax?q=list
INFO: [ app_init ] --START--
INFO: Run Behavior\BuildLiteBehavior [ RunTime:0.000102s ]
INFO: [ app_init ] --END-- [ RunTime:0.002608s ]
INFO: [ app_begin ] --START--
INFO: Run Behavior\ReadHtmlCacheBehavior [ RunTime:0.003174s ]
INFO: [ app_begin ] --END-- [ RunTime:0.003671s ]
INFO: [ action_begin ] --START--
INFO: Run Common\Behavior\HyLogBehavior [ RunTime:0.005069s ]
INFO: [ action_begin ] --END-- [ RunTime:0.005787s ]
NOTIC: [2048] Declaration of Common\Model\HyFrameModel::find() should be compatible with Think\Model::find($options = Array) C:\wamp\www\SIS.JXNU-B\Application\Common\Model\HyFrameModel.class.php 第 13 行.
NOTIC: [8] Undefined index: model C:\wamp\www\SIS.JXNU-B\Application\Common\Controller\HyFrameController.class.php 第 42 行.
ERR: SQLSTATE[42S02]: Base table or view not found: 1146 Table 'jxnu_sis.edu_frame_chat' doesn't exist

[ 2016-07-12T16:53:38+08:00 ] ::1 /SIS.JXNU-B/index.php/System/Index/index.html
INFO: [ app_init ] --START--
INFO: Run Behavior\BuildLiteBehavior [ RunTime:0.000097s ]
INFO: [ app_init ] --END-- [ RunTime:0.001740s ]
INFO: [ app_begin ] --START--
INFO: Run Behavior\ReadHtmlCacheBehavior [ RunTime:0.002767s ]
INFO: [ app_begin ] --END-- [ RunTime:0.003327s ]
INFO: [ action_begin ] --START--
INFO: Run Common\Behavior\HyLogBehavior [ RunTime:0.004665s ]
INFO: [ action_begin ] --END-- [ RunTime:0.005224s ]
NOTIC: [2048] Declaration of Common\Model\HyFrameModel::find() should be compatible with Think\Model::find($options = Array) C:\wamp\www\SIS.JXNU-B\Application\Common\Model\HyFrameModel.class.php 第 13 行.
NOTIC: [8] Undefined index: model C:\wamp\www\SIS.JXNU-B\Application\Common\Controller\HyFrameController.class.php 第 42 行.
SQL: SHOW COLUMNS FROM `edu_frame_log` [ RunTime:0.0143s ]
SQL: SELECT `create_time` FROM `edu_frame_log` WHERE `user_id` = 18 AND `status` = 1 AND `controller` = 'HyStart' AND `action` = 'ajax' AND `description` LIKE '%成功%' ORDER BY id desc LIMIT 2   [ RunTime:0.0019s ]
SQL: SHOW COLUMNS FROM `edu_frame_notice` [ RunTime:0.0140s ]
NOTIC: [8] Undefined index: associate C:\wamp\www\SIS.JXNU-B\Application\Common\Model\HyFrameModel.class.php 第 141 行.
NOTIC: [8] Undefined index: order C:\wamp\www\SIS.JXNU-B\Application\Common\Model\HyFrameModel.class.php 第 162 行.
NOTIC: [8] Undefined variable: field C:\wamp\www\SIS.JXNU-B\Application\Common\Model\HyFrameModel.class.php 第 181 行.
NOTIC: [8] Undefined index: where C:\wamp\www\SIS.JXNU-B\Application\Common\Model\HyFrameModel.class.php 第 189 行.
NOTIC: [8] Undefined index: decrypt C:\wamp\www\SIS.JXNU-B\Application\Common\Model\HyFrameModel.class.php 第 241 行.
NOTIC: [8] Undefined index: scope C:\wamp\www\SIS.JXNU-B\Application\Common\Model\HyFrameModel.class.php 第 247 行.
NOTIC: [8] Undefined index: count C:\wamp\www\SIS.JXNU-B\Application\Common\Model\HyFrameModel.class.php 第 248 行.
NOTIC: [8] Undefined index: find C:\wamp\www\SIS.JXNU-B\Application\Common\Model\HyFrameModel.class.php 第 254 行.
SQL: SELECT `id`,`title`,`content`,`creator_id`,`file_id`,`create_time`,`update_time`,`status` FROM `edu_frame_notice` WHERE `status` = 1 ORDER BY id desc LIMIT 5   [ RunTime:0.0011s ]
INFO: [ before_view ] --START--
SQL: SHOW COLUMNS FROM `edu_frame_alert` [ RunTime:0.0147s ]
SQL: SELECT `id`,`category`,`icon`,`message`,`url`,`type`,`create_time` FROM `edu_frame_alert` where `to_users` LIKE '%,18,%' AND ( IFNULL(`read_users`,'')='' OR `read_users` NOT LIKE '%,18,%') AND `status`=1 ORDER BY `id` DESC [ RunTime:0.0009s ]
INFO: Run Common\Behavior\HyBeforeViewBehavior [ RunTime:0.030279s ]
INFO: [ before_view ] --END-- [ RunTime:0.030695s ]
INFO: [ view_parse ] --START--
INFO: [ template_filter ] --START--
INFO: Run Behavior\ContentReplaceBehavior [ RunTime:0.000634s ]
INFO: [ template_filter ] --END-- [ RunTime:0.001081s ]
INFO: Run Behavior\ParseTemplateBehavior [ RunTime:0.106197s ]
INFO: [ view_parse ] --END-- [ RunTime:0.106638s ]
INFO: [ view_filter ] --START--
INFO: Run Behavior\WriteHtmlCacheBehavior [ RunTime:0.003283s ]
INFO: [ view_filter ] --END-- [ RunTime:0.003688s ]
INFO: [ action_end ] --START--
INFO: Run Common\Behavior\HyLogBehavior [ RunTime:0.000193s ]
INFO: [ action_end ] --END-- [ RunTime:0.000617s ]
INFO: [ app_end ] --START--
INFO: Run Behavior\ShowPageTraceBehavior [ RunTime:0.004292s ]
INFO: [ app_end ] --END-- [ RunTime:0.004720s ]

[ 2016-07-12T16:53:39+08:00 ] ::1 /SIS.JXNU-B/index.php/System/HyChat/ajax?q=list
INFO: [ app_init ] --START--
INFO: Run Behavior\BuildLiteBehavior [ RunTime:0.000104s ]
INFO: [ app_init ] --END-- [ RunTime:0.002303s ]
INFO: [ app_begin ] --START--
INFO: Run Behavior\ReadHtmlCacheBehavior [ RunTime:0.002842s ]
INFO: [ app_begin ] --END-- [ RunTime:0.003347s ]
INFO: [ action_begin ] --START--
INFO: Run Common\Behavior\HyLogBehavior [ RunTime:0.005586s ]
INFO: [ action_begin ] --END-- [ RunTime:0.006329s ]
NOTIC: [2048] Declaration of Common\Model\HyFrameModel::find() should be compatible with Think\Model::find($options = Array) C:\wamp\www\SIS.JXNU-B\Application\Common\Model\HyFrameModel.class.php 第 13 行.
NOTIC: [8] Undefined index: model C:\wamp\www\SIS.JXNU-B\Application\Common\Controller\HyFrameController.class.php 第 42 行.
ERR: SQLSTATE[42S02]: Base table or view not found: 1146 Table 'jxnu_sis.edu_frame_chat' doesn't exist

[ 2016-07-12T16:54:34+08:00 ] ::1 /SIS.JXNU-B/index.php/System/Index/index.html
INFO: [ app_init ] --START--
INFO: Run Behavior\BuildLiteBehavior [ RunTime:0.000097s ]
INFO: [ app_init ] --END-- [ RunTime:0.001688s ]
INFO: [ app_begin ] --START--
INFO: Run Behavior\ReadHtmlCacheBehavior [ RunTime:0.002625s ]
INFO: [ app_begin ] --END-- [ RunTime:0.003065s ]
INFO: [ action_begin ] --START--
INFO: Run Common\Behavior\HyLogBehavior [ RunTime:0.004901s ]
INFO: [ action_begin ] --END-- [ RunTime:0.005398s ]
NOTIC: [2048] Declaration of Common\Model\HyFrameModel::find() should be compatible with Think\Model::find($options = Array) C:\wamp\www\SIS.JXNU-B\Application\Common\Model\HyFrameModel.class.php 第 13 行.
NOTIC: [8] Undefined index: model C:\wamp\www\SIS.JXNU-B\Application\Common\Controller\HyFrameController.class.php 第 42 行.
SQL: SHOW COLUMNS FROM `edu_frame_log` [ RunTime:0.0156s ]
SQL: SELECT `create_time` FROM `edu_frame_log` WHERE `user_id` = 18 AND `status` = 1 AND `controller` = 'HyStart' AND `action` = 'ajax' AND `description` LIKE '%成功%' ORDER BY id desc LIMIT 2   [ RunTime:0.0021s ]
SQL: SHOW COLUMNS FROM `edu_frame_notice` [ RunTime:0.0137s ]
NOTIC: [8] Undefined index: associate C:\wamp\www\SIS.JXNU-B\Application\Common\Model\HyFrameModel.class.php 第 141 行.
NOTIC: [8] Undefined index: order C:\wamp\www\SIS.JXNU-B\Application\Common\Model\HyFrameModel.class.php 第 162 行.
NOTIC: [8] Undefined variable: field C:\wamp\www\SIS.JXNU-B\Application\Common\Model\HyFrameModel.class.php 第 181 行.
NOTIC: [8] Undefined index: where C:\wamp\www\SIS.JXNU-B\Application\Common\Model\HyFrameModel.class.php 第 189 行.
NOTIC: [8] Undefined index: decrypt C:\wamp\www\SIS.JXNU-B\Application\Common\Model\HyFrameModel.class.php 第 241 行.
NOTIC: [8] Undefined index: scope C:\wamp\www\SIS.JXNU-B\Application\Common\Model\HyFrameModel.class.php 第 247 行.
NOTIC: [8] Undefined index: count C:\wamp\www\SIS.JXNU-B\Application\Common\Model\HyFrameModel.class.php 第 248 行.
NOTIC: [8] Undefined index: find C:\wamp\www\SIS.JXNU-B\Application\Common\Model\HyFrameModel.class.php 第 254 行.
SQL: SELECT `id`,`title`,`content`,`creator_id`,`file_id`,`create_time`,`update_time`,`status` FROM `edu_frame_notice` WHERE `status` = 1 ORDER BY id desc LIMIT 5   [ RunTime:0.0011s ]
INFO: [ before_view ] --START--
SQL: SHOW COLUMNS FROM `edu_frame_alert` [ RunTime:0.0149s ]
SQL: SELECT `id`,`category`,`icon`,`message`,`url`,`type`,`create_time` FROM `edu_frame_alert` where `to_users` LIKE '%,18,%' AND ( IFNULL(`read_users`,'')='' OR `read_users` NOT LIKE '%,18,%') AND `status`=1 ORDER BY `id` DESC [ RunTime:0.0010s ]
INFO: Run Common\Behavior\HyBeforeViewBehavior [ RunTime:0.031632s ]
INFO: [ before_view ] --END-- [ RunTime:0.032044s ]
INFO: [ view_parse ] --START--
INFO: [ template_filter ] --START--
INFO: Run Behavior\ContentReplaceBehavior [ RunTime:0.000666s ]
INFO: [ template_filter ] --END-- [ RunTime:0.001116s ]
INFO: Run Behavior\ParseTemplateBehavior [ RunTime:0.102258s ]
INFO: [ view_parse ] --END-- [ RunTime:0.102734s ]
INFO: [ view_filter ] --START--
INFO: Run Behavior\WriteHtmlCacheBehavior [ RunTime:0.003476s ]
INFO: [ view_filter ] --END-- [ RunTime:0.003910s ]
INFO: [ action_end ] --START--
INFO: Run Common\Behavior\HyLogBehavior [ RunTime:0.000190s ]
INFO: [ action_end ] --END-- [ RunTime:0.000608s ]
INFO: [ app_end ] --START--
INFO: Run Behavior\ShowPageTraceBehavior [ RunTime:0.004037s ]
INFO: [ app_end ] --END-- [ RunTime:0.004438s ]

[ 2016-07-12T16:54:35+08:00 ] ::1 /SIS.JXNU-B/index.php/System/HyChat/ajax?q=list
INFO: [ app_init ] --START--
INFO: Run Behavior\BuildLiteBehavior [ RunTime:0.000099s ]
INFO: [ app_init ] --END-- [ RunTime:0.001803s ]
INFO: [ app_begin ] --START--
INFO: Run Behavior\ReadHtmlCacheBehavior [ RunTime:0.005905s ]
INFO: [ app_begin ] --END-- [ RunTime:0.006612s ]
INFO: [ action_begin ] --START--
INFO: Run Common\Behavior\HyLogBehavior [ RunTime:0.004880s ]
INFO: [ action_begin ] --END-- [ RunTime:0.005467s ]
NOTIC: [2048] Declaration of Common\Model\HyFrameModel::find() should be compatible with Think\Model::find($options = Array) C:\wamp\www\SIS.JXNU-B\Application\Common\Model\HyFrameModel.class.php 第 13 行.
NOTIC: [8] Undefined index: model C:\wamp\www\SIS.JXNU-B\Application\Common\Controller\HyFrameController.class.php 第 42 行.
ERR: SQLSTATE[42S02]: Base table or view not found: 1146 Table 'jxnu_sis.edu_frame_chat' doesn't exist

[ 2016-07-12T16:55:44+08:00 ] ::1 /SIS.JXNU-B/index.php/System/HyStart/online?keepTry=jFBSxk19JXu%2BI4jyLofe7SeJYJ2NDuLHs4koa%2BWjjPs%3D4924082
INFO: [ app_init ] --START--
INFO: Run Behavior\BuildLiteBehavior [ RunTime:0.000096s ]
INFO: [ app_init ] --END-- [ RunTime:0.001701s ]
INFO: [ app_begin ] --START--
INFO: Run Behavior\ReadHtmlCacheBehavior [ RunTime:0.002621s ]
INFO: [ app_begin ] --END-- [ RunTime:0.002982s ]
INFO: [ action_begin ] --START--
INFO: Run Common\Behavior\HyLogBehavior [ RunTime:0.004514s ]
INFO: [ action_begin ] --END-- [ RunTime:0.004897s ]
NOTIC: [2048] Declaration of Common\Model\HyFrameModel::find() should be compatible with Think\Model::find($options = Array) C:\wamp\www\SIS.JXNU-B\Application\Common\Model\HyFrameModel.class.php 第 13 行.
NOTIC: [8] Undefined index: model C:\wamp\www\SIS.JXNU-B\Application\Common\Controller\HyFrameController.class.php 第 42 行.

[ 2016-07-12T16:57:53+08:00 ] ::1 /SIS.JXNU-B/index.php/System/HyStart/online?keepTry=3SAMjqIrrOKKdhmmA6bB8FSYMt2bnXSP6U9N4yVqtcM%3D8325024
INFO: [ app_init ] --START--
INFO: Run Behavior\BuildLiteBehavior [ RunTime:0.000164s ]
INFO: [ app_init ] --END-- [ RunTime:0.001788s ]
INFO: [ app_begin ] --START--
INFO: Run Behavior\ReadHtmlCacheBehavior [ RunTime:0.002886s ]
INFO: [ app_begin ] --END-- [ RunTime:0.003298s ]
INFO: [ action_begin ] --START--
INFO: Run Common\Behavior\HyLogBehavior [ RunTime:0.005752s ]
INFO: [ action_begin ] --END-- [ RunTime:0.006401s ]
NOTIC: [2048] Declaration of Common\Model\HyFrameModel::find() should be compatible with Think\Model::find($options = Array) C:\wamp\www\SIS.JXNU-B\Application\Common\Model\HyFrameModel.class.php 第 13 行.
NOTIC: [8] Undefined index: model C:\wamp\www\SIS.JXNU-B\Application\Common\Controller\HyFrameController.class.php 第 42 行.

