[ 2016-09-03T20:00:50+08:00 ] ::1 /SIS.JXNU-B/index.php/System/HyStart/login.html
INFO: [ app_init ] --START--
INFO: Run Behavior\BuildLiteBehavior [ RunTime:0.000000s ]
INFO: [ app_init ] --END-- [ RunTime:0.002000s ]
INFO: [ app_begin ] --START--
INFO: Run Behavior\ReadHtmlCacheBehavior [ RunTime:0.003000s ]
INFO: [ app_begin ] --END-- [ RunTime:0.003000s ]
NOTIC: [8192] mysql_connect(): The mysql extension is deprecated and will be removed in the future: use mysqli or PDO instead F:\PHP\wamp64\www\SIS.JXNU-B\HomyitCore\Library\Think\Session\Driver\Db.class.php 第 95 行.
INFO: [ action_begin ] --START--
INFO: Run Common\Behavior\HyLogBehavior [ RunTime:0.004000s ]
INFO: [ action_begin ] --END-- [ RunTime:0.005000s ]
NOTIC: [2048] Declaration of Common\Model\HyFrameModel::find() should be compatible with Think\Model::find($options = Array) F:\PHP\wamp64\www\SIS.JXNU-B\Application\Common\Model\HyFrameModel.class.php 第 13 行.
NOTIC: [8] Undefined index: model F:\PHP\wamp64\www\SIS.JXNU-B\Application\Common\Controller\HyFrameController.class.php 第 42 行.
SQL: SHOW COLUMNS FROM `edu_frame_setting` [ RunTime:0.0040s ]
SQL: SELECT `key`,`value` FROM `edu_frame_setting` WHERE `status` < 9  [ RunTime:0.0010s ]
INFO: [ before_view ] --START--
INFO: Run Common\Behavior\HyBeforeViewBehavior [ RunTime:0.003001s ]
INFO: [ before_view ] --END-- [ RunTime:0.004001s ]
INFO: [ view_parse ] --START--
INFO: [ template_filter ] --START--
INFO: Run Behavior\ContentReplaceBehavior [ RunTime:0.001000s ]
INFO: [ template_filter ] --END-- [ RunTime:0.001000s ]
INFO: Run Behavior\ParseTemplateBehavior [ RunTime:0.035002s ]
INFO: [ view_parse ] --END-- [ RunTime:0.035002s ]
INFO: [ view_filter ] --START--
INFO: Run Behavior\WriteHtmlCacheBehavior [ RunTime:0.001000s ]
INFO: [ view_filter ] --END-- [ RunTime:0.003000s ]
INFO: [ action_end ] --START--
INFO: Run Common\Behavior\HyLogBehavior [ RunTime:0.000000s ]
INFO: [ action_end ] --END-- [ RunTime:0.000000s ]
INFO: [ app_end ] --START--
INFO: Run Behavior\ShowPageTraceBehavior [ RunTime:0.003000s ]
INFO: [ app_end ] --END-- [ RunTime:0.003000s ]

[ 2016-09-03T20:00:52+08:00 ] ::1 /SIS.JXNU-B/index.php/System/HyStart/favicon.ico
INFO: [ app_init ] --START--
INFO: Run Behavior\BuildLiteBehavior [ RunTime:0.000000s ]
INFO: [ app_init ] --END-- [ RunTime:0.003000s ]

[ 2016-09-03T20:00:54+08:00 ] ::1 /SIS.JXNU-B/index.php/System/HyStart/ajax?q=login
INFO: [ app_init ] --START--
INFO: Run Behavior\BuildLiteBehavior [ RunTime:0.000000s ]
INFO: [ app_init ] --END-- [ RunTime:0.001000s ]
INFO: [ app_begin ] --START--
INFO: Run Behavior\ReadHtmlCacheBehavior [ RunTime:0.002000s ]
INFO: [ app_begin ] --END-- [ RunTime:0.002000s ]
NOTIC: [8192] mysql_connect(): The mysql extension is deprecated and will be removed in the future: use mysqli or PDO instead F:\PHP\wamp64\www\SIS.JXNU-B\HomyitCore\Library\Think\Session\Driver\Db.class.php 第 95 行.
INFO: [ action_begin ] --START--
INFO: Run Common\Behavior\HyLogBehavior [ RunTime:0.003000s ]
INFO: [ action_begin ] --END-- [ RunTime:0.003000s ]
NOTIC: [2048] Declaration of Common\Model\HyFrameModel::find() should be compatible with Think\Model::find($options = Array) F:\PHP\wamp64\www\SIS.JXNU-B\Application\Common\Model\HyFrameModel.class.php 第 13 行.
NOTIC: [8] Undefined index: model F:\PHP\wamp64\www\SIS.JXNU-B\Application\Common\Controller\HyFrameController.class.php 第 42 行.
NOTIC: [8] Undefined variable: logStep F:\PHP\wamp64\www\SIS.JXNU-B\Application\System\Controller\HyStartController.class.php 第 56 行.
SQL: SHOW COLUMNS FROM `edu_user` [ RunTime:0.0030s ]
NOTIC: [2] Missing argument 1 for Common\Model\HyFrameModel::find(), called in F:\PHP\wamp64\www\SIS.JXNU-B\Application\Common\Model\HyAccountModel.class.php on line 25 and defined F:\PHP\wamp64\www\SIS.JXNU-B\Application\Common\Model\HyFrameModel.class.php 第 271 行.
NOTIC: [8] Undefined variable: options F:\PHP\wamp64\www\SIS.JXNU-B\Application\Common\Model\HyFrameModel.class.php 第 272 行.
NOTIC: [8] Undefined variable: options F:\PHP\wamp64\www\SIS.JXNU-B\Application\Common\Model\HyFrameModel.class.php 第 272 行.
SQL: SELECT `id`,`name`,`roles`,`user_no`,`password`,`sex`,`birth`,`phone`,`qq`,`email`,`country`,`session_id`,`login_last_time`,`login_times`,`status`,`english_name`,`admission_time` FROM `edu_user` WHERE `user_no` = '123' AND `status` = 1 LIMIT 1   [ RunTime:0.0010s ]
SQL: UPDATE `edu_user` SET `login_last_time`='1472904054',`login_times`='708',`session_id`='55ead31ilg48vjb5j4ko4li7s2' WHERE `id` = 18 [ RunTime:0.0530s ]
NOTIC: [8] Undefined index: avatar_file F:\PHP\wamp64\www\SIS.JXNU-B\Application\System\Controller\HyStartController.class.php 第 100 行.
NOTIC: [8] Undefined index: college_id F:\PHP\wamp64\www\SIS.JXNU-B\Application\Common\Model\HyAccountModel.class.php 第 55 行.
SQL: SHOW COLUMNS FROM `edu_frame_role` [ RunTime:0.0020s ]
SQL: SELECT `id`,`name`,`title`,`table` FROM `edu_frame_role` WHERE `status` = 1 AND `id` IN ('22','32','31')  [ RunTime:0.0010s ]
SQL: SHOW COLUMNS FROM `edu_user` [ RunTime:0.0010s ]
SQL: SHOW COLUMNS FROM `edu_frame_access` [ RunTime:0.0020s ]
SQL: SELECT `action_id`,`model` FROM `edu_frame_access` WHERE ( `role_id`=22 AND `status`=1 )  [ RunTime:0.0010s ]
SQL: SELECT `pid` FROM `edu_frame_role` WHERE ( `id`=22 AND `status`=1 ) LIMIT 1   [ RunTime:0.0010s ]
SQL: SELECT `action_id`,`model` FROM `edu_frame_access` WHERE ( `role_id`=10 AND `status`=1 )  [ RunTime:0.0010s ]
SQL: SELECT `pid` FROM `edu_frame_role` WHERE ( `id`=10 AND `status`=1 ) LIMIT 1   [ RunTime:0.0000s ]
SQL: SELECT `id`,`pid`,`type`,`title`,`name`,`options` FROM `edu_frame_action` WHERE `status`=1 AND `id` IN (100000,510000,510300,510303,510301,510302,310000,310101,310102,310103,310104,310105,310201,310202,310203,310204,310205,310206,1100100,310300,310301,310302,310303,310304,310305,310306,310307,510304,510305,510306,510307,610000,1100000,1100200,510200,510201,510400,510203,310400,310401,310402,310403,310404,310405,310500,310501,310502,1000000,1000100,510401,510402,510403,510404,610100,610101,610200,610201,610300,610301,610106,610206,610306,310406,310506,1000101,1000102,1000103,510308) ORDER BY `rank` DESC [ RunTime:0.0040s ]
SQL: SELECT `id`,`pid`,`type`,`title`,`name`,`options` FROM `edu_frame_action` WHERE `status`=1 AND `id` IN (100000,510000,510300,510303,510301,510302,310000,310101,310102,310103,310104,310105,310201,310202,310203,310204,310205,310206,1100100,310300,310301,310302,310303,310304,310305,310306,310307,510304,510305,510306,510307,610000,1100000,1100200,510200,510201,510400,510203,310400,310401,310402,310403,310404,310405,310500,310501,310502,1000000,1000100,510401,510402,510403,510404,610100,610101,610200,610201,610300,610301,610106,610206,610306,310406,310506,1000101,1000102,1000103,510308) ORDER BY `rank` DESC [ RunTime:0.0020s ]
SQL: SHOW COLUMNS FROM `edu_frame_log` [ RunTime:0.0020s ]
SQL: INSERT INTO `edu_frame_log` (`user_id`,`controller`,`action`,`post`,`description`,`ip`,`create_time`) VALUES ('18','HyStart','ajax','{\"u\":\"X9G059Wy9UDzudfz0eOXmw==3746112\",\"p\":\"Fpcyrg0N+qUA0WCaD9\\/1iDfXdLBmm0juqyONt45V1vWilcooa6JgRo7Pm0080\\/HF7237150\"}',' >> 登录验证 >> <span class=\'text-success\'>成功</span>','0.0.0.0','1472904054') [ RunTime:0.0010s ]

[ 2016-09-03T20:00:56+08:00 ] ::1 /SIS.JXNU-B/index.php/System/Index/index
INFO: [ app_init ] --START--
INFO: Run Behavior\BuildLiteBehavior [ RunTime:0.000000s ]
INFO: [ app_init ] --END-- [ RunTime:0.001000s ]
INFO: [ app_begin ] --START--
INFO: Run Behavior\ReadHtmlCacheBehavior [ RunTime:0.001000s ]
INFO: [ app_begin ] --END-- [ RunTime:0.002000s ]
NOTIC: [8192] mysql_connect(): The mysql extension is deprecated and will be removed in the future: use mysqli or PDO instead F:\PHP\wamp64\www\SIS.JXNU-B\HomyitCore\Library\Think\Session\Driver\Db.class.php 第 95 行.
INFO: [ action_begin ] --START--
INFO: Run Common\Behavior\HyLogBehavior [ RunTime:0.002000s ]
INFO: [ action_begin ] --END-- [ RunTime:0.003000s ]
NOTIC: [2048] Declaration of Common\Model\HyFrameModel::find() should be compatible with Think\Model::find($options = Array) F:\PHP\wamp64\www\SIS.JXNU-B\Application\Common\Model\HyFrameModel.class.php 第 13 行.
NOTIC: [8] Undefined index: model F:\PHP\wamp64\www\SIS.JXNU-B\Application\Common\Controller\HyFrameController.class.php 第 42 行.
SQL: SHOW COLUMNS FROM `edu_frame_log` [ RunTime:0.0020s ]
SQL: SELECT `create_time` FROM `edu_frame_log` WHERE `user_id` = 18 AND `status` = 1 AND `controller` = 'HyStart' AND `action` = 'ajax' AND `description` LIKE '%成功%' ORDER BY id desc LIMIT 2   [ RunTime:0.3570s ]
SQL: SHOW COLUMNS FROM `edu_frame_notice` [ RunTime:0.0040s ]
NOTIC: [8] Undefined index: associate F:\PHP\wamp64\www\SIS.JXNU-B\Application\Common\Model\HyFrameModel.class.php 第 141 行.
NOTIC: [8] Undefined index: order F:\PHP\wamp64\www\SIS.JXNU-B\Application\Common\Model\HyFrameModel.class.php 第 162 行.
NOTIC: [8] Undefined variable: field F:\PHP\wamp64\www\SIS.JXNU-B\Application\Common\Model\HyFrameModel.class.php 第 181 行.
NOTIC: [8] Undefined index: where F:\PHP\wamp64\www\SIS.JXNU-B\Application\Common\Model\HyFrameModel.class.php 第 189 行.
NOTIC: [8] Undefined index: decrypt F:\PHP\wamp64\www\SIS.JXNU-B\Application\Common\Model\HyFrameModel.class.php 第 241 行.
NOTIC: [8] Undefined index: scope F:\PHP\wamp64\www\SIS.JXNU-B\Application\Common\Model\HyFrameModel.class.php 第 247 行.
NOTIC: [8] Undefined index: count F:\PHP\wamp64\www\SIS.JXNU-B\Application\Common\Model\HyFrameModel.class.php 第 248 行.
NOTIC: [8] Undefined index: find F:\PHP\wamp64\www\SIS.JXNU-B\Application\Common\Model\HyFrameModel.class.php 第 254 行.
SQL: SELECT `id`,`title`,`content`,`creator_id`,`file_id`,`create_time`,`update_time`,`status` FROM `edu_frame_notice` WHERE `status` = 1 ORDER BY id desc LIMIT 5   [ RunTime:0.0410s ]
INFO: [ before_view ] --START--
SQL: SHOW COLUMNS FROM `edu_frame_alert` [ RunTime:0.1560s ]
SQL: SELECT `id`,`category`,`icon`,`message`,`url`,`type`,`create_time` FROM `edu_frame_alert` where `to_users` LIKE '%,18,%' AND ( IFNULL(`read_users`,'')='' OR `read_users` NOT LIKE '%,18,%') AND `status`=1 ORDER BY `id` DESC [ RunTime:0.1680s ]
INFO: Run Common\Behavior\HyBeforeViewBehavior [ RunTime:0.334019s ]
INFO: [ before_view ] --END-- [ RunTime:0.335019s ]
INFO: [ view_parse ] --START--
INFO: [ template_filter ] --START--
INFO: Run Behavior\ContentReplaceBehavior [ RunTime:0.001000s ]
INFO: [ template_filter ] --END-- [ RunTime:0.001000s ]
INFO: Run Behavior\ParseTemplateBehavior [ RunTime:0.116007s ]
INFO: [ view_parse ] --END-- [ RunTime:0.117007s ]
INFO: [ view_filter ] --START--
INFO: Run Behavior\WriteHtmlCacheBehavior [ RunTime:0.002000s ]
INFO: [ view_filter ] --END-- [ RunTime:0.002000s ]
INFO: [ action_end ] --START--
INFO: Run Common\Behavior\HyLogBehavior [ RunTime:0.001000s ]
INFO: [ action_end ] --END-- [ RunTime:0.001000s ]
INFO: [ app_end ] --START--
INFO: Run Behavior\ShowPageTraceBehavior [ RunTime:0.003000s ]
INFO: [ app_end ] --END-- [ RunTime:0.004000s ]

[ 2016-09-03T20:00:57+08:00 ] ::1 /SIS.JXNU-B/index.php/System/HyChat/ajax?q=list
INFO: [ app_init ] --START--
INFO: Run Behavior\BuildLiteBehavior [ RunTime:0.000000s ]
INFO: [ app_init ] --END-- [ RunTime:0.002001s ]
INFO: [ app_begin ] --START--
INFO: Run Behavior\ReadHtmlCacheBehavior [ RunTime:0.003000s ]
INFO: [ app_begin ] --END-- [ RunTime:0.003000s ]
NOTIC: [8192] mysql_connect(): The mysql extension is deprecated and will be removed in the future: use mysqli or PDO instead F:\PHP\wamp64\www\SIS.JXNU-B\HomyitCore\Library\Think\Session\Driver\Db.class.php 第 95 行.
INFO: [ action_begin ] --START--
INFO: Run Common\Behavior\HyLogBehavior [ RunTime:0.004000s ]
INFO: [ action_begin ] --END-- [ RunTime:0.005000s ]
NOTIC: [2048] Declaration of Common\Model\HyFrameModel::find() should be compatible with Think\Model::find($options = Array) F:\PHP\wamp64\www\SIS.JXNU-B\Application\Common\Model\HyFrameModel.class.php 第 13 行.
NOTIC: [8] Undefined index: model F:\PHP\wamp64\www\SIS.JXNU-B\Application\Common\Controller\HyFrameController.class.php 第 42 行.
ERR: SQLSTATE[42S02]: Base table or view not found: 1146 Table 'jxnu_sis.edu_frame_chat' doesn't exist

[ 2016-09-03T20:00:59+08:00 ] ::1 /SIS.JXNU-B/index.php/System/Index/favicon.ico
INFO: [ app_init ] --START--
INFO: Run Behavior\BuildLiteBehavior [ RunTime:0.000000s ]
INFO: [ app_init ] --END-- [ RunTime:0.002001s ]

[ 2016-09-03T20:01:01+08:00 ] ::1 /SIS.JXNU-B/index.php/System/HyStart/switchs/role/encrypt_act-87DS_1df-6Yy6C8gt10rwjIoqAeeDz4zoo_deFaYmYwJoBjmdvOvRP3Ks2nQfat23uGwqVTTfUyAq79Ft7E06w.html
INFO: [ app_init ] --START--
INFO: Run Behavior\BuildLiteBehavior [ RunTime:0.000000s ]
INFO: [ app_init ] --END-- [ RunTime:0.002000s ]
INFO: [ app_begin ] --START--
INFO: Run Behavior\ReadHtmlCacheBehavior [ RunTime:0.003000s ]
INFO: [ app_begin ] --END-- [ RunTime:0.003000s ]
NOTIC: [8192] mysql_connect(): The mysql extension is deprecated and will be removed in the future: use mysqli or PDO instead F:\PHP\wamp64\www\SIS.JXNU-B\HomyitCore\Library\Think\Session\Driver\Db.class.php 第 95 行.
INFO: [ action_begin ] --START--
INFO: Run Common\Behavior\HyLogBehavior [ RunTime:0.004001s ]
INFO: [ action_begin ] --END-- [ RunTime:0.004001s ]
NOTIC: [2048] Declaration of Common\Model\HyFrameModel::find() should be compatible with Think\Model::find($options = Array) F:\PHP\wamp64\www\SIS.JXNU-B\Application\Common\Model\HyFrameModel.class.php 第 13 行.
NOTIC: [8] Undefined index: model F:\PHP\wamp64\www\SIS.JXNU-B\Application\Common\Controller\HyFrameController.class.php 第 42 行.
SQL: SHOW COLUMNS FROM `edu_frame_role` [ RunTime:0.0030s ]
SQL: SELECT `id`,`name`,`title`,`table` FROM `edu_frame_role` WHERE `status` = 1 AND `id` IN ('22','32','31')  [ RunTime:0.0010s ]
SQL: SHOW COLUMNS FROM `edu_user` [ RunTime:0.0060s ]
SQL: SHOW COLUMNS FROM `edu_frame_access` [ RunTime:0.0020s ]
SQL: SELECT `action_id`,`model` FROM `edu_frame_access` WHERE ( `role_id`=32 AND `status`=1 )  [ RunTime:0.0020s ]
SQL: SELECT `pid` FROM `edu_frame_role` WHERE ( `id`=32 AND `status`=1 ) LIMIT 1   [ RunTime:0.0010s ]
SQL: SELECT `action_id`,`model` FROM `edu_frame_access` WHERE ( `role_id`=31 AND `status`=1 )  [ RunTime:0.0020s ]
SQL: SELECT `pid` FROM `edu_frame_role` WHERE ( `id`=31 AND `status`=1 ) LIMIT 1   [ RunTime:0.0010s ]
SQL: SELECT `action_id`,`model` FROM `edu_frame_access` WHERE ( `role_id`=10 AND `status`=1 )  [ RunTime:0.0010s ]
SQL: SELECT `pid` FROM `edu_frame_role` WHERE ( `id`=10 AND `status`=1 ) LIMIT 1   [ RunTime:0.0010s ]
SQL: SELECT `id`,`pid`,`type`,`title`,`name`,`options` FROM `edu_frame_action` WHERE `status`=1 AND `id` IN (100000,510000,510300,510303,510301,510302,310000,310101,310102,310103,310104,310105,310201,310202,310203,310204,310205,310206,1100100,310300,310301,310302,310303,310304,310305,310306,310307,510304,510305,510306,510307,610000,1100000,1100200,1,2,3,4,210000,210100,210101,210102,210103,210104,210105,210200,210201,210202,210203,210204,210205,210206,310100,310200,420000,420100,420101,420102,420103,420104,420105,420106,420200,420201,420202,420203,420204,420205,420206,420300,420301,420302,420303,420304,420305,420306,510100,510101,510103,510104,510105,510106,510308,610100,610101,610102,610103,610104,610105,610106,610200,610201,610202,610203,610204,610205,610206,610300,610301,610302,610303,610304,610305,610306,810000,810100,810101,810102,810103,810104,810105,810106,810200,810201,810202,810203,810204,810205,810300,810301,810302,810303,810304,810305,810400,810401,810402,810403,810404,810405,1000000,1000100,1000101,1000102,1000103,210207,510102,710000,710100,710101,710102,710103,710104,710105,810107,810108,910000,910100,910101,910200,910201) ORDER BY `rank` DESC [ RunTime:0.0060s ]
SQL: SELECT `id`,`pid`,`type`,`title`,`name`,`options` FROM `edu_frame_action` WHERE `status`=1 AND `id` IN (100000,510000,510300,510303,510301,510302,310000,310101,310102,310103,310104,310105,310201,310202,310203,310204,310205,310206,1100100,310300,310301,310302,310303,310304,310305,310306,310307,510304,510305,510306,510307,610000,1100000,1100200,1,2,3,4,210000,210100,210101,210102,210103,210104,210105,210200,210201,210202,210203,210204,210205,210206,310100,310200,420000,420100,420101,420102,420103,420104,420105,420106,420200,420201,420202,420203,420204,420205,420206,420300,420301,420302,420303,420304,420305,420306,510100,510101,510103,510104,510105,510106,510308,610100,610101,610102,610103,610104,610105,610106,610200,610201,610202,610203,610204,610205,610206,610300,610301,610302,610303,610304,610305,610306,810000,810100,810101,810102,810103,810104,810105,810106,810200,810201,810202,810203,810204,810205,810300,810301,810302,810303,810304,810305,810400,810401,810402,810403,810404,810405,1000000,1000100,1000101,1000102,1000103,210207,510102,710000,710100,710101,710102,710103,710104,710105,810107,810108,910000,910100,910101,910200,910201) ORDER BY `rank` DESC [ RunTime:0.0040s ]
SQL: SELECT `id`,`pid`,`type`,`title`,`name`,`options` FROM `edu_frame_action` WHERE `status`=1 AND `id` IN (100000,510000,510300,510303,510301,510302,310000,310101,310102,310103,310104,310105,310201,310202,310203,310204,310205,310206,1100100,310300,310301,310302,310303,310304,310305,310306,310307,510304,510305,510306,510307,610000,1100000,1100200,1,2,3,4,210000,210100,210101,210102,210103,210104,210105,210200,210201,210202,210203,210204,210205,210206,310100,310200,420000,420100,420101,420102,420103,420104,420105,420106,420200,420201,420202,420203,420204,420205,420206,420300,420301,420302,420303,420304,420305,420306,510100,510101,510103,510104,510105,510106,510308,610100,610101,610102,610103,610104,610105,610106,610200,610201,610202,610203,610204,610205,610206,610300,610301,610302,610303,610304,610305,610306,810000,810100,810101,810102,810103,810104,810105,810106,810200,810201,810202,810203,810204,810205,810300,810301,810302,810303,810304,810305,810400,810401,810402,810403,810404,810405,1000000,1000100,1000101,1000102,1000103,210207,510102,710000,710100,710101,710102,710103,710104,710105,810107,810108,910000,910100,910101,910200,910201) ORDER BY `rank` DESC [ RunTime:0.0050s ]

[ 2016-09-03T20:01:02+08:00 ] ::1 /SIS.JXNU-B/index.php/System/Index/index.html
INFO: [ app_init ] --START--
INFO: Run Behavior\BuildLiteBehavior [ RunTime:0.001000s ]
INFO: [ app_init ] --END-- [ RunTime:0.002000s ]
INFO: [ app_begin ] --START--
INFO: Run Behavior\ReadHtmlCacheBehavior [ RunTime:0.002000s ]
INFO: [ app_begin ] --END-- [ RunTime:0.004000s ]
NOTIC: [8192] mysql_connect(): The mysql extension is deprecated and will be removed in the future: use mysqli or PDO instead F:\PHP\wamp64\www\SIS.JXNU-B\HomyitCore\Library\Think\Session\Driver\Db.class.php 第 95 行.
INFO: [ action_begin ] --START--
INFO: Run Common\Behavior\HyLogBehavior [ RunTime:0.004000s ]
INFO: [ action_begin ] --END-- [ RunTime:0.004000s ]
NOTIC: [2048] Declaration of Common\Model\HyFrameModel::find() should be compatible with Think\Model::find($options = Array) F:\PHP\wamp64\www\SIS.JXNU-B\Application\Common\Model\HyFrameModel.class.php 第 13 行.
NOTIC: [8] Undefined index: model F:\PHP\wamp64\www\SIS.JXNU-B\Application\Common\Controller\HyFrameController.class.php 第 42 行.
SQL: SHOW COLUMNS FROM `edu_frame_log` [ RunTime:0.0030s ]
SQL: SELECT `create_time` FROM `edu_frame_log` WHERE `user_id` = 18 AND `status` = 1 AND `controller` = 'HyStart' AND `action` = 'ajax' AND `description` LIKE '%成功%' ORDER BY id desc LIMIT 2   [ RunTime:0.0020s ]
SQL: SHOW COLUMNS FROM `edu_frame_notice` [ RunTime:0.0040s ]
NOTIC: [8] Undefined index: associate F:\PHP\wamp64\www\SIS.JXNU-B\Application\Common\Model\HyFrameModel.class.php 第 141 行.
NOTIC: [8] Undefined index: order F:\PHP\wamp64\www\SIS.JXNU-B\Application\Common\Model\HyFrameModel.class.php 第 162 行.
NOTIC: [8] Undefined variable: field F:\PHP\wamp64\www\SIS.JXNU-B\Application\Common\Model\HyFrameModel.class.php 第 181 行.
NOTIC: [8] Undefined index: where F:\PHP\wamp64\www\SIS.JXNU-B\Application\Common\Model\HyFrameModel.class.php 第 189 行.
NOTIC: [8] Undefined index: decrypt F:\PHP\wamp64\www\SIS.JXNU-B\Application\Common\Model\HyFrameModel.class.php 第 241 行.
NOTIC: [8] Undefined index: scope F:\PHP\wamp64\www\SIS.JXNU-B\Application\Common\Model\HyFrameModel.class.php 第 247 行.
NOTIC: [8] Undefined index: count F:\PHP\wamp64\www\SIS.JXNU-B\Application\Common\Model\HyFrameModel.class.php 第 248 行.
NOTIC: [8] Undefined index: find F:\PHP\wamp64\www\SIS.JXNU-B\Application\Common\Model\HyFrameModel.class.php 第 254 行.
SQL: SELECT `id`,`title`,`content`,`creator_id`,`file_id`,`create_time`,`update_time`,`status` FROM `edu_frame_notice` WHERE `status` = 1 ORDER BY id desc LIMIT 5   [ RunTime:0.0010s ]
INFO: [ before_view ] --START--
SQL: SHOW COLUMNS FROM `edu_frame_alert` [ RunTime:0.0050s ]
SQL: SELECT `id`,`category`,`icon`,`message`,`url`,`type`,`create_time` FROM `edu_frame_alert` where `to_users` LIKE '%,18,%' AND ( IFNULL(`read_users`,'')='' OR `read_users` NOT LIKE '%,18,%') AND `status`=1 ORDER BY `id` DESC [ RunTime:0.0010s ]
INFO: Run Common\Behavior\HyBeforeViewBehavior [ RunTime:0.018001s ]
INFO: [ before_view ] --END-- [ RunTime:0.018001s ]
INFO: [ view_parse ] --START--
INFO: [ template_filter ] --START--
INFO: Run Behavior\ContentReplaceBehavior [ RunTime:0.001000s ]
INFO: [ template_filter ] --END-- [ RunTime:0.001000s ]
INFO: Run Behavior\ParseTemplateBehavior [ RunTime:0.110007s ]
INFO: [ view_parse ] --END-- [ RunTime:0.110007s ]
INFO: [ view_filter ] --START--
INFO: Run Behavior\WriteHtmlCacheBehavior [ RunTime:0.002000s ]
INFO: [ view_filter ] --END-- [ RunTime:0.004000s ]
INFO: [ action_end ] --START--
INFO: Run Common\Behavior\HyLogBehavior [ RunTime:0.000000s ]
INFO: [ action_end ] --END-- [ RunTime:0.001000s ]
INFO: [ app_end ] --START--
INFO: Run Behavior\ShowPageTraceBehavior [ RunTime:0.005000s ]
INFO: [ app_end ] --END-- [ RunTime:0.005000s ]

[ 2016-09-03T20:01:03+08:00 ] ::1 /SIS.JXNU-B/index.php/System/HyChat/ajax?q=list
INFO: [ app_init ] --START--
INFO: Run Behavior\BuildLiteBehavior [ RunTime:0.000000s ]
INFO: [ app_init ] --END-- [ RunTime:0.002001s ]
INFO: [ app_begin ] --START--
INFO: Run Behavior\ReadHtmlCacheBehavior [ RunTime:0.003000s ]
INFO: [ app_begin ] --END-- [ RunTime:0.003000s ]
NOTIC: [8192] mysql_connect(): The mysql extension is deprecated and will be removed in the future: use mysqli or PDO instead F:\PHP\wamp64\www\SIS.JXNU-B\HomyitCore\Library\Think\Session\Driver\Db.class.php 第 95 行.
INFO: [ action_begin ] --START--
INFO: Run Common\Behavior\HyLogBehavior [ RunTime:0.004001s ]
INFO: [ action_begin ] --END-- [ RunTime:0.005001s ]
NOTIC: [2048] Declaration of Common\Model\HyFrameModel::find() should be compatible with Think\Model::find($options = Array) F:\PHP\wamp64\www\SIS.JXNU-B\Application\Common\Model\HyFrameModel.class.php 第 13 行.
NOTIC: [8] Undefined index: model F:\PHP\wamp64\www\SIS.JXNU-B\Application\Common\Controller\HyFrameController.class.php 第 42 行.
ERR: SQLSTATE[42S02]: Base table or view not found: 1146 Table 'jxnu_sis.edu_frame_chat' doesn't exist

[ 2016-09-03T20:01:46+08:00 ] ::1 /SIS.JXNU-B/index.php/System/User/profile.html
INFO: [ app_init ] --START--
INFO: Run Behavior\BuildLiteBehavior [ RunTime:0.000000s ]
INFO: [ app_init ] --END-- [ RunTime:0.002001s ]
INFO: [ app_begin ] --START--
INFO: Run Behavior\ReadHtmlCacheBehavior [ RunTime:0.002000s ]
INFO: [ app_begin ] --END-- [ RunTime:0.003000s ]
NOTIC: [8192] mysql_connect(): The mysql extension is deprecated and will be removed in the future: use mysqli or PDO instead F:\PHP\wamp64\www\SIS.JXNU-B\HomyitCore\Library\Think\Session\Driver\Db.class.php 第 95 行.
INFO: [ action_begin ] --START--
INFO: Run Common\Behavior\HyLogBehavior [ RunTime:0.004001s ]
INFO: [ action_begin ] --END-- [ RunTime:0.004001s ]
NOTIC: [2048] Declaration of Common\Model\HyFrameModel::find() should be compatible with Think\Model::find($options = Array) F:\PHP\wamp64\www\SIS.JXNU-B\Application\Common\Model\HyFrameModel.class.php 第 13 行.
NOTIC: [8] Undefined index: System/User/all F:\PHP\wamp64\www\SIS.JXNU-B\Application\Common\Model\HyAuthModel.class.php 第 91 行.
NOTIC: [8] Undefined index: model F:\PHP\wamp64\www\SIS.JXNU-B\Application\Common\Controller\HyFrameController.class.php 第 42 行.
SQL: SHOW COLUMNS FROM `edu_user` [ RunTime:0.0020s ]
INFO: [ hy_log ] --START--
NOTIC: [8] Undefined variable: sql F:\PHP\wamp64\www\SIS.JXNU-B\Application\Common\Behavior\HyLogBehavior.class.php 第 31 行.
INFO: Run Common\Behavior\HyLogBehavior [ RunTime:0.000000s ]
INFO: [ hy_log ] --END-- [ RunTime:0.001000s ]
NOTIC: [2] Missing argument 1 for Common\Model\HyFrameModel::find(), called in F:\PHP\wamp64\www\SIS.JXNU-B\Application\System\Model\UserModel.class.php on line 103 and defined F:\PHP\wamp64\www\SIS.JXNU-B\Application\Common\Model\HyFrameModel.class.php 第 271 行.
NOTIC: [8] Undefined variable: options F:\PHP\wamp64\www\SIS.JXNU-B\Application\Common\Model\HyFrameModel.class.php 第 272 行.
NOTIC: [8] Undefined variable: options F:\PHP\wamp64\www\SIS.JXNU-B\Application\Common\Model\HyFrameModel.class.php 第 272 行.
SQL: SELECT * FROM `edu_user` WHERE `id` = 18 LIMIT 1   [ RunTime:0.0010s ]
SQL: SHOW COLUMNS FROM `edu_frame_log` [ RunTime:0.0030s ]
SQL: SELECT `id`,`create_time`,`ip`,`description` FROM `edu_frame_log` WHERE `user_id` = 18 AND `status` = 1 AND `controller` = 'HyStart' AND `action` = 'ajax' ORDER BY id desc LIMIT 5   [ RunTime:0.0020s ]
INFO: [ before_view ] --START--
SQL: SHOW COLUMNS FROM `edu_frame_alert` [ RunTime:0.0040s ]
SQL: SELECT `id`,`category`,`icon`,`message`,`url`,`type`,`create_time` FROM `edu_frame_alert` where `to_users` LIKE '%,18,%' AND ( IFNULL(`read_users`,'')='' OR `read_users` NOT LIKE '%,18,%') AND `status`=1 ORDER BY `id` DESC [ RunTime:0.0010s ]
INFO: Run Common\Behavior\HyBeforeViewBehavior [ RunTime:0.016001s ]
INFO: [ before_view ] --END-- [ RunTime:0.016001s ]
INFO: [ view_parse ] --START--
INFO: [ template_filter ] --START--
INFO: Run Behavior\ContentReplaceBehavior [ RunTime:0.001000s ]
INFO: [ template_filter ] --END-- [ RunTime:0.002001s ]
NOTIC: [8] Undefined index: aa F:\PHP\wamp64\www\SIS.JXNU-B\Runtime\Cache\System\df724f2bd297dda39779408edb0d9772.php 第 229 行.
NOTIC: [8] Undefined index: tip F:\PHP\wamp64\www\SIS.JXNU-B\Runtime\Cache\System\df724f2bd297dda39779408edb0d9772.php 第 317 行.
NOTIC: [8] Undefined index: tip F:\PHP\wamp64\www\SIS.JXNU-B\Runtime\Cache\System\df724f2bd297dda39779408edb0d9772.php 第 317 行.
NOTIC: [8] Undefined index: tip F:\PHP\wamp64\www\SIS.JXNU-B\Runtime\Cache\System\df724f2bd297dda39779408edb0d9772.php 第 317 行.
NOTIC: [8] Undefined variable: hyMenu F:\PHP\wamp64\www\SIS.JXNU-B\Runtime\Cache\System\df724f2bd297dda39779408edb0d9772.php 第 457 行.
INFO: Run Behavior\ParseTemplateBehavior [ RunTime:0.133008s ]
INFO: [ view_parse ] --END-- [ RunTime:0.133008s ]
INFO: [ view_filter ] --START--
INFO: Run Behavior\WriteHtmlCacheBehavior [ RunTime:0.002000s ]
INFO: [ view_filter ] --END-- [ RunTime:0.002000s ]
INFO: [ action_end ] --START--
SQL: INSERT INTO `edu_frame_log` (`user_id`,`description`,`sql`,`module`,`controller`,`action`,`post`,`url`,`create_time`,`ip`) VALUES ('18',' >> 信息','','User','User','profile','{\"pgv_pvi\":\"3996684288\",\"HyFrame_SSID\":\"55ead31ilg48vjb5j4ko4li7s2\",\"Hm_lvt_41c66ca2d9e89051b8f673b25979b6a0\":\"1472821617,1472829328,1472866695\",\"Hm_lpvt_41c66ca2d9e89051b8f673b25979b6a0\":\"1472904088\"}','/SIS.JXNU-B/index.php/System/User/profile.html','1472904106','0.0.0.0') [ RunTime:0.0020s ]
INFO: Run Common\Behavior\HyLogBehavior [ RunTime:0.007000s ]
INFO: [ action_end ] --END-- [ RunTime:0.008000s ]
INFO: [ app_end ] --START--
INFO: Run Behavior\ShowPageTraceBehavior [ RunTime:0.004001s ]
INFO: [ app_end ] --END-- [ RunTime:0.004001s ]

[ 2016-09-03T20:01:47+08:00 ] ::1 /SIS.JXNU-B/index.php/System/User/favicon.ico
INFO: [ app_init ] --START--
INFO: Run Behavior\BuildLiteBehavior [ RunTime:0.000000s ]
INFO: [ app_init ] --END-- [ RunTime:0.003001s ]

[ 2016-09-03T20:02:04+08:00 ] ::1 /SIS.JXNU-B/index.php/System/HyStart/switchs/role/encrypt_act-ZF9E9rJ7Rws1yB3FNUcJ5L0O-3wUJBD7n04v50NCvN04qiKwCQaUTPj8hnLC51aXr6zygChnxMPXJhwV3aXcsQ.html
INFO: [ app_init ] --START--
INFO: Run Behavior\BuildLiteBehavior [ RunTime:0.000000s ]
INFO: [ app_init ] --END-- [ RunTime:0.002000s ]
INFO: [ app_begin ] --START--
INFO: Run Behavior\ReadHtmlCacheBehavior [ RunTime:0.003000s ]
INFO: [ app_begin ] --END-- [ RunTime:0.004000s ]
NOTIC: [8192] mysql_connect(): The mysql extension is deprecated and will be removed in the future: use mysqli or PDO instead F:\PHP\wamp64\www\SIS.JXNU-B\HomyitCore\Library\Think\Session\Driver\Db.class.php 第 95 行.
INFO: [ action_begin ] --START--
INFO: Run Common\Behavior\HyLogBehavior [ RunTime:0.003000s ]
INFO: [ action_begin ] --END-- [ RunTime:0.005000s ]
NOTIC: [2048] Declaration of Common\Model\HyFrameModel::find() should be compatible with Think\Model::find($options = Array) F:\PHP\wamp64\www\SIS.JXNU-B\Application\Common\Model\HyFrameModel.class.php 第 13 行.
NOTIC: [8] Undefined index: model F:\PHP\wamp64\www\SIS.JXNU-B\Application\Common\Controller\HyFrameController.class.php 第 42 行.
SQL: SHOW COLUMNS FROM `edu_frame_role` [ RunTime:0.0020s ]
SQL: SELECT `id`,`name`,`title`,`table` FROM `edu_frame_role` WHERE `status` = 1 AND `id` IN ('22','32','31')  [ RunTime:0.0010s ]
SQL: SHOW COLUMNS FROM `edu_user` [ RunTime:0.0020s ]
SQL: SHOW COLUMNS FROM `edu_frame_access` [ RunTime:0.0010s ]
SQL: SELECT `action_id`,`model` FROM `edu_frame_access` WHERE ( `role_id`=22 AND `status`=1 )  [ RunTime:0.0020s ]
SQL: SELECT `pid` FROM `edu_frame_role` WHERE ( `id`=22 AND `status`=1 ) LIMIT 1   [ RunTime:0.0010s ]
SQL: SELECT `action_id`,`model` FROM `edu_frame_access` WHERE ( `role_id`=10 AND `status`=1 )  [ RunTime:0.0010s ]
SQL: SELECT `pid` FROM `edu_frame_role` WHERE ( `id`=10 AND `status`=1 ) LIMIT 1   [ RunTime:0.0010s ]
SQL: SELECT `id`,`pid`,`type`,`title`,`name`,`options` FROM `edu_frame_action` WHERE `status`=1 AND `id` IN (100000,510000,510300,510303,510301,510302,310000,310101,310102,310103,310104,310105,310201,310202,310203,310204,310205,310206,1100100,310300,310301,310302,310303,310304,310305,310306,310307,510304,510305,510306,510307,610000,1100000,1100200,510200,510201,510400,510203,310400,310401,310402,310403,310404,310405,310500,310501,310502,1000000,1000100,510401,510402,510403,510404,610100,610101,610200,610201,610300,610301,610106,610206,610306,310406,310506,1000101,1000102,1000103,510308) ORDER BY `rank` DESC [ RunTime:0.0030s ]
SQL: SELECT `id`,`pid`,`type`,`title`,`name`,`options` FROM `edu_frame_action` WHERE `status`=1 AND `id` IN (100000,510000,510300,510303,510301,510302,310000,310101,310102,310103,310104,310105,310201,310202,310203,310204,310205,310206,1100100,310300,310301,310302,310303,310304,310305,310306,310307,510304,510305,510306,510307,610000,1100000,1100200,510200,510201,510400,510203,310400,310401,310402,310403,310404,310405,310500,310501,310502,1000000,1000100,510401,510402,510403,510404,610100,610101,610200,610201,610300,610301,610106,610206,610306,310406,310506,1000101,1000102,1000103,510308) ORDER BY `rank` DESC [ RunTime:0.0030s ]

[ 2016-09-03T20:02:05+08:00 ] ::1 /SIS.JXNU-B/index.php/System/Index/index.html
INFO: [ app_init ] --START--
INFO: Run Behavior\BuildLiteBehavior [ RunTime:0.000000s ]
INFO: [ app_init ] --END-- [ RunTime:0.002001s ]
INFO: [ app_begin ] --START--
INFO: Run Behavior\ReadHtmlCacheBehavior [ RunTime:0.004000s ]
INFO: [ app_begin ] --END-- [ RunTime:0.004000s ]
NOTIC: [8192] mysql_connect(): The mysql extension is deprecated and will be removed in the future: use mysqli or PDO instead F:\PHP\wamp64\www\SIS.JXNU-B\HomyitCore\Library\Think\Session\Driver\Db.class.php 第 95 行.
INFO: [ action_begin ] --START--
INFO: Run Common\Behavior\HyLogBehavior [ RunTime:0.003001s ]
INFO: [ action_begin ] --END-- [ RunTime:0.004001s ]
NOTIC: [2048] Declaration of Common\Model\HyFrameModel::find() should be compatible with Think\Model::find($options = Array) F:\PHP\wamp64\www\SIS.JXNU-B\Application\Common\Model\HyFrameModel.class.php 第 13 行.
NOTIC: [8] Undefined index: model F:\PHP\wamp64\www\SIS.JXNU-B\Application\Common\Controller\HyFrameController.class.php 第 42 行.
SQL: SHOW COLUMNS FROM `edu_frame_log` [ RunTime:0.0020s ]
SQL: SELECT `create_time` FROM `edu_frame_log` WHERE `user_id` = 18 AND `status` = 1 AND `controller` = 'HyStart' AND `action` = 'ajax' AND `description` LIKE '%成功%' ORDER BY id desc LIMIT 2   [ RunTime:0.0020s ]
SQL: SHOW COLUMNS FROM `edu_frame_notice` [ RunTime:0.0020s ]
NOTIC: [8] Undefined index: associate F:\PHP\wamp64\www\SIS.JXNU-B\Application\Common\Model\HyFrameModel.class.php 第 141 行.
NOTIC: [8] Undefined index: order F:\PHP\wamp64\www\SIS.JXNU-B\Application\Common\Model\HyFrameModel.class.php 第 162 行.
NOTIC: [8] Undefined variable: field F:\PHP\wamp64\www\SIS.JXNU-B\Application\Common\Model\HyFrameModel.class.php 第 181 行.
NOTIC: [8] Undefined index: where F:\PHP\wamp64\www\SIS.JXNU-B\Application\Common\Model\HyFrameModel.class.php 第 189 行.
NOTIC: [8] Undefined index: decrypt F:\PHP\wamp64\www\SIS.JXNU-B\Application\Common\Model\HyFrameModel.class.php 第 241 行.
NOTIC: [8] Undefined index: scope F:\PHP\wamp64\www\SIS.JXNU-B\Application\Common\Model\HyFrameModel.class.php 第 247 行.
NOTIC: [8] Undefined index: count F:\PHP\wamp64\www\SIS.JXNU-B\Application\Common\Model\HyFrameModel.class.php 第 248 行.
NOTIC: [8] Undefined index: find F:\PHP\wamp64\www\SIS.JXNU-B\Application\Common\Model\HyFrameModel.class.php 第 254 行.
SQL: SELECT `id`,`title`,`content`,`creator_id`,`file_id`,`create_time`,`update_time`,`status` FROM `edu_frame_notice` WHERE `status` = 1 ORDER BY id desc LIMIT 5   [ RunTime:0.0010s ]
INFO: [ before_view ] --START--
SQL: SHOW COLUMNS FROM `edu_frame_alert` [ RunTime:0.0020s ]
SQL: SELECT `id`,`category`,`icon`,`message`,`url`,`type`,`create_time` FROM `edu_frame_alert` where `to_users` LIKE '%,18,%' AND ( IFNULL(`read_users`,'')='' OR `read_users` NOT LIKE '%,18,%') AND `status`=1 ORDER BY `id` DESC [ RunTime:0.0010s ]
INFO: Run Common\Behavior\HyBeforeViewBehavior [ RunTime:0.014001s ]
INFO: [ before_view ] --END-- [ RunTime:0.015001s ]
INFO: [ view_parse ] --START--
INFO: [ template_filter ] --START--
INFO: Run Behavior\ContentReplaceBehavior [ RunTime:0.001000s ]
INFO: [ template_filter ] --END-- [ RunTime:0.001000s ]
INFO: Run Behavior\ParseTemplateBehavior [ RunTime:0.134008s ]
INFO: [ view_parse ] --END-- [ RunTime:0.135008s ]
INFO: [ view_filter ] --START--
INFO: Run Behavior\WriteHtmlCacheBehavior [ RunTime:0.002000s ]
INFO: [ view_filter ] --END-- [ RunTime:0.003000s ]
INFO: [ action_end ] --START--
INFO: Run Common\Behavior\HyLogBehavior [ RunTime:0.000000s ]
INFO: [ action_end ] --END-- [ RunTime:0.001000s ]
INFO: [ app_end ] --START--
INFO: Run Behavior\ShowPageTraceBehavior [ RunTime:0.003000s ]
INFO: [ app_end ] --END-- [ RunTime:0.004000s ]

[ 2016-09-03T20:02:06+08:00 ] ::1 /SIS.JXNU-B/index.php/System/HyChat/ajax?q=list
INFO: [ app_init ] --START--
INFO: Run Behavior\BuildLiteBehavior [ RunTime:0.000000s ]
INFO: [ app_init ] --END-- [ RunTime:0.002000s ]
INFO: [ app_begin ] --START--
INFO: Run Behavior\ReadHtmlCacheBehavior [ RunTime:0.002000s ]
INFO: [ app_begin ] --END-- [ RunTime:0.007000s ]
NOTIC: [8192] mysql_connect(): The mysql extension is deprecated and will be removed in the future: use mysqli or PDO instead F:\PHP\wamp64\www\SIS.JXNU-B\HomyitCore\Library\Think\Session\Driver\Db.class.php 第 95 行.
INFO: [ action_begin ] --START--
INFO: Run Common\Behavior\HyLogBehavior [ RunTime:0.003000s ]
INFO: [ action_begin ] --END-- [ RunTime:0.004000s ]
NOTIC: [2048] Declaration of Common\Model\HyFrameModel::find() should be compatible with Think\Model::find($options = Array) F:\PHP\wamp64\www\SIS.JXNU-B\Application\Common\Model\HyFrameModel.class.php 第 13 行.
NOTIC: [8] Undefined index: model F:\PHP\wamp64\www\SIS.JXNU-B\Application\Common\Controller\HyFrameController.class.php 第 42 行.
ERR: SQLSTATE[42S02]: Base table or view not found: 1146 Table 'jxnu_sis.edu_frame_chat' doesn't exist

[ 2016-09-03T20:03:21+08:00 ] ::1 /SIS.JXNU-B/index.php/System/HyChat/ajax?q=list
INFO: [ app_init ] --START--
INFO: Run Behavior\BuildLiteBehavior [ RunTime:0.000000s ]
INFO: [ app_init ] --END-- [ RunTime:0.002000s ]
INFO: [ app_begin ] --START--
INFO: Run Behavior\ReadHtmlCacheBehavior [ RunTime:0.003000s ]
INFO: [ app_begin ] --END-- [ RunTime:0.003000s ]
NOTIC: [8192] mysql_connect(): The mysql extension is deprecated and will be removed in the future: use mysqli or PDO instead F:\PHP\wamp64\www\SIS.JXNU-B\HomyitCore\Library\Think\Session\Driver\Db.class.php 第 95 行.
INFO: [ action_begin ] --START--
INFO: Run Common\Behavior\HyLogBehavior [ RunTime:0.004001s ]
INFO: [ action_begin ] --END-- [ RunTime:0.004001s ]
NOTIC: [2048] Declaration of Common\Model\HyFrameModel::find() should be compatible with Think\Model::find($options = Array) F:\PHP\wamp64\www\SIS.JXNU-B\Application\Common\Model\HyFrameModel.class.php 第 13 行.
NOTIC: [8] Undefined index: model F:\PHP\wamp64\www\SIS.JXNU-B\Application\Common\Controller\HyFrameController.class.php 第 42 行.
ERR: SQLSTATE[42S02]: Base table or view not found: 1146 Table 'jxnu_sis.edu_frame_chat' doesn't exist

[ 2016-09-03T20:05:09+08:00 ] ::1 /SIS.JXNU-B/index.php/System/HyStart/online?keepTry=VR5%2FnGrGjgNF9WzUDCbujPnZaX%2FbY4b3Ya%2FCyfNyZvk%3D8450705
INFO: [ app_init ] --START--
INFO: Run Behavior\BuildLiteBehavior [ RunTime:0.000000s ]
INFO: [ app_init ] --END-- [ RunTime:0.002000s ]
INFO: [ app_begin ] --START--
INFO: Run Behavior\ReadHtmlCacheBehavior [ RunTime:0.003000s ]
INFO: [ app_begin ] --END-- [ RunTime:0.003000s ]
NOTIC: [8192] mysql_connect(): The mysql extension is deprecated and will be removed in the future: use mysqli or PDO instead F:\PHP\wamp64\www\SIS.JXNU-B\HomyitCore\Library\Think\Session\Driver\Db.class.php 第 95 行.
INFO: [ action_begin ] --START--
INFO: Run Common\Behavior\HyLogBehavior [ RunTime:0.004000s ]
INFO: [ action_begin ] --END-- [ RunTime:0.004000s ]
NOTIC: [2048] Declaration of Common\Model\HyFrameModel::find() should be compatible with Think\Model::find($options = Array) F:\PHP\wamp64\www\SIS.JXNU-B\Application\Common\Model\HyFrameModel.class.php 第 13 行.
NOTIC: [8] Undefined index: model F:\PHP\wamp64\www\SIS.JXNU-B\Application\Common\Controller\HyFrameController.class.php 第 42 行.

[ 2016-09-03T20:06:09+08:00 ] ::1 /SIS.JXNU-B/index.php/System/HyStart/online?keepTry=cPwPp5qTiR4%2F6pBaf61M9zHgmG8IbWMiNM67T524p50%3D3254924
INFO: [ app_init ] --START--
INFO: Run Behavior\BuildLiteBehavior [ RunTime:0.000000s ]
INFO: [ app_init ] --END-- [ RunTime:0.002000s ]
INFO: [ app_begin ] --START--
INFO: Run Behavior\ReadHtmlCacheBehavior [ RunTime:0.003000s ]
INFO: [ app_begin ] --END-- [ RunTime:0.003000s ]
NOTIC: [8192] mysql_connect(): The mysql extension is deprecated and will be removed in the future: use mysqli or PDO instead F:\PHP\wamp64\www\SIS.JXNU-B\HomyitCore\Library\Think\Session\Driver\Db.class.php 第 95 行.
INFO: [ action_begin ] --START--
INFO: Run Common\Behavior\HyLogBehavior [ RunTime:0.004000s ]
INFO: [ action_begin ] --END-- [ RunTime:0.004000s ]
NOTIC: [2048] Declaration of Common\Model\HyFrameModel::find() should be compatible with Think\Model::find($options = Array) F:\PHP\wamp64\www\SIS.JXNU-B\Application\Common\Model\HyFrameModel.class.php 第 13 行.
NOTIC: [8] Undefined index: model F:\PHP\wamp64\www\SIS.JXNU-B\Application\Common\Controller\HyFrameController.class.php 第 42 行.

[ 2016-09-03T20:07:09+08:00 ] ::1 /SIS.JXNU-B/index.php/System/HyStart/online?keepTry=gr7W0FwKqmw775qJ8FjYmGiyNETGqILeQFs4eqvmFTM%3D8778898
INFO: [ app_init ] --START--
INFO: Run Behavior\BuildLiteBehavior [ RunTime:0.000000s ]
INFO: [ app_init ] --END-- [ RunTime:0.002000s ]
INFO: [ app_begin ] --START--
INFO: Run Behavior\ReadHtmlCacheBehavior [ RunTime:0.002000s ]
INFO: [ app_begin ] --END-- [ RunTime:0.003000s ]
NOTIC: [8192] mysql_connect(): The mysql extension is deprecated and will be removed in the future: use mysqli or PDO instead F:\PHP\wamp64\www\SIS.JXNU-B\HomyitCore\Library\Think\Session\Driver\Db.class.php 第 95 行.
INFO: [ action_begin ] --START--
INFO: Run Common\Behavior\HyLogBehavior [ RunTime:0.003001s ]
INFO: [ action_begin ] --END-- [ RunTime:0.004001s ]
NOTIC: [2048] Declaration of Common\Model\HyFrameModel::find() should be compatible with Think\Model::find($options = Array) F:\PHP\wamp64\www\SIS.JXNU-B\Application\Common\Model\HyFrameModel.class.php 第 13 行.
NOTIC: [8] Undefined index: model F:\PHP\wamp64\www\SIS.JXNU-B\Application\Common\Controller\HyFrameController.class.php 第 42 行.

[ 2016-09-03T20:08:09+08:00 ] ::1 /SIS.JXNU-B/index.php/System/HyStart/online?keepTry=bITP%2B9qwhT54W4A14O44%2Fg%2BBEPnTjBtL9SRgU%2B%2Bhchk%3D7631986
INFO: [ app_init ] --START--
INFO: Run Behavior\BuildLiteBehavior [ RunTime:0.000000s ]
INFO: [ app_init ] --END-- [ RunTime:0.002000s ]
INFO: [ app_begin ] --START--
INFO: Run Behavior\ReadHtmlCacheBehavior [ RunTime:0.004000s ]
INFO: [ app_begin ] --END-- [ RunTime:0.004000s ]
NOTIC: [8192] mysql_connect(): The mysql extension is deprecated and will be removed in the future: use mysqli or PDO instead F:\PHP\wamp64\www\SIS.JXNU-B\HomyitCore\Library\Think\Session\Driver\Db.class.php 第 95 行.
INFO: [ action_begin ] --START--
INFO: Run Common\Behavior\HyLogBehavior [ RunTime:0.003000s ]
INFO: [ action_begin ] --END-- [ RunTime:0.004000s ]
NOTIC: [2048] Declaration of Common\Model\HyFrameModel::find() should be compatible with Think\Model::find($options = Array) F:\PHP\wamp64\www\SIS.JXNU-B\Application\Common\Model\HyFrameModel.class.php 第 13 行.
NOTIC: [8] Undefined index: model F:\PHP\wamp64\www\SIS.JXNU-B\Application\Common\Controller\HyFrameController.class.php 第 42 行.

[ 2016-09-03T20:09:09+08:00 ] ::1 /SIS.JXNU-B/index.php/System/HyStart/online?keepTry=4C65IKkupNSNl4v1nwIOKmm8B6aYM15ks1mA1rCVB6s%3D3831129
INFO: [ app_init ] --START--
INFO: Run Behavior\BuildLiteBehavior [ RunTime:0.000000s ]
INFO: [ app_init ] --END-- [ RunTime:0.003000s ]
INFO: [ app_begin ] --START--
INFO: Run Behavior\ReadHtmlCacheBehavior [ RunTime:0.003001s ]
INFO: [ app_begin ] --END-- [ RunTime:0.003001s ]
NOTIC: [8192] mysql_connect(): The mysql extension is deprecated and will be removed in the future: use mysqli or PDO instead F:\PHP\wamp64\www\SIS.JXNU-B\HomyitCore\Library\Think\Session\Driver\Db.class.php 第 95 行.
INFO: [ action_begin ] --START--
INFO: Run Common\Behavior\HyLogBehavior [ RunTime:0.003000s ]
INFO: [ action_begin ] --END-- [ RunTime:0.004000s ]
NOTIC: [2048] Declaration of Common\Model\HyFrameModel::find() should be compatible with Think\Model::find($options = Array) F:\PHP\wamp64\www\SIS.JXNU-B\Application\Common\Model\HyFrameModel.class.php 第 13 行.
NOTIC: [8] Undefined index: model F:\PHP\wamp64\www\SIS.JXNU-B\Application\Common\Controller\HyFrameController.class.php 第 42 行.

[ 2016-09-03T20:10:09+08:00 ] ::1 /SIS.JXNU-B/index.php/System/HyStart/online?keepTry=vioAuT0jPalmdoGSIJHuFg9GPmEKEU0UynTz0DrFrv0%3D5612875
INFO: [ app_init ] --START--
INFO: Run Behavior\BuildLiteBehavior [ RunTime:0.000000s ]
INFO: [ app_init ] --END-- [ RunTime:0.003000s ]
INFO: [ app_begin ] --START--
INFO: Run Behavior\ReadHtmlCacheBehavior [ RunTime:0.002000s ]
INFO: [ app_begin ] --END-- [ RunTime:0.004000s ]
NOTIC: [8192] mysql_connect(): The mysql extension is deprecated and will be removed in the future: use mysqli or PDO instead F:\PHP\wamp64\www\SIS.JXNU-B\HomyitCore\Library\Think\Session\Driver\Db.class.php 第 95 行.
INFO: [ action_begin ] --START--
INFO: Run Common\Behavior\HyLogBehavior [ RunTime:0.003000s ]
INFO: [ action_begin ] --END-- [ RunTime:0.003000s ]
NOTIC: [2048] Declaration of Common\Model\HyFrameModel::find() should be compatible with Think\Model::find($options = Array) F:\PHP\wamp64\www\SIS.JXNU-B\Application\Common\Model\HyFrameModel.class.php 第 13 行.
NOTIC: [8] Undefined index: model F:\PHP\wamp64\www\SIS.JXNU-B\Application\Common\Controller\HyFrameController.class.php 第 42 行.

[ 2016-09-03T20:11:09+08:00 ] ::1 /SIS.JXNU-B/index.php/System/HyStart/online?keepTry=ok0CRY0fKv1emlc6neKLlGevVnXSfNjrqENjHzFcIVQ%3D9957440
INFO: [ app_init ] --START--
INFO: Run Behavior\BuildLiteBehavior [ RunTime:0.000000s ]
INFO: [ app_init ] --END-- [ RunTime:0.002001s ]
INFO: [ app_begin ] --START--
INFO: Run Behavior\ReadHtmlCacheBehavior [ RunTime:0.002000s ]
INFO: [ app_begin ] --END-- [ RunTime:0.002000s ]
NOTIC: [8192] mysql_connect(): The mysql extension is deprecated and will be removed in the future: use mysqli or PDO instead F:\PHP\wamp64\www\SIS.JXNU-B\HomyitCore\Library\Think\Session\Driver\Db.class.php 第 95 行.
INFO: [ action_begin ] --START--
INFO: Run Common\Behavior\HyLogBehavior [ RunTime:0.004000s ]
INFO: [ action_begin ] --END-- [ RunTime:0.004000s ]
NOTIC: [2048] Declaration of Common\Model\HyFrameModel::find() should be compatible with Think\Model::find($options = Array) F:\PHP\wamp64\www\SIS.JXNU-B\Application\Common\Model\HyFrameModel.class.php 第 13 行.
NOTIC: [8] Undefined index: model F:\PHP\wamp64\www\SIS.JXNU-B\Application\Common\Controller\HyFrameController.class.php 第 42 行.

[ 2016-09-03T20:12:09+08:00 ] ::1 /SIS.JXNU-B/index.php/System/HyStart/online?keepTry=yS8x4rRgtLsao0F2Kw2GUswEKhnqTCU%2B1DXNYA%2Ftw6s%3D7008679
INFO: [ app_init ] --START--
INFO: Run Behavior\BuildLiteBehavior [ RunTime:0.000000s ]
INFO: [ app_init ] --END-- [ RunTime:0.002001s ]
INFO: [ app_begin ] --START--
INFO: Run Behavior\ReadHtmlCacheBehavior [ RunTime:0.002000s ]
INFO: [ app_begin ] --END-- [ RunTime:0.003000s ]
NOTIC: [8192] mysql_connect(): The mysql extension is deprecated and will be removed in the future: use mysqli or PDO instead F:\PHP\wamp64\www\SIS.JXNU-B\HomyitCore\Library\Think\Session\Driver\Db.class.php 第 95 行.
INFO: [ action_begin ] --START--
INFO: Run Common\Behavior\HyLogBehavior [ RunTime:0.004000s ]
INFO: [ action_begin ] --END-- [ RunTime:0.004000s ]
NOTIC: [2048] Declaration of Common\Model\HyFrameModel::find() should be compatible with Think\Model::find($options = Array) F:\PHP\wamp64\www\SIS.JXNU-B\Application\Common\Model\HyFrameModel.class.php 第 13 行.
NOTIC: [8] Undefined index: model F:\PHP\wamp64\www\SIS.JXNU-B\Application\Common\Controller\HyFrameController.class.php 第 42 行.

[ 2016-09-03T20:13:09+08:00 ] ::1 /SIS.JXNU-B/index.php/System/HyStart/online?keepTry=QAcbuBKMjI00XgcJN6mJcaeMHZvjLYqgjSozq0A7L7w%3D6270471
INFO: [ app_init ] --START--
INFO: Run Behavior\BuildLiteBehavior [ RunTime:0.000000s ]
INFO: [ app_init ] --END-- [ RunTime:0.003000s ]
INFO: [ app_begin ] --START--
INFO: Run Behavior\ReadHtmlCacheBehavior [ RunTime:0.003000s ]
INFO: [ app_begin ] --END-- [ RunTime:0.003000s ]
NOTIC: [8192] mysql_connect(): The mysql extension is deprecated and will be removed in the future: use mysqli or PDO instead F:\PHP\wamp64\www\SIS.JXNU-B\HomyitCore\Library\Think\Session\Driver\Db.class.php 第 95 行.
INFO: [ action_begin ] --START--
INFO: Run Common\Behavior\HyLogBehavior [ RunTime:0.004000s ]
INFO: [ action_begin ] --END-- [ RunTime:0.004000s ]
NOTIC: [2048] Declaration of Common\Model\HyFrameModel::find() should be compatible with Think\Model::find($options = Array) F:\PHP\wamp64\www\SIS.JXNU-B\Application\Common\Model\HyFrameModel.class.php 第 13 行.
NOTIC: [8] Undefined index: model F:\PHP\wamp64\www\SIS.JXNU-B\Application\Common\Controller\HyFrameController.class.php 第 42 行.

[ 2016-09-03T20:13:29+08:00 ] ::1 /SIS.JXNU-B/index.php/System/Index/index.html
INFO: [ app_init ] --START--
INFO: Run Behavior\BuildLiteBehavior [ RunTime:0.000000s ]
INFO: [ app_init ] --END-- [ RunTime:0.002000s ]
INFO: [ app_begin ] --START--
INFO: Run Behavior\ReadHtmlCacheBehavior [ RunTime:0.002001s ]
INFO: [ app_begin ] --END-- [ RunTime:0.003001s ]
NOTIC: [8192] mysql_connect(): The mysql extension is deprecated and will be removed in the future: use mysqli or PDO instead F:\PHP\wamp64\www\SIS.JXNU-B\HomyitCore\Library\Think\Session\Driver\Db.class.php 第 95 行.
INFO: [ action_begin ] --START--
INFO: Run Common\Behavior\HyLogBehavior [ RunTime:0.004001s ]
INFO: [ action_begin ] --END-- [ RunTime:0.005001s ]
NOTIC: [2048] Declaration of Common\Model\HyFrameModel::find() should be compatible with Think\Model::find($options = Array) F:\PHP\wamp64\www\SIS.JXNU-B\Application\Common\Model\HyFrameModel.class.php 第 13 行.
NOTIC: [8] Undefined index: model F:\PHP\wamp64\www\SIS.JXNU-B\Application\Common\Controller\HyFrameController.class.php 第 42 行.
SQL: SHOW COLUMNS FROM `edu_frame_log` [ RunTime:0.0020s ]
SQL: SELECT `create_time` FROM `edu_frame_log` WHERE `user_id` = 18 AND `status` = 1 AND `controller` = 'HyStart' AND `action` = 'ajax' AND `description` LIKE '%成功%' ORDER BY id desc LIMIT 2   [ RunTime:0.0010s ]
SQL: SHOW COLUMNS FROM `edu_frame_notice` [ RunTime:0.0040s ]
NOTIC: [8] Undefined index: associate F:\PHP\wamp64\www\SIS.JXNU-B\Application\Common\Model\HyFrameModel.class.php 第 141 行.
NOTIC: [8] Undefined index: order F:\PHP\wamp64\www\SIS.JXNU-B\Application\Common\Model\HyFrameModel.class.php 第 162 行.
NOTIC: [8] Undefined variable: field F:\PHP\wamp64\www\SIS.JXNU-B\Application\Common\Model\HyFrameModel.class.php 第 181 行.
NOTIC: [8] Undefined index: where F:\PHP\wamp64\www\SIS.JXNU-B\Application\Common\Model\HyFrameModel.class.php 第 189 行.
NOTIC: [8] Undefined index: decrypt F:\PHP\wamp64\www\SIS.JXNU-B\Application\Common\Model\HyFrameModel.class.php 第 241 行.
NOTIC: [8] Undefined index: scope F:\PHP\wamp64\www\SIS.JXNU-B\Application\Common\Model\HyFrameModel.class.php 第 247 行.
NOTIC: [8] Undefined index: count F:\PHP\wamp64\www\SIS.JXNU-B\Application\Common\Model\HyFrameModel.class.php 第 248 行.
NOTIC: [8] Undefined index: find F:\PHP\wamp64\www\SIS.JXNU-B\Application\Common\Model\HyFrameModel.class.php 第 254 行.
SQL: SELECT `id`,`title`,`content`,`creator_id`,`file_id`,`create_time`,`update_time`,`status` FROM `edu_frame_notice` WHERE `status` = 1 ORDER BY id desc LIMIT 5   [ RunTime:0.0020s ]
INFO: [ before_view ] --START--
SQL: SHOW COLUMNS FROM `edu_frame_alert` [ RunTime:0.0040s ]
SQL: SELECT `id`,`category`,`icon`,`message`,`url`,`type`,`create_time` FROM `edu_frame_alert` where `to_users` LIKE '%,18,%' AND ( IFNULL(`read_users`,'')='' OR `read_users` NOT LIKE '%,18,%') AND `status`=1 ORDER BY `id` DESC [ RunTime:0.0010s ]
INFO: Run Common\Behavior\HyBeforeViewBehavior [ RunTime:0.015001s ]
INFO: [ before_view ] --END-- [ RunTime:0.015001s ]
INFO: [ view_parse ] --START--
INFO: [ template_filter ] --START--
INFO: Run Behavior\ContentReplaceBehavior [ RunTime:0.002000s ]
INFO: [ template_filter ] --END-- [ RunTime:0.002000s ]
INFO: Run Behavior\ParseTemplateBehavior [ RunTime:0.108006s ]
INFO: [ view_parse ] --END-- [ RunTime:0.110007s ]
INFO: [ view_filter ] --START--
INFO: Run Behavior\WriteHtmlCacheBehavior [ RunTime:0.002000s ]
INFO: [ view_filter ] --END-- [ RunTime:0.002000s ]
INFO: [ action_end ] --START--
INFO: Run Common\Behavior\HyLogBehavior [ RunTime:0.000000s ]
INFO: [ action_end ] --END-- [ RunTime:0.001000s ]
INFO: [ app_end ] --START--
INFO: Run Behavior\ShowPageTraceBehavior [ RunTime:0.003000s ]
INFO: [ app_end ] --END-- [ RunTime:0.004000s ]

[ 2016-09-03T20:13:30+08:00 ] ::1 /SIS.JXNU-B/index.php/System/HyChat/ajax?q=list
INFO: [ app_init ] --START--
INFO: Run Behavior\BuildLiteBehavior [ RunTime:0.000000s ]
INFO: [ app_init ] --END-- [ RunTime:0.002000s ]
INFO: [ app_begin ] --START--
INFO: Run Behavior\ReadHtmlCacheBehavior [ RunTime:0.003000s ]
INFO: [ app_begin ] --END-- [ RunTime:0.003000s ]
NOTIC: [8192] mysql_connect(): The mysql extension is deprecated and will be removed in the future: use mysqli or PDO instead F:\PHP\wamp64\www\SIS.JXNU-B\HomyitCore\Library\Think\Session\Driver\Db.class.php 第 95 行.
INFO: [ action_begin ] --START--
INFO: Run Common\Behavior\HyLogBehavior [ RunTime:0.002000s ]
INFO: [ action_begin ] --END-- [ RunTime:0.004000s ]
NOTIC: [2048] Declaration of Common\Model\HyFrameModel::find() should be compatible with Think\Model::find($options = Array) F:\PHP\wamp64\www\SIS.JXNU-B\Application\Common\Model\HyFrameModel.class.php 第 13 行.
NOTIC: [8] Undefined index: model F:\PHP\wamp64\www\SIS.JXNU-B\Application\Common\Controller\HyFrameController.class.php 第 42 行.
ERR: SQLSTATE[42S02]: Base table or view not found: 1146 Table 'jxnu_sis.edu_frame_chat' doesn't exist

[ 2016-09-03T20:14:07+08:00 ] ::1 /SIS.JXNU-B/index.php/System/Index/index.html
INFO: [ app_init ] --START--
INFO: Run Behavior\BuildLiteBehavior [ RunTime:0.000000s ]
INFO: [ app_init ] --END-- [ RunTime:0.002000s ]
INFO: [ app_begin ] --START--
INFO: Run Behavior\ReadHtmlCacheBehavior [ RunTime:0.003000s ]
INFO: [ app_begin ] --END-- [ RunTime:0.003000s ]
NOTIC: [8192] mysql_connect(): The mysql extension is deprecated and will be removed in the future: use mysqli or PDO instead F:\PHP\wamp64\www\SIS.JXNU-B\HomyitCore\Library\Think\Session\Driver\Db.class.php 第 95 行.
INFO: [ action_begin ] --START--
INFO: Run Common\Behavior\HyLogBehavior [ RunTime:0.003000s ]
INFO: [ action_begin ] --END-- [ RunTime:0.004000s ]
NOTIC: [2048] Declaration of Common\Model\HyFrameModel::find() should be compatible with Think\Model::find($options = Array) F:\PHP\wamp64\www\SIS.JXNU-B\Application\Common\Model\HyFrameModel.class.php 第 13 行.
NOTIC: [8] Undefined index: model F:\PHP\wamp64\www\SIS.JXNU-B\Application\Common\Controller\HyFrameController.class.php 第 42 行.
SQL: SHOW COLUMNS FROM `edu_frame_log` [ RunTime:0.0060s ]
SQL: SELECT `create_time` FROM `edu_frame_log` WHERE `user_id` = 18 AND `status` = 1 AND `controller` = 'HyStart' AND `action` = 'ajax' AND `description` LIKE '%成功%' ORDER BY id desc LIMIT 2   [ RunTime:0.0010s ]
SQL: SHOW COLUMNS FROM `edu_frame_notice` [ RunTime:0.0040s ]
NOTIC: [8] Undefined index: associate F:\PHP\wamp64\www\SIS.JXNU-B\Application\Common\Model\HyFrameModel.class.php 第 141 行.
NOTIC: [8] Undefined index: order F:\PHP\wamp64\www\SIS.JXNU-B\Application\Common\Model\HyFrameModel.class.php 第 162 行.
NOTIC: [8] Undefined variable: field F:\PHP\wamp64\www\SIS.JXNU-B\Application\Common\Model\HyFrameModel.class.php 第 181 行.
NOTIC: [8] Undefined index: where F:\PHP\wamp64\www\SIS.JXNU-B\Application\Common\Model\HyFrameModel.class.php 第 189 行.
NOTIC: [8] Undefined index: decrypt F:\PHP\wamp64\www\SIS.JXNU-B\Application\Common\Model\HyFrameModel.class.php 第 241 行.
NOTIC: [8] Undefined index: scope F:\PHP\wamp64\www\SIS.JXNU-B\Application\Common\Model\HyFrameModel.class.php 第 247 行.
NOTIC: [8] Undefined index: count F:\PHP\wamp64\www\SIS.JXNU-B\Application\Common\Model\HyFrameModel.class.php 第 248 行.
NOTIC: [8] Undefined index: find F:\PHP\wamp64\www\SIS.JXNU-B\Application\Common\Model\HyFrameModel.class.php 第 254 行.
SQL: SELECT `id`,`title`,`content`,`creator_id`,`file_id`,`create_time`,`update_time`,`status` FROM `edu_frame_notice` WHERE `status` = 1 ORDER BY id desc LIMIT 5   [ RunTime:0.0020s ]
INFO: [ before_view ] --START--
SQL: SHOW COLUMNS FROM `edu_frame_alert` [ RunTime:0.0020s ]
SQL: SELECT `id`,`category`,`icon`,`message`,`url`,`type`,`create_time` FROM `edu_frame_alert` where `to_users` LIKE '%,18,%' AND ( IFNULL(`read_users`,'')='' OR `read_users` NOT LIKE '%,18,%') AND `status`=1 ORDER BY `id` DESC [ RunTime:0.0010s ]
INFO: Run Common\Behavior\HyBeforeViewBehavior [ RunTime:0.014001s ]
INFO: [ before_view ] --END-- [ RunTime:0.016001s ]
INFO: [ view_parse ] --START--
INFO: [ template_filter ] --START--
INFO: Run Behavior\ContentReplaceBehavior [ RunTime:0.001000s ]
INFO: [ template_filter ] --END-- [ RunTime:0.001000s ]
INFO: Run Behavior\ParseTemplateBehavior [ RunTime:0.110007s ]
INFO: [ view_parse ] --END-- [ RunTime:0.110007s ]
INFO: [ view_filter ] --START--
INFO: Run Behavior\WriteHtmlCacheBehavior [ RunTime:0.002000s ]
INFO: [ view_filter ] --END-- [ RunTime:0.002000s ]
INFO: [ action_end ] --START--
INFO: Run Common\Behavior\HyLogBehavior [ RunTime:0.001000s ]
INFO: [ action_end ] --END-- [ RunTime:0.001000s ]
INFO: [ app_end ] --START--
INFO: Run Behavior\ShowPageTraceBehavior [ RunTime:0.002000s ]
INFO: [ app_end ] --END-- [ RunTime:0.005000s ]

[ 2016-09-03T20:14:09+08:00 ] ::1 /SIS.JXNU-B/index.php/System/HyChat/ajax?q=list
INFO: [ app_init ] --START--
INFO: Run Behavior\BuildLiteBehavior [ RunTime:0.000000s ]
INFO: [ app_init ] --END-- [ RunTime:0.001000s ]
INFO: [ app_begin ] --START--
INFO: Run Behavior\ReadHtmlCacheBehavior [ RunTime:0.003000s ]
INFO: [ app_begin ] --END-- [ RunTime:0.004000s ]
NOTIC: [8192] mysql_connect(): The mysql extension is deprecated and will be removed in the future: use mysqli or PDO instead F:\PHP\wamp64\www\SIS.JXNU-B\HomyitCore\Library\Think\Session\Driver\Db.class.php 第 95 行.
INFO: [ action_begin ] --START--
INFO: Run Common\Behavior\HyLogBehavior [ RunTime:0.004001s ]
INFO: [ action_begin ] --END-- [ RunTime:0.004001s ]
NOTIC: [2048] Declaration of Common\Model\HyFrameModel::find() should be compatible with Think\Model::find($options = Array) F:\PHP\wamp64\www\SIS.JXNU-B\Application\Common\Model\HyFrameModel.class.php 第 13 行.
NOTIC: [8] Undefined index: model F:\PHP\wamp64\www\SIS.JXNU-B\Application\Common\Controller\HyFrameController.class.php 第 42 行.
ERR: SQLSTATE[42S02]: Base table or view not found: 1146 Table 'jxnu_sis.edu_frame_chat' doesn't exist

[ 2016-09-03T20:15:08+08:00 ] ::1 /SIS.JXNU-B/index.php/System/HyStart/online?keepTry=gWrTv8yfVfCzdGOiAoSH7M%2F2PiYB1l6ZL73H5saZpeo%3D8245720
INFO: [ app_init ] --START--
INFO: Run Behavior\BuildLiteBehavior [ RunTime:0.000000s ]
INFO: [ app_init ] --END-- [ RunTime:0.002000s ]
INFO: [ app_begin ] --START--
INFO: Run Behavior\ReadHtmlCacheBehavior [ RunTime:0.002000s ]
INFO: [ app_begin ] --END-- [ RunTime:0.003000s ]
NOTIC: [8192] mysql_connect(): The mysql extension is deprecated and will be removed in the future: use mysqli or PDO instead F:\PHP\wamp64\www\SIS.JXNU-B\HomyitCore\Library\Think\Session\Driver\Db.class.php 第 95 行.
INFO: [ action_begin ] --START--
INFO: Run Common\Behavior\HyLogBehavior [ RunTime:0.004000s ]
INFO: [ action_begin ] --END-- [ RunTime:0.004000s ]
NOTIC: [2048] Declaration of Common\Model\HyFrameModel::find() should be compatible with Think\Model::find($options = Array) F:\PHP\wamp64\www\SIS.JXNU-B\Application\Common\Model\HyFrameModel.class.php 第 13 行.
NOTIC: [8] Undefined index: model F:\PHP\wamp64\www\SIS.JXNU-B\Application\Common\Controller\HyFrameController.class.php 第 42 行.

[ 2016-09-03T20:15:46+08:00 ] ::1 /SIS.JXNU-B/index.php/System/Index/index.html
INFO: [ app_init ] --START--
INFO: Run Behavior\BuildLiteBehavior [ RunTime:0.000000s ]
INFO: [ app_init ] --END-- [ RunTime:0.002000s ]
INFO: [ app_begin ] --START--
INFO: Run Behavior\ReadHtmlCacheBehavior [ RunTime:0.004000s ]
INFO: [ app_begin ] --END-- [ RunTime:0.004000s ]
NOTIC: [8192] mysql_connect(): The mysql extension is deprecated and will be removed in the future: use mysqli or PDO instead F:\PHP\wamp64\www\SIS.JXNU-B\HomyitCore\Library\Think\Session\Driver\Db.class.php 第 95 行.
INFO: [ action_begin ] --START--
INFO: Run Common\Behavior\HyLogBehavior [ RunTime:0.004000s ]
INFO: [ action_begin ] --END-- [ RunTime:0.005000s ]
NOTIC: [2048] Declaration of Common\Model\HyFrameModel::find() should be compatible with Think\Model::find($options = Array) F:\PHP\wamp64\www\SIS.JXNU-B\Application\Common\Model\HyFrameModel.class.php 第 13 行.
NOTIC: [8] Undefined index: model F:\PHP\wamp64\www\SIS.JXNU-B\Application\Common\Controller\HyFrameController.class.php 第 42 行.
SQL: SHOW COLUMNS FROM `edu_frame_log` [ RunTime:0.0310s ]
SQL: SELECT `create_time` FROM `edu_frame_log` WHERE `user_id` = 18 AND `status` = 1 AND `controller` = 'HyStart' AND `action` = 'ajax' AND `description` LIKE '%成功%' ORDER BY id desc LIMIT 2   [ RunTime:0.0010s ]
SQL: SHOW COLUMNS FROM `edu_frame_notice` [ RunTime:0.0050s ]
NOTIC: [8] Undefined index: associate F:\PHP\wamp64\www\SIS.JXNU-B\Application\Common\Model\HyFrameModel.class.php 第 141 行.
NOTIC: [8] Undefined index: order F:\PHP\wamp64\www\SIS.JXNU-B\Application\Common\Model\HyFrameModel.class.php 第 162 行.
NOTIC: [8] Undefined variable: field F:\PHP\wamp64\www\SIS.JXNU-B\Application\Common\Model\HyFrameModel.class.php 第 181 行.
NOTIC: [8] Undefined index: where F:\PHP\wamp64\www\SIS.JXNU-B\Application\Common\Model\HyFrameModel.class.php 第 189 行.
NOTIC: [8] Undefined index: decrypt F:\PHP\wamp64\www\SIS.JXNU-B\Application\Common\Model\HyFrameModel.class.php 第 241 行.
NOTIC: [8] Undefined index: scope F:\PHP\wamp64\www\SIS.JXNU-B\Application\Common\Model\HyFrameModel.class.php 第 247 行.
NOTIC: [8] Undefined index: count F:\PHP\wamp64\www\SIS.JXNU-B\Application\Common\Model\HyFrameModel.class.php 第 248 行.
NOTIC: [8] Undefined index: find F:\PHP\wamp64\www\SIS.JXNU-B\Application\Common\Model\HyFrameModel.class.php 第 254 行.
SQL: SELECT `id`,`title`,`content`,`creator_id`,`file_id`,`create_time`,`update_time`,`status` FROM `edu_frame_notice` WHERE `status` = 1 ORDER BY id desc LIMIT 5   [ RunTime:0.0020s ]
INFO: [ before_view ] --START--
SQL: SHOW COLUMNS FROM `edu_frame_alert` [ RunTime:0.0050s ]
SQL: SELECT `id`,`category`,`icon`,`message`,`url`,`type`,`create_time` FROM `edu_frame_alert` where `to_users` LIKE '%,18,%' AND ( IFNULL(`read_users`,'')='' OR `read_users` NOT LIKE '%,18,%') AND `status`=1 ORDER BY `id` DESC [ RunTime:0.0020s ]
INFO: Run Common\Behavior\HyBeforeViewBehavior [ RunTime:0.018001s ]
INFO: [ before_view ] --END-- [ RunTime:0.018001s ]
INFO: [ view_parse ] --START--
INFO: [ template_filter ] --START--
INFO: Run Behavior\ContentReplaceBehavior [ RunTime:0.001000s ]
INFO: [ template_filter ] --END-- [ RunTime:0.001000s ]
INFO: Run Behavior\ParseTemplateBehavior [ RunTime:0.117006s ]
INFO: [ view_parse ] --END-- [ RunTime:0.118006s ]
INFO: [ view_filter ] --START--
INFO: Run Behavior\WriteHtmlCacheBehavior [ RunTime:0.002001s ]
INFO: [ view_filter ] --END-- [ RunTime:0.003001s ]
INFO: [ action_end ] --START--
INFO: Run Common\Behavior\HyLogBehavior [ RunTime:0.000000s ]
INFO: [ action_end ] --END-- [ RunTime:0.000000s ]
INFO: [ app_end ] --START--
INFO: Run Behavior\ShowPageTraceBehavior [ RunTime:0.003000s ]
INFO: [ app_end ] --END-- [ RunTime:0.003000s ]

[ 2016-09-03T20:15:48+08:00 ] ::1 /SIS.JXNU-B/index.php/System/HyChat/ajax?q=list
INFO: [ app_init ] --START--
INFO: Run Behavior\BuildLiteBehavior [ RunTime:0.000000s ]
INFO: [ app_init ] --END-- [ RunTime:0.002000s ]
INFO: [ app_begin ] --START--
INFO: Run Behavior\ReadHtmlCacheBehavior [ RunTime:0.002000s ]
INFO: [ app_begin ] --END-- [ RunTime:0.004000s ]
NOTIC: [8192] mysql_connect(): The mysql extension is deprecated and will be removed in the future: use mysqli or PDO instead F:\PHP\wamp64\www\SIS.JXNU-B\HomyitCore\Library\Think\Session\Driver\Db.class.php 第 95 行.
INFO: [ action_begin ] --START--
INFO: Run Common\Behavior\HyLogBehavior [ RunTime:0.003000s ]
INFO: [ action_begin ] --END-- [ RunTime:0.003000s ]
NOTIC: [2048] Declaration of Common\Model\HyFrameModel::find() should be compatible with Think\Model::find($options = Array) F:\PHP\wamp64\www\SIS.JXNU-B\Application\Common\Model\HyFrameModel.class.php 第 13 行.
NOTIC: [8] Undefined index: model F:\PHP\wamp64\www\SIS.JXNU-B\Application\Common\Controller\HyFrameController.class.php 第 42 行.
ERR: SQLSTATE[42S02]: Base table or view not found: 1146 Table 'jxnu_sis.edu_frame_chat' doesn't exist

