[ 2016-06-27T08:51:26+08:00 ] 120.203.69.87 /index.php/System/HyStart/login.html
INFO: [ app_init ] --START--
INFO: Run Behavior\BuildLiteBehavior [ RunTime:0.000000s ]
INFO: [ app_init ] --END-- [ RunTime:0.000000s ]
INFO: [ app_begin ] --START--
INFO: Run Behavior\ReadHtmlCacheBehavior [ RunTime:0.000000s ]
INFO: [ app_begin ] --END-- [ RunTime:0.000000s ]
NOTIC: [8192] mysql_connect(): The mysql extension is deprecated and will be removed in the future: use mysqli or PDO instead D:\wwwwroot\SIS.JXNU\HomyitCore\Library\Think\Session\Driver\Db.class.php 第 95 行.
INFO: [ action_begin ] --START--
INFO: Run Common\Behavior\HyLogBehavior [ RunTime:0.000977s ]
INFO: [ action_begin ] --END-- [ RunTime:0.000977s ]
NOTIC: [2048] Declaration of Common\Model\HyFrameModel::find() should be compatible with Think\Model::find($options = Array) D:\wwwwroot\SIS.JXNU\Application\Common\Model\HyFrameModel.class.php 第 13 行.
NOTIC: [8] Undefined index: model D:\wwwwroot\SIS.JXNU\Application\Common\Controller\HyFrameController.class.php 第 42 行.
SQL: SHOW COLUMNS FROM `edu_frame_setting` [ RunTime:0.0176s ]
SQL: SELECT `key`,`value` FROM `edu_frame_setting` WHERE `status` < 9  [ RunTime:0.0020s ]
INFO: [ before_view ] --START--
INFO: Run Common\Behavior\HyBeforeViewBehavior [ RunTime:0.000977s ]
INFO: [ before_view ] --END-- [ RunTime:0.000977s ]
INFO: [ view_parse ] --START--
INFO: [ template_filter ] --START--
INFO: Run Behavior\ContentReplaceBehavior [ RunTime:0.000000s ]
INFO: [ template_filter ] --END-- [ RunTime:0.000000s ]
INFO: Run Behavior\ParseTemplateBehavior [ RunTime:0.008789s ]
INFO: [ view_parse ] --END-- [ RunTime:0.008789s ]
INFO: [ view_filter ] --START--
INFO: Run Behavior\WriteHtmlCacheBehavior [ RunTime:0.000000s ]
INFO: [ view_filter ] --END-- [ RunTime:0.000000s ]
INFO: [ action_end ] --START--
INFO: Run Common\Behavior\HyLogBehavior [ RunTime:0.000000s ]
INFO: [ action_end ] --END-- [ RunTime:0.000000s ]
INFO: [ app_end ] --START--
INFO: Run Behavior\ShowPageTraceBehavior [ RunTime:0.000977s ]
INFO: [ app_end ] --END-- [ RunTime:0.000977s ]

[ 2016-06-27T08:51:28+08:00 ] 120.203.69.87 /index.php/System/HyStart/favicon.ico
INFO: [ app_init ] --START--
INFO: Run Behavior\BuildLiteBehavior [ RunTime:0.000000s ]
INFO: [ app_init ] --END-- [ RunTime:0.000976s ]

[ 2016-06-27T08:51:31+08:00 ] 120.203.69.87 /index.php/System/HyStart/ajax?q=login
INFO: [ app_init ] --START--
INFO: Run Behavior\BuildLiteBehavior [ RunTime:0.000000s ]
INFO: [ app_init ] --END-- [ RunTime:0.000976s ]
INFO: [ app_begin ] --START--
INFO: Run Behavior\ReadHtmlCacheBehavior [ RunTime:0.000976s ]
INFO: [ app_begin ] --END-- [ RunTime:0.000976s ]
NOTIC: [8192] mysql_connect(): The mysql extension is deprecated and will be removed in the future: use mysqli or PDO instead D:\wwwwroot\SIS.JXNU\HomyitCore\Library\Think\Session\Driver\Db.class.php 第 95 行.
INFO: [ action_begin ] --START--
INFO: Run Common\Behavior\HyLogBehavior [ RunTime:0.000977s ]
INFO: [ action_begin ] --END-- [ RunTime:0.000977s ]
NOTIC: [2048] Declaration of Common\Model\HyFrameModel::find() should be compatible with Think\Model::find($options = Array) D:\wwwwroot\SIS.JXNU\Application\Common\Model\HyFrameModel.class.php 第 13 行.
NOTIC: [8] Undefined index: model D:\wwwwroot\SIS.JXNU\Application\Common\Controller\HyFrameController.class.php 第 42 行.
NOTIC: [8] Undefined variable: logStep D:\wwwwroot\SIS.JXNU\Application\System\Controller\HyStartController.class.php 第 56 行.
SQL: SHOW COLUMNS FROM `edu_user` [ RunTime:0.0029s ]
NOTIC: [2] Missing argument 1 for Common\Model\HyFrameModel::find(), called in D:\wwwwroot\SIS.JXNU\Application\Common\Model\HyAccountModel.class.php on line 25 and defined D:\wwwwroot\SIS.JXNU\Application\Common\Model\HyFrameModel.class.php 第 271 行.
NOTIC: [8] Undefined variable: options D:\wwwwroot\SIS.JXNU\Application\Common\Model\HyFrameModel.class.php 第 272 行.
NOTIC: [8] Undefined variable: options D:\wwwwroot\SIS.JXNU\Application\Common\Model\HyFrameModel.class.php 第 272 行.
SQL: SELECT `id`,`name`,`roles`,`user_no`,`password`,`sex`,`birth`,`phone`,`qq`,`email`,`country`,`session_id`,`login_last_time`,`login_times`,`status`,`english_name`,`admission_time` FROM `edu_user` WHERE `user_no` = '123' AND `status` = 1 LIMIT 1   [ RunTime:0.0000s ]
SQL: UPDATE `edu_user` SET `login_last_time`='1466988691',`login_times`='701',`session_id`='mk2i7a1r593tjakqc5t61simk4' WHERE `id` = 18 [ RunTime:0.0049s ]
NOTIC: [8] Undefined index: avatar_file D:\wwwwroot\SIS.JXNU\Application\System\Controller\HyStartController.class.php 第 100 行.
NOTIC: [8] Undefined index: college_id D:\wwwwroot\SIS.JXNU\Application\Common\Model\HyAccountModel.class.php 第 55 行.
SQL: SHOW COLUMNS FROM `edu_frame_role` [ RunTime:0.0039s ]
SQL: SELECT `id`,`name`,`title`,`table` FROM `edu_frame_role` WHERE `status` = 1 AND `id` IN ('22','32','31')  [ RunTime:0.0010s ]
SQL: SHOW COLUMNS FROM `edu_user` [ RunTime:0.0029s ]
SQL: SHOW COLUMNS FROM `edu_frame_access` [ RunTime:0.0127s ]
SQL: SELECT `action_id`,`model` FROM `edu_frame_access` WHERE ( `role_id`=22 AND `status`=1 )  [ RunTime:0.0029s ]
SQL: SELECT `pid` FROM `edu_frame_role` WHERE ( `id`=22 AND `status`=1 ) LIMIT 1   [ RunTime:0.0000s ]
SQL: SELECT `action_id`,`model` FROM `edu_frame_access` WHERE ( `role_id`=10 AND `status`=1 )  [ RunTime:0.0000s ]
SQL: SELECT `pid` FROM `edu_frame_role` WHERE ( `id`=10 AND `status`=1 ) LIMIT 1   [ RunTime:0.0000s ]
SQL: SELECT `id`,`pid`,`type`,`title`,`name`,`options` FROM `edu_frame_action` WHERE `status`=1 AND `id` IN (100000,510000,510300,510303,510301,510302,310000,310101,310102,310103,310104,310105,310201,310202,310203,310204,310205,310206,1100100,310300,310301,310302,310303,310304,310305,310306,310307,510304,510305,510306,510307,610000,1100000,1100200,510200,510201,510400,510203,310400,310401,310402,310403,310404,310405,310500,310501,310502,1000000,1000100,510401,510402,510403,510404,610100,610101,610200,610201,610300,610301,610106,610206,610306,310406,310506,1000101,1000102,1000103,510308) ORDER BY `rank` DESC [ RunTime:0.0029s ]
SQL: SELECT `id`,`pid`,`type`,`title`,`name`,`options` FROM `edu_frame_action` WHERE `status`=1 AND `id` IN (100000,510000,510300,510303,510301,510302,310000,310101,310102,310103,310104,310105,310201,310202,310203,310204,310205,310206,1100100,310300,310301,310302,310303,310304,310305,310306,310307,510304,510305,510306,510307,610000,1100000,1100200,510200,510201,510400,510203,310400,310401,310402,310403,310404,310405,310500,310501,310502,1000000,1000100,510401,510402,510403,510404,610100,610101,610200,610201,610300,610301,610106,610206,610306,310406,310506,1000101,1000102,1000103,510308) ORDER BY `rank` DESC [ RunTime:0.0010s ]
SQL: SHOW COLUMNS FROM `edu_frame_log` [ RunTime:0.0313s ]
SQL: INSERT INTO `edu_frame_log` (`user_id`,`controller`,`action`,`post`,`description`,`ip`,`create_time`) VALUES ('18','HyStart','ajax','{\"u\":\"FQKzoFGJGQvhnjDEM05mBg==4539803\",\"p\":\"0qjpyjQxp2Ho9b6diovoSVWANI\\/P7SLmD52\\/Q1ffgmDxXCJrGDMrsZQUmH\\/xnOsE4351740\"}',' >> 登录验证 >> <span class=\'text-success\'>成功</span>','120.203.69.87','1466988691') [ RunTime:0.0332s ]

[ 2016-06-27T08:51:31+08:00 ] 120.203.69.87 /index.php/System/Index/index
INFO: [ app_init ] --START--
INFO: Run Behavior\BuildLiteBehavior [ RunTime:0.000000s ]
INFO: [ app_init ] --END-- [ RunTime:0.000000s ]
INFO: [ app_begin ] --START--
INFO: Run Behavior\ReadHtmlCacheBehavior [ RunTime:0.000000s ]
INFO: [ app_begin ] --END-- [ RunTime:0.000000s ]
NOTIC: [8192] mysql_connect(): The mysql extension is deprecated and will be removed in the future: use mysqli or PDO instead D:\wwwwroot\SIS.JXNU\HomyitCore\Library\Think\Session\Driver\Db.class.php 第 95 行.
INFO: [ action_begin ] --START--
INFO: Run Common\Behavior\HyLogBehavior [ RunTime:0.000976s ]
INFO: [ action_begin ] --END-- [ RunTime:0.000976s ]
NOTIC: [2048] Declaration of Common\Model\HyFrameModel::find() should be compatible with Think\Model::find($options = Array) D:\wwwwroot\SIS.JXNU\Application\Common\Model\HyFrameModel.class.php 第 13 行.
NOTIC: [8] Undefined index: model D:\wwwwroot\SIS.JXNU\Application\Common\Controller\HyFrameController.class.php 第 42 行.
SQL: SHOW COLUMNS FROM `edu_frame_log` [ RunTime:0.0020s ]
SQL: SELECT `create_time` FROM `edu_frame_log` WHERE `user_id` = 18 AND `status` = 1 AND `controller` = 'HyStart' AND `action` = 'ajax' AND `description` LIKE '%成功%' ORDER BY id desc LIMIT 2   [ RunTime:0.0508s ]
SQL: SHOW COLUMNS FROM `edu_frame_notice` [ RunTime:0.0020s ]
NOTIC: [8] Undefined index: associate D:\wwwwroot\SIS.JXNU\Application\Common\Model\HyFrameModel.class.php 第 141 行.
NOTIC: [8] Undefined index: order D:\wwwwroot\SIS.JXNU\Application\Common\Model\HyFrameModel.class.php 第 162 行.
NOTIC: [8] Undefined variable: field D:\wwwwroot\SIS.JXNU\Application\Common\Model\HyFrameModel.class.php 第 181 行.
NOTIC: [8] Undefined index: where D:\wwwwroot\SIS.JXNU\Application\Common\Model\HyFrameModel.class.php 第 189 行.
NOTIC: [8] Undefined index: decrypt D:\wwwwroot\SIS.JXNU\Application\Common\Model\HyFrameModel.class.php 第 241 行.
NOTIC: [8] Undefined index: scope D:\wwwwroot\SIS.JXNU\Application\Common\Model\HyFrameModel.class.php 第 247 行.
NOTIC: [8] Undefined index: count D:\wwwwroot\SIS.JXNU\Application\Common\Model\HyFrameModel.class.php 第 248 行.
NOTIC: [8] Undefined index: find D:\wwwwroot\SIS.JXNU\Application\Common\Model\HyFrameModel.class.php 第 254 行.
SQL: SELECT `id`,`title`,`content`,`creator_id`,`file_id`,`create_time`,`update_time`,`status` FROM `edu_frame_notice` WHERE `status` = 1 ORDER BY id desc LIMIT 5   [ RunTime:0.0010s ]
INFO: [ before_view ] --START--
SQL: SHOW COLUMNS FROM `edu_frame_alert` [ RunTime:0.0020s ]
SQL: SELECT `id`,`category`,`icon`,`message`,`url`,`type`,`create_time` FROM `edu_frame_alert` where `to_users` LIKE '%,18,%' AND ( IFNULL(`read_users`,'')='' OR `read_users` NOT LIKE '%,18,%') AND `status`=1 ORDER BY `id` DESC [ RunTime:0.0010s ]
INFO: Run Common\Behavior\HyBeforeViewBehavior [ RunTime:0.003907s ]
INFO: [ before_view ] --END-- [ RunTime:0.003907s ]
INFO: [ view_parse ] --START--
INFO: [ template_filter ] --START--
INFO: Run Behavior\ContentReplaceBehavior [ RunTime:0.000000s ]
INFO: [ template_filter ] --END-- [ RunTime:0.000000s ]
INFO: Run Behavior\ParseTemplateBehavior [ RunTime:0.019532s ]
INFO: [ view_parse ] --END-- [ RunTime:0.019532s ]
INFO: [ view_filter ] --START--
INFO: Run Behavior\WriteHtmlCacheBehavior [ RunTime:0.000000s ]
INFO: [ view_filter ] --END-- [ RunTime:0.000000s ]
INFO: [ action_end ] --START--
INFO: Run Common\Behavior\HyLogBehavior [ RunTime:0.000000s ]
INFO: [ action_end ] --END-- [ RunTime:0.000000s ]
INFO: [ app_end ] --START--
INFO: Run Behavior\ShowPageTraceBehavior [ RunTime:0.000000s ]
INFO: [ app_end ] --END-- [ RunTime:0.000000s ]

[ 2016-06-27T08:51:32+08:00 ] 120.203.69.87 /index.php/System/HyChat/ajax?q=list
INFO: [ app_init ] --START--
INFO: Run Behavior\BuildLiteBehavior [ RunTime:0.000000s ]
INFO: [ app_init ] --END-- [ RunTime:0.000977s ]
INFO: [ app_begin ] --START--
INFO: Run Behavior\ReadHtmlCacheBehavior [ RunTime:0.000000s ]
INFO: [ app_begin ] --END-- [ RunTime:0.000977s ]
NOTIC: [8192] mysql_connect(): The mysql extension is deprecated and will be removed in the future: use mysqli or PDO instead D:\wwwwroot\SIS.JXNU\HomyitCore\Library\Think\Session\Driver\Db.class.php 第 95 行.
NOTIC: [2] session_start(): Cannot send session cache limiter - headers already sent D:\wwwwroot\SIS.JXNU\HomyitCore\Common\functions.php 第 1263 行.
INFO: [ action_begin ] --START--
INFO: Run Common\Behavior\HyLogBehavior [ RunTime:0.000000s ]
INFO: [ action_begin ] --END-- [ RunTime:0.000000s ]
NOTIC: [2048] Declaration of Common\Model\HyFrameModel::find() should be compatible with Think\Model::find($options = Array) D:\wwwwroot\SIS.JXNU\Application\Common\Model\HyFrameModel.class.php 第 13 行.
NOTIC: [8] Undefined index: model D:\wwwwroot\SIS.JXNU\Application\Common\Controller\HyFrameController.class.php 第 42 行.
ERR: SQLSTATE[42S02]: Base table or view not found: 1146 Table 'jxnu_sis.edu_frame_chat' doesn't exist
NOTIC: [2] Cannot modify header information - headers already sent D:\wwwwroot\SIS.JXNU\HomyitCore\Library\Think\Think.class.php 第 229 行.
NOTIC: [2] Cannot modify header information - headers already sent D:\wwwwroot\SIS.JXNU\HomyitCore\Library\Think\Think.class.php 第 230 行.

[ 2016-06-27T08:51:33+08:00 ] 120.203.69.87 /index.php/System/Index/favicon.ico
INFO: [ app_init ] --START--
INFO: Run Behavior\BuildLiteBehavior [ RunTime:0.000000s ]
INFO: [ app_init ] --END-- [ RunTime:0.000000s ]

[ 2016-06-27T08:51:34+08:00 ] 120.203.69.87 /index.php/System/HyStart/switchs/role/encrypt_act-k2tsrzjxPPowWHxWqE3CO5J2a6yURoOiQPqqaDDnkMYf8zFRqyEt4gw2yWDL2LdD13Io4nZpVYb8jCBrtw1Xtg.html
INFO: [ app_init ] --START--
INFO: Run Behavior\BuildLiteBehavior [ RunTime:0.000000s ]
INFO: [ app_init ] --END-- [ RunTime:0.000000s ]
INFO: [ app_begin ] --START--
INFO: Run Behavior\ReadHtmlCacheBehavior [ RunTime:0.000976s ]
INFO: [ app_begin ] --END-- [ RunTime:0.000976s ]
NOTIC: [8192] mysql_connect(): The mysql extension is deprecated and will be removed in the future: use mysqli or PDO instead D:\wwwwroot\SIS.JXNU\HomyitCore\Library\Think\Session\Driver\Db.class.php 第 95 行.
INFO: [ action_begin ] --START--
INFO: Run Common\Behavior\HyLogBehavior [ RunTime:0.000000s ]
INFO: [ action_begin ] --END-- [ RunTime:0.000000s ]
NOTIC: [2048] Declaration of Common\Model\HyFrameModel::find() should be compatible with Think\Model::find($options = Array) D:\wwwwroot\SIS.JXNU\Application\Common\Model\HyFrameModel.class.php 第 13 行.
NOTIC: [8] Undefined index: model D:\wwwwroot\SIS.JXNU\Application\Common\Controller\HyFrameController.class.php 第 42 行.
SQL: SHOW COLUMNS FROM `edu_frame_role` [ RunTime:0.0020s ]
SQL: SELECT `id`,`name`,`title`,`table` FROM `edu_frame_role` WHERE `status` = 1 AND `id` IN ('22','32','31')  [ RunTime:0.0010s ]
SQL: SHOW COLUMNS FROM `edu_user` [ RunTime:0.0020s ]
SQL: SHOW COLUMNS FROM `edu_frame_access` [ RunTime:0.0020s ]
SQL: SELECT `action_id`,`model` FROM `edu_frame_access` WHERE ( `role_id`=32 AND `status`=1 )  [ RunTime:0.0000s ]
SQL: SELECT `pid` FROM `edu_frame_role` WHERE ( `id`=32 AND `status`=1 ) LIMIT 1   [ RunTime:0.0000s ]
SQL: SELECT `action_id`,`model` FROM `edu_frame_access` WHERE ( `role_id`=31 AND `status`=1 )  [ RunTime:0.0010s ]
SQL: SELECT `pid` FROM `edu_frame_role` WHERE ( `id`=31 AND `status`=1 ) LIMIT 1   [ RunTime:0.0000s ]
SQL: SELECT `action_id`,`model` FROM `edu_frame_access` WHERE ( `role_id`=10 AND `status`=1 )  [ RunTime:0.0010s ]
SQL: SELECT `pid` FROM `edu_frame_role` WHERE ( `id`=10 AND `status`=1 ) LIMIT 1   [ RunTime:0.0000s ]
SQL: SELECT `id`,`pid`,`type`,`title`,`name`,`options` FROM `edu_frame_action` WHERE `status`=1 AND `id` IN (100000,510000,510300,510303,510301,510302,310000,310101,310102,310103,310104,310105,310201,310202,310203,310204,310205,310206,1100100,310300,310301,310302,310303,310304,310305,310306,310307,510304,510305,510306,510307,610000,1100000,1100200,1,2,3,4,210000,210100,210101,210102,210103,210104,210105,210200,210201,210202,210203,210204,210205,210206,310100,310200,420000,420100,420101,420102,420103,420104,420105,420106,420200,420201,420202,420203,420204,420205,420206,420300,420301,420302,420303,420304,420305,420306,510100,510101,510103,510104,510105,510106,510308,610100,610101,610102,610103,610104,610105,610106,610200,610201,610202,610203,610204,610205,610206,610300,610301,610302,610303,610304,610305,610306,810000,810100,810101,810102,810103,810104,810105,810106,810200,810201,810202,810203,810204,810205,810300,810301,810302,810303,810304,810305,810400,810401,810402,810403,810404,810405,1000000,1000100,1000101,1000102,1000103,210207,510102,710000,710100,710101,710102,710103,710104,710105,810107,810108,910000,910100,910101,910200,910201) ORDER BY `rank` DESC [ RunTime:0.0020s ]
SQL: SELECT `id`,`pid`,`type`,`title`,`name`,`options` FROM `edu_frame_action` WHERE `status`=1 AND `id` IN (100000,510000,510300,510303,510301,510302,310000,310101,310102,310103,310104,310105,310201,310202,310203,310204,310205,310206,1100100,310300,310301,310302,310303,310304,310305,310306,310307,510304,510305,510306,510307,610000,1100000,1100200,1,2,3,4,210000,210100,210101,210102,210103,210104,210105,210200,210201,210202,210203,210204,210205,210206,310100,310200,420000,420100,420101,420102,420103,420104,420105,420106,420200,420201,420202,420203,420204,420205,420206,420300,420301,420302,420303,420304,420305,420306,510100,510101,510103,510104,510105,510106,510308,610100,610101,610102,610103,610104,610105,610106,610200,610201,610202,610203,610204,610205,610206,610300,610301,610302,610303,610304,610305,610306,810000,810100,810101,810102,810103,810104,810105,810106,810200,810201,810202,810203,810204,810205,810300,810301,810302,810303,810304,810305,810400,810401,810402,810403,810404,810405,1000000,1000100,1000101,1000102,1000103,210207,510102,710000,710100,710101,710102,710103,710104,710105,810107,810108,910000,910100,910101,910200,910201) ORDER BY `rank` DESC [ RunTime:0.0010s ]
SQL: SELECT `id`,`pid`,`type`,`title`,`name`,`options` FROM `edu_frame_action` WHERE `status`=1 AND `id` IN (100000,510000,510300,510303,510301,510302,310000,310101,310102,310103,310104,310105,310201,310202,310203,310204,310205,310206,1100100,310300,310301,310302,310303,310304,310305,310306,310307,510304,510305,510306,510307,610000,1100000,1100200,1,2,3,4,210000,210100,210101,210102,210103,210104,210105,210200,210201,210202,210203,210204,210205,210206,310100,310200,420000,420100,420101,420102,420103,420104,420105,420106,420200,420201,420202,420203,420204,420205,420206,420300,420301,420302,420303,420304,420305,420306,510100,510101,510103,510104,510105,510106,510308,610100,610101,610102,610103,610104,610105,610106,610200,610201,610202,610203,610204,610205,610206,610300,610301,610302,610303,610304,610305,610306,810000,810100,810101,810102,810103,810104,810105,810106,810200,810201,810202,810203,810204,810205,810300,810301,810302,810303,810304,810305,810400,810401,810402,810403,810404,810405,1000000,1000100,1000101,1000102,1000103,210207,510102,710000,710100,710101,710102,710103,710104,710105,810107,810108,910000,910100,910101,910200,910201) ORDER BY `rank` DESC [ RunTime:0.0020s ]

[ 2016-06-27T08:51:34+08:00 ] 120.203.69.87 /index.php/System/Index/index.html
INFO: [ app_init ] --START--
INFO: Run Behavior\BuildLiteBehavior [ RunTime:0.000000s ]
INFO: [ app_init ] --END-- [ RunTime:0.000976s ]
INFO: [ app_begin ] --START--
INFO: Run Behavior\ReadHtmlCacheBehavior [ RunTime:0.000977s ]
INFO: [ app_begin ] --END-- [ RunTime:0.000977s ]
NOTIC: [8192] mysql_connect(): The mysql extension is deprecated and will be removed in the future: use mysqli or PDO instead D:\wwwwroot\SIS.JXNU\HomyitCore\Library\Think\Session\Driver\Db.class.php 第 95 行.
INFO: [ action_begin ] --START--
INFO: Run Common\Behavior\HyLogBehavior [ RunTime:0.000000s ]
INFO: [ action_begin ] --END-- [ RunTime:0.000000s ]
NOTIC: [2048] Declaration of Common\Model\HyFrameModel::find() should be compatible with Think\Model::find($options = Array) D:\wwwwroot\SIS.JXNU\Application\Common\Model\HyFrameModel.class.php 第 13 行.
NOTIC: [8] Undefined index: model D:\wwwwroot\SIS.JXNU\Application\Common\Controller\HyFrameController.class.php 第 42 行.
SQL: SHOW COLUMNS FROM `edu_frame_log` [ RunTime:0.0020s ]
SQL: SELECT `create_time` FROM `edu_frame_log` WHERE `user_id` = 18 AND `status` = 1 AND `controller` = 'HyStart' AND `action` = 'ajax' AND `description` LIKE '%成功%' ORDER BY id desc LIMIT 2   [ RunTime:0.0000s ]
SQL: SHOW COLUMNS FROM `edu_frame_notice` [ RunTime:0.0020s ]
NOTIC: [8] Undefined index: associate D:\wwwwroot\SIS.JXNU\Application\Common\Model\HyFrameModel.class.php 第 141 行.
NOTIC: [8] Undefined index: order D:\wwwwroot\SIS.JXNU\Application\Common\Model\HyFrameModel.class.php 第 162 行.
NOTIC: [8] Undefined variable: field D:\wwwwroot\SIS.JXNU\Application\Common\Model\HyFrameModel.class.php 第 181 行.
NOTIC: [8] Undefined index: where D:\wwwwroot\SIS.JXNU\Application\Common\Model\HyFrameModel.class.php 第 189 行.
NOTIC: [8] Undefined index: decrypt D:\wwwwroot\SIS.JXNU\Application\Common\Model\HyFrameModel.class.php 第 241 行.
NOTIC: [8] Undefined index: scope D:\wwwwroot\SIS.JXNU\Application\Common\Model\HyFrameModel.class.php 第 247 行.
NOTIC: [8] Undefined index: count D:\wwwwroot\SIS.JXNU\Application\Common\Model\HyFrameModel.class.php 第 248 行.
NOTIC: [8] Undefined index: find D:\wwwwroot\SIS.JXNU\Application\Common\Model\HyFrameModel.class.php 第 254 行.
SQL: SELECT `id`,`title`,`content`,`creator_id`,`file_id`,`create_time`,`update_time`,`status` FROM `edu_frame_notice` WHERE `status` = 1 ORDER BY id desc LIMIT 5   [ RunTime:0.0000s ]
INFO: [ before_view ] --START--
SQL: SHOW COLUMNS FROM `edu_frame_alert` [ RunTime:0.0020s ]
SQL: SELECT `id`,`category`,`icon`,`message`,`url`,`type`,`create_time` FROM `edu_frame_alert` where `to_users` LIKE '%,18,%' AND ( IFNULL(`read_users`,'')='' OR `read_users` NOT LIKE '%,18,%') AND `status`=1 ORDER BY `id` DESC [ RunTime:0.0000s ]
INFO: Run Common\Behavior\HyBeforeViewBehavior [ RunTime:0.003907s ]
INFO: [ before_view ] --END-- [ RunTime:0.003907s ]
INFO: [ view_parse ] --START--
INFO: [ template_filter ] --START--
INFO: Run Behavior\ContentReplaceBehavior [ RunTime:0.000000s ]
INFO: [ template_filter ] --END-- [ RunTime:0.000000s ]
INFO: Run Behavior\ParseTemplateBehavior [ RunTime:0.020508s ]
INFO: [ view_parse ] --END-- [ RunTime:0.020508s ]
INFO: [ view_filter ] --START--
INFO: Run Behavior\WriteHtmlCacheBehavior [ RunTime:0.000000s ]
INFO: [ view_filter ] --END-- [ RunTime:0.000000s ]
INFO: [ action_end ] --START--
INFO: Run Common\Behavior\HyLogBehavior [ RunTime:0.000000s ]
INFO: [ action_end ] --END-- [ RunTime:0.000000s ]
INFO: [ app_end ] --START--
INFO: Run Behavior\ShowPageTraceBehavior [ RunTime:0.000977s ]
INFO: [ app_end ] --END-- [ RunTime:0.000977s ]

[ 2016-06-27T08:51:34+08:00 ] 120.203.69.87 /index.php/System/HyChat/ajax?q=list
INFO: [ app_init ] --START--
INFO: Run Behavior\BuildLiteBehavior [ RunTime:0.000000s ]
INFO: [ app_init ] --END-- [ RunTime:0.000000s ]
INFO: [ app_begin ] --START--
INFO: Run Behavior\ReadHtmlCacheBehavior [ RunTime:0.000977s ]
INFO: [ app_begin ] --END-- [ RunTime:0.000977s ]
NOTIC: [8192] mysql_connect(): The mysql extension is deprecated and will be removed in the future: use mysqli or PDO instead D:\wwwwroot\SIS.JXNU\HomyitCore\Library\Think\Session\Driver\Db.class.php 第 95 行.
NOTIC: [2] session_start(): Cannot send session cache limiter - headers already sent D:\wwwwroot\SIS.JXNU\HomyitCore\Common\functions.php 第 1263 行.
INFO: [ action_begin ] --START--
INFO: Run Common\Behavior\HyLogBehavior [ RunTime:0.000976s ]
INFO: [ action_begin ] --END-- [ RunTime:0.000976s ]
NOTIC: [2048] Declaration of Common\Model\HyFrameModel::find() should be compatible with Think\Model::find($options = Array) D:\wwwwroot\SIS.JXNU\Application\Common\Model\HyFrameModel.class.php 第 13 行.
NOTIC: [8] Undefined index: model D:\wwwwroot\SIS.JXNU\Application\Common\Controller\HyFrameController.class.php 第 42 行.
ERR: SQLSTATE[42S02]: Base table or view not found: 1146 Table 'jxnu_sis.edu_frame_chat' doesn't exist
NOTIC: [2] Cannot modify header information - headers already sent D:\wwwwroot\SIS.JXNU\HomyitCore\Library\Think\Think.class.php 第 229 行.
NOTIC: [2] Cannot modify header information - headers already sent D:\wwwwroot\SIS.JXNU\HomyitCore\Library\Think\Think.class.php 第 230 行.

[ 2016-06-27T08:52:37+08:00 ] 120.203.69.87 /index.php/System/HyStart/online?keepTry=UeofQ%2FtlkEIQY%2BZK89WnKY9tnCe5LMyMHpbyYTFNgHk%3D5153766
INFO: [ app_init ] --START--
INFO: Run Behavior\BuildLiteBehavior [ RunTime:0.000000s ]
INFO: [ app_init ] --END-- [ RunTime:0.000977s ]
INFO: [ app_begin ] --START--
INFO: Run Behavior\ReadHtmlCacheBehavior [ RunTime:0.000000s ]
INFO: [ app_begin ] --END-- [ RunTime:0.000000s ]
NOTIC: [8192] mysql_connect(): The mysql extension is deprecated and will be removed in the future: use mysqli or PDO instead D:\wwwwroot\SIS.JXNU\HomyitCore\Library\Think\Session\Driver\Db.class.php 第 95 行.
INFO: [ action_begin ] --START--
INFO: Run Common\Behavior\HyLogBehavior [ RunTime:0.000977s ]
INFO: [ action_begin ] --END-- [ RunTime:0.000977s ]
NOTIC: [2048] Declaration of Common\Model\HyFrameModel::find() should be compatible with Think\Model::find($options = Array) D:\wwwwroot\SIS.JXNU\Application\Common\Model\HyFrameModel.class.php 第 13 行.
NOTIC: [8] Undefined index: model D:\wwwwroot\SIS.JXNU\Application\Common\Controller\HyFrameController.class.php 第 42 行.

[ 2016-06-27T08:53:37+08:00 ] 120.203.69.87 /index.php/System/HyStart/online?keepTry=uFVzc0sm4a9qXXZD8yQHvN2t7Gv4qRlEFayyO02lPfM%3D6319937
INFO: [ app_init ] --START--
INFO: Run Behavior\BuildLiteBehavior [ RunTime:0.000000s ]
INFO: [ app_init ] --END-- [ RunTime:0.000977s ]
INFO: [ app_begin ] --START--
INFO: Run Behavior\ReadHtmlCacheBehavior [ RunTime:0.000977s ]
INFO: [ app_begin ] --END-- [ RunTime:0.000977s ]
NOTIC: [8192] mysql_connect(): The mysql extension is deprecated and will be removed in the future: use mysqli or PDO instead D:\wwwwroot\SIS.JXNU\HomyitCore\Library\Think\Session\Driver\Db.class.php 第 95 行.
INFO: [ action_begin ] --START--
INFO: Run Common\Behavior\HyLogBehavior [ RunTime:0.000977s ]
INFO: [ action_begin ] --END-- [ RunTime:0.000977s ]
NOTIC: [2048] Declaration of Common\Model\HyFrameModel::find() should be compatible with Think\Model::find($options = Array) D:\wwwwroot\SIS.JXNU\Application\Common\Model\HyFrameModel.class.php 第 13 行.
NOTIC: [8] Undefined index: model D:\wwwwroot\SIS.JXNU\Application\Common\Controller\HyFrameController.class.php 第 42 行.

[ 2016-06-27T08:54:37+08:00 ] 120.203.69.87 /index.php/System/HyStart/online?keepTry=ATXjn8B%2BKEdfw%2B51%2F9WKNm4NhNx2hXVJ3VYSGBLukXE%3D185430
INFO: [ app_init ] --START--
INFO: Run Behavior\BuildLiteBehavior [ RunTime:0.000000s ]
INFO: [ app_init ] --END-- [ RunTime:0.000000s ]
INFO: [ app_begin ] --START--
INFO: Run Behavior\ReadHtmlCacheBehavior [ RunTime:0.000000s ]
INFO: [ app_begin ] --END-- [ RunTime:0.000000s ]
NOTIC: [8192] mysql_connect(): The mysql extension is deprecated and will be removed in the future: use mysqli or PDO instead D:\wwwwroot\SIS.JXNU\HomyitCore\Library\Think\Session\Driver\Db.class.php 第 95 行.
INFO: [ action_begin ] --START--
INFO: Run Common\Behavior\HyLogBehavior [ RunTime:0.000976s ]
INFO: [ action_begin ] --END-- [ RunTime:0.000976s ]
NOTIC: [2048] Declaration of Common\Model\HyFrameModel::find() should be compatible with Think\Model::find($options = Array) D:\wwwwroot\SIS.JXNU\Application\Common\Model\HyFrameModel.class.php 第 13 行.
NOTIC: [8] Undefined index: model D:\wwwwroot\SIS.JXNU\Application\Common\Controller\HyFrameController.class.php 第 42 行.

[ 2016-06-27T08:55:37+08:00 ] 120.203.69.87 /index.php/System/HyStart/online?keepTry=IHiNbiCbcYo1LcZwSJEIDKjQthB0pvvh8Bhwpg6WNfw%3D5669851
INFO: [ app_init ] --START--
INFO: Run Behavior\BuildLiteBehavior [ RunTime:0.000000s ]
INFO: [ app_init ] --END-- [ RunTime:0.000000s ]
INFO: [ app_begin ] --START--
INFO: Run Behavior\ReadHtmlCacheBehavior [ RunTime:0.000976s ]
INFO: [ app_begin ] --END-- [ RunTime:0.000976s ]
NOTIC: [8192] mysql_connect(): The mysql extension is deprecated and will be removed in the future: use mysqli or PDO instead D:\wwwwroot\SIS.JXNU\HomyitCore\Library\Think\Session\Driver\Db.class.php 第 95 行.
INFO: [ action_begin ] --START--
INFO: Run Common\Behavior\HyLogBehavior [ RunTime:0.000976s ]
INFO: [ action_begin ] --END-- [ RunTime:0.000976s ]
NOTIC: [2048] Declaration of Common\Model\HyFrameModel::find() should be compatible with Think\Model::find($options = Array) D:\wwwwroot\SIS.JXNU\Application\Common\Model\HyFrameModel.class.php 第 13 行.
NOTIC: [8] Undefined index: model D:\wwwwroot\SIS.JXNU\Application\Common\Controller\HyFrameController.class.php 第 42 行.

[ 2016-06-27T08:56:37+08:00 ] 120.203.69.87 /index.php/System/HyStart/online?keepTry=LuVuexu0L2mxiQJmPGJkCv6pYELI2B1g1LGiHPH85No%3D7245855
INFO: [ app_init ] --START--
INFO: Run Behavior\BuildLiteBehavior [ RunTime:0.000000s ]
INFO: [ app_init ] --END-- [ RunTime:0.000977s ]
INFO: [ app_begin ] --START--
INFO: Run Behavior\ReadHtmlCacheBehavior [ RunTime:0.000977s ]
INFO: [ app_begin ] --END-- [ RunTime:0.000977s ]
NOTIC: [8192] mysql_connect(): The mysql extension is deprecated and will be removed in the future: use mysqli or PDO instead D:\wwwwroot\SIS.JXNU\HomyitCore\Library\Think\Session\Driver\Db.class.php 第 95 行.
INFO: [ action_begin ] --START--
INFO: Run Common\Behavior\HyLogBehavior [ RunTime:0.000000s ]
INFO: [ action_begin ] --END-- [ RunTime:0.000000s ]
NOTIC: [2048] Declaration of Common\Model\HyFrameModel::find() should be compatible with Think\Model::find($options = Array) D:\wwwwroot\SIS.JXNU\Application\Common\Model\HyFrameModel.class.php 第 13 行.
NOTIC: [8] Undefined index: model D:\wwwwroot\SIS.JXNU\Application\Common\Controller\HyFrameController.class.php 第 42 行.

[ 2016-06-27T08:57:37+08:00 ] 120.203.69.87 /index.php/System/HyStart/online?keepTry=qw72wE7E25zYL53uwWQoV70Wz4puGDLQihFoL2tSCdA%3D5894301
INFO: [ app_init ] --START--
INFO: Run Behavior\BuildLiteBehavior [ RunTime:0.000976s ]
INFO: [ app_init ] --END-- [ RunTime:0.000976s ]
INFO: [ app_begin ] --START--
INFO: Run Behavior\ReadHtmlCacheBehavior [ RunTime:0.000976s ]
INFO: [ app_begin ] --END-- [ RunTime:0.000976s ]
NOTIC: [8192] mysql_connect(): The mysql extension is deprecated and will be removed in the future: use mysqli or PDO instead D:\wwwwroot\SIS.JXNU\HomyitCore\Library\Think\Session\Driver\Db.class.php 第 95 行.
INFO: [ action_begin ] --START--
INFO: Run Common\Behavior\HyLogBehavior [ RunTime:0.000976s ]
INFO: [ action_begin ] --END-- [ RunTime:0.000976s ]
NOTIC: [2048] Declaration of Common\Model\HyFrameModel::find() should be compatible with Think\Model::find($options = Array) D:\wwwwroot\SIS.JXNU\Application\Common\Model\HyFrameModel.class.php 第 13 行.
NOTIC: [8] Undefined index: model D:\wwwwroot\SIS.JXNU\Application\Common\Controller\HyFrameController.class.php 第 42 行.

[ 2016-06-27T15:58:59+08:00 ] 223.104.10.219 /index.php/System/HyStart/login.html
INFO: [ app_init ] --START--
INFO: Run Behavior\BuildLiteBehavior [ RunTime:0.000000s ]
INFO: [ app_init ] --END-- [ RunTime:0.000977s ]
INFO: [ app_begin ] --START--
INFO: Run Behavior\ReadHtmlCacheBehavior [ RunTime:0.000976s ]
INFO: [ app_begin ] --END-- [ RunTime:0.000976s ]
NOTIC: [8192] mysql_connect(): The mysql extension is deprecated and will be removed in the future: use mysqli or PDO instead D:\wwwwroot\SIS.JXNU\HomyitCore\Library\Think\Session\Driver\Db.class.php 第 95 行.
INFO: [ action_begin ] --START--
INFO: Run Common\Behavior\HyLogBehavior [ RunTime:0.000977s ]
INFO: [ action_begin ] --END-- [ RunTime:0.000977s ]
NOTIC: [2048] Declaration of Common\Model\HyFrameModel::find() should be compatible with Think\Model::find($options = Array) D:\wwwwroot\SIS.JXNU\Application\Common\Model\HyFrameModel.class.php 第 13 行.
NOTIC: [8] Undefined index: model D:\wwwwroot\SIS.JXNU\Application\Common\Controller\HyFrameController.class.php 第 42 行.
SQL: SHOW COLUMNS FROM `edu_frame_setting` [ RunTime:0.0020s ]
SQL: SELECT `key`,`value` FROM `edu_frame_setting` WHERE `status` < 9  [ RunTime:0.0010s ]
INFO: [ before_view ] --START--
INFO: Run Common\Behavior\HyBeforeViewBehavior [ RunTime:0.000976s ]
INFO: [ before_view ] --END-- [ RunTime:0.000976s ]
INFO: [ view_parse ] --START--
INFO: [ template_filter ] --START--
INFO: Run Behavior\ContentReplaceBehavior [ RunTime:0.000000s ]
INFO: [ template_filter ] --END-- [ RunTime:0.000000s ]
INFO: Run Behavior\ParseTemplateBehavior [ RunTime:0.007813s ]
INFO: [ view_parse ] --END-- [ RunTime:0.008790s ]
INFO: [ view_filter ] --START--
INFO: Run Behavior\WriteHtmlCacheBehavior [ RunTime:0.000000s ]
INFO: [ view_filter ] --END-- [ RunTime:0.000000s ]
INFO: [ action_end ] --START--
INFO: Run Common\Behavior\HyLogBehavior [ RunTime:0.000000s ]
INFO: [ action_end ] --END-- [ RunTime:0.000000s ]
INFO: [ app_end ] --START--
INFO: Run Behavior\ShowPageTraceBehavior [ RunTime:0.000976s ]
INFO: [ app_end ] --END-- [ RunTime:0.000976s ]

[ 2016-06-27T15:59:03+08:00 ] 223.104.10.219 /index.php/System/HyStart/favicon.ico
INFO: [ app_init ] --START--
INFO: Run Behavior\BuildLiteBehavior [ RunTime:0.000000s ]
INFO: [ app_init ] --END-- [ RunTime:0.000000s ]

