[ 2016-06-26T23:41:47+08:00 ] 42.156.137.97 /index.php/Home/Article/detail/content_id/644/lan_id/2.htm.html
INFO: [ app_init ] --START--
INFO: Run Behavior\BuildLiteBehavior [ RunTime:0.000000s ]
INFO: [ app_init ] --END-- [ RunTime:0.000977s ]
INFO: [ app_begin ] --START--
INFO: Run Behavior\ReadHtmlCacheBehavior [ RunTime:0.000977s ]
INFO: [ app_begin ] --END-- [ RunTime:0.000977s ]
NOTIC: [8192] mysql_connect(): The mysql extension is deprecated and will be removed in the future: use mysqli or PDO instead D:\wwwwroot\SIS.JXNU\HomyitCore\Library\Think\Session\Driver\Db.class.php 第 95 行.
INFO: [ action_begin ] --START--
INFO: Run Common\Behavior\HyLogBehavior [ RunTime:0.000000s ]
INFO: [ action_begin ] --END-- [ RunTime:0.000000s ]
SQL: SHOW COLUMNS FROM `edu_friend_link` [ RunTime:0.0029s ]
SQL: SELECT * FROM `edu_friend_link` WHERE `status` = 1 AND `type` = 0 ORDER BY rank desc LIMIT 4   [ RunTime:0.0000s ]
SQL: SHOW COLUMNS FROM `edu_announce` [ RunTime:0.0029s ]
SQL: SELECT * FROM `edu_announce` WHERE `status` = 1 ORDER BY create_time desc LIMIT 5   [ RunTime:0.0000s ]
SQL: SHOW COLUMNS FROM `edu_category` [ RunTime:0.0020s ]
SQL: SELECT `pid`,`id`,`name`,`language_id` FROM `edu_category` WHERE `status` = 1 AND `nav_show` = 0 AND `switch` = 1 AND `language_id` = '2.htm' ORDER BY rank desc  [ RunTime:0.0000s ]
SQL: SHOW COLUMNS FROM `edu_language` [ RunTime:0.0020s ]
SQL: SELECT * FROM `edu_language` WHERE `status` = 1  [ RunTime:0.0000s ]
SQL: SHOW COLUMNS FROM `edu_details` [ RunTime:0.0020s ]
SQL: UPDATE `edu_details` SET `hit`=hit+1 WHERE `id` = 644 [ RunTime:0.0059s ]
SQL: SELECT d.id,d.hit,d.user_id,d.title,d.content,d.create_time,d.update_time,c.pid as c_pid,c.name as category_name,u.name AS user_name FROM edu_details d INNER JOIN edu_category AS c ON d.category_id=c.id LEFT JOIN edu_user AS u ON d.user_id=u.id  WHERE d.status = 1 AND d.is_publish = 1 AND d.id = '644' AND d.language_id = '2.htm'  [ RunTime:0.0000s ]
SQL: SHOW COLUMNS FROM `edu_category` [ RunTime:0.0020s ]
SQL: SELECT `id`,`name` FROM `edu_category` WHERE `status` = 1 AND `switch` = 1 ORDER BY id asc  [ RunTime:0.0000s ]
SQL: SELECT `id`,`name` FROM `edu_category` WHERE `pid` = 3 AND `status` = 1 AND `switch` = 1  [ RunTime:0.0000s ]
INFO: [ view_parse ] --START--
INFO: [ template_filter ] --START--
INFO: Run Behavior\ContentReplaceBehavior [ RunTime:0.000000s ]
INFO: [ template_filter ] --END-- [ RunTime:0.000000s ]
INFO: Run Behavior\ParseTemplateBehavior [ RunTime:0.024413s ]
INFO: [ view_parse ] --END-- [ RunTime:0.024413s ]
INFO: [ view_filter ] --START--
INFO: Run Behavior\WriteHtmlCacheBehavior [ RunTime:0.000976s ]
INFO: [ view_filter ] --END-- [ RunTime:0.000976s ]
INFO: [ action_end ] --START--
INFO: Run Common\Behavior\HyLogBehavior [ RunTime:0.000000s ]
INFO: [ action_end ] --END-- [ RunTime:0.000000s ]
INFO: [ app_end ] --START--
INFO: Run Behavior\ShowPageTraceBehavior [ RunTime:0.000977s ]
INFO: [ app_end ] --END-- [ RunTime:0.000977s ]

[ 2016-06-26T23:43:58+08:00 ] 180.153.186.182 /
INFO: [ app_init ] --START--
INFO: Run Behavior\BuildLiteBehavior [ RunTime:0.000000s ]
INFO: [ app_init ] --END-- [ RunTime:0.000000s ]
INFO: [ app_begin ] --START--
INFO: Run Behavior\ReadHtmlCacheBehavior [ RunTime:0.000977s ]
INFO: [ app_begin ] --END-- [ RunTime:0.000977s ]
NOTIC: [8192] mysql_connect(): The mysql extension is deprecated and will be removed in the future: use mysqli or PDO instead D:\wwwwroot\SIS.JXNU\HomyitCore\Library\Think\Session\Driver\Db.class.php 第 95 行.
INFO: [ action_begin ] --START--
INFO: Run Common\Behavior\HyLogBehavior [ RunTime:0.000000s ]
INFO: [ action_begin ] --END-- [ RunTime:0.000977s ]
SQL: SHOW COLUMNS FROM `edu_friend_link` [ RunTime:0.0020s ]
SQL: SELECT * FROM `edu_friend_link` WHERE `status` = 1 AND `type` = 0 ORDER BY rank desc LIMIT 4   [ RunTime:0.0000s ]
SQL: SHOW COLUMNS FROM `edu_announce` [ RunTime:0.0020s ]
SQL: SELECT * FROM `edu_announce` WHERE `status` = 1 ORDER BY create_time desc LIMIT 5   [ RunTime:0.0000s ]
SQL: SHOW COLUMNS FROM `edu_category` [ RunTime:0.0020s ]
SQL: SELECT `pid`,`id`,`name`,`language_id` FROM `edu_category` WHERE `status` = 1 AND `nav_show` = 0 AND `switch` = 1 AND `language_id` = 2 ORDER BY rank desc  [ RunTime:0.0010s ]
SQL: SHOW COLUMNS FROM `edu_language` [ RunTime:0.0020s ]
SQL: SELECT * FROM `edu_language` WHERE `status` = 1  [ RunTime:0.0000s ]
SQL: SHOW COLUMNS FROM `edu_friend_link` [ RunTime:0.0010s ]
SQL: SELECT `savepath`,`savename`,fl.url,fl.name FROM edu_friend_link fl INNER JOIN edu_frame_file as f ON fl.img=f.id  WHERE fl.status = 1 AND fl.type = 1 ORDER BY fl.create_time desc LIMIT 1   [ RunTime:0.0000s ]
SQL: SHOW COLUMNS FROM `edu_banner` [ RunTime:0.0010s ]
SQL: SELECT b.id,b.index_show,f.savepath,f.savename FROM edu_banner b INNER JOIN edu_frame_file AS f ON b.img_title = f.id  WHERE `status` = 1 AND `index_show` <> 0 ORDER BY b.create_time desc LIMIT 5   [ RunTime:0.0010s ]
SQL: SELECT * FROM `edu_category` WHERE `status` = 1 AND `switch` = 1 AND `nav_show` = 1 AND `language_id` = 2 ORDER BY rank desc LIMIT 5   [ RunTime:0.0000s ]
SQL: SHOW COLUMNS FROM `edu_details` [ RunTime:0.0029s ]
SQL: SELECT d.id,d.content FROM edu_details d INNER JOIN edu_category AS c ON d.category_id = c.id  WHERE d.status = 1 AND c.language_id = 2 AND d.is_publish = 1 ORDER BY d.create_time desc  [ RunTime:0.0342s ]
SQL: SHOW COLUMNS FROM `edu_category` [ RunTime:0.0029s ]
SQL: SELECT `id` FROM `edu_category` WHERE `name` = '领导致辞' LIMIT 1   [ RunTime:0.0000s ]
SQL: SELECT * FROM `edu_details` WHERE `status` = 1 AND `category_id` = 59 AND `language_id` = 2 ORDER BY create_time desc LIMIT 6   [ RunTime:0.0010s ]
SQL: SELECT * FROM `edu_details` WHERE `status` = 1 AND `language_id` = 2 ORDER BY create_time desc LIMIT 6   [ RunTime:0.0010s ]
SQL: SELECT `id` FROM `edu_category` WHERE `name` = '师生风采' LIMIT 1   [ RunTime:0.0000s ]
SQL: SELECT * FROM `edu_details` WHERE `status` = 1 AND `category_id` = 18 AND `language_id` = 2 ORDER BY create_time desc LIMIT 6   [ RunTime:0.0010s ]
INFO: [ view_parse ] --START--
INFO: [ template_filter ] --START--
INFO: Run Behavior\ContentReplaceBehavior [ RunTime:0.000000s ]
INFO: [ template_filter ] --END-- [ RunTime:0.000977s ]
INFO: Run Behavior\ParseTemplateBehavior [ RunTime:0.037111s ]
INFO: [ view_parse ] --END-- [ RunTime:0.037111s ]
INFO: [ view_filter ] --START--
INFO: Run Behavior\WriteHtmlCacheBehavior [ RunTime:0.000000s ]
INFO: [ view_filter ] --END-- [ RunTime:0.000000s ]
INFO: [ action_end ] --START--
INFO: Run Common\Behavior\HyLogBehavior [ RunTime:0.000000s ]
INFO: [ action_end ] --END-- [ RunTime:0.000000s ]
INFO: [ app_end ] --START--
INFO: Run Behavior\ShowPageTraceBehavior [ RunTime:0.000976s ]
INFO: [ app_end ] --END-- [ RunTime:0.000976s ]

[ 2016-06-26T23:46:09+08:00 ] 89.163.148.58 /index.php/Home/Article/detail/content_id/472/lan_id/2.htm.html
INFO: [ app_init ] --START--
INFO: Run Behavior\BuildLiteBehavior [ RunTime:0.000000s ]
INFO: [ app_init ] --END-- [ RunTime:0.000000s ]
INFO: [ app_begin ] --START--
INFO: Run Behavior\ReadHtmlCacheBehavior [ RunTime:0.000976s ]
INFO: [ app_begin ] --END-- [ RunTime:0.000976s ]
NOTIC: [8192] mysql_connect(): The mysql extension is deprecated and will be removed in the future: use mysqli or PDO instead D:\wwwwroot\SIS.JXNU\HomyitCore\Library\Think\Session\Driver\Db.class.php 第 95 行.
INFO: [ action_begin ] --START--
INFO: Run Common\Behavior\HyLogBehavior [ RunTime:0.000977s ]
INFO: [ action_begin ] --END-- [ RunTime:0.000977s ]
SQL: SHOW COLUMNS FROM `edu_friend_link` [ RunTime:0.0020s ]
SQL: SELECT * FROM `edu_friend_link` WHERE `status` = 1 AND `type` = 0 ORDER BY rank desc LIMIT 4   [ RunTime:0.0000s ]
SQL: SHOW COLUMNS FROM `edu_announce` [ RunTime:0.0010s ]
SQL: SELECT * FROM `edu_announce` WHERE `status` = 1 ORDER BY create_time desc LIMIT 5   [ RunTime:0.0000s ]
SQL: SHOW COLUMNS FROM `edu_category` [ RunTime:0.0020s ]
SQL: SELECT `pid`,`id`,`name`,`language_id` FROM `edu_category` WHERE `status` = 1 AND `nav_show` = 0 AND `switch` = 1 AND `language_id` = '2.htm' ORDER BY rank desc  [ RunTime:0.0000s ]
SQL: SHOW COLUMNS FROM `edu_language` [ RunTime:0.0020s ]
SQL: SELECT * FROM `edu_language` WHERE `status` = 1  [ RunTime:0.0000s ]
SQL: SHOW COLUMNS FROM `edu_details` [ RunTime:0.0020s ]
SQL: UPDATE `edu_details` SET `hit`=hit+1 WHERE `id` = 472 [ RunTime:0.0059s ]
SQL: SELECT d.id,d.hit,d.user_id,d.title,d.content,d.create_time,d.update_time,c.pid as c_pid,c.name as category_name,u.name AS user_name FROM edu_details d INNER JOIN edu_category AS c ON d.category_id=c.id LEFT JOIN edu_user AS u ON d.user_id=u.id  WHERE d.status = 1 AND d.is_publish = 1 AND d.id = '472' AND d.language_id = '2.htm'  [ RunTime:0.0000s ]
SQL: SHOW COLUMNS FROM `edu_category` [ RunTime:0.0020s ]
SQL: SELECT `id`,`name` FROM `edu_category` WHERE `status` = 1 AND `switch` = 1 ORDER BY id asc  [ RunTime:0.0000s ]
SQL: SELECT `id`,`name` FROM `edu_category` WHERE `pid` = 7 AND `status` = 1 AND `switch` = 1  [ RunTime:0.0000s ]
INFO: [ view_parse ] --START--
INFO: [ template_filter ] --START--
INFO: Run Behavior\ContentReplaceBehavior [ RunTime:0.000000s ]
INFO: [ template_filter ] --END-- [ RunTime:0.000000s ]
INFO: Run Behavior\ParseTemplateBehavior [ RunTime:0.024415s ]
INFO: [ view_parse ] --END-- [ RunTime:0.024415s ]
INFO: [ view_filter ] --START--
INFO: Run Behavior\WriteHtmlCacheBehavior [ RunTime:0.000977s ]
INFO: [ view_filter ] --END-- [ RunTime:0.000977s ]
INFO: [ action_end ] --START--
INFO: Run Common\Behavior\HyLogBehavior [ RunTime:0.000000s ]
INFO: [ action_end ] --END-- [ RunTime:0.000000s ]
INFO: [ app_end ] --START--
INFO: Run Behavior\ShowPageTraceBehavior [ RunTime:0.000000s ]
INFO: [ app_end ] --END-- [ RunTime:0.000000s ]

[ 2016-06-26T23:46:12+08:00 ] 89.163.148.58 /index.php/Home/Article/detail/content_id/472/lan_id/2.html
INFO: [ app_init ] --START--
INFO: Run Behavior\BuildLiteBehavior [ RunTime:0.000000s ]
INFO: [ app_init ] --END-- [ RunTime:0.000000s ]
INFO: [ app_begin ] --START--
INFO: Run Behavior\ReadHtmlCacheBehavior [ RunTime:0.000977s ]
INFO: [ app_begin ] --END-- [ RunTime:0.000977s ]
NOTIC: [8192] mysql_connect(): The mysql extension is deprecated and will be removed in the future: use mysqli or PDO instead D:\wwwwroot\SIS.JXNU\HomyitCore\Library\Think\Session\Driver\Db.class.php 第 95 行.
INFO: [ action_begin ] --START--
INFO: Run Common\Behavior\HyLogBehavior [ RunTime:0.000977s ]
INFO: [ action_begin ] --END-- [ RunTime:0.000977s ]
SQL: SHOW COLUMNS FROM `edu_friend_link` [ RunTime:0.0020s ]
SQL: SELECT * FROM `edu_friend_link` WHERE `status` = 1 AND `type` = 0 ORDER BY rank desc LIMIT 4   [ RunTime:0.0000s ]
SQL: SHOW COLUMNS FROM `edu_announce` [ RunTime:0.0020s ]
SQL: SELECT * FROM `edu_announce` WHERE `status` = 1 ORDER BY create_time desc LIMIT 5   [ RunTime:0.0000s ]
SQL: SHOW COLUMNS FROM `edu_category` [ RunTime:0.0010s ]
SQL: SELECT `pid`,`id`,`name`,`language_id` FROM `edu_category` WHERE `status` = 1 AND `nav_show` = 0 AND `switch` = 1 AND `language_id` = '2' ORDER BY rank desc  [ RunTime:0.0000s ]
SQL: SHOW COLUMNS FROM `edu_language` [ RunTime:0.0010s ]
SQL: SELECT * FROM `edu_language` WHERE `status` = 1  [ RunTime:0.0000s ]
SQL: SHOW COLUMNS FROM `edu_details` [ RunTime:0.0020s ]
SQL: UPDATE `edu_details` SET `hit`=hit+1 WHERE `id` = 472 [ RunTime:0.0039s ]
SQL: SELECT d.id,d.hit,d.user_id,d.title,d.content,d.create_time,d.update_time,c.pid as c_pid,c.name as category_name,u.name AS user_name FROM edu_details d INNER JOIN edu_category AS c ON d.category_id=c.id LEFT JOIN edu_user AS u ON d.user_id=u.id  WHERE d.status = 1 AND d.is_publish = 1 AND d.id = '472' AND d.language_id = '2'  [ RunTime:0.0010s ]
SQL: SHOW COLUMNS FROM `edu_category` [ RunTime:0.0020s ]
SQL: SELECT `id`,`name` FROM `edu_category` WHERE `status` = 1 AND `switch` = 1 ORDER BY id asc  [ RunTime:0.0000s ]
SQL: SELECT `id`,`name` FROM `edu_category` WHERE `pid` = 7 AND `status` = 1 AND `switch` = 1  [ RunTime:0.0010s ]
INFO: [ view_parse ] --START--
INFO: [ template_filter ] --START--
INFO: Run Behavior\ContentReplaceBehavior [ RunTime:0.000000s ]
INFO: [ template_filter ] --END-- [ RunTime:0.000000s ]
INFO: Run Behavior\ParseTemplateBehavior [ RunTime:0.023438s ]
INFO: [ view_parse ] --END-- [ RunTime:0.023438s ]
INFO: [ view_filter ] --START--
INFO: Run Behavior\WriteHtmlCacheBehavior [ RunTime:0.000977s ]
INFO: [ view_filter ] --END-- [ RunTime:0.000977s ]
INFO: [ action_end ] --START--
INFO: Run Common\Behavior\HyLogBehavior [ RunTime:0.000000s ]
INFO: [ action_end ] --END-- [ RunTime:0.000000s ]
INFO: [ app_end ] --START--
INFO: Run Behavior\ShowPageTraceBehavior [ RunTime:0.000000s ]
INFO: [ app_end ] --END-- [ RunTime:0.000976s ]

[ 2016-06-26T23:46:15+08:00 ] 89.163.148.58 /index.php/Home/Article/detail/content_id/478/lan_id/2.htm.html
INFO: [ app_init ] --START--
INFO: Run Behavior\BuildLiteBehavior [ RunTime:0.000000s ]
INFO: [ app_init ] --END-- [ RunTime:0.000976s ]
INFO: [ app_begin ] --START--
INFO: Run Behavior\ReadHtmlCacheBehavior [ RunTime:0.000977s ]
INFO: [ app_begin ] --END-- [ RunTime:0.000977s ]
NOTIC: [8192] mysql_connect(): The mysql extension is deprecated and will be removed in the future: use mysqli or PDO instead D:\wwwwroot\SIS.JXNU\HomyitCore\Library\Think\Session\Driver\Db.class.php 第 95 行.
INFO: [ action_begin ] --START--
INFO: Run Common\Behavior\HyLogBehavior [ RunTime:0.000000s ]
INFO: [ action_begin ] --END-- [ RunTime:0.000000s ]
SQL: SHOW COLUMNS FROM `edu_friend_link` [ RunTime:0.0020s ]
SQL: SELECT * FROM `edu_friend_link` WHERE `status` = 1 AND `type` = 0 ORDER BY rank desc LIMIT 4   [ RunTime:0.0010s ]
SQL: SHOW COLUMNS FROM `edu_announce` [ RunTime:0.0020s ]
SQL: SELECT * FROM `edu_announce` WHERE `status` = 1 ORDER BY create_time desc LIMIT 5   [ RunTime:0.0000s ]
SQL: SHOW COLUMNS FROM `edu_category` [ RunTime:0.0020s ]
SQL: SELECT `pid`,`id`,`name`,`language_id` FROM `edu_category` WHERE `status` = 1 AND `nav_show` = 0 AND `switch` = 1 AND `language_id` = '2.htm' ORDER BY rank desc  [ RunTime:0.0010s ]
SQL: SHOW COLUMNS FROM `edu_language` [ RunTime:0.0020s ]
SQL: SELECT * FROM `edu_language` WHERE `status` = 1  [ RunTime:0.0010s ]
SQL: SHOW COLUMNS FROM `edu_details` [ RunTime:0.0010s ]
SQL: UPDATE `edu_details` SET `hit`=hit+1 WHERE `id` = 478 [ RunTime:0.0039s ]
SQL: SELECT d.id,d.hit,d.user_id,d.title,d.content,d.create_time,d.update_time,c.pid as c_pid,c.name as category_name,u.name AS user_name FROM edu_details d INNER JOIN edu_category AS c ON d.category_id=c.id LEFT JOIN edu_user AS u ON d.user_id=u.id  WHERE d.status = 1 AND d.is_publish = 1 AND d.id = '478' AND d.language_id = '2.htm'  [ RunTime:0.0010s ]
SQL: SHOW COLUMNS FROM `edu_category` [ RunTime:0.0020s ]
SQL: SELECT `id`,`name` FROM `edu_category` WHERE `status` = 1 AND `switch` = 1 ORDER BY id asc  [ RunTime:0.0000s ]
SQL: SELECT `id`,`name` FROM `edu_category` WHERE `pid` = 7 AND `status` = 1 AND `switch` = 1  [ RunTime:0.0010s ]
INFO: [ view_parse ] --START--
INFO: [ template_filter ] --START--
INFO: Run Behavior\ContentReplaceBehavior [ RunTime:0.000000s ]
INFO: [ template_filter ] --END-- [ RunTime:0.000000s ]
INFO: Run Behavior\ParseTemplateBehavior [ RunTime:0.026368s ]
INFO: [ view_parse ] --END-- [ RunTime:0.026368s ]
INFO: [ view_filter ] --START--
INFO: Run Behavior\WriteHtmlCacheBehavior [ RunTime:0.000976s ]
INFO: [ view_filter ] --END-- [ RunTime:0.000976s ]
INFO: [ action_end ] --START--
INFO: Run Common\Behavior\HyLogBehavior [ RunTime:0.000000s ]
INFO: [ action_end ] --END-- [ RunTime:0.000000s ]
INFO: [ app_end ] --START--
INFO: Run Behavior\ShowPageTraceBehavior [ RunTime:0.000000s ]
INFO: [ app_end ] --END-- [ RunTime:0.000000s ]

[ 2016-06-26T23:46:20+08:00 ] 89.163.148.58 /index.php/Home/Article/detail/content_id/483/lan_id/2.html
INFO: [ app_init ] --START--
INFO: Run Behavior\BuildLiteBehavior [ RunTime:0.000000s ]
INFO: [ app_init ] --END-- [ RunTime:0.000000s ]
INFO: [ app_begin ] --START--
INFO: Run Behavior\ReadHtmlCacheBehavior [ RunTime:0.000977s ]
INFO: [ app_begin ] --END-- [ RunTime:0.000977s ]
NOTIC: [8192] mysql_connect(): The mysql extension is deprecated and will be removed in the future: use mysqli or PDO instead D:\wwwwroot\SIS.JXNU\HomyitCore\Library\Think\Session\Driver\Db.class.php 第 95 行.
INFO: [ action_begin ] --START--
INFO: Run Common\Behavior\HyLogBehavior [ RunTime:0.000000s ]
INFO: [ action_begin ] --END-- [ RunTime:0.000000s ]
SQL: SHOW COLUMNS FROM `edu_friend_link` [ RunTime:0.0020s ]
SQL: SELECT * FROM `edu_friend_link` WHERE `status` = 1 AND `type` = 0 ORDER BY rank desc LIMIT 4   [ RunTime:0.0010s ]
SQL: SHOW COLUMNS FROM `edu_announce` [ RunTime:0.0020s ]
SQL: SELECT * FROM `edu_announce` WHERE `status` = 1 ORDER BY create_time desc LIMIT 5   [ RunTime:0.0010s ]
SQL: SHOW COLUMNS FROM `edu_category` [ RunTime:0.0020s ]
SQL: SELECT `pid`,`id`,`name`,`language_id` FROM `edu_category` WHERE `status` = 1 AND `nav_show` = 0 AND `switch` = 1 AND `language_id` = '2' ORDER BY rank desc  [ RunTime:0.0010s ]
SQL: SHOW COLUMNS FROM `edu_language` [ RunTime:0.0010s ]
SQL: SELECT * FROM `edu_language` WHERE `status` = 1  [ RunTime:0.0010s ]
SQL: SHOW COLUMNS FROM `edu_details` [ RunTime:0.0010s ]
SQL: UPDATE `edu_details` SET `hit`=hit+1 WHERE `id` = 483 [ RunTime:0.0039s ]
SQL: SELECT d.id,d.hit,d.user_id,d.title,d.content,d.create_time,d.update_time,c.pid as c_pid,c.name as category_name,u.name AS user_name FROM edu_details d INNER JOIN edu_category AS c ON d.category_id=c.id LEFT JOIN edu_user AS u ON d.user_id=u.id  WHERE d.status = 1 AND d.is_publish = 1 AND d.id = '483' AND d.language_id = '2'  [ RunTime:0.0010s ]
SQL: SHOW COLUMNS FROM `edu_category` [ RunTime:0.0020s ]
SQL: SELECT `id`,`name` FROM `edu_category` WHERE `status` = 1 AND `switch` = 1 ORDER BY id asc  [ RunTime:0.0010s ]
SQL: SELECT `id`,`name` FROM `edu_category` WHERE `pid` = 7 AND `status` = 1 AND `switch` = 1  [ RunTime:0.0000s ]
INFO: [ view_parse ] --START--
INFO: [ template_filter ] --START--
INFO: Run Behavior\ContentReplaceBehavior [ RunTime:0.000000s ]
INFO: [ template_filter ] --END-- [ RunTime:0.000000s ]
INFO: Run Behavior\ParseTemplateBehavior [ RunTime:0.024415s ]
INFO: [ view_parse ] --END-- [ RunTime:0.024415s ]
INFO: [ view_filter ] --START--
INFO: Run Behavior\WriteHtmlCacheBehavior [ RunTime:0.000000s ]
INFO: [ view_filter ] --END-- [ RunTime:0.000977s ]
INFO: [ action_end ] --START--
INFO: Run Common\Behavior\HyLogBehavior [ RunTime:0.000000s ]
INFO: [ action_end ] --END-- [ RunTime:0.000000s ]
INFO: [ app_end ] --START--
INFO: Run Behavior\ShowPageTraceBehavior [ RunTime:0.000000s ]
INFO: [ app_end ] --END-- [ RunTime:0.000000s ]

[ 2016-06-26T23:46:25+08:00 ] 89.163.148.58 /index.php/Home/Article/detail/content_id/484/lan_id/2.html
INFO: [ app_init ] --START--
INFO: Run Behavior\BuildLiteBehavior [ RunTime:0.000000s ]
INFO: [ app_init ] --END-- [ RunTime:0.000000s ]
INFO: [ app_begin ] --START--
INFO: Run Behavior\ReadHtmlCacheBehavior [ RunTime:0.000000s ]
INFO: [ app_begin ] --END-- [ RunTime:0.000000s ]
NOTIC: [8192] mysql_connect(): The mysql extension is deprecated and will be removed in the future: use mysqli or PDO instead D:\wwwwroot\SIS.JXNU\HomyitCore\Library\Think\Session\Driver\Db.class.php 第 95 行.
INFO: [ action_begin ] --START--
INFO: Run Common\Behavior\HyLogBehavior [ RunTime:0.000000s ]
INFO: [ action_begin ] --END-- [ RunTime:0.000000s ]
SQL: SHOW COLUMNS FROM `edu_friend_link` [ RunTime:0.0020s ]
SQL: SELECT * FROM `edu_friend_link` WHERE `status` = 1 AND `type` = 0 ORDER BY rank desc LIMIT 4   [ RunTime:0.0010s ]
SQL: SHOW COLUMNS FROM `edu_announce` [ RunTime:0.0020s ]
SQL: SELECT * FROM `edu_announce` WHERE `status` = 1 ORDER BY create_time desc LIMIT 5   [ RunTime:0.0010s ]
SQL: SHOW COLUMNS FROM `edu_category` [ RunTime:0.0020s ]
SQL: SELECT `pid`,`id`,`name`,`language_id` FROM `edu_category` WHERE `status` = 1 AND `nav_show` = 0 AND `switch` = 1 AND `language_id` = '2' ORDER BY rank desc  [ RunTime:0.0000s ]
SQL: SHOW COLUMNS FROM `edu_language` [ RunTime:0.0020s ]
SQL: SELECT * FROM `edu_language` WHERE `status` = 1  [ RunTime:0.0000s ]
SQL: SHOW COLUMNS FROM `edu_details` [ RunTime:0.0020s ]
SQL: UPDATE `edu_details` SET `hit`=hit+1 WHERE `id` = 484 [ RunTime:0.0059s ]
SQL: SELECT d.id,d.hit,d.user_id,d.title,d.content,d.create_time,d.update_time,c.pid as c_pid,c.name as category_name,u.name AS user_name FROM edu_details d INNER JOIN edu_category AS c ON d.category_id=c.id LEFT JOIN edu_user AS u ON d.user_id=u.id  WHERE d.status = 1 AND d.is_publish = 1 AND d.id = '484' AND d.language_id = '2'  [ RunTime:0.0000s ]
SQL: SHOW COLUMNS FROM `edu_category` [ RunTime:0.0020s ]
SQL: SELECT `id`,`name` FROM `edu_category` WHERE `status` = 1 AND `switch` = 1 ORDER BY id asc  [ RunTime:0.0010s ]
SQL: SELECT `id`,`name` FROM `edu_category` WHERE `pid` = 7 AND `status` = 1 AND `switch` = 1  [ RunTime:0.0010s ]
INFO: [ view_parse ] --START--
INFO: [ template_filter ] --START--
INFO: Run Behavior\ContentReplaceBehavior [ RunTime:0.000000s ]
INFO: [ template_filter ] --END-- [ RunTime:0.000000s ]
INFO: Run Behavior\ParseTemplateBehavior [ RunTime:0.024415s ]
INFO: [ view_parse ] --END-- [ RunTime:0.024415s ]
INFO: [ view_filter ] --START--
INFO: Run Behavior\WriteHtmlCacheBehavior [ RunTime:0.000000s ]
INFO: [ view_filter ] --END-- [ RunTime:0.000000s ]
INFO: [ action_end ] --START--
INFO: Run Common\Behavior\HyLogBehavior [ RunTime:0.000976s ]
INFO: [ action_end ] --END-- [ RunTime:0.000976s ]
INFO: [ app_end ] --START--
INFO: Run Behavior\ShowPageTraceBehavior [ RunTime:0.000000s ]
INFO: [ app_end ] --END-- [ RunTime:0.000000s ]

[ 2016-06-26T23:46:28+08:00 ] 89.163.148.58 /index.php/Home/Article/detail/content_id/487/lan_id/2.html
INFO: [ app_init ] --START--
INFO: Run Behavior\BuildLiteBehavior [ RunTime:0.000000s ]
INFO: [ app_init ] --END-- [ RunTime:0.000000s ]
INFO: [ app_begin ] --START--
INFO: Run Behavior\ReadHtmlCacheBehavior [ RunTime:0.000977s ]
INFO: [ app_begin ] --END-- [ RunTime:0.000977s ]
NOTIC: [8192] mysql_connect(): The mysql extension is deprecated and will be removed in the future: use mysqli or PDO instead D:\wwwwroot\SIS.JXNU\HomyitCore\Library\Think\Session\Driver\Db.class.php 第 95 行.
INFO: [ action_begin ] --START--
INFO: Run Common\Behavior\HyLogBehavior [ RunTime:0.000000s ]
INFO: [ action_begin ] --END-- [ RunTime:0.000000s ]
SQL: SHOW COLUMNS FROM `edu_friend_link` [ RunTime:0.0020s ]
SQL: SELECT * FROM `edu_friend_link` WHERE `status` = 1 AND `type` = 0 ORDER BY rank desc LIMIT 4   [ RunTime:0.0000s ]
SQL: SHOW COLUMNS FROM `edu_announce` [ RunTime:0.0010s ]
SQL: SELECT * FROM `edu_announce` WHERE `status` = 1 ORDER BY create_time desc LIMIT 5   [ RunTime:0.0000s ]
SQL: SHOW COLUMNS FROM `edu_category` [ RunTime:0.0020s ]
SQL: SELECT `pid`,`id`,`name`,`language_id` FROM `edu_category` WHERE `status` = 1 AND `nav_show` = 0 AND `switch` = 1 AND `language_id` = '2' ORDER BY rank desc  [ RunTime:0.0000s ]
SQL: SHOW COLUMNS FROM `edu_language` [ RunTime:0.0010s ]
SQL: SELECT * FROM `edu_language` WHERE `status` = 1  [ RunTime:0.0000s ]
SQL: SHOW COLUMNS FROM `edu_details` [ RunTime:0.0020s ]
SQL: UPDATE `edu_details` SET `hit`=hit+1 WHERE `id` = 487 [ RunTime:0.0049s ]
SQL: SELECT d.id,d.hit,d.user_id,d.title,d.content,d.create_time,d.update_time,c.pid as c_pid,c.name as category_name,u.name AS user_name FROM edu_details d INNER JOIN edu_category AS c ON d.category_id=c.id LEFT JOIN edu_user AS u ON d.user_id=u.id  WHERE d.status = 1 AND d.is_publish = 1 AND d.id = '487' AND d.language_id = '2'  [ RunTime:0.0010s ]
SQL: SHOW COLUMNS FROM `edu_category` [ RunTime:0.0020s ]
SQL: SELECT `id`,`name` FROM `edu_category` WHERE `status` = 1 AND `switch` = 1 ORDER BY id asc  [ RunTime:0.0000s ]
SQL: SELECT `id`,`name` FROM `edu_category` WHERE `pid` = 7 AND `status` = 1 AND `switch` = 1  [ RunTime:0.0000s ]
INFO: [ view_parse ] --START--
INFO: [ template_filter ] --START--
INFO: Run Behavior\ContentReplaceBehavior [ RunTime:0.000000s ]
INFO: [ template_filter ] --END-- [ RunTime:0.000000s ]
INFO: Run Behavior\ParseTemplateBehavior [ RunTime:0.026368s ]
INFO: [ view_parse ] --END-- [ RunTime:0.026368s ]
INFO: [ view_filter ] --START--
INFO: Run Behavior\WriteHtmlCacheBehavior [ RunTime:0.000000s ]
INFO: [ view_filter ] --END-- [ RunTime:0.000000s ]
INFO: [ action_end ] --START--
INFO: Run Common\Behavior\HyLogBehavior [ RunTime:0.000000s ]
INFO: [ action_end ] --END-- [ RunTime:0.000000s ]
INFO: [ app_end ] --START--
INFO: Run Behavior\ShowPageTraceBehavior [ RunTime:0.000977s ]
INFO: [ app_end ] --END-- [ RunTime:0.000977s ]

[ 2016-06-26T23:46:32+08:00 ] 89.163.148.58 /index.php/Home/Article/detail/content_id/489/lan_id/2.htm.html
INFO: [ app_init ] --START--
INFO: Run Behavior\BuildLiteBehavior [ RunTime:0.000000s ]
INFO: [ app_init ] --END-- [ RunTime:0.000000s ]
INFO: [ app_begin ] --START--
INFO: Run Behavior\ReadHtmlCacheBehavior [ RunTime:0.000000s ]
INFO: [ app_begin ] --END-- [ RunTime:0.000000s ]
NOTIC: [8192] mysql_connect(): The mysql extension is deprecated and will be removed in the future: use mysqli or PDO instead D:\wwwwroot\SIS.JXNU\HomyitCore\Library\Think\Session\Driver\Db.class.php 第 95 行.
INFO: [ action_begin ] --START--
INFO: Run Common\Behavior\HyLogBehavior [ RunTime:0.000977s ]
INFO: [ action_begin ] --END-- [ RunTime:0.000977s ]
SQL: SHOW COLUMNS FROM `edu_friend_link` [ RunTime:0.0029s ]
SQL: SELECT * FROM `edu_friend_link` WHERE `status` = 1 AND `type` = 0 ORDER BY rank desc LIMIT 4   [ RunTime:0.0000s ]
SQL: SHOW COLUMNS FROM `edu_announce` [ RunTime:0.0020s ]
SQL: SELECT * FROM `edu_announce` WHERE `status` = 1 ORDER BY create_time desc LIMIT 5   [ RunTime:0.0000s ]
SQL: SHOW COLUMNS FROM `edu_category` [ RunTime:0.0029s ]
SQL: SELECT `pid`,`id`,`name`,`language_id` FROM `edu_category` WHERE `status` = 1 AND `nav_show` = 0 AND `switch` = 1 AND `language_id` = '2.htm' ORDER BY rank desc  [ RunTime:0.0000s ]
SQL: SHOW COLUMNS FROM `edu_language` [ RunTime:0.0020s ]
SQL: SELECT * FROM `edu_language` WHERE `status` = 1  [ RunTime:0.0000s ]
SQL: SHOW COLUMNS FROM `edu_details` [ RunTime:0.0020s ]
SQL: UPDATE `edu_details` SET `hit`=hit+1 WHERE `id` = 489 [ RunTime:0.0068s ]
SQL: SELECT d.id,d.hit,d.user_id,d.title,d.content,d.create_time,d.update_time,c.pid as c_pid,c.name as category_name,u.name AS user_name FROM edu_details d INNER JOIN edu_category AS c ON d.category_id=c.id LEFT JOIN edu_user AS u ON d.user_id=u.id  WHERE d.status = 1 AND d.is_publish = 1 AND d.id = '489' AND d.language_id = '2.htm'  [ RunTime:0.0010s ]
SQL: SHOW COLUMNS FROM `edu_category` [ RunTime:0.0020s ]
SQL: SELECT `id`,`name` FROM `edu_category` WHERE `status` = 1 AND `switch` = 1 ORDER BY id asc  [ RunTime:0.0000s ]
SQL: SELECT `id`,`name` FROM `edu_category` WHERE `pid` = 7 AND `status` = 1 AND `switch` = 1  [ RunTime:0.0000s ]
INFO: [ view_parse ] --START--
INFO: [ template_filter ] --START--
INFO: Run Behavior\ContentReplaceBehavior [ RunTime:0.000000s ]
INFO: [ template_filter ] --END-- [ RunTime:0.000000s ]
INFO: Run Behavior\ParseTemplateBehavior [ RunTime:0.025391s ]
INFO: [ view_parse ] --END-- [ RunTime:0.025391s ]
INFO: [ view_filter ] --START--
INFO: Run Behavior\WriteHtmlCacheBehavior [ RunTime:0.000000s ]
INFO: [ view_filter ] --END-- [ RunTime:0.000000s ]
INFO: [ action_end ] --START--
INFO: Run Common\Behavior\HyLogBehavior [ RunTime:0.000000s ]
INFO: [ action_end ] --END-- [ RunTime:0.000000s ]
INFO: [ app_end ] --START--
INFO: Run Behavior\ShowPageTraceBehavior [ RunTime:0.000977s ]
INFO: [ app_end ] --END-- [ RunTime:0.000977s ]

[ 2016-06-26T23:46:36+08:00 ] 89.163.148.58 /index.php/Home/Article/detail/content_id/490/lan_id/2.html
INFO: [ app_init ] --START--
INFO: Run Behavior\BuildLiteBehavior [ RunTime:0.000000s ]
INFO: [ app_init ] --END-- [ RunTime:0.000976s ]
INFO: [ app_begin ] --START--
INFO: Run Behavior\ReadHtmlCacheBehavior [ RunTime:0.000977s ]
INFO: [ app_begin ] --END-- [ RunTime:0.000977s ]
NOTIC: [8192] mysql_connect(): The mysql extension is deprecated and will be removed in the future: use mysqli or PDO instead D:\wwwwroot\SIS.JXNU\HomyitCore\Library\Think\Session\Driver\Db.class.php 第 95 行.
INFO: [ action_begin ] --START--
INFO: Run Common\Behavior\HyLogBehavior [ RunTime:0.000000s ]
INFO: [ action_begin ] --END-- [ RunTime:0.000977s ]
SQL: SHOW COLUMNS FROM `edu_friend_link` [ RunTime:0.0020s ]
SQL: SELECT * FROM `edu_friend_link` WHERE `status` = 1 AND `type` = 0 ORDER BY rank desc LIMIT 4   [ RunTime:0.0000s ]
SQL: SHOW COLUMNS FROM `edu_announce` [ RunTime:0.0010s ]
SQL: SELECT * FROM `edu_announce` WHERE `status` = 1 ORDER BY create_time desc LIMIT 5   [ RunTime:0.0000s ]
SQL: SHOW COLUMNS FROM `edu_category` [ RunTime:0.0010s ]
SQL: SELECT `pid`,`id`,`name`,`language_id` FROM `edu_category` WHERE `status` = 1 AND `nav_show` = 0 AND `switch` = 1 AND `language_id` = '2' ORDER BY rank desc  [ RunTime:0.0000s ]
SQL: SHOW COLUMNS FROM `edu_language` [ RunTime:0.0020s ]
SQL: SELECT * FROM `edu_language` WHERE `status` = 1  [ RunTime:0.0000s ]
SQL: SHOW COLUMNS FROM `edu_details` [ RunTime:0.0020s ]
SQL: UPDATE `edu_details` SET `hit`=hit+1 WHERE `id` = 490 [ RunTime:0.0059s ]
SQL: SELECT d.id,d.hit,d.user_id,d.title,d.content,d.create_time,d.update_time,c.pid as c_pid,c.name as category_name,u.name AS user_name FROM edu_details d INNER JOIN edu_category AS c ON d.category_id=c.id LEFT JOIN edu_user AS u ON d.user_id=u.id  WHERE d.status = 1 AND d.is_publish = 1 AND d.id = '490' AND d.language_id = '2'  [ RunTime:0.0010s ]
SQL: SHOW COLUMNS FROM `edu_category` [ RunTime:0.0020s ]
SQL: SELECT `id`,`name` FROM `edu_category` WHERE `status` = 1 AND `switch` = 1 ORDER BY id asc  [ RunTime:0.0000s ]
SQL: SELECT `id`,`name` FROM `edu_category` WHERE `pid` = 7 AND `status` = 1 AND `switch` = 1  [ RunTime:0.0010s ]
INFO: [ view_parse ] --START--
INFO: [ template_filter ] --START--
INFO: Run Behavior\ContentReplaceBehavior [ RunTime:0.000000s ]
INFO: [ template_filter ] --END-- [ RunTime:0.000000s ]
INFO: Run Behavior\ParseTemplateBehavior [ RunTime:0.025391s ]
INFO: [ view_parse ] --END-- [ RunTime:0.025391s ]
INFO: [ view_filter ] --START--
INFO: Run Behavior\WriteHtmlCacheBehavior [ RunTime:0.000977s ]
INFO: [ view_filter ] --END-- [ RunTime:0.000977s ]
INFO: [ action_end ] --START--
INFO: Run Common\Behavior\HyLogBehavior [ RunTime:0.000000s ]
INFO: [ action_end ] --END-- [ RunTime:0.000000s ]
INFO: [ app_end ] --START--
INFO: Run Behavior\ShowPageTraceBehavior [ RunTime:0.000000s ]
INFO: [ app_end ] --END-- [ RunTime:0.000977s ]

[ 2016-06-26T23:46:39+08:00 ] 89.163.148.58 /index.php/Home/Article/detail/content_id/500/lan_id/2.htm.html
INFO: [ app_init ] --START--
INFO: Run Behavior\BuildLiteBehavior [ RunTime:0.000000s ]
INFO: [ app_init ] --END-- [ RunTime:0.000000s ]
INFO: [ app_begin ] --START--
INFO: Run Behavior\ReadHtmlCacheBehavior [ RunTime:0.000000s ]
INFO: [ app_begin ] --END-- [ RunTime:0.000000s ]
NOTIC: [8192] mysql_connect(): The mysql extension is deprecated and will be removed in the future: use mysqli or PDO instead D:\wwwwroot\SIS.JXNU\HomyitCore\Library\Think\Session\Driver\Db.class.php 第 95 行.
INFO: [ action_begin ] --START--
INFO: Run Common\Behavior\HyLogBehavior [ RunTime:0.000000s ]
INFO: [ action_begin ] --END-- [ RunTime:0.000000s ]
SQL: SHOW COLUMNS FROM `edu_friend_link` [ RunTime:0.0020s ]
SQL: SELECT * FROM `edu_friend_link` WHERE `status` = 1 AND `type` = 0 ORDER BY rank desc LIMIT 4   [ RunTime:0.0000s ]
SQL: SHOW COLUMNS FROM `edu_announce` [ RunTime:0.0010s ]
SQL: SELECT * FROM `edu_announce` WHERE `status` = 1 ORDER BY create_time desc LIMIT 5   [ RunTime:0.0000s ]
SQL: SHOW COLUMNS FROM `edu_category` [ RunTime:0.0020s ]
SQL: SELECT `pid`,`id`,`name`,`language_id` FROM `edu_category` WHERE `status` = 1 AND `nav_show` = 0 AND `switch` = 1 AND `language_id` = '2.htm' ORDER BY rank desc  [ RunTime:0.0010s ]
SQL: SHOW COLUMNS FROM `edu_language` [ RunTime:0.0010s ]
SQL: SELECT * FROM `edu_language` WHERE `status` = 1  [ RunTime:0.0000s ]
SQL: SHOW COLUMNS FROM `edu_details` [ RunTime:0.0020s ]
SQL: UPDATE `edu_details` SET `hit`=hit+1 WHERE `id` = 500 [ RunTime:0.0059s ]
SQL: SELECT d.id,d.hit,d.user_id,d.title,d.content,d.create_time,d.update_time,c.pid as c_pid,c.name as category_name,u.name AS user_name FROM edu_details d INNER JOIN edu_category AS c ON d.category_id=c.id LEFT JOIN edu_user AS u ON d.user_id=u.id  WHERE d.status = 1 AND d.is_publish = 1 AND d.id = '500' AND d.language_id = '2.htm'  [ RunTime:0.0000s ]
SQL: SHOW COLUMNS FROM `edu_category` [ RunTime:0.0020s ]
SQL: SELECT `id`,`name` FROM `edu_category` WHERE `status` = 1 AND `switch` = 1 ORDER BY id asc  [ RunTime:0.0000s ]
SQL: SELECT `id`,`name` FROM `edu_category` WHERE `pid` = 7 AND `status` = 1 AND `switch` = 1  [ RunTime:0.0000s ]
INFO: [ view_parse ] --START--
INFO: [ template_filter ] --START--
INFO: Run Behavior\ContentReplaceBehavior [ RunTime:0.000000s ]
INFO: [ template_filter ] --END-- [ RunTime:0.000000s ]
INFO: Run Behavior\ParseTemplateBehavior [ RunTime:0.026368s ]
INFO: [ view_parse ] --END-- [ RunTime:0.026368s ]
INFO: [ view_filter ] --START--
INFO: Run Behavior\WriteHtmlCacheBehavior [ RunTime:0.000000s ]
INFO: [ view_filter ] --END-- [ RunTime:0.000000s ]
INFO: [ action_end ] --START--
INFO: Run Common\Behavior\HyLogBehavior [ RunTime:0.000000s ]
INFO: [ action_end ] --END-- [ RunTime:0.000000s ]
INFO: [ app_end ] --START--
INFO: Run Behavior\ShowPageTraceBehavior [ RunTime:0.000000s ]
INFO: [ app_end ] --END-- [ RunTime:0.000000s ]

[ 2016-06-26T23:46:43+08:00 ] 89.163.148.58 /index.php/Home/Article/detail/content_id/502/lan_id/2.html
INFO: [ app_init ] --START--
INFO: Run Behavior\BuildLiteBehavior [ RunTime:0.000000s ]
INFO: [ app_init ] --END-- [ RunTime:0.000000s ]
INFO: [ app_begin ] --START--
INFO: Run Behavior\ReadHtmlCacheBehavior [ RunTime:0.000977s ]
INFO: [ app_begin ] --END-- [ RunTime:0.000977s ]
NOTIC: [8192] mysql_connect(): The mysql extension is deprecated and will be removed in the future: use mysqli or PDO instead D:\wwwwroot\SIS.JXNU\HomyitCore\Library\Think\Session\Driver\Db.class.php 第 95 行.
INFO: [ action_begin ] --START--
INFO: Run Common\Behavior\HyLogBehavior [ RunTime:0.000000s ]
INFO: [ action_begin ] --END-- [ RunTime:0.000000s ]
SQL: SHOW COLUMNS FROM `edu_friend_link` [ RunTime:0.0020s ]
SQL: SELECT * FROM `edu_friend_link` WHERE `status` = 1 AND `type` = 0 ORDER BY rank desc LIMIT 4   [ RunTime:0.0010s ]
SQL: SHOW COLUMNS FROM `edu_announce` [ RunTime:0.0020s ]
SQL: SELECT * FROM `edu_announce` WHERE `status` = 1 ORDER BY create_time desc LIMIT 5   [ RunTime:0.0010s ]
SQL: SHOW COLUMNS FROM `edu_category` [ RunTime:0.0020s ]
SQL: SELECT `pid`,`id`,`name`,`language_id` FROM `edu_category` WHERE `status` = 1 AND `nav_show` = 0 AND `switch` = 1 AND `language_id` = '2' ORDER BY rank desc  [ RunTime:0.0000s ]
SQL: SHOW COLUMNS FROM `edu_language` [ RunTime:0.0010s ]
SQL: SELECT * FROM `edu_language` WHERE `status` = 1  [ RunTime:0.0000s ]
SQL: SHOW COLUMNS FROM `edu_details` [ RunTime:0.0020s ]
SQL: UPDATE `edu_details` SET `hit`=hit+1 WHERE `id` = 502 [ RunTime:0.0039s ]
SQL: SELECT d.id,d.hit,d.user_id,d.title,d.content,d.create_time,d.update_time,c.pid as c_pid,c.name as category_name,u.name AS user_name FROM edu_details d INNER JOIN edu_category AS c ON d.category_id=c.id LEFT JOIN edu_user AS u ON d.user_id=u.id  WHERE d.status = 1 AND d.is_publish = 1 AND d.id = '502' AND d.language_id = '2'  [ RunTime:0.0000s ]
SQL: SHOW COLUMNS FROM `edu_category` [ RunTime:0.0029s ]
SQL: SELECT `id`,`name` FROM `edu_category` WHERE `status` = 1 AND `switch` = 1 ORDER BY id asc  [ RunTime:0.0000s ]
SQL: SELECT `id`,`name` FROM `edu_category` WHERE `pid` = 7 AND `status` = 1 AND `switch` = 1  [ RunTime:0.0000s ]
INFO: [ view_parse ] --START--
INFO: [ template_filter ] --START--
INFO: Run Behavior\ContentReplaceBehavior [ RunTime:0.000977s ]
INFO: [ template_filter ] --END-- [ RunTime:0.000977s ]
INFO: Run Behavior\ParseTemplateBehavior [ RunTime:0.025391s ]
INFO: [ view_parse ] --END-- [ RunTime:0.025391s ]
INFO: [ view_filter ] --START--
INFO: Run Behavior\WriteHtmlCacheBehavior [ RunTime:0.000000s ]
INFO: [ view_filter ] --END-- [ RunTime:0.000000s ]
INFO: [ action_end ] --START--
INFO: Run Common\Behavior\HyLogBehavior [ RunTime:0.000000s ]
INFO: [ action_end ] --END-- [ RunTime:0.000977s ]
INFO: [ app_end ] --START--
INFO: Run Behavior\ShowPageTraceBehavior [ RunTime:0.000000s ]
INFO: [ app_end ] --END-- [ RunTime:0.000000s ]

[ 2016-06-26T23:46:47+08:00 ] 89.163.148.58 /index.php/Home/Article/detail/content_id/510/lan_id/2.html
INFO: [ app_init ] --START--
INFO: Run Behavior\BuildLiteBehavior [ RunTime:0.000000s ]
INFO: [ app_init ] --END-- [ RunTime:0.000976s ]
INFO: [ app_begin ] --START--
INFO: Run Behavior\ReadHtmlCacheBehavior [ RunTime:0.000977s ]
INFO: [ app_begin ] --END-- [ RunTime:0.000977s ]
NOTIC: [8192] mysql_connect(): The mysql extension is deprecated and will be removed in the future: use mysqli or PDO instead D:\wwwwroot\SIS.JXNU\HomyitCore\Library\Think\Session\Driver\Db.class.php 第 95 行.
INFO: [ action_begin ] --START--
INFO: Run Common\Behavior\HyLogBehavior [ RunTime:0.000976s ]
INFO: [ action_begin ] --END-- [ RunTime:0.000976s ]
SQL: SHOW COLUMNS FROM `edu_friend_link` [ RunTime:0.0020s ]
SQL: SELECT * FROM `edu_friend_link` WHERE `status` = 1 AND `type` = 0 ORDER BY rank desc LIMIT 4   [ RunTime:0.0000s ]
SQL: SHOW COLUMNS FROM `edu_announce` [ RunTime:0.0010s ]
SQL: SELECT * FROM `edu_announce` WHERE `status` = 1 ORDER BY create_time desc LIMIT 5   [ RunTime:0.0000s ]
SQL: SHOW COLUMNS FROM `edu_category` [ RunTime:0.0020s ]
SQL: SELECT `pid`,`id`,`name`,`language_id` FROM `edu_category` WHERE `status` = 1 AND `nav_show` = 0 AND `switch` = 1 AND `language_id` = '2' ORDER BY rank desc  [ RunTime:0.0000s ]
SQL: SHOW COLUMNS FROM `edu_language` [ RunTime:0.0020s ]
SQL: SELECT * FROM `edu_language` WHERE `status` = 1  [ RunTime:0.0000s ]
SQL: SHOW COLUMNS FROM `edu_details` [ RunTime:0.0020s ]
SQL: UPDATE `edu_details` SET `hit`=hit+1 WHERE `id` = 510 [ RunTime:0.0078s ]
SQL: SELECT d.id,d.hit,d.user_id,d.title,d.content,d.create_time,d.update_time,c.pid as c_pid,c.name as category_name,u.name AS user_name FROM edu_details d INNER JOIN edu_category AS c ON d.category_id=c.id LEFT JOIN edu_user AS u ON d.user_id=u.id  WHERE d.status = 1 AND d.is_publish = 1 AND d.id = '510' AND d.language_id = '2'  [ RunTime:0.0010s ]
SQL: SHOW COLUMNS FROM `edu_category` [ RunTime:0.0029s ]
SQL: SELECT `id`,`name` FROM `edu_category` WHERE `status` = 1 AND `switch` = 1 ORDER BY id asc  [ RunTime:0.0000s ]
SQL: SELECT `id`,`name` FROM `edu_category` WHERE `pid` = 7 AND `status` = 1 AND `switch` = 1  [ RunTime:0.0000s ]
INFO: [ view_parse ] --START--
INFO: [ template_filter ] --START--
INFO: Run Behavior\ContentReplaceBehavior [ RunTime:0.000000s ]
INFO: [ template_filter ] --END-- [ RunTime:0.000000s ]
INFO: Run Behavior\ParseTemplateBehavior [ RunTime:0.027345s ]
INFO: [ view_parse ] --END-- [ RunTime:0.027345s ]
INFO: [ view_filter ] --START--
INFO: Run Behavior\WriteHtmlCacheBehavior [ RunTime:0.000000s ]
INFO: [ view_filter ] --END-- [ RunTime:0.000000s ]
INFO: [ action_end ] --START--
INFO: Run Common\Behavior\HyLogBehavior [ RunTime:0.000000s ]
INFO: [ action_end ] --END-- [ RunTime:0.000976s ]
INFO: [ app_end ] --START--
INFO: Run Behavior\ShowPageTraceBehavior [ RunTime:0.000000s ]
INFO: [ app_end ] --END-- [ RunTime:0.000000s ]

[ 2016-06-26T23:46:50+08:00 ] 89.163.148.58 /index.php/Home/Article/detail/content_id/513/lan_id/2.html
INFO: [ app_init ] --START--
INFO: Run Behavior\BuildLiteBehavior [ RunTime:0.000000s ]
INFO: [ app_init ] --END-- [ RunTime:0.000977s ]
INFO: [ app_begin ] --START--
INFO: Run Behavior\ReadHtmlCacheBehavior [ RunTime:0.000977s ]
INFO: [ app_begin ] --END-- [ RunTime:0.000977s ]
NOTIC: [8192] mysql_connect(): The mysql extension is deprecated and will be removed in the future: use mysqli or PDO instead D:\wwwwroot\SIS.JXNU\HomyitCore\Library\Think\Session\Driver\Db.class.php 第 95 行.
INFO: [ action_begin ] --START--
INFO: Run Common\Behavior\HyLogBehavior [ RunTime:0.000000s ]
INFO: [ action_begin ] --END-- [ RunTime:0.000000s ]
SQL: SHOW COLUMNS FROM `edu_friend_link` [ RunTime:0.0020s ]
SQL: SELECT * FROM `edu_friend_link` WHERE `status` = 1 AND `type` = 0 ORDER BY rank desc LIMIT 4   [ RunTime:0.0000s ]
SQL: SHOW COLUMNS FROM `edu_announce` [ RunTime:0.0020s ]
SQL: SELECT * FROM `edu_announce` WHERE `status` = 1 ORDER BY create_time desc LIMIT 5   [ RunTime:0.0000s ]
SQL: SHOW COLUMNS FROM `edu_category` [ RunTime:0.0020s ]
SQL: SELECT `pid`,`id`,`name`,`language_id` FROM `edu_category` WHERE `status` = 1 AND `nav_show` = 0 AND `switch` = 1 AND `language_id` = '2' ORDER BY rank desc  [ RunTime:0.0000s ]
SQL: SHOW COLUMNS FROM `edu_language` [ RunTime:0.0020s ]
SQL: SELECT * FROM `edu_language` WHERE `status` = 1  [ RunTime:0.0000s ]
SQL: SHOW COLUMNS FROM `edu_details` [ RunTime:0.0020s ]
SQL: UPDATE `edu_details` SET `hit`=hit+1 WHERE `id` = 513 [ RunTime:0.0059s ]
SQL: SELECT d.id,d.hit,d.user_id,d.title,d.content,d.create_time,d.update_time,c.pid as c_pid,c.name as category_name,u.name AS user_name FROM edu_details d INNER JOIN edu_category AS c ON d.category_id=c.id LEFT JOIN edu_user AS u ON d.user_id=u.id  WHERE d.status = 1 AND d.is_publish = 1 AND d.id = '513' AND d.language_id = '2'  [ RunTime:0.0010s ]
SQL: SHOW COLUMNS FROM `edu_category` [ RunTime:0.0029s ]
SQL: SELECT `id`,`name` FROM `edu_category` WHERE `status` = 1 AND `switch` = 1 ORDER BY id asc  [ RunTime:0.0010s ]
SQL: SELECT `id`,`name` FROM `edu_category` WHERE `pid` = 7 AND `status` = 1 AND `switch` = 1  [ RunTime:0.0000s ]
INFO: [ view_parse ] --START--
INFO: [ template_filter ] --START--
INFO: Run Behavior\ContentReplaceBehavior [ RunTime:0.000000s ]
INFO: [ template_filter ] --END-- [ RunTime:0.000000s ]
INFO: Run Behavior\ParseTemplateBehavior [ RunTime:0.024415s ]
INFO: [ view_parse ] --END-- [ RunTime:0.024415s ]
INFO: [ view_filter ] --START--
INFO: Run Behavior\WriteHtmlCacheBehavior [ RunTime:0.000977s ]
INFO: [ view_filter ] --END-- [ RunTime:0.000977s ]
INFO: [ action_end ] --START--
INFO: Run Common\Behavior\HyLogBehavior [ RunTime:0.000000s ]
INFO: [ action_end ] --END-- [ RunTime:0.000000s ]
INFO: [ app_end ] --START--
INFO: Run Behavior\ShowPageTraceBehavior [ RunTime:0.000000s ]
INFO: [ app_end ] --END-- [ RunTime:0.000000s ]

[ 2016-06-26T23:46:53+08:00 ] 89.163.148.58 /index.php/Home/Article/detail/content_id/633/lan_id/2.htm.html
INFO: [ app_init ] --START--
INFO: Run Behavior\BuildLiteBehavior [ RunTime:0.000000s ]
INFO: [ app_init ] --END-- [ RunTime:0.000976s ]
INFO: [ app_begin ] --START--
INFO: Run Behavior\ReadHtmlCacheBehavior [ RunTime:0.000976s ]
INFO: [ app_begin ] --END-- [ RunTime:0.000976s ]
NOTIC: [8192] mysql_connect(): The mysql extension is deprecated and will be removed in the future: use mysqli or PDO instead D:\wwwwroot\SIS.JXNU\HomyitCore\Library\Think\Session\Driver\Db.class.php 第 95 行.
INFO: [ action_begin ] --START--
INFO: Run Common\Behavior\HyLogBehavior [ RunTime:0.000000s ]
INFO: [ action_begin ] --END-- [ RunTime:0.000000s ]
SQL: SHOW COLUMNS FROM `edu_friend_link` [ RunTime:0.0020s ]
SQL: SELECT * FROM `edu_friend_link` WHERE `status` = 1 AND `type` = 0 ORDER BY rank desc LIMIT 4   [ RunTime:0.0000s ]
SQL: SHOW COLUMNS FROM `edu_announce` [ RunTime:0.0010s ]
SQL: SELECT * FROM `edu_announce` WHERE `status` = 1 ORDER BY create_time desc LIMIT 5   [ RunTime:0.0000s ]
SQL: SHOW COLUMNS FROM `edu_category` [ RunTime:0.0010s ]
SQL: SELECT `pid`,`id`,`name`,`language_id` FROM `edu_category` WHERE `status` = 1 AND `nav_show` = 0 AND `switch` = 1 AND `language_id` = '2.htm' ORDER BY rank desc  [ RunTime:0.0000s ]
SQL: SHOW COLUMNS FROM `edu_language` [ RunTime:0.0010s ]
SQL: SELECT * FROM `edu_language` WHERE `status` = 1  [ RunTime:0.0000s ]
SQL: SHOW COLUMNS FROM `edu_details` [ RunTime:0.0020s ]
SQL: UPDATE `edu_details` SET `hit`=hit+1 WHERE `id` = 633 [ RunTime:0.0117s ]
SQL: SELECT d.id,d.hit,d.user_id,d.title,d.content,d.create_time,d.update_time,c.pid as c_pid,c.name as category_name,u.name AS user_name FROM edu_details d INNER JOIN edu_category AS c ON d.category_id=c.id LEFT JOIN edu_user AS u ON d.user_id=u.id  WHERE d.status = 1 AND d.is_publish = 1 AND d.id = '633' AND d.language_id = '2.htm'  [ RunTime:0.0010s ]
SQL: SHOW COLUMNS FROM `edu_category` [ RunTime:0.0020s ]
SQL: SELECT `id`,`name` FROM `edu_category` WHERE `status` = 1 AND `switch` = 1 ORDER BY id asc  [ RunTime:0.0010s ]
SQL: SELECT `id`,`name` FROM `edu_category` WHERE `pid` = 3 AND `status` = 1 AND `switch` = 1  [ RunTime:0.0000s ]
INFO: [ view_parse ] --START--
INFO: [ template_filter ] --START--
INFO: Run Behavior\ContentReplaceBehavior [ RunTime:0.000000s ]
INFO: [ template_filter ] --END-- [ RunTime:0.000000s ]
INFO: Run Behavior\ParseTemplateBehavior [ RunTime:0.025391s ]
INFO: [ view_parse ] --END-- [ RunTime:0.025391s ]
INFO: [ view_filter ] --START--
INFO: Run Behavior\WriteHtmlCacheBehavior [ RunTime:0.000000s ]
INFO: [ view_filter ] --END-- [ RunTime:0.000000s ]
INFO: [ action_end ] --START--
INFO: Run Common\Behavior\HyLogBehavior [ RunTime:0.000000s ]
INFO: [ action_end ] --END-- [ RunTime:0.000000s ]
INFO: [ app_end ] --START--
INFO: Run Behavior\ShowPageTraceBehavior [ RunTime:0.000000s ]
INFO: [ app_end ] --END-- [ RunTime:0.000000s ]

[ 2016-06-26T23:46:56+08:00 ] 89.163.148.58 /index.php/Home/Article/detail/content_id/634/lan_id/2.htm.html
INFO: [ app_init ] --START--
INFO: Run Behavior\BuildLiteBehavior [ RunTime:0.000000s ]
INFO: [ app_init ] --END-- [ RunTime:0.000977s ]
INFO: [ app_begin ] --START--
INFO: Run Behavior\ReadHtmlCacheBehavior [ RunTime:0.000976s ]
INFO: [ app_begin ] --END-- [ RunTime:0.000976s ]
NOTIC: [8192] mysql_connect(): The mysql extension is deprecated and will be removed in the future: use mysqli or PDO instead D:\wwwwroot\SIS.JXNU\HomyitCore\Library\Think\Session\Driver\Db.class.php 第 95 行.
INFO: [ action_begin ] --START--
INFO: Run Common\Behavior\HyLogBehavior [ RunTime:0.000000s ]
INFO: [ action_begin ] --END-- [ RunTime:0.000000s ]
SQL: SHOW COLUMNS FROM `edu_friend_link` [ RunTime:0.0020s ]
SQL: SELECT * FROM `edu_friend_link` WHERE `status` = 1 AND `type` = 0 ORDER BY rank desc LIMIT 4   [ RunTime:0.0010s ]
SQL: SHOW COLUMNS FROM `edu_announce` [ RunTime:0.0020s ]
SQL: SELECT * FROM `edu_announce` WHERE `status` = 1 ORDER BY create_time desc LIMIT 5   [ RunTime:0.0010s ]
SQL: SHOW COLUMNS FROM `edu_category` [ RunTime:0.0020s ]
SQL: SELECT `pid`,`id`,`name`,`language_id` FROM `edu_category` WHERE `status` = 1 AND `nav_show` = 0 AND `switch` = 1 AND `language_id` = '2.htm' ORDER BY rank desc  [ RunTime:0.0010s ]
SQL: SHOW COLUMNS FROM `edu_language` [ RunTime:0.0020s ]
SQL: SELECT * FROM `edu_language` WHERE `status` = 1  [ RunTime:0.0000s ]
SQL: SHOW COLUMNS FROM `edu_details` [ RunTime:0.0029s ]
SQL: UPDATE `edu_details` SET `hit`=hit+1 WHERE `id` = 634 [ RunTime:0.0078s ]
SQL: SELECT d.id,d.hit,d.user_id,d.title,d.content,d.create_time,d.update_time,c.pid as c_pid,c.name as category_name,u.name AS user_name FROM edu_details d INNER JOIN edu_category AS c ON d.category_id=c.id LEFT JOIN edu_user AS u ON d.user_id=u.id  WHERE d.status = 1 AND d.is_publish = 1 AND d.id = '634' AND d.language_id = '2.htm'  [ RunTime:0.0000s ]
SQL: SHOW COLUMNS FROM `edu_category` [ RunTime:0.0020s ]
SQL: SELECT `id`,`name` FROM `edu_category` WHERE `status` = 1 AND `switch` = 1 ORDER BY id asc  [ RunTime:0.0000s ]
SQL: SELECT `id`,`name` FROM `edu_category` WHERE `pid` = 3 AND `status` = 1 AND `switch` = 1  [ RunTime:0.0010s ]
INFO: [ view_parse ] --START--
INFO: [ template_filter ] --START--
INFO: Run Behavior\ContentReplaceBehavior [ RunTime:0.000000s ]
INFO: [ template_filter ] --END-- [ RunTime:0.000000s ]
INFO: Run Behavior\ParseTemplateBehavior [ RunTime:0.025392s ]
INFO: [ view_parse ] --END-- [ RunTime:0.025392s ]
INFO: [ view_filter ] --START--
INFO: Run Behavior\WriteHtmlCacheBehavior [ RunTime:0.000976s ]
INFO: [ view_filter ] --END-- [ RunTime:0.000976s ]
INFO: [ action_end ] --START--
INFO: Run Common\Behavior\HyLogBehavior [ RunTime:0.000000s ]
INFO: [ action_end ] --END-- [ RunTime:0.000000s ]
INFO: [ app_end ] --START--
INFO: Run Behavior\ShowPageTraceBehavior [ RunTime:0.000000s ]
INFO: [ app_end ] --END-- [ RunTime:0.000000s ]

[ 2016-06-26T23:46:59+08:00 ] 89.163.148.58 /index.php/Home/Article/detail/content_id/635/lan_id/2.htm.html
INFO: [ app_init ] --START--
INFO: Run Behavior\BuildLiteBehavior [ RunTime:0.000000s ]
INFO: [ app_init ] --END-- [ RunTime:0.000977s ]
INFO: [ app_begin ] --START--
INFO: Run Behavior\ReadHtmlCacheBehavior [ RunTime:0.000976s ]
INFO: [ app_begin ] --END-- [ RunTime:0.000976s ]
NOTIC: [8192] mysql_connect(): The mysql extension is deprecated and will be removed in the future: use mysqli or PDO instead D:\wwwwroot\SIS.JXNU\HomyitCore\Library\Think\Session\Driver\Db.class.php 第 95 行.
INFO: [ action_begin ] --START--
INFO: Run Common\Behavior\HyLogBehavior [ RunTime:0.000000s ]
INFO: [ action_begin ] --END-- [ RunTime:0.000000s ]
SQL: SHOW COLUMNS FROM `edu_friend_link` [ RunTime:0.0049s ]
SQL: SELECT * FROM `edu_friend_link` WHERE `status` = 1 AND `type` = 0 ORDER BY rank desc LIMIT 4   [ RunTime:0.0010s ]
SQL: SHOW COLUMNS FROM `edu_announce` [ RunTime:0.0029s ]
SQL: SELECT * FROM `edu_announce` WHERE `status` = 1 ORDER BY create_time desc LIMIT 5   [ RunTime:0.0000s ]
SQL: SHOW COLUMNS FROM `edu_category` [ RunTime:0.0029s ]
SQL: SELECT `pid`,`id`,`name`,`language_id` FROM `edu_category` WHERE `status` = 1 AND `nav_show` = 0 AND `switch` = 1 AND `language_id` = '2.htm' ORDER BY rank desc  [ RunTime:0.0010s ]
SQL: SHOW COLUMNS FROM `edu_language` [ RunTime:0.0010s ]
SQL: SELECT * FROM `edu_language` WHERE `status` = 1  [ RunTime:0.0010s ]
SQL: SHOW COLUMNS FROM `edu_details` [ RunTime:0.0020s ]
SQL: UPDATE `edu_details` SET `hit`=hit+1 WHERE `id` = 635 [ RunTime:0.0049s ]
SQL: SELECT d.id,d.hit,d.user_id,d.title,d.content,d.create_time,d.update_time,c.pid as c_pid,c.name as category_name,u.name AS user_name FROM edu_details d INNER JOIN edu_category AS c ON d.category_id=c.id LEFT JOIN edu_user AS u ON d.user_id=u.id  WHERE d.status = 1 AND d.is_publish = 1 AND d.id = '635' AND d.language_id = '2.htm'  [ RunTime:0.0010s ]
SQL: SHOW COLUMNS FROM `edu_category` [ RunTime:0.0029s ]
SQL: SELECT `id`,`name` FROM `edu_category` WHERE `status` = 1 AND `switch` = 1 ORDER BY id asc  [ RunTime:0.0000s ]
SQL: SELECT `id`,`name` FROM `edu_category` WHERE `pid` = 3 AND `status` = 1 AND `switch` = 1  [ RunTime:0.0000s ]
INFO: [ view_parse ] --START--
INFO: [ template_filter ] --START--
INFO: Run Behavior\ContentReplaceBehavior [ RunTime:0.000000s ]
INFO: [ template_filter ] --END-- [ RunTime:0.000000s ]
INFO: Run Behavior\ParseTemplateBehavior [ RunTime:0.025392s ]
INFO: [ view_parse ] --END-- [ RunTime:0.025392s ]
INFO: [ view_filter ] --START--
INFO: Run Behavior\WriteHtmlCacheBehavior [ RunTime:0.000000s ]
INFO: [ view_filter ] --END-- [ RunTime:0.000000s ]
INFO: [ action_end ] --START--
INFO: Run Common\Behavior\HyLogBehavior [ RunTime:0.000000s ]
INFO: [ action_end ] --END-- [ RunTime:0.000000s ]
INFO: [ app_end ] --START--
INFO: Run Behavior\ShowPageTraceBehavior [ RunTime:0.000977s ]
INFO: [ app_end ] --END-- [ RunTime:0.000977s ]

[ 2016-06-26T23:47:03+08:00 ] 89.163.148.58 /index.php/Home/Article/detail/content_id/636/lan_id/2.htm.html
INFO: [ app_init ] --START--
INFO: Run Behavior\BuildLiteBehavior [ RunTime:0.000000s ]
INFO: [ app_init ] --END-- [ RunTime:0.000000s ]
INFO: [ app_begin ] --START--
INFO: Run Behavior\ReadHtmlCacheBehavior [ RunTime:0.000000s ]
INFO: [ app_begin ] --END-- [ RunTime:0.000000s ]
NOTIC: [8192] mysql_connect(): The mysql extension is deprecated and will be removed in the future: use mysqli or PDO instead D:\wwwwroot\SIS.JXNU\HomyitCore\Library\Think\Session\Driver\Db.class.php 第 95 行.
INFO: [ action_begin ] --START--
INFO: Run Common\Behavior\HyLogBehavior [ RunTime:0.000977s ]
INFO: [ action_begin ] --END-- [ RunTime:0.000977s ]
SQL: SHOW COLUMNS FROM `edu_friend_link` [ RunTime:0.0029s ]
SQL: SELECT * FROM `edu_friend_link` WHERE `status` = 1 AND `type` = 0 ORDER BY rank desc LIMIT 4   [ RunTime:0.0010s ]
SQL: SHOW COLUMNS FROM `edu_announce` [ RunTime:0.0020s ]
SQL: SELECT * FROM `edu_announce` WHERE `status` = 1 ORDER BY create_time desc LIMIT 5   [ RunTime:0.0000s ]
SQL: SHOW COLUMNS FROM `edu_category` [ RunTime:0.0020s ]
SQL: SELECT `pid`,`id`,`name`,`language_id` FROM `edu_category` WHERE `status` = 1 AND `nav_show` = 0 AND `switch` = 1 AND `language_id` = '2.htm' ORDER BY rank desc  [ RunTime:0.0000s ]
SQL: SHOW COLUMNS FROM `edu_language` [ RunTime:0.0020s ]
SQL: SELECT * FROM `edu_language` WHERE `status` = 1  [ RunTime:0.0000s ]
SQL: SHOW COLUMNS FROM `edu_details` [ RunTime:0.0020s ]
SQL: UPDATE `edu_details` SET `hit`=hit+1 WHERE `id` = 636 [ RunTime:0.0049s ]
SQL: SELECT d.id,d.hit,d.user_id,d.title,d.content,d.create_time,d.update_time,c.pid as c_pid,c.name as category_name,u.name AS user_name FROM edu_details d INNER JOIN edu_category AS c ON d.category_id=c.id LEFT JOIN edu_user AS u ON d.user_id=u.id  WHERE d.status = 1 AND d.is_publish = 1 AND d.id = '636' AND d.language_id = '2.htm'  [ RunTime:0.0010s ]
SQL: SHOW COLUMNS FROM `edu_category` [ RunTime:0.0029s ]
SQL: SELECT `id`,`name` FROM `edu_category` WHERE `status` = 1 AND `switch` = 1 ORDER BY id asc  [ RunTime:0.0000s ]
SQL: SELECT `id`,`name` FROM `edu_category` WHERE `pid` = 3 AND `status` = 1 AND `switch` = 1  [ RunTime:0.0000s ]
INFO: [ view_parse ] --START--
INFO: [ template_filter ] --START--
INFO: Run Behavior\ContentReplaceBehavior [ RunTime:0.000977s ]
INFO: [ template_filter ] --END-- [ RunTime:0.000977s ]
INFO: Run Behavior\ParseTemplateBehavior [ RunTime:0.025391s ]
INFO: [ view_parse ] --END-- [ RunTime:0.025391s ]
INFO: [ view_filter ] --START--
INFO: Run Behavior\WriteHtmlCacheBehavior [ RunTime:0.000000s ]
INFO: [ view_filter ] --END-- [ RunTime:0.000000s ]
INFO: [ action_end ] --START--
INFO: Run Common\Behavior\HyLogBehavior [ RunTime:0.000000s ]
INFO: [ action_end ] --END-- [ RunTime:0.000000s ]
INFO: [ app_end ] --START--
INFO: Run Behavior\ShowPageTraceBehavior [ RunTime:0.000977s ]
INFO: [ app_end ] --END-- [ RunTime:0.000977s ]

[ 2016-06-26T23:47:06+08:00 ] 89.163.148.58 /index.php/Home/Article/detail/content_id/643/lan_id/2.htm.html
INFO: [ app_init ] --START--
INFO: Run Behavior\BuildLiteBehavior [ RunTime:0.000000s ]
INFO: [ app_init ] --END-- [ RunTime:0.000976s ]
INFO: [ app_begin ] --START--
INFO: Run Behavior\ReadHtmlCacheBehavior [ RunTime:0.000000s ]
INFO: [ app_begin ] --END-- [ RunTime:0.000000s ]
NOTIC: [8192] mysql_connect(): The mysql extension is deprecated and will be removed in the future: use mysqli or PDO instead D:\wwwwroot\SIS.JXNU\HomyitCore\Library\Think\Session\Driver\Db.class.php 第 95 行.
INFO: [ action_begin ] --START--
INFO: Run Common\Behavior\HyLogBehavior [ RunTime:0.000000s ]
INFO: [ action_begin ] --END-- [ RunTime:0.000000s ]
SQL: SHOW COLUMNS FROM `edu_friend_link` [ RunTime:0.0020s ]
SQL: SELECT * FROM `edu_friend_link` WHERE `status` = 1 AND `type` = 0 ORDER BY rank desc LIMIT 4   [ RunTime:0.0010s ]
SQL: SHOW COLUMNS FROM `edu_announce` [ RunTime:0.0029s ]
SQL: SELECT * FROM `edu_announce` WHERE `status` = 1 ORDER BY create_time desc LIMIT 5   [ RunTime:0.0000s ]
SQL: SHOW COLUMNS FROM `edu_category` [ RunTime:0.0020s ]
SQL: SELECT `pid`,`id`,`name`,`language_id` FROM `edu_category` WHERE `status` = 1 AND `nav_show` = 0 AND `switch` = 1 AND `language_id` = '2.htm' ORDER BY rank desc  [ RunTime:0.0000s ]
SQL: SHOW COLUMNS FROM `edu_language` [ RunTime:0.0020s ]
SQL: SELECT * FROM `edu_language` WHERE `status` = 1  [ RunTime:0.0000s ]
SQL: SHOW COLUMNS FROM `edu_details` [ RunTime:0.0020s ]
SQL: UPDATE `edu_details` SET `hit`=hit+1 WHERE `id` = 643 [ RunTime:0.0088s ]
SQL: SELECT d.id,d.hit,d.user_id,d.title,d.content,d.create_time,d.update_time,c.pid as c_pid,c.name as category_name,u.name AS user_name FROM edu_details d INNER JOIN edu_category AS c ON d.category_id=c.id LEFT JOIN edu_user AS u ON d.user_id=u.id  WHERE d.status = 1 AND d.is_publish = 1 AND d.id = '643' AND d.language_id = '2.htm'  [ RunTime:0.0000s ]
SQL: SHOW COLUMNS FROM `edu_category` [ RunTime:0.0020s ]
SQL: SELECT `id`,`name` FROM `edu_category` WHERE `status` = 1 AND `switch` = 1 ORDER BY id asc  [ RunTime:0.0000s ]
SQL: SELECT `id`,`name` FROM `edu_category` WHERE `pid` = 3 AND `status` = 1 AND `switch` = 1  [ RunTime:0.0010s ]
INFO: [ view_parse ] --START--
INFO: [ template_filter ] --START--
INFO: Run Behavior\ContentReplaceBehavior [ RunTime:0.000000s ]
INFO: [ template_filter ] --END-- [ RunTime:0.000000s ]
INFO: Run Behavior\ParseTemplateBehavior [ RunTime:0.024415s ]
INFO: [ view_parse ] --END-- [ RunTime:0.024415s ]
INFO: [ view_filter ] --START--
INFO: Run Behavior\WriteHtmlCacheBehavior [ RunTime:0.000000s ]
INFO: [ view_filter ] --END-- [ RunTime:0.000000s ]
INFO: [ action_end ] --START--
INFO: Run Common\Behavior\HyLogBehavior [ RunTime:0.000000s ]
INFO: [ action_end ] --END-- [ RunTime:0.000976s ]
INFO: [ app_end ] --START--
INFO: Run Behavior\ShowPageTraceBehavior [ RunTime:0.000000s ]
INFO: [ app_end ] --END-- [ RunTime:0.000000s ]

[ 2016-06-26T23:47:09+08:00 ] 89.163.148.58 /index.php/Home/Article/detail/content_id/644/lan_id/2.htm.html
INFO: [ app_init ] --START--
INFO: Run Behavior\BuildLiteBehavior [ RunTime:0.000000s ]
INFO: [ app_init ] --END-- [ RunTime:0.000000s ]
INFO: [ app_begin ] --START--
INFO: Run Behavior\ReadHtmlCacheBehavior [ RunTime:0.000977s ]
INFO: [ app_begin ] --END-- [ RunTime:0.000977s ]
NOTIC: [8192] mysql_connect(): The mysql extension is deprecated and will be removed in the future: use mysqli or PDO instead D:\wwwwroot\SIS.JXNU\HomyitCore\Library\Think\Session\Driver\Db.class.php 第 95 行.
INFO: [ action_begin ] --START--
INFO: Run Common\Behavior\HyLogBehavior [ RunTime:0.000000s ]
INFO: [ action_begin ] --END-- [ RunTime:0.000000s ]
SQL: SHOW COLUMNS FROM `edu_friend_link` [ RunTime:0.0029s ]
SQL: SELECT * FROM `edu_friend_link` WHERE `status` = 1 AND `type` = 0 ORDER BY rank desc LIMIT 4   [ RunTime:0.0010s ]
SQL: SHOW COLUMNS FROM `edu_announce` [ RunTime:0.0029s ]
SQL: SELECT * FROM `edu_announce` WHERE `status` = 1 ORDER BY create_time desc LIMIT 5   [ RunTime:0.0010s ]
SQL: SHOW COLUMNS FROM `edu_category` [ RunTime:0.0020s ]
SQL: SELECT `pid`,`id`,`name`,`language_id` FROM `edu_category` WHERE `status` = 1 AND `nav_show` = 0 AND `switch` = 1 AND `language_id` = '2.htm' ORDER BY rank desc  [ RunTime:0.0000s ]
SQL: SHOW COLUMNS FROM `edu_language` [ RunTime:0.0020s ]
SQL: SELECT * FROM `edu_language` WHERE `status` = 1  [ RunTime:0.0000s ]
SQL: SHOW COLUMNS FROM `edu_details` [ RunTime:0.0020s ]
SQL: UPDATE `edu_details` SET `hit`=hit+1 WHERE `id` = 644 [ RunTime:0.0039s ]
SQL: SELECT d.id,d.hit,d.user_id,d.title,d.content,d.create_time,d.update_time,c.pid as c_pid,c.name as category_name,u.name AS user_name FROM edu_details d INNER JOIN edu_category AS c ON d.category_id=c.id LEFT JOIN edu_user AS u ON d.user_id=u.id  WHERE d.status = 1 AND d.is_publish = 1 AND d.id = '644' AND d.language_id = '2.htm'  [ RunTime:0.0000s ]
SQL: SHOW COLUMNS FROM `edu_category` [ RunTime:0.0020s ]
SQL: SELECT `id`,`name` FROM `edu_category` WHERE `status` = 1 AND `switch` = 1 ORDER BY id asc  [ RunTime:0.0000s ]
SQL: SELECT `id`,`name` FROM `edu_category` WHERE `pid` = 3 AND `status` = 1 AND `switch` = 1  [ RunTime:0.0010s ]
INFO: [ view_parse ] --START--
INFO: [ template_filter ] --START--
INFO: Run Behavior\ContentReplaceBehavior [ RunTime:0.000976s ]
INFO: [ template_filter ] --END-- [ RunTime:0.000976s ]
INFO: Run Behavior\ParseTemplateBehavior [ RunTime:0.025392s ]
INFO: [ view_parse ] --END-- [ RunTime:0.025392s ]
INFO: [ view_filter ] --START--
INFO: Run Behavior\WriteHtmlCacheBehavior [ RunTime:0.000000s ]
INFO: [ view_filter ] --END-- [ RunTime:0.000000s ]
INFO: [ action_end ] --START--
INFO: Run Common\Behavior\HyLogBehavior [ RunTime:0.000000s ]
INFO: [ action_end ] --END-- [ RunTime:0.000000s ]
INFO: [ app_end ] --START--
INFO: Run Behavior\ShowPageTraceBehavior [ RunTime:0.000976s ]
INFO: [ app_end ] --END-- [ RunTime:0.000976s ]

[ 2016-06-26T23:47:13+08:00 ] 89.163.148.58 /index.php/Home/Article/detail/content_id/645/lan_id/2.htm.html
INFO: [ app_init ] --START--
INFO: Run Behavior\BuildLiteBehavior [ RunTime:0.000000s ]
INFO: [ app_init ] --END-- [ RunTime:0.000000s ]
INFO: [ app_begin ] --START--
INFO: Run Behavior\ReadHtmlCacheBehavior [ RunTime:0.000000s ]
INFO: [ app_begin ] --END-- [ RunTime:0.000977s ]
NOTIC: [8192] mysql_connect(): The mysql extension is deprecated and will be removed in the future: use mysqli or PDO instead D:\wwwwroot\SIS.JXNU\HomyitCore\Library\Think\Session\Driver\Db.class.php 第 95 行.
INFO: [ action_begin ] --START--
INFO: Run Common\Behavior\HyLogBehavior [ RunTime:0.000976s ]
INFO: [ action_begin ] --END-- [ RunTime:0.000976s ]
SQL: SHOW COLUMNS FROM `edu_friend_link` [ RunTime:0.0020s ]
SQL: SELECT * FROM `edu_friend_link` WHERE `status` = 1 AND `type` = 0 ORDER BY rank desc LIMIT 4   [ RunTime:0.0010s ]
SQL: SHOW COLUMNS FROM `edu_announce` [ RunTime:0.0020s ]
SQL: SELECT * FROM `edu_announce` WHERE `status` = 1 ORDER BY create_time desc LIMIT 5   [ RunTime:0.0010s ]
SQL: SHOW COLUMNS FROM `edu_category` [ RunTime:0.0020s ]
SQL: SELECT `pid`,`id`,`name`,`language_id` FROM `edu_category` WHERE `status` = 1 AND `nav_show` = 0 AND `switch` = 1 AND `language_id` = '2.htm' ORDER BY rank desc  [ RunTime:0.0010s ]
SQL: SHOW COLUMNS FROM `edu_language` [ RunTime:0.0020s ]
SQL: SELECT * FROM `edu_language` WHERE `status` = 1  [ RunTime:0.0010s ]
SQL: SHOW COLUMNS FROM `edu_details` [ RunTime:0.0010s ]
SQL: UPDATE `edu_details` SET `hit`=hit+1 WHERE `id` = 645 [ RunTime:0.0029s ]
SQL: SELECT d.id,d.hit,d.user_id,d.title,d.content,d.create_time,d.update_time,c.pid as c_pid,c.name as category_name,u.name AS user_name FROM edu_details d INNER JOIN edu_category AS c ON d.category_id=c.id LEFT JOIN edu_user AS u ON d.user_id=u.id  WHERE d.status = 1 AND d.is_publish = 1 AND d.id = '645' AND d.language_id = '2.htm'  [ RunTime:0.0010s ]
SQL: SHOW COLUMNS FROM `edu_category` [ RunTime:0.0020s ]
SQL: SELECT `id`,`name` FROM `edu_category` WHERE `status` = 1 AND `switch` = 1 ORDER BY id asc  [ RunTime:0.0000s ]
SQL: SELECT `id`,`name` FROM `edu_category` WHERE `pid` = 3 AND `status` = 1 AND `switch` = 1  [ RunTime:0.0010s ]
INFO: [ view_parse ] --START--
INFO: [ template_filter ] --START--
INFO: Run Behavior\ContentReplaceBehavior [ RunTime:0.000000s ]
INFO: [ template_filter ] --END-- [ RunTime:0.000000s ]
INFO: Run Behavior\ParseTemplateBehavior [ RunTime:0.024415s ]
INFO: [ view_parse ] --END-- [ RunTime:0.024415s ]
INFO: [ view_filter ] --START--
INFO: Run Behavior\WriteHtmlCacheBehavior [ RunTime:0.000000s ]
INFO: [ view_filter ] --END-- [ RunTime:0.000000s ]
INFO: [ action_end ] --START--
INFO: Run Common\Behavior\HyLogBehavior [ RunTime:0.000000s ]
INFO: [ action_end ] --END-- [ RunTime:0.000976s ]
INFO: [ app_end ] --START--
INFO: Run Behavior\ShowPageTraceBehavior [ RunTime:0.000000s ]
INFO: [ app_end ] --END-- [ RunTime:0.000000s ]

[ 2016-06-26T23:47:16+08:00 ] 89.163.148.58 /index.php/Home/Article/detail/content_id/646/lan_id/2.htm.html
INFO: [ app_init ] --START--
INFO: Run Behavior\BuildLiteBehavior [ RunTime:0.000000s ]
INFO: [ app_init ] --END-- [ RunTime:0.000000s ]
INFO: [ app_begin ] --START--
INFO: Run Behavior\ReadHtmlCacheBehavior [ RunTime:0.000000s ]
INFO: [ app_begin ] --END-- [ RunTime:0.000000s ]
NOTIC: [8192] mysql_connect(): The mysql extension is deprecated and will be removed in the future: use mysqli or PDO instead D:\wwwwroot\SIS.JXNU\HomyitCore\Library\Think\Session\Driver\Db.class.php 第 95 行.
INFO: [ action_begin ] --START--
INFO: Run Common\Behavior\HyLogBehavior [ RunTime:0.000977s ]
INFO: [ action_begin ] --END-- [ RunTime:0.000977s ]
SQL: SHOW COLUMNS FROM `edu_friend_link` [ RunTime:0.0029s ]
SQL: SELECT * FROM `edu_friend_link` WHERE `status` = 1 AND `type` = 0 ORDER BY rank desc LIMIT 4   [ RunTime:0.0010s ]
SQL: SHOW COLUMNS FROM `edu_announce` [ RunTime:0.0010s ]
SQL: SELECT * FROM `edu_announce` WHERE `status` = 1 ORDER BY create_time desc LIMIT 5   [ RunTime:0.0000s ]
SQL: SHOW COLUMNS FROM `edu_category` [ RunTime:0.0020s ]
SQL: SELECT `pid`,`id`,`name`,`language_id` FROM `edu_category` WHERE `status` = 1 AND `nav_show` = 0 AND `switch` = 1 AND `language_id` = '2.htm' ORDER BY rank desc  [ RunTime:0.0010s ]
SQL: SHOW COLUMNS FROM `edu_language` [ RunTime:0.0020s ]
SQL: SELECT * FROM `edu_language` WHERE `status` = 1  [ RunTime:0.0010s ]
SQL: SHOW COLUMNS FROM `edu_details` [ RunTime:0.0010s ]
SQL: UPDATE `edu_details` SET `hit`=hit+1 WHERE `id` = 646 [ RunTime:0.0068s ]
SQL: SELECT d.id,d.hit,d.user_id,d.title,d.content,d.create_time,d.update_time,c.pid as c_pid,c.name as category_name,u.name AS user_name FROM edu_details d INNER JOIN edu_category AS c ON d.category_id=c.id LEFT JOIN edu_user AS u ON d.user_id=u.id  WHERE d.status = 1 AND d.is_publish = 1 AND d.id = '646' AND d.language_id = '2.htm'  [ RunTime:0.0000s ]
SQL: SHOW COLUMNS FROM `edu_category` [ RunTime:0.0020s ]
SQL: SELECT `id`,`name` FROM `edu_category` WHERE `status` = 1 AND `switch` = 1 ORDER BY id asc  [ RunTime:0.0000s ]
SQL: SELECT `id`,`name` FROM `edu_category` WHERE `pid` = 3 AND `status` = 1 AND `switch` = 1  [ RunTime:0.0010s ]
INFO: [ view_parse ] --START--
INFO: [ template_filter ] --START--
INFO: Run Behavior\ContentReplaceBehavior [ RunTime:0.000000s ]
INFO: [ template_filter ] --END-- [ RunTime:0.000000s ]
INFO: Run Behavior\ParseTemplateBehavior [ RunTime:0.025392s ]
INFO: [ view_parse ] --END-- [ RunTime:0.025392s ]
INFO: [ view_filter ] --START--
INFO: Run Behavior\WriteHtmlCacheBehavior [ RunTime:0.000000s ]
INFO: [ view_filter ] --END-- [ RunTime:0.000000s ]
INFO: [ action_end ] --START--
INFO: Run Common\Behavior\HyLogBehavior [ RunTime:0.000000s ]
INFO: [ action_end ] --END-- [ RunTime:0.000976s ]
INFO: [ app_end ] --START--
INFO: Run Behavior\ShowPageTraceBehavior [ RunTime:0.000000s ]
INFO: [ app_end ] --END-- [ RunTime:0.000000s ]

[ 2016-06-26T23:47:19+08:00 ] 89.163.148.58 /index.php/Home/Article/detail/content_id/648/lan_id/2.htm.html
INFO: [ app_init ] --START--
INFO: Run Behavior\BuildLiteBehavior [ RunTime:0.000000s ]
INFO: [ app_init ] --END-- [ RunTime:0.000000s ]
INFO: [ app_begin ] --START--
INFO: Run Behavior\ReadHtmlCacheBehavior [ RunTime:0.000000s ]
INFO: [ app_begin ] --END-- [ RunTime:0.000000s ]
NOTIC: [8192] mysql_connect(): The mysql extension is deprecated and will be removed in the future: use mysqli or PDO instead D:\wwwwroot\SIS.JXNU\HomyitCore\Library\Think\Session\Driver\Db.class.php 第 95 行.
INFO: [ action_begin ] --START--
INFO: Run Common\Behavior\HyLogBehavior [ RunTime:0.000000s ]
INFO: [ action_begin ] --END-- [ RunTime:0.000000s ]
SQL: SHOW COLUMNS FROM `edu_friend_link` [ RunTime:0.0020s ]
SQL: SELECT * FROM `edu_friend_link` WHERE `status` = 1 AND `type` = 0 ORDER BY rank desc LIMIT 4   [ RunTime:0.0010s ]
SQL: SHOW COLUMNS FROM `edu_announce` [ RunTime:0.0020s ]
SQL: SELECT * FROM `edu_announce` WHERE `status` = 1 ORDER BY create_time desc LIMIT 5   [ RunTime:0.0010s ]
SQL: SHOW COLUMNS FROM `edu_category` [ RunTime:0.0020s ]
SQL: SELECT `pid`,`id`,`name`,`language_id` FROM `edu_category` WHERE `status` = 1 AND `nav_show` = 0 AND `switch` = 1 AND `language_id` = '2.htm' ORDER BY rank desc  [ RunTime:0.0000s ]
SQL: SHOW COLUMNS FROM `edu_language` [ RunTime:0.0020s ]
SQL: SELECT * FROM `edu_language` WHERE `status` = 1  [ RunTime:0.0000s ]
SQL: SHOW COLUMNS FROM `edu_details` [ RunTime:0.0020s ]
SQL: UPDATE `edu_details` SET `hit`=hit+1 WHERE `id` = 648 [ RunTime:0.0039s ]
SQL: SELECT d.id,d.hit,d.user_id,d.title,d.content,d.create_time,d.update_time,c.pid as c_pid,c.name as category_name,u.name AS user_name FROM edu_details d INNER JOIN edu_category AS c ON d.category_id=c.id LEFT JOIN edu_user AS u ON d.user_id=u.id  WHERE d.status = 1 AND d.is_publish = 1 AND d.id = '648' AND d.language_id = '2.htm'  [ RunTime:0.0010s ]
SQL: SHOW COLUMNS FROM `edu_category` [ RunTime:0.0020s ]
SQL: SELECT `id`,`name` FROM `edu_category` WHERE `status` = 1 AND `switch` = 1 ORDER BY id asc  [ RunTime:0.0000s ]
SQL: SELECT `id`,`name` FROM `edu_category` WHERE `pid` = 3 AND `status` = 1 AND `switch` = 1  [ RunTime:0.0010s ]
INFO: [ view_parse ] --START--
INFO: [ template_filter ] --START--
INFO: Run Behavior\ContentReplaceBehavior [ RunTime:0.000976s ]
INFO: [ template_filter ] --END-- [ RunTime:0.000976s ]
INFO: Run Behavior\ParseTemplateBehavior [ RunTime:0.024415s ]
INFO: [ view_parse ] --END-- [ RunTime:0.024415s ]
INFO: [ view_filter ] --START--
INFO: Run Behavior\WriteHtmlCacheBehavior [ RunTime:0.000000s ]
INFO: [ view_filter ] --END-- [ RunTime:0.000000s ]
INFO: [ action_end ] --START--
INFO: Run Common\Behavior\HyLogBehavior [ RunTime:0.000000s ]
INFO: [ action_end ] --END-- [ RunTime:0.000000s ]
INFO: [ app_end ] --START--
INFO: Run Behavior\ShowPageTraceBehavior [ RunTime:0.000977s ]
INFO: [ app_end ] --END-- [ RunTime:0.000977s ]

[ 2016-06-26T23:47:25+08:00 ] 89.163.148.58 /index.php/Home/Article/detail/content_id/649/lan_id/2.htm.html
INFO: [ app_init ] --START--
INFO: Run Behavior\BuildLiteBehavior [ RunTime:0.000000s ]
INFO: [ app_init ] --END-- [ RunTime:0.000000s ]
INFO: [ app_begin ] --START--
INFO: Run Behavior\ReadHtmlCacheBehavior [ RunTime:0.000000s ]
INFO: [ app_begin ] --END-- [ RunTime:0.000000s ]
NOTIC: [8192] mysql_connect(): The mysql extension is deprecated and will be removed in the future: use mysqli or PDO instead D:\wwwwroot\SIS.JXNU\HomyitCore\Library\Think\Session\Driver\Db.class.php 第 95 行.
INFO: [ action_begin ] --START--
INFO: Run Common\Behavior\HyLogBehavior [ RunTime:0.000976s ]
INFO: [ action_begin ] --END-- [ RunTime:0.000976s ]
SQL: SHOW COLUMNS FROM `edu_friend_link` [ RunTime:0.0020s ]
SQL: SELECT * FROM `edu_friend_link` WHERE `status` = 1 AND `type` = 0 ORDER BY rank desc LIMIT 4   [ RunTime:0.0010s ]
SQL: SHOW COLUMNS FROM `edu_announce` [ RunTime:0.0029s ]
SQL: SELECT * FROM `edu_announce` WHERE `status` = 1 ORDER BY create_time desc LIMIT 5   [ RunTime:0.0000s ]
SQL: SHOW COLUMNS FROM `edu_category` [ RunTime:0.0020s ]
SQL: SELECT `pid`,`id`,`name`,`language_id` FROM `edu_category` WHERE `status` = 1 AND `nav_show` = 0 AND `switch` = 1 AND `language_id` = '2.htm' ORDER BY rank desc  [ RunTime:0.0000s ]
SQL: SHOW COLUMNS FROM `edu_language` [ RunTime:0.0020s ]
SQL: SELECT * FROM `edu_language` WHERE `status` = 1  [ RunTime:0.0010s ]
SQL: SHOW COLUMNS FROM `edu_details` [ RunTime:0.0020s ]
SQL: UPDATE `edu_details` SET `hit`=hit+1 WHERE `id` = 649 [ RunTime:0.0078s ]
SQL: SELECT d.id,d.hit,d.user_id,d.title,d.content,d.create_time,d.update_time,c.pid as c_pid,c.name as category_name,u.name AS user_name FROM edu_details d INNER JOIN edu_category AS c ON d.category_id=c.id LEFT JOIN edu_user AS u ON d.user_id=u.id  WHERE d.status = 1 AND d.is_publish = 1 AND d.id = '649' AND d.language_id = '2.htm'  [ RunTime:0.0010s ]
SQL: SHOW COLUMNS FROM `edu_category` [ RunTime:0.0020s ]
SQL: SELECT `id`,`name` FROM `edu_category` WHERE `status` = 1 AND `switch` = 1 ORDER BY id asc  [ RunTime:0.0010s ]
SQL: SELECT `id`,`name` FROM `edu_category` WHERE `pid` = 3 AND `status` = 1 AND `switch` = 1  [ RunTime:0.0000s ]
INFO: [ view_parse ] --START--
INFO: [ template_filter ] --START--
INFO: Run Behavior\ContentReplaceBehavior [ RunTime:0.000000s ]
INFO: [ template_filter ] --END-- [ RunTime:0.000000s ]
INFO: Run Behavior\ParseTemplateBehavior [ RunTime:0.025392s ]
INFO: [ view_parse ] --END-- [ RunTime:0.025392s ]
INFO: [ view_filter ] --START--
INFO: Run Behavior\WriteHtmlCacheBehavior [ RunTime:0.000000s ]
INFO: [ view_filter ] --END-- [ RunTime:0.000000s ]
INFO: [ action_end ] --START--
INFO: Run Common\Behavior\HyLogBehavior [ RunTime:0.000976s ]
INFO: [ action_end ] --END-- [ RunTime:0.000976s ]
INFO: [ app_end ] --START--
INFO: Run Behavior\ShowPageTraceBehavior [ RunTime:0.000977s ]
INFO: [ app_end ] --END-- [ RunTime:0.000977s ]

[ 2016-06-26T23:52:34+08:00 ] 68.180.229.122 /index.php/Home/Article/detail/content_id/706/lan_id/2.html
INFO: [ app_init ] --START--
INFO: Run Behavior\BuildLiteBehavior [ RunTime:0.000000s ]
INFO: [ app_init ] --END-- [ RunTime:0.000976s ]
INFO: [ app_begin ] --START--
INFO: Run Behavior\ReadHtmlCacheBehavior [ RunTime:0.000000s ]
INFO: [ app_begin ] --END-- [ RunTime:0.000000s ]
NOTIC: [8192] mysql_connect(): The mysql extension is deprecated and will be removed in the future: use mysqli or PDO instead D:\wwwwroot\SIS.JXNU\HomyitCore\Library\Think\Session\Driver\Db.class.php 第 95 行.
INFO: [ action_begin ] --START--
INFO: Run Common\Behavior\HyLogBehavior [ RunTime:0.000000s ]
INFO: [ action_begin ] --END-- [ RunTime:0.000000s ]
SQL: SHOW COLUMNS FROM `edu_friend_link` [ RunTime:0.0020s ]
SQL: SELECT * FROM `edu_friend_link` WHERE `status` = 1 AND `type` = 0 ORDER BY rank desc LIMIT 4   [ RunTime:0.0010s ]
SQL: SHOW COLUMNS FROM `edu_announce` [ RunTime:0.0020s ]
SQL: SELECT * FROM `edu_announce` WHERE `status` = 1 ORDER BY create_time desc LIMIT 5   [ RunTime:0.0000s ]
SQL: SHOW COLUMNS FROM `edu_category` [ RunTime:0.0020s ]
SQL: SELECT `pid`,`id`,`name`,`language_id` FROM `edu_category` WHERE `status` = 1 AND `nav_show` = 0 AND `switch` = 1 AND `language_id` = '2' ORDER BY rank desc  [ RunTime:0.0010s ]
SQL: SHOW COLUMNS FROM `edu_language` [ RunTime:0.0020s ]
SQL: SELECT * FROM `edu_language` WHERE `status` = 1  [ RunTime:0.0010s ]
SQL: SHOW COLUMNS FROM `edu_details` [ RunTime:0.0020s ]
SQL: UPDATE `edu_details` SET `hit`=hit+1 WHERE `id` = 706 [ RunTime:0.0068s ]
SQL: SELECT d.id,d.hit,d.user_id,d.title,d.content,d.create_time,d.update_time,c.pid as c_pid,c.name as category_name,u.name AS user_name FROM edu_details d INNER JOIN edu_category AS c ON d.category_id=c.id LEFT JOIN edu_user AS u ON d.user_id=u.id  WHERE d.status = 1 AND d.is_publish = 1 AND d.id = '706' AND d.language_id = '2'  [ RunTime:0.0010s ]
SQL: SHOW COLUMNS FROM `edu_category` [ RunTime:0.0020s ]
SQL: SELECT `id`,`name` FROM `edu_category` WHERE `status` = 1 AND `switch` = 1 ORDER BY id asc  [ RunTime:0.0000s ]
SQL: SELECT `id`,`name` FROM `edu_category` WHERE `pid` = 4 AND `status` = 1 AND `switch` = 1  [ RunTime:0.0000s ]
INFO: [ view_parse ] --START--
INFO: [ template_filter ] --START--
INFO: Run Behavior\ContentReplaceBehavior [ RunTime:0.000000s ]
INFO: [ template_filter ] --END-- [ RunTime:0.000000s ]
INFO: Run Behavior\ParseTemplateBehavior [ RunTime:0.026366s ]
INFO: [ view_parse ] --END-- [ RunTime:0.026366s ]
INFO: [ view_filter ] --START--
INFO: Run Behavior\WriteHtmlCacheBehavior [ RunTime:0.000000s ]
INFO: [ view_filter ] --END-- [ RunTime:0.000000s ]
INFO: [ action_end ] --START--
INFO: Run Common\Behavior\HyLogBehavior [ RunTime:0.000000s ]
INFO: [ action_end ] --END-- [ RunTime:0.000000s ]
INFO: [ app_end ] --START--
INFO: Run Behavior\ShowPageTraceBehavior [ RunTime:0.000976s ]
INFO: [ app_end ] --END-- [ RunTime:0.000976s ]

[ 2016-06-26T23:57:44+08:00 ] 66.249.65.71 /index.php/Home/Article/category/category_id/58/lan_id/2.htm/p/5.html
INFO: [ app_init ] --START--
INFO: Run Behavior\BuildLiteBehavior [ RunTime:0.000000s ]
INFO: [ app_init ] --END-- [ RunTime:0.000000s ]
INFO: [ app_begin ] --START--
INFO: Run Behavior\ReadHtmlCacheBehavior [ RunTime:0.000976s ]
INFO: [ app_begin ] --END-- [ RunTime:0.000976s ]
NOTIC: [8192] mysql_connect(): The mysql extension is deprecated and will be removed in the future: use mysqli or PDO instead D:\wwwwroot\SIS.JXNU\HomyitCore\Library\Think\Session\Driver\Db.class.php 第 95 行.
INFO: [ action_begin ] --START--
INFO: Run Common\Behavior\HyLogBehavior [ RunTime:0.000000s ]
INFO: [ action_begin ] --END-- [ RunTime:0.000976s ]
SQL: SHOW COLUMNS FROM `edu_friend_link` [ RunTime:0.0029s ]
SQL: SELECT * FROM `edu_friend_link` WHERE `status` = 1 AND `type` = 0 ORDER BY rank desc LIMIT 4   [ RunTime:0.0000s ]
SQL: SHOW COLUMNS FROM `edu_announce` [ RunTime:0.0020s ]
SQL: SELECT * FROM `edu_announce` WHERE `status` = 1 ORDER BY create_time desc LIMIT 5   [ RunTime:0.0000s ]
SQL: SHOW COLUMNS FROM `edu_category` [ RunTime:0.0020s ]
SQL: SELECT `pid`,`id`,`name`,`language_id` FROM `edu_category` WHERE `status` = 1 AND `nav_show` = 0 AND `switch` = 1 AND `language_id` = '2.htm' ORDER BY rank desc  [ RunTime:0.0010s ]
SQL: SHOW COLUMNS FROM `edu_language` [ RunTime:0.0020s ]
SQL: SELECT * FROM `edu_language` WHERE `status` = 1  [ RunTime:0.0010s ]
SQL: SHOW COLUMNS FROM `edu_details` [ RunTime:0.0020s ]
SQL: SHOW COLUMNS FROM `edu_category` [ RunTime:0.0020s ]
SQL: SELECT `name` FROM `edu_category` WHERE `id` = 58 LIMIT 1   [ RunTime:0.0000s ]
SQL: SELECT d.id,d.title,d.create_time,c.name as category_name,d.category_id,c.pid as c_pid,d.language_id FROM edu_details d INNER JOIN edu_category AS c ON d.category_id = c.id  WHERE d.status = 1 AND d.is_publish = 1 AND d.category_id = '58' ORDER BY create_time desc LIMIT 40,10   [ RunTime:0.0010s ]
SQL: SELECT `pid` FROM `edu_category` WHERE `id` = 58 LIMIT 1   [ RunTime:0.0000s ]
SQL: SELECT `id`,`name` FROM `edu_category` WHERE `pid` = 54 AND `switch` = 1  [ RunTime:0.0010s ]
SQL: SELECT COUNT(*) AS tp_count FROM `edu_details` WHERE `status` = 1 AND `is_publish` = 1 AND `category_id` = 58 LIMIT 1   [ RunTime:0.0010s ]
SQL: SELECT `pid` FROM `edu_category` WHERE `id` = 58 AND `status` = 1 LIMIT 1   [ RunTime:0.0010s ]
SQL: SELECT `name` FROM `edu_category` WHERE `id` = 54 AND `status` = 1 LIMIT 1   [ RunTime:0.0000s ]
INFO: [ view_parse ] --START--
INFO: [ template_filter ] --START--
INFO: Run Behavior\ContentReplaceBehavior [ RunTime:0.000977s ]
INFO: [ template_filter ] --END-- [ RunTime:0.000977s ]
NOTIC: [8] Undefined index: children D:\wwwwroot\SIS.JXNU\Runtime\Cache\Home\1eed4d3931178952bdedc16b19396bb6.php 第 153 行.
NOTIC: [8] Undefined index: children D:\wwwwroot\SIS.JXNU\Runtime\Cache\Home\1eed4d3931178952bdedc16b19396bb6.php 第 153 行.
NOTIC: [8] Undefined index: children D:\wwwwroot\SIS.JXNU\Runtime\Cache\Home\1eed4d3931178952bdedc16b19396bb6.php 第 153 行.
NOTIC: [8] Undefined index: children D:\wwwwroot\SIS.JXNU\Runtime\Cache\Home\1eed4d3931178952bdedc16b19396bb6.php 第 153 行.
INFO: Run Behavior\ParseTemplateBehavior [ RunTime:0.042970s ]
INFO: [ view_parse ] --END-- [ RunTime:0.042970s ]
INFO: [ view_filter ] --START--
INFO: Run Behavior\WriteHtmlCacheBehavior [ RunTime:0.000000s ]
INFO: [ view_filter ] --END-- [ RunTime:0.000000s ]
INFO: [ action_end ] --START--
INFO: Run Common\Behavior\HyLogBehavior [ RunTime:0.000000s ]
INFO: [ action_end ] --END-- [ RunTime:0.000000s ]
INFO: [ app_end ] --START--
INFO: Run Behavior\ShowPageTraceBehavior [ RunTime:0.000977s ]
INFO: [ app_end ] --END-- [ RunTime:0.000977s ]

