[ 2016-07-13T09:05:39+08:00 ] ::1 /SIS.JXNU-B/
INFO: [ app_init ] --START--
INFO: Run Behavior\BuildLiteBehavior [ RunTime:0.000168s ]
INFO: [ app_init ] --END-- [ RunTime:0.025354s ]
INFO: [ app_begin ] --START--
INFO: Run Behavior\ReadHtmlCacheBehavior [ RunTime:0.025842s ]
INFO: [ app_begin ] --END-- [ RunTime:0.026312s ]
INFO: [ action_begin ] --START--
INFO: Run Common\Behavior\HyLogBehavior [ RunTime:0.077794s ]
INFO: [ action_begin ] --END-- [ RunTime:0.078296s ]
SQL: SHOW COLUMNS FROM `edu_friend_link` [ RunTime:0.0171s ]
SQL: SELECT * FROM `edu_friend_link` WHERE `status` = 1 AND `type` = 0 ORDER BY rank desc LIMIT 4   [ RunTime:0.0016s ]
SQL: SHOW COLUMNS FROM `edu_announce` [ RunTime:0.0161s ]
SQL: SELECT * FROM `edu_announce` WHERE `status` = 1 ORDER BY create_time desc LIMIT 5   [ RunTime:0.0014s ]
SQL: SHOW COLUMNS FROM `edu_category` [ RunTime:0.0164s ]
SQL: SELECT `pid`,`id`,`name`,`language_id` FROM `edu_category` WHERE `status` = 1 AND `nav_show` = 0 AND `switch` = 1 AND `language_id` = 2 ORDER BY rank desc  [ RunTime:0.0017s ]
SQL: SHOW COLUMNS FROM `edu_language` [ RunTime:0.0155s ]
SQL: SELECT * FROM `edu_language` WHERE `status` = 1  [ RunTime:0.0011s ]
SQL: SHOW COLUMNS FROM `edu_friend_link` [ RunTime:0.0141s ]
SQL: SELECT `savepath`,`savename`,fl.url,fl.name FROM edu_friend_link fl INNER JOIN edu_frame_file as f ON fl.img=f.id  WHERE fl.status = 1 AND fl.type = 1 ORDER BY fl.create_time desc LIMIT 1   [ RunTime:0.0015s ]
SQL: SHOW COLUMNS FROM `edu_banner` [ RunTime:0.0140s ]
SQL: SELECT b.id,b.index_show,f.savepath,f.savename FROM edu_banner b INNER JOIN edu_frame_file AS f ON b.img_title = f.id  WHERE `status` = 1 AND `index_show` <> 0 ORDER BY b.create_time desc LIMIT 5   [ RunTime:0.0015s ]
SQL: SELECT * FROM `edu_category` WHERE `status` = 1 AND `switch` = 1 AND `nav_show` = 1 AND `language_id` = 2 ORDER BY rank desc LIMIT 5   [ RunTime:0.0011s ]
SQL: SHOW COLUMNS FROM `edu_details` [ RunTime:0.0164s ]
SQL: SELECT d.id,d.content FROM edu_details d INNER JOIN edu_category AS c ON d.category_id = c.id  WHERE d.status = 1 AND c.language_id = 2 AND d.is_publish = 1 ORDER BY d.create_time desc  [ RunTime:0.0293s ]
SQL: SHOW COLUMNS FROM `edu_category` [ RunTime:0.0184s ]
SQL: SELECT `id` FROM `edu_category` WHERE `name` = '领导致辞' LIMIT 1   [ RunTime:0.0009s ]
SQL: SELECT * FROM `edu_details` WHERE `status` = 1 AND `category_id` = 59 AND `language_id` = 2 ORDER BY create_time desc LIMIT 6   [ RunTime:0.0010s ]
SQL: SELECT * FROM `edu_details` WHERE `status` = 1 AND `language_id` = 2 ORDER BY create_time desc LIMIT 6   [ RunTime:0.0027s ]
SQL: SELECT `id` FROM `edu_category` WHERE `name` = '师生风采' LIMIT 1   [ RunTime:0.0008s ]
SQL: SELECT * FROM `edu_details` WHERE `status` = 1 AND `category_id` = 18 AND `language_id` = 2 ORDER BY create_time desc LIMIT 6   [ RunTime:0.0023s ]
SQL: SELECT `id` FROM `edu_category` WHERE `name` = '教学动态' LIMIT 1   [ RunTime:0.0009s ]
SQL: SELECT * FROM `edu_details` WHERE `status` = 1 AND `category_id` = 60 AND `language_id` = 2 ORDER BY create_time desc LIMIT 6   [ RunTime:0.0019s ]
SQL: SELECT `id` FROM `edu_category` WHERE `name` = '新闻动态' LIMIT 1   [ RunTime:0.0007s ]
SQL: SELECT * FROM `edu_details` WHERE `status` = 1 AND `category_id` = 23 AND `language_id` = 2 ORDER BY create_time desc LIMIT 6   [ RunTime:0.0014s ]
SQL: SELECT `id` FROM `edu_category` WHERE `name` = '学生组织' LIMIT 1   [ RunTime:0.0007s ]
SQL: SELECT * FROM `edu_details` WHERE `status` = 1 AND `category_id` = 28 AND `language_id` = 2 ORDER BY create_time desc LIMIT 6   [ RunTime:0.0010s ]
SQL: SELECT `id` FROM `edu_category` WHERE `name` = '科研动态' LIMIT 1   [ RunTime:0.0008s ]
SQL: SELECT * FROM `edu_details` WHERE `status` = 1 AND `category_id` = 58 AND `language_id` = 2 ORDER BY create_time desc LIMIT 6   [ RunTime:0.0011s ]
INFO: [ view_parse ] --START--
INFO: [ template_filter ] --START--
INFO: Run Behavior\ContentReplaceBehavior [ RunTime:0.000933s ]
INFO: [ template_filter ] --END-- [ RunTime:0.001393s ]
NOTIC: [8] Use of undefined constant 日 - assumed '日' C:\wamp\www\SIS.JXNU-B\Runtime\Cache\Home\2a94b8bda04ff446dcedd42276fc99ee.php 第 29 行.
NOTIC: [8] Use of undefined constant 一 - assumed '一' C:\wamp\www\SIS.JXNU-B\Runtime\Cache\Home\2a94b8bda04ff446dcedd42276fc99ee.php 第 29 行.
NOTIC: [8] Use of undefined constant 二 - assumed '二' C:\wamp\www\SIS.JXNU-B\Runtime\Cache\Home\2a94b8bda04ff446dcedd42276fc99ee.php 第 29 行.
NOTIC: [8] Use of undefined constant 三 - assumed '三' C:\wamp\www\SIS.JXNU-B\Runtime\Cache\Home\2a94b8bda04ff446dcedd42276fc99ee.php 第 29 行.
NOTIC: [8] Use of undefined constant 四 - assumed '四' C:\wamp\www\SIS.JXNU-B\Runtime\Cache\Home\2a94b8bda04ff446dcedd42276fc99ee.php 第 29 行.
NOTIC: [8] Use of undefined constant 五 - assumed '五' C:\wamp\www\SIS.JXNU-B\Runtime\Cache\Home\2a94b8bda04ff446dcedd42276fc99ee.php 第 29 行.
NOTIC: [8] Use of undefined constant 六 - assumed '六' C:\wamp\www\SIS.JXNU-B\Runtime\Cache\Home\2a94b8bda04ff446dcedd42276fc99ee.php 第 29 行.
NOTIC: [8] Use of undefined constant w - assumed 'w' C:\wamp\www\SIS.JXNU-B\Runtime\Cache\Home\2a94b8bda04ff446dcedd42276fc99ee.php 第 29 行.
INFO: Run Behavior\ParseTemplateBehavior [ RunTime:0.353757s ]
INFO: [ view_parse ] --END-- [ RunTime:0.354257s ]
INFO: [ view_filter ] --START--
INFO: Run Behavior\WriteHtmlCacheBehavior [ RunTime:0.025724s ]
INFO: [ view_filter ] --END-- [ RunTime:0.026482s ]
INFO: [ action_end ] --START--
INFO: Run Common\Behavior\HyLogBehavior [ RunTime:0.000335s ]
INFO: [ action_end ] --END-- [ RunTime:0.001011s ]
INFO: [ app_end ] --START--
INFO: Run Behavior\ShowPageTraceBehavior [ RunTime:0.038477s ]
INFO: [ app_end ] --END-- [ RunTime:0.038956s ]

