[ 2016-07-14T18:59:13+08:00 ] ::1 /SIS.JXNU-B/
INFO: [ app_init ] --START--
INFO: Run Behavior\BuildLiteBehavior [ RunTime:0.000165s ]
INFO: [ app_init ] --END-- [ RunTime:0.003112s ]
INFO: [ app_begin ] --START--
INFO: Run Behavior\ReadHtmlCacheBehavior [ RunTime:0.003649s ]
INFO: [ app_begin ] --END-- [ RunTime:0.004174s ]
INFO: [ action_begin ] --START--
INFO: Run Common\Behavior\HyLogBehavior [ RunTime:0.008263s ]
INFO: [ action_begin ] --END-- [ RunTime:0.008834s ]
SQL: SHOW COLUMNS FROM `edu_friend_link` [ RunTime:0.0164s ]
SQL: SELECT * FROM `edu_friend_link` WHERE `status` = 1 AND `type` = 0 ORDER BY rank desc LIMIT 4   [ RunTime:0.0013s ]
SQL: SHOW COLUMNS FROM `edu_announce` [ RunTime:0.0151s ]
SQL: SELECT * FROM `edu_announce` WHERE `status` = 1 ORDER BY create_time desc LIMIT 5   [ RunTime:0.0012s ]
SQL: SHOW COLUMNS FROM `edu_category` [ RunTime:0.0172s ]
SQL: SELECT `pid`,`id`,`name`,`language_id` FROM `edu_category` WHERE `status` = 1 AND `nav_show` = 0 AND `switch` = 1 AND `language_id` = 2 ORDER BY rank desc  [ RunTime:0.0017s ]
SQL: SHOW COLUMNS FROM `edu_language` [ RunTime:0.0173s ]
SQL: SELECT * FROM `edu_language` WHERE `status` = 1  [ RunTime:0.0009s ]
SQL: SHOW COLUMNS FROM `edu_friend_link` [ RunTime:0.0161s ]
SQL: SELECT `savepath`,`savename`,fl.url,fl.name FROM edu_friend_link fl INNER JOIN edu_frame_file as f ON fl.img=f.id  WHERE fl.status = 1 AND fl.type = 1 ORDER BY fl.create_time desc LIMIT 1   [ RunTime:0.0013s ]
SQL: SHOW COLUMNS FROM `edu_banner` [ RunTime:0.0189s ]
SQL: SELECT b.id,b.index_show,f.savepath,f.savename FROM edu_banner b INNER JOIN edu_frame_file AS f ON b.img_title = f.id  WHERE `status` = 1 AND `index_show` <> 0 ORDER BY b.create_time desc LIMIT 5   [ RunTime:0.0018s ]
SQL: SELECT * FROM `edu_category` WHERE `status` = 1 AND `switch` = 1 AND `nav_show` = 1 AND `language_id` = 2 ORDER BY rank desc LIMIT 5   [ RunTime:0.0013s ]
SQL: SHOW COLUMNS FROM `edu_details` [ RunTime:0.0185s ]
SQL: SELECT d.id,d.content FROM edu_details d INNER JOIN edu_category AS c ON d.category_id = c.id  WHERE d.status = 1 AND c.language_id = 2 AND d.is_publish = 1 ORDER BY d.create_time desc  [ RunTime:0.0088s ]
SQL: SHOW COLUMNS FROM `edu_category` [ RunTime:0.0137s ]
SQL: SELECT `id` FROM `edu_category` WHERE `name` = '领导致辞' LIMIT 1   [ RunTime:0.0009s ]
SQL: SELECT * FROM `edu_details` WHERE `status` = 1 AND `category_id` = 59 AND `language_id` = 2 ORDER BY create_time desc LIMIT 6   [ RunTime:0.0010s ]
SQL: SELECT * FROM `edu_details` WHERE `status` = 1 AND `language_id` = 2 ORDER BY create_time desc LIMIT 6   [ RunTime:0.0021s ]
SQL: SELECT `id` FROM `edu_category` WHERE `name` = '师生风采' LIMIT 1   [ RunTime:0.0009s ]
SQL: SELECT * FROM `edu_details` WHERE `status` = 1 AND `category_id` = 18 AND `language_id` = 2 ORDER BY create_time desc LIMIT 6   [ RunTime:0.0020s ]
SQL: SELECT `id` FROM `edu_category` WHERE `name` = '教学动态' LIMIT 1   [ RunTime:0.0008s ]
SQL: SELECT * FROM `edu_details` WHERE `status` = 1 AND `category_id` = 60 AND `language_id` = 2 ORDER BY create_time desc LIMIT 6   [ RunTime:0.0021s ]
SQL: SELECT `id` FROM `edu_category` WHERE `name` = '新闻动态' LIMIT 1   [ RunTime:0.0009s ]
SQL: SELECT * FROM `edu_details` WHERE `status` = 1 AND `category_id` = 23 AND `language_id` = 2 ORDER BY create_time desc LIMIT 6   [ RunTime:0.0014s ]
SQL: SELECT `id` FROM `edu_category` WHERE `name` = '学生组织' LIMIT 1   [ RunTime:0.0007s ]
SQL: SELECT * FROM `edu_details` WHERE `status` = 1 AND `category_id` = 28 AND `language_id` = 2 ORDER BY create_time desc LIMIT 6   [ RunTime:0.0009s ]
SQL: SELECT `id` FROM `edu_category` WHERE `name` = '科研动态' LIMIT 1   [ RunTime:0.0013s ]
SQL: SELECT * FROM `edu_details` WHERE `status` = 1 AND `category_id` = 58 AND `language_id` = 2 ORDER BY create_time desc LIMIT 6   [ RunTime:0.0018s ]
INFO: [ view_parse ] --START--
INFO: [ template_filter ] --START--
INFO: Run Behavior\ContentReplaceBehavior [ RunTime:0.000923s ]
INFO: [ template_filter ] --END-- [ RunTime:0.001392s ]
NOTIC: [8] Use of undefined constant 日 - assumed '日' C:\wamp\www\SIS.JXNU-B\Runtime\Cache\Home\2a94b8bda04ff446dcedd42276fc99ee.php 第 29 行.
NOTIC: [8] Use of undefined constant 一 - assumed '一' C:\wamp\www\SIS.JXNU-B\Runtime\Cache\Home\2a94b8bda04ff446dcedd42276fc99ee.php 第 29 行.
NOTIC: [8] Use of undefined constant 二 - assumed '二' C:\wamp\www\SIS.JXNU-B\Runtime\Cache\Home\2a94b8bda04ff446dcedd42276fc99ee.php 第 29 行.
NOTIC: [8] Use of undefined constant 三 - assumed '三' C:\wamp\www\SIS.JXNU-B\Runtime\Cache\Home\2a94b8bda04ff446dcedd42276fc99ee.php 第 29 行.
NOTIC: [8] Use of undefined constant 四 - assumed '四' C:\wamp\www\SIS.JXNU-B\Runtime\Cache\Home\2a94b8bda04ff446dcedd42276fc99ee.php 第 29 行.
NOTIC: [8] Use of undefined constant 五 - assumed '五' C:\wamp\www\SIS.JXNU-B\Runtime\Cache\Home\2a94b8bda04ff446dcedd42276fc99ee.php 第 29 行.
NOTIC: [8] Use of undefined constant 六 - assumed '六' C:\wamp\www\SIS.JXNU-B\Runtime\Cache\Home\2a94b8bda04ff446dcedd42276fc99ee.php 第 29 行.
NOTIC: [8] Use of undefined constant w - assumed 'w' C:\wamp\www\SIS.JXNU-B\Runtime\Cache\Home\2a94b8bda04ff446dcedd42276fc99ee.php 第 29 行.
INFO: Run Behavior\ParseTemplateBehavior [ RunTime:0.237969s ]
INFO: [ view_parse ] --END-- [ RunTime:0.238731s ]
INFO: [ view_filter ] --START--
INFO: Run Behavior\WriteHtmlCacheBehavior [ RunTime:0.004716s ]
INFO: [ view_filter ] --END-- [ RunTime:0.005579s ]
INFO: [ action_end ] --START--
INFO: Run Common\Behavior\HyLogBehavior [ RunTime:0.000332s ]
INFO: [ action_end ] --END-- [ RunTime:0.000944s ]
INFO: [ app_end ] --START--
INFO: Run Behavior\ShowPageTraceBehavior [ RunTime:0.006064s ]
INFO: [ app_end ] --END-- [ RunTime:0.006776s ]

[ 2016-07-14T18:59:13+08:00 ] ::1 /SIS.JXNU-B/
INFO: [ app_init ] --START--
INFO: Run Behavior\BuildLiteBehavior [ RunTime:0.000106s ]
INFO: [ app_init ] --END-- [ RunTime:0.515508s ]
INFO: [ app_begin ] --START--
INFO: Run Behavior\ReadHtmlCacheBehavior [ RunTime:0.295347s ]
INFO: [ app_begin ] --END-- [ RunTime:0.296018s ]
INFO: [ action_begin ] --START--
INFO: Run Common\Behavior\HyLogBehavior [ RunTime:0.114654s ]
INFO: [ action_begin ] --END-- [ RunTime:0.115615s ]
SQL: SHOW COLUMNS FROM `edu_friend_link` [ RunTime:0.1540s ]
SQL: SELECT * FROM `edu_friend_link` WHERE `status` = 1 AND `type` = 0 ORDER BY rank desc LIMIT 4   [ RunTime:0.0295s ]
SQL: SHOW COLUMNS FROM `edu_announce` [ RunTime:0.1046s ]
SQL: SELECT * FROM `edu_announce` WHERE `status` = 1 ORDER BY create_time desc LIMIT 5   [ RunTime:0.0010s ]
SQL: SHOW COLUMNS FROM `edu_category` [ RunTime:0.0782s ]
SQL: SELECT `pid`,`id`,`name`,`language_id` FROM `edu_category` WHERE `status` = 1 AND `nav_show` = 0 AND `switch` = 1 AND `language_id` = 2 ORDER BY rank desc  [ RunTime:0.0016s ]
SQL: SHOW COLUMNS FROM `edu_language` [ RunTime:0.1007s ]
SQL: SELECT * FROM `edu_language` WHERE `status` = 1  [ RunTime:0.0007s ]
SQL: SHOW COLUMNS FROM `edu_friend_link` [ RunTime:0.0147s ]
SQL: SELECT `savepath`,`savename`,fl.url,fl.name FROM edu_friend_link fl INNER JOIN edu_frame_file as f ON fl.img=f.id  WHERE fl.status = 1 AND fl.type = 1 ORDER BY fl.create_time desc LIMIT 1   [ RunTime:0.0800s ]
SQL: SHOW COLUMNS FROM `edu_banner` [ RunTime:0.0918s ]
SQL: SELECT b.id,b.index_show,f.savepath,f.savename FROM edu_banner b INNER JOIN edu_frame_file AS f ON b.img_title = f.id  WHERE `status` = 1 AND `index_show` <> 0 ORDER BY b.create_time desc LIMIT 5   [ RunTime:0.0095s ]
SQL: SELECT * FROM `edu_category` WHERE `status` = 1 AND `switch` = 1 AND `nav_show` = 1 AND `language_id` = 2 ORDER BY rank desc LIMIT 5   [ RunTime:0.0010s ]
SQL: SHOW COLUMNS FROM `edu_details` [ RunTime:0.0889s ]
SQL: SELECT d.id,d.content FROM edu_details d INNER JOIN edu_category AS c ON d.category_id = c.id  WHERE d.status = 1 AND c.language_id = 2 AND d.is_publish = 1 ORDER BY d.create_time desc  [ RunTime:0.0743s ]
SQL: SHOW COLUMNS FROM `edu_category` [ RunTime:0.0243s ]
SQL: SELECT `id` FROM `edu_category` WHERE `name` = '领导致辞' LIMIT 1   [ RunTime:0.0013s ]
SQL: SELECT * FROM `edu_details` WHERE `status` = 1 AND `category_id` = 59 AND `language_id` = 2 ORDER BY create_time desc LIMIT 6   [ RunTime:0.0012s ]
SQL: SELECT * FROM `edu_details` WHERE `status` = 1 AND `language_id` = 2 ORDER BY create_time desc LIMIT 6   [ RunTime:0.0027s ]
SQL: SELECT `id` FROM `edu_category` WHERE `name` = '师生风采' LIMIT 1   [ RunTime:0.0008s ]
SQL: SELECT * FROM `edu_details` WHERE `status` = 1 AND `category_id` = 18 AND `language_id` = 2 ORDER BY create_time desc LIMIT 6   [ RunTime:0.0019s ]
SQL: SELECT `id` FROM `edu_category` WHERE `name` = '教学动态' LIMIT 1   [ RunTime:0.0010s ]
SQL: SELECT * FROM `edu_details` WHERE `status` = 1 AND `category_id` = 60 AND `language_id` = 2 ORDER BY create_time desc LIMIT 6   [ RunTime:0.0018s ]
SQL: SELECT `id` FROM `edu_category` WHERE `name` = '新闻动态' LIMIT 1   [ RunTime:0.0013s ]
SQL: SELECT * FROM `edu_details` WHERE `status` = 1 AND `category_id` = 23 AND `language_id` = 2 ORDER BY create_time desc LIMIT 6   [ RunTime:0.0021s ]
SQL: SELECT `id` FROM `edu_category` WHERE `name` = '学生组织' LIMIT 1   [ RunTime:0.0010s ]
SQL: SELECT * FROM `edu_details` WHERE `status` = 1 AND `category_id` = 28 AND `language_id` = 2 ORDER BY create_time desc LIMIT 6   [ RunTime:0.0021s ]
SQL: SELECT `id` FROM `edu_category` WHERE `name` = '科研动态' LIMIT 1   [ RunTime:0.0013s ]
SQL: SELECT * FROM `edu_details` WHERE `status` = 1 AND `category_id` = 58 AND `language_id` = 2 ORDER BY create_time desc LIMIT 6   [ RunTime:0.0016s ]
INFO: [ view_parse ] --START--
INFO: [ template_filter ] --START--
INFO: Run Behavior\ContentReplaceBehavior [ RunTime:0.001457s ]
INFO: [ template_filter ] --END-- [ RunTime:0.002343s ]
NOTIC: [8] Use of undefined constant 日 - assumed '日' C:\wamp\www\SIS.JXNU-B\Runtime\Cache\Home\2a94b8bda04ff446dcedd42276fc99ee.php 第 29 行.
NOTIC: [8] Use of undefined constant 一 - assumed '一' C:\wamp\www\SIS.JXNU-B\Runtime\Cache\Home\2a94b8bda04ff446dcedd42276fc99ee.php 第 29 行.
NOTIC: [8] Use of undefined constant 二 - assumed '二' C:\wamp\www\SIS.JXNU-B\Runtime\Cache\Home\2a94b8bda04ff446dcedd42276fc99ee.php 第 29 行.
NOTIC: [8] Use of undefined constant 三 - assumed '三' C:\wamp\www\SIS.JXNU-B\Runtime\Cache\Home\2a94b8bda04ff446dcedd42276fc99ee.php 第 29 行.
NOTIC: [8] Use of undefined constant 四 - assumed '四' C:\wamp\www\SIS.JXNU-B\Runtime\Cache\Home\2a94b8bda04ff446dcedd42276fc99ee.php 第 29 行.
NOTIC: [8] Use of undefined constant 五 - assumed '五' C:\wamp\www\SIS.JXNU-B\Runtime\Cache\Home\2a94b8bda04ff446dcedd42276fc99ee.php 第 29 行.
NOTIC: [8] Use of undefined constant 六 - assumed '六' C:\wamp\www\SIS.JXNU-B\Runtime\Cache\Home\2a94b8bda04ff446dcedd42276fc99ee.php 第 29 行.
NOTIC: [8] Use of undefined constant w - assumed 'w' C:\wamp\www\SIS.JXNU-B\Runtime\Cache\Home\2a94b8bda04ff446dcedd42276fc99ee.php 第 29 行.
INFO: Run Behavior\ParseTemplateBehavior [ RunTime:0.571238s ]
INFO: [ view_parse ] --END-- [ RunTime:0.571738s ]
INFO: [ view_filter ] --START--
INFO: Run Behavior\WriteHtmlCacheBehavior [ RunTime:0.032254s ]
INFO: [ view_filter ] --END-- [ RunTime:0.033049s ]
INFO: [ action_end ] --START--
INFO: Run Common\Behavior\HyLogBehavior [ RunTime:0.000393s ]
INFO: [ action_end ] --END-- [ RunTime:0.001141s ]
INFO: [ app_end ] --START--
INFO: Run Behavior\ShowPageTraceBehavior [ RunTime:0.046692s ]
INFO: [ app_end ] --END-- [ RunTime:0.047518s ]

[ 2016-07-14T18:59:13+08:00 ] ::1 /SIS.JXNU-B/
INFO: [ app_init ] --START--
INFO: Run Behavior\BuildLiteBehavior [ RunTime:0.000104s ]
INFO: [ app_init ] --END-- [ RunTime:0.515556s ]
INFO: [ app_begin ] --START--
INFO: Run Behavior\ReadHtmlCacheBehavior [ RunTime:0.296183s ]
INFO: [ app_begin ] --END-- [ RunTime:0.297272s ]
INFO: [ action_begin ] --START--
INFO: Run Common\Behavior\HyLogBehavior [ RunTime:0.114519s ]
INFO: [ action_begin ] --END-- [ RunTime:0.115647s ]
SQL: SHOW COLUMNS FROM `edu_friend_link` [ RunTime:0.1567s ]
SQL: SELECT * FROM `edu_friend_link` WHERE `status` = 1 AND `type` = 0 ORDER BY rank desc LIMIT 4   [ RunTime:0.0295s ]
SQL: SHOW COLUMNS FROM `edu_announce` [ RunTime:0.1056s ]
SQL: SELECT * FROM `edu_announce` WHERE `status` = 1 ORDER BY create_time desc LIMIT 5   [ RunTime:0.0008s ]
SQL: SHOW COLUMNS FROM `edu_category` [ RunTime:0.0776s ]
SQL: SELECT `pid`,`id`,`name`,`language_id` FROM `edu_category` WHERE `status` = 1 AND `nav_show` = 0 AND `switch` = 1 AND `language_id` = 2 ORDER BY rank desc  [ RunTime:0.0017s ]
SQL: SHOW COLUMNS FROM `edu_language` [ RunTime:0.1019s ]
SQL: SELECT * FROM `edu_language` WHERE `status` = 1  [ RunTime:0.0007s ]
SQL: SHOW COLUMNS FROM `edu_friend_link` [ RunTime:0.0168s ]
SQL: SELECT `savepath`,`savename`,fl.url,fl.name FROM edu_friend_link fl INNER JOIN edu_frame_file as f ON fl.img=f.id  WHERE fl.status = 1 AND fl.type = 1 ORDER BY fl.create_time desc LIMIT 1   [ RunTime:0.0779s ]
SQL: SHOW COLUMNS FROM `edu_banner` [ RunTime:0.0921s ]
SQL: SELECT b.id,b.index_show,f.savepath,f.savename FROM edu_banner b INNER JOIN edu_frame_file AS f ON b.img_title = f.id  WHERE `status` = 1 AND `index_show` <> 0 ORDER BY b.create_time desc LIMIT 5   [ RunTime:0.0095s ]
SQL: SELECT * FROM `edu_category` WHERE `status` = 1 AND `switch` = 1 AND `nav_show` = 1 AND `language_id` = 2 ORDER BY rank desc LIMIT 5   [ RunTime:0.0009s ]
SQL: SHOW COLUMNS FROM `edu_details` [ RunTime:0.0899s ]
SQL: SELECT d.id,d.content FROM edu_details d INNER JOIN edu_category AS c ON d.category_id = c.id  WHERE d.status = 1 AND c.language_id = 2 AND d.is_publish = 1 ORDER BY d.create_time desc  [ RunTime:0.0648s ]
SQL: SHOW COLUMNS FROM `edu_category` [ RunTime:0.0232s ]
SQL: SELECT `id` FROM `edu_category` WHERE `name` = '领导致辞' LIMIT 1   [ RunTime:0.0016s ]
SQL: SELECT * FROM `edu_details` WHERE `status` = 1 AND `category_id` = 59 AND `language_id` = 2 ORDER BY create_time desc LIMIT 6   [ RunTime:0.0018s ]
SQL: SELECT * FROM `edu_details` WHERE `status` = 1 AND `language_id` = 2 ORDER BY create_time desc LIMIT 6   [ RunTime:0.0030s ]
SQL: SELECT `id` FROM `edu_category` WHERE `name` = '师生风采' LIMIT 1   [ RunTime:0.0008s ]
SQL: SELECT * FROM `edu_details` WHERE `status` = 1 AND `category_id` = 18 AND `language_id` = 2 ORDER BY create_time desc LIMIT 6   [ RunTime:0.0018s ]
SQL: SELECT `id` FROM `edu_category` WHERE `name` = '教学动态' LIMIT 1   [ RunTime:0.0011s ]
SQL: SELECT * FROM `edu_details` WHERE `status` = 1 AND `category_id` = 60 AND `language_id` = 2 ORDER BY create_time desc LIMIT 6   [ RunTime:0.0020s ]
SQL: SELECT `id` FROM `edu_category` WHERE `name` = '新闻动态' LIMIT 1   [ RunTime:0.0019s ]
SQL: SELECT * FROM `edu_details` WHERE `status` = 1 AND `category_id` = 23 AND `language_id` = 2 ORDER BY create_time desc LIMIT 6   [ RunTime:0.0016s ]
SQL: SELECT `id` FROM `edu_category` WHERE `name` = '学生组织' LIMIT 1   [ RunTime:0.0013s ]
SQL: SELECT * FROM `edu_details` WHERE `status` = 1 AND `category_id` = 28 AND `language_id` = 2 ORDER BY create_time desc LIMIT 6   [ RunTime:0.0034s ]
SQL: SELECT `id` FROM `edu_category` WHERE `name` = '科研动态' LIMIT 1   [ RunTime:0.0009s ]
SQL: SELECT * FROM `edu_details` WHERE `status` = 1 AND `category_id` = 58 AND `language_id` = 2 ORDER BY create_time desc LIMIT 6   [ RunTime:0.0015s ]
INFO: [ view_parse ] --START--
INFO: [ template_filter ] --START--
INFO: Run Behavior\ContentReplaceBehavior [ RunTime:0.001383s ]
INFO: [ template_filter ] --END-- [ RunTime:0.002335s ]
NOTIC: [8] Use of undefined constant 日 - assumed '日' C:\wamp\www\SIS.JXNU-B\Runtime\Cache\Home\2a94b8bda04ff446dcedd42276fc99ee.php 第 29 行.
NOTIC: [8] Use of undefined constant 一 - assumed '一' C:\wamp\www\SIS.JXNU-B\Runtime\Cache\Home\2a94b8bda04ff446dcedd42276fc99ee.php 第 29 行.
NOTIC: [8] Use of undefined constant 二 - assumed '二' C:\wamp\www\SIS.JXNU-B\Runtime\Cache\Home\2a94b8bda04ff446dcedd42276fc99ee.php 第 29 行.
NOTIC: [8] Use of undefined constant 三 - assumed '三' C:\wamp\www\SIS.JXNU-B\Runtime\Cache\Home\2a94b8bda04ff446dcedd42276fc99ee.php 第 29 行.
NOTIC: [8] Use of undefined constant 四 - assumed '四' C:\wamp\www\SIS.JXNU-B\Runtime\Cache\Home\2a94b8bda04ff446dcedd42276fc99ee.php 第 29 行.
NOTIC: [8] Use of undefined constant 五 - assumed '五' C:\wamp\www\SIS.JXNU-B\Runtime\Cache\Home\2a94b8bda04ff446dcedd42276fc99ee.php 第 29 行.
NOTIC: [8] Use of undefined constant 六 - assumed '六' C:\wamp\www\SIS.JXNU-B\Runtime\Cache\Home\2a94b8bda04ff446dcedd42276fc99ee.php 第 29 行.
NOTIC: [8] Use of undefined constant w - assumed 'w' C:\wamp\www\SIS.JXNU-B\Runtime\Cache\Home\2a94b8bda04ff446dcedd42276fc99ee.php 第 29 行.
INFO: Run Behavior\ParseTemplateBehavior [ RunTime:0.574828s ]
INFO: [ view_parse ] --END-- [ RunTime:0.575294s ]
INFO: [ view_filter ] --START--
INFO: Run Behavior\WriteHtmlCacheBehavior [ RunTime:0.028942s ]
INFO: [ view_filter ] --END-- [ RunTime:0.029454s ]
INFO: [ action_end ] --START--
INFO: Run Common\Behavior\HyLogBehavior [ RunTime:0.000326s ]
INFO: [ action_end ] --END-- [ RunTime:0.000807s ]
INFO: [ app_end ] --START--
INFO: Run Behavior\ShowPageTraceBehavior [ RunTime:0.047911s ]
INFO: [ app_end ] --END-- [ RunTime:0.048464s ]

[ 2016-07-14T18:59:56+08:00 ] ::1 /SIS.JXNU-B/
INFO: [ app_init ] --START--
INFO: Run Behavior\BuildLiteBehavior [ RunTime:0.000106s ]
INFO: [ app_init ] --END-- [ RunTime:0.002428s ]
INFO: [ app_begin ] --START--
INFO: Run Behavior\ReadHtmlCacheBehavior [ RunTime:0.003950s ]
INFO: [ app_begin ] --END-- [ RunTime:0.004420s ]
INFO: [ action_begin ] --START--
INFO: Run Common\Behavior\HyLogBehavior [ RunTime:0.006234s ]
INFO: [ action_begin ] --END-- [ RunTime:0.006758s ]
SQL: SHOW COLUMNS FROM `edu_friend_link` [ RunTime:0.0165s ]
SQL: SELECT * FROM `edu_friend_link` WHERE `status` = 1 AND `type` = 0 ORDER BY rank desc LIMIT 4   [ RunTime:0.0018s ]
SQL: SHOW COLUMNS FROM `edu_announce` [ RunTime:0.0144s ]
SQL: SELECT * FROM `edu_announce` WHERE `status` = 1 ORDER BY create_time desc LIMIT 5   [ RunTime:0.0014s ]
SQL: SHOW COLUMNS FROM `edu_category` [ RunTime:0.0146s ]
SQL: SELECT `pid`,`id`,`name`,`language_id` FROM `edu_category` WHERE `status` = 1 AND `nav_show` = 0 AND `switch` = 1 AND `language_id` = 2 ORDER BY rank desc  [ RunTime:0.0025s ]
SQL: SHOW COLUMNS FROM `edu_language` [ RunTime:0.0174s ]
SQL: SELECT * FROM `edu_language` WHERE `status` = 1  [ RunTime:0.0011s ]
SQL: SHOW COLUMNS FROM `edu_friend_link` [ RunTime:0.0143s ]
SQL: SELECT `savepath`,`savename`,fl.url,fl.name FROM edu_friend_link fl INNER JOIN edu_frame_file as f ON fl.img=f.id  WHERE fl.status = 1 AND fl.type = 1 ORDER BY fl.create_time desc LIMIT 1   [ RunTime:0.0016s ]
SQL: SHOW COLUMNS FROM `edu_banner` [ RunTime:0.0131s ]
SQL: SELECT b.id,b.index_show,f.savepath,f.savename FROM edu_banner b INNER JOIN edu_frame_file AS f ON b.img_title = f.id  WHERE `status` = 1 AND `index_show` <> 0 ORDER BY b.create_time desc LIMIT 5   [ RunTime:0.0017s ]
SQL: SELECT * FROM `edu_category` WHERE `status` = 1 AND `switch` = 1 AND `nav_show` = 1 AND `language_id` = 2 ORDER BY rank desc LIMIT 5   [ RunTime:0.0012s ]
SQL: SHOW COLUMNS FROM `edu_details` [ RunTime:0.0141s ]
SQL: SELECT d.id,d.content FROM edu_details d INNER JOIN edu_category AS c ON d.category_id = c.id  WHERE d.status = 1 AND c.language_id = 2 AND d.is_publish = 1 ORDER BY d.create_time desc  [ RunTime:0.0117s ]
SQL: SHOW COLUMNS FROM `edu_category` [ RunTime:0.0135s ]
SQL: SELECT `id` FROM `edu_category` WHERE `name` = '领导致辞' LIMIT 1   [ RunTime:0.0009s ]
SQL: SELECT * FROM `edu_details` WHERE `status` = 1 AND `category_id` = 59 AND `language_id` = 2 ORDER BY create_time desc LIMIT 6   [ RunTime:0.0011s ]
SQL: SELECT * FROM `edu_details` WHERE `status` = 1 AND `language_id` = 2 ORDER BY create_time desc LIMIT 6   [ RunTime:0.0022s ]
SQL: SELECT `id` FROM `edu_category` WHERE `name` = '师生风采' LIMIT 1   [ RunTime:0.0008s ]
SQL: SELECT * FROM `edu_details` WHERE `status` = 1 AND `category_id` = 18 AND `language_id` = 2 ORDER BY create_time desc LIMIT 6   [ RunTime:0.0015s ]
SQL: SELECT `id` FROM `edu_category` WHERE `name` = '教学动态' LIMIT 1   [ RunTime:0.0008s ]
SQL: SELECT * FROM `edu_details` WHERE `status` = 1 AND `category_id` = 60 AND `language_id` = 2 ORDER BY create_time desc LIMIT 6   [ RunTime:0.0015s ]
SQL: SELECT `id` FROM `edu_category` WHERE `name` = '新闻动态' LIMIT 1   [ RunTime:0.0007s ]
SQL: SELECT * FROM `edu_details` WHERE `status` = 1 AND `category_id` = 23 AND `language_id` = 2 ORDER BY create_time desc LIMIT 6   [ RunTime:0.0012s ]
SQL: SELECT `id` FROM `edu_category` WHERE `name` = '学生组织' LIMIT 1   [ RunTime:0.0009s ]
SQL: SELECT * FROM `edu_details` WHERE `status` = 1 AND `category_id` = 28 AND `language_id` = 2 ORDER BY create_time desc LIMIT 6   [ RunTime:0.0010s ]
SQL: SELECT `id` FROM `edu_category` WHERE `name` = '科研动态' LIMIT 1   [ RunTime:0.0008s ]
SQL: SELECT * FROM `edu_details` WHERE `status` = 1 AND `category_id` = 58 AND `language_id` = 2 ORDER BY create_time desc LIMIT 6   [ RunTime:0.0014s ]
INFO: [ view_parse ] --START--
INFO: [ template_filter ] --START--
INFO: Run Behavior\ContentReplaceBehavior [ RunTime:0.000997s ]
INFO: [ template_filter ] --END-- [ RunTime:0.001543s ]
NOTIC: [8] Use of undefined constant 日 - assumed '日' C:\wamp\www\SIS.JXNU-B\Runtime\Cache\Home\2a94b8bda04ff446dcedd42276fc99ee.php 第 29 行.
NOTIC: [8] Use of undefined constant 一 - assumed '一' C:\wamp\www\SIS.JXNU-B\Runtime\Cache\Home\2a94b8bda04ff446dcedd42276fc99ee.php 第 29 行.
NOTIC: [8] Use of undefined constant 二 - assumed '二' C:\wamp\www\SIS.JXNU-B\Runtime\Cache\Home\2a94b8bda04ff446dcedd42276fc99ee.php 第 29 行.
NOTIC: [8] Use of undefined constant 三 - assumed '三' C:\wamp\www\SIS.JXNU-B\Runtime\Cache\Home\2a94b8bda04ff446dcedd42276fc99ee.php 第 29 行.
NOTIC: [8] Use of undefined constant 四 - assumed '四' C:\wamp\www\SIS.JXNU-B\Runtime\Cache\Home\2a94b8bda04ff446dcedd42276fc99ee.php 第 29 行.
NOTIC: [8] Use of undefined constant 五 - assumed '五' C:\wamp\www\SIS.JXNU-B\Runtime\Cache\Home\2a94b8bda04ff446dcedd42276fc99ee.php 第 29 行.
NOTIC: [8] Use of undefined constant 六 - assumed '六' C:\wamp\www\SIS.JXNU-B\Runtime\Cache\Home\2a94b8bda04ff446dcedd42276fc99ee.php 第 29 行.
NOTIC: [8] Use of undefined constant w - assumed 'w' C:\wamp\www\SIS.JXNU-B\Runtime\Cache\Home\2a94b8bda04ff446dcedd42276fc99ee.php 第 29 行.
INFO: Run Behavior\ParseTemplateBehavior [ RunTime:0.188010s ]
INFO: [ view_parse ] --END-- [ RunTime:0.188501s ]
INFO: [ view_filter ] --START--
INFO: Run Behavior\WriteHtmlCacheBehavior [ RunTime:0.003065s ]
INFO: [ view_filter ] --END-- [ RunTime:0.003493s ]
INFO: [ action_end ] --START--
INFO: Run Common\Behavior\HyLogBehavior [ RunTime:0.000192s ]
INFO: [ action_end ] --END-- [ RunTime:0.000578s ]
INFO: [ app_end ] --START--
INFO: Run Behavior\ShowPageTraceBehavior [ RunTime:0.003826s ]
INFO: [ app_end ] --END-- [ RunTime:0.004228s ]

