[ 2016-06-22T23:58:26+08:00 ] 182.100.44.119 /
INFO: [ app_init ] --START--
INFO: Run Behavior\BuildLiteBehavior [ RunTime:0.000000s ]
INFO: [ app_init ] --END-- [ RunTime:0.000977s ]
INFO: [ app_begin ] --START--
INFO: Run Behavior\ReadHtmlCacheBehavior [ RunTime:0.000976s ]
INFO: [ app_begin ] --END-- [ RunTime:0.000976s ]
NOTIC: [8192] mysql_connect(): The mysql extension is deprecated and will be removed in the future: use mysqli or PDO instead D:\wwwwroot\SIS.JXNU\HomyitCore\Library\Think\Session\Driver\Db.class.php 第 95 行.
INFO: [ action_begin ] --START--
INFO: Run Common\Behavior\HyLogBehavior [ RunTime:0.000000s ]
INFO: [ action_begin ] --END-- [ RunTime:0.000000s ]
SQL: SHOW COLUMNS FROM `edu_friend_link` [ RunTime:0.0020s ]
SQL: SELECT * FROM `edu_friend_link` WHERE `status` = 1 AND `type` = 0 ORDER BY rank desc LIMIT 4   [ RunTime:0.0000s ]
SQL: SHOW COLUMNS FROM `edu_announce` [ RunTime:0.0020s ]
SQL: SELECT * FROM `edu_announce` WHERE `status` = 1 ORDER BY create_time desc LIMIT 5   [ RunTime:0.0010s ]
SQL: SHOW COLUMNS FROM `edu_category` [ RunTime:0.0020s ]
SQL: SELECT `pid`,`id`,`name`,`language_id` FROM `edu_category` WHERE `status` = 1 AND `nav_show` = 0 AND `switch` = 1 AND `language_id` = 2 ORDER BY rank desc  [ RunTime:0.0000s ]
SQL: SHOW COLUMNS FROM `edu_language` [ RunTime:0.0020s ]
SQL: SELECT * FROM `edu_language` WHERE `status` = 1  [ RunTime:0.0010s ]
SQL: SHOW COLUMNS FROM `edu_friend_link` [ RunTime:0.0020s ]
SQL: SELECT `savepath`,`savename`,fl.url,fl.name FROM edu_friend_link fl INNER JOIN edu_frame_file as f ON fl.img=f.id  WHERE fl.status = 1 AND fl.type = 1 ORDER BY fl.create_time desc LIMIT 1   [ RunTime:0.0010s ]
SQL: SHOW COLUMNS FROM `edu_banner` [ RunTime:0.0020s ]
SQL: SELECT b.id,b.index_show,f.savepath,f.savename FROM edu_banner b INNER JOIN edu_frame_file AS f ON b.img_title = f.id  WHERE `status` = 1 AND `index_show` <> 0 ORDER BY b.create_time desc LIMIT 5   [ RunTime:0.0000s ]
SQL: SELECT * FROM `edu_category` WHERE `status` = 1 AND `switch` = 1 AND `nav_show` = 1 AND `language_id` = 2 ORDER BY rank desc LIMIT 5   [ RunTime:0.0010s ]
SQL: SHOW COLUMNS FROM `edu_details` [ RunTime:0.0020s ]
SQL: SELECT d.id,d.content FROM edu_details d INNER JOIN edu_category AS c ON d.category_id = c.id  WHERE d.status = 1 AND c.language_id = 2 AND d.is_publish = 1 ORDER BY d.create_time desc  [ RunTime:0.0361s ]
SQL: SHOW COLUMNS FROM `edu_category` [ RunTime:0.0020s ]
SQL: SELECT `id` FROM `edu_category` WHERE `name` = '领导致辞' LIMIT 1   [ RunTime:0.0000s ]
SQL: SELECT * FROM `edu_details` WHERE `status` = 1 AND `category_id` = 59 AND `language_id` = 2 ORDER BY create_time desc LIMIT 6   [ RunTime:0.0010s ]
SQL: SELECT * FROM `edu_details` WHERE `status` = 1 AND `language_id` = 2 ORDER BY create_time desc LIMIT 6   [ RunTime:0.0020s ]
SQL: SELECT `id` FROM `edu_category` WHERE `name` = '师生风采' LIMIT 1   [ RunTime:0.0000s ]
SQL: SELECT * FROM `edu_details` WHERE `status` = 1 AND `category_id` = 18 AND `language_id` = 2 ORDER BY create_time desc LIMIT 6   [ RunTime:0.0010s ]
INFO: [ view_parse ] --START--
INFO: [ template_filter ] --START--
INFO: Run Behavior\ContentReplaceBehavior [ RunTime:0.000000s ]
INFO: [ template_filter ] --END-- [ RunTime:0.000000s ]
INFO: Run Behavior\ParseTemplateBehavior [ RunTime:0.065426s ]
INFO: [ view_parse ] --END-- [ RunTime:0.065426s ]
INFO: [ view_filter ] --START--
INFO: Run Behavior\WriteHtmlCacheBehavior [ RunTime:0.000000s ]
INFO: [ view_filter ] --END-- [ RunTime:0.000000s ]
INFO: [ action_end ] --START--
INFO: Run Common\Behavior\HyLogBehavior [ RunTime:0.000000s ]
INFO: [ action_end ] --END-- [ RunTime:0.000000s ]
INFO: [ app_end ] --START--
INFO: Run Behavior\ShowPageTraceBehavior [ RunTime:0.000976s ]
INFO: [ app_end ] --END-- [ RunTime:0.000976s ]

[ 2016-06-22T23:58:44+08:00 ] 182.100.44.119 /index.php/Home/Article/detail/content_id/728/lan_id/2.html
INFO: [ app_init ] --START--
INFO: Run Behavior\BuildLiteBehavior [ RunTime:0.000000s ]
INFO: [ app_init ] --END-- [ RunTime:0.000000s ]
INFO: [ app_begin ] --START--
INFO: Run Behavior\ReadHtmlCacheBehavior [ RunTime:0.000000s ]
INFO: [ app_begin ] --END-- [ RunTime:0.000000s ]
NOTIC: [8192] mysql_connect(): The mysql extension is deprecated and will be removed in the future: use mysqli or PDO instead D:\wwwwroot\SIS.JXNU\HomyitCore\Library\Think\Session\Driver\Db.class.php 第 95 行.
INFO: [ action_begin ] --START--
INFO: Run Common\Behavior\HyLogBehavior [ RunTime:0.000977s ]
INFO: [ action_begin ] --END-- [ RunTime:0.000977s ]
SQL: SHOW COLUMNS FROM `edu_friend_link` [ RunTime:0.0020s ]
SQL: SELECT * FROM `edu_friend_link` WHERE `status` = 1 AND `type` = 0 ORDER BY rank desc LIMIT 4   [ RunTime:0.0010s ]
SQL: SHOW COLUMNS FROM `edu_announce` [ RunTime:0.0020s ]
SQL: SELECT * FROM `edu_announce` WHERE `status` = 1 ORDER BY create_time desc LIMIT 5   [ RunTime:0.0010s ]
SQL: SHOW COLUMNS FROM `edu_category` [ RunTime:0.0020s ]
SQL: SELECT `pid`,`id`,`name`,`language_id` FROM `edu_category` WHERE `status` = 1 AND `nav_show` = 0 AND `switch` = 1 AND `language_id` = '2' ORDER BY rank desc  [ RunTime:0.0010s ]
SQL: SHOW COLUMNS FROM `edu_language` [ RunTime:0.0029s ]
SQL: SELECT * FROM `edu_language` WHERE `status` = 1  [ RunTime:0.0000s ]
SQL: SHOW COLUMNS FROM `edu_details` [ RunTime:0.0029s ]
SQL: UPDATE `edu_details` SET `hit`=hit+1 WHERE `id` = 728 [ RunTime:0.0059s ]
SQL: SELECT d.id,d.hit,d.user_id,d.title,d.content,d.create_time,d.update_time,c.pid as c_pid,c.name as category_name,u.name AS user_name FROM edu_details d INNER JOIN edu_category AS c ON d.category_id=c.id LEFT JOIN edu_user AS u ON d.user_id=u.id  WHERE d.status = 1 AND d.is_publish = 1 AND d.id = '728' AND d.language_id = '2'  [ RunTime:0.0010s ]
SQL: SHOW COLUMNS FROM `edu_category` [ RunTime:0.0020s ]
SQL: SELECT `id`,`name` FROM `edu_category` WHERE `status` = 1 AND `switch` = 1 ORDER BY id asc  [ RunTime:0.0010s ]
SQL: SELECT `id`,`name` FROM `edu_category` WHERE `pid` = 1 AND `status` = 1 AND `switch` = 1  [ RunTime:0.0000s ]
INFO: [ view_parse ] --START--
INFO: [ template_filter ] --START--
INFO: Run Behavior\ContentReplaceBehavior [ RunTime:0.000000s ]
INFO: [ template_filter ] --END-- [ RunTime:0.000000s ]
INFO: Run Behavior\ParseTemplateBehavior [ RunTime:0.025389s ]
INFO: [ view_parse ] --END-- [ RunTime:0.025389s ]
INFO: [ view_filter ] --START--
INFO: Run Behavior\WriteHtmlCacheBehavior [ RunTime:0.000976s ]
INFO: [ view_filter ] --END-- [ RunTime:0.000976s ]
INFO: [ action_end ] --START--
INFO: Run Common\Behavior\HyLogBehavior [ RunTime:0.000000s ]
INFO: [ action_end ] --END-- [ RunTime:0.000000s ]
INFO: [ app_end ] --START--
INFO: Run Behavior\ShowPageTraceBehavior [ RunTime:0.000000s ]
INFO: [ app_end ] --END-- [ RunTime:0.000000s ]

[ 2016-06-22T23:58:46+08:00 ] 182.100.44.119 /index.php/Home/GoodCourse/course.html
INFO: [ app_init ] --START--
INFO: Run Behavior\BuildLiteBehavior [ RunTime:0.000000s ]
INFO: [ app_init ] --END-- [ RunTime:0.000976s ]
INFO: [ app_begin ] --START--
INFO: Run Behavior\ReadHtmlCacheBehavior [ RunTime:0.000976s ]
INFO: [ app_begin ] --END-- [ RunTime:0.000976s ]
NOTIC: [8192] mysql_connect(): The mysql extension is deprecated and will be removed in the future: use mysqli or PDO instead D:\wwwwroot\SIS.JXNU\HomyitCore\Library\Think\Session\Driver\Db.class.php 第 95 行.
INFO: [ action_begin ] --START--
INFO: Run Common\Behavior\HyLogBehavior [ RunTime:0.000976s ]
INFO: [ action_begin ] --END-- [ RunTime:0.000976s ]
SQL: SHOW COLUMNS FROM `edu_friend_link` [ RunTime:0.0029s ]
SQL: SELECT * FROM `edu_friend_link` WHERE `status` = 1 AND `type` = 0 ORDER BY rank desc LIMIT 4   [ RunTime:0.0010s ]
SQL: SHOW COLUMNS FROM `edu_announce` [ RunTime:0.0020s ]
SQL: SELECT * FROM `edu_announce` WHERE `status` = 1 ORDER BY create_time desc LIMIT 5   [ RunTime:0.0000s ]
SQL: SHOW COLUMNS FROM `edu_category` [ RunTime:0.0020s ]
SQL: SELECT `pid`,`id`,`name`,`language_id` FROM `edu_category` WHERE `status` = 1 AND `nav_show` = 0 AND `switch` = 1 AND `language_id` = 2 ORDER BY rank desc  [ RunTime:0.0010s ]
SQL: SHOW COLUMNS FROM `edu_language` [ RunTime:0.0020s ]
SQL: SELECT * FROM `edu_language` WHERE `status` = 1  [ RunTime:0.0000s ]
SQL: SHOW COLUMNS FROM `edu_good_course` [ RunTime:0.0020s ]
SQL: SELECT `id`,`img`,`name`,`intro`,`description`,`img`,`incharge_id`,`lecturer_ids`,`hit`,`create_time`,`level` FROM `edu_good_course` WHERE `status` = 1 AND `is_publish` = 1  [ RunTime:0.0000s ]
SQL: SHOW COLUMNS FROM `edu_frame_file` [ RunTime:0.0020s ]
NOTIC: [8] Use of undefined constant IN - assumed 'IN' D:\wwwwroot\SIS.JXNU\Application\Home\Model\GoodCourseModel.class.php 第 78 行.
SQL: SELECT `savename`,`savepath` FROM `edu_frame_file` WHERE `id` IN (0,0,0)  [ RunTime:0.0000s ]
SQL: SHOW COLUMNS FROM `edu_user` [ RunTime:0.0020s ]
NOTIC: [8] Use of undefined constant IN - assumed 'IN' D:\wwwwroot\SIS.JXNU\Application\Home\Model\GoodCourseModel.class.php 第 116 行.
SQL: SELECT `name` FROM `edu_user` WHERE `id` IN ('18')  [ RunTime:0.0010s ]
NOTIC: [8] Use of undefined constant IN - assumed 'IN' D:\wwwwroot\SIS.JXNU\Application\Home\Model\GoodCourseModel.class.php 第 116 行.
SQL: SELECT `name` FROM `edu_user` WHERE `id` IN ('18')  [ RunTime:0.0000s ]
NOTIC: [8] Use of undefined constant IN - assumed 'IN' D:\wwwwroot\SIS.JXNU\Application\Home\Model\GoodCourseModel.class.php 第 116 行.
SQL: SELECT `name` FROM `edu_user` WHERE `id` IN ('18')  [ RunTime:0.0010s ]
NOTIC: [8] Use of undefined constant IN - assumed 'IN' D:\wwwwroot\SIS.JXNU\Application\Home\Model\GoodCourseModel.class.php 第 116 行.
SQL: SELECT `name` FROM `edu_user` WHERE `id` IN ('18')  [ RunTime:0.0000s ]
INFO: [ view_parse ] --START--
INFO: [ template_filter ] --START--
INFO: Run Behavior\ContentReplaceBehavior [ RunTime:0.000000s ]
INFO: [ template_filter ] --END-- [ RunTime:0.000000s ]
INFO: Run Behavior\ParseTemplateBehavior [ RunTime:0.028318s ]
INFO: [ view_parse ] --END-- [ RunTime:0.028318s ]
INFO: [ view_filter ] --START--
INFO: Run Behavior\WriteHtmlCacheBehavior [ RunTime:0.000000s ]
INFO: [ view_filter ] --END-- [ RunTime:0.000000s ]
INFO: [ action_end ] --START--
INFO: Run Common\Behavior\HyLogBehavior [ RunTime:0.000000s ]
INFO: [ action_end ] --END-- [ RunTime:0.000000s ]
INFO: [ app_end ] --START--
INFO: Run Behavior\ShowPageTraceBehavior [ RunTime:0.000977s ]
INFO: [ app_end ] --END-- [ RunTime:0.000977s ]

[ 2016-06-22T23:58:47+08:00 ] 182.100.44.119 /index.php/Home/Article/ajax_get_category_id?content_id=728
INFO: [ app_init ] --START--
INFO: Run Behavior\BuildLiteBehavior [ RunTime:0.000000s ]
INFO: [ app_init ] --END-- [ RunTime:0.000977s ]
INFO: [ app_begin ] --START--
INFO: Run Behavior\ReadHtmlCacheBehavior [ RunTime:0.000000s ]
INFO: [ app_begin ] --END-- [ RunTime:0.000000s ]
NOTIC: [8192] mysql_connect(): The mysql extension is deprecated and will be removed in the future: use mysqli or PDO instead D:\wwwwroot\SIS.JXNU\HomyitCore\Library\Think\Session\Driver\Db.class.php 第 95 行.
INFO: [ action_begin ] --START--
INFO: Run Common\Behavior\HyLogBehavior [ RunTime:0.000000s ]
INFO: [ action_begin ] --END-- [ RunTime:0.000000s ]
SQL: SHOW COLUMNS FROM `edu_friend_link` [ RunTime:0.0020s ]
SQL: SELECT * FROM `edu_friend_link` WHERE `status` = 1 AND `type` = 0 ORDER BY rank desc LIMIT 4   [ RunTime:0.0000s ]
SQL: SHOW COLUMNS FROM `edu_announce` [ RunTime:0.0020s ]
SQL: SELECT * FROM `edu_announce` WHERE `status` = 1 ORDER BY create_time desc LIMIT 5   [ RunTime:0.0000s ]
SQL: SHOW COLUMNS FROM `edu_category` [ RunTime:0.0020s ]
SQL: SELECT `pid`,`id`,`name`,`language_id` FROM `edu_category` WHERE `status` = 1 AND `nav_show` = 0 AND `switch` = 1 AND `language_id` = 2 ORDER BY rank desc  [ RunTime:0.0000s ]
SQL: SHOW COLUMNS FROM `edu_language` [ RunTime:0.0020s ]
SQL: SELECT * FROM `edu_language` WHERE `status` = 1  [ RunTime:0.0000s ]
SQL: SHOW COLUMNS FROM `edu_details` [ RunTime:0.0020s ]
SQL: SELECT `category_id` FROM `edu_details` WHERE `id` = 728 AND `status` = 1 AND `is_publish` = 1 LIMIT 1   [ RunTime:0.0000s ]

[ 2016-06-22T23:58:54+08:00 ] 182.100.44.119 /index.php/Home/Article/category/category_id/21/lan_id/2.html
INFO: [ app_init ] --START--
INFO: Run Behavior\BuildLiteBehavior [ RunTime:0.000000s ]
INFO: [ app_init ] --END-- [ RunTime:0.000000s ]
INFO: [ app_begin ] --START--
INFO: Run Behavior\ReadHtmlCacheBehavior [ RunTime:0.000000s ]
INFO: [ app_begin ] --END-- [ RunTime:0.000000s ]
NOTIC: [8192] mysql_connect(): The mysql extension is deprecated and will be removed in the future: use mysqli or PDO instead D:\wwwwroot\SIS.JXNU\HomyitCore\Library\Think\Session\Driver\Db.class.php 第 95 行.
INFO: [ action_begin ] --START--
INFO: Run Common\Behavior\HyLogBehavior [ RunTime:0.000000s ]
INFO: [ action_begin ] --END-- [ RunTime:0.000000s ]
SQL: SHOW COLUMNS FROM `edu_friend_link` [ RunTime:0.0020s ]
SQL: SELECT * FROM `edu_friend_link` WHERE `status` = 1 AND `type` = 0 ORDER BY rank desc LIMIT 4   [ RunTime:0.0000s ]
SQL: SHOW COLUMNS FROM `edu_announce` [ RunTime:0.0020s ]
SQL: SELECT * FROM `edu_announce` WHERE `status` = 1 ORDER BY create_time desc LIMIT 5   [ RunTime:0.0000s ]
SQL: SHOW COLUMNS FROM `edu_category` [ RunTime:0.0020s ]
SQL: SELECT `pid`,`id`,`name`,`language_id` FROM `edu_category` WHERE `status` = 1 AND `nav_show` = 0 AND `switch` = 1 AND `language_id` = '2' ORDER BY rank desc  [ RunTime:0.0010s ]
SQL: SHOW COLUMNS FROM `edu_language` [ RunTime:0.0020s ]
SQL: SELECT * FROM `edu_language` WHERE `status` = 1  [ RunTime:0.0000s ]
SQL: SHOW COLUMNS FROM `edu_details` [ RunTime:0.0029s ]
SQL: SHOW COLUMNS FROM `edu_category` [ RunTime:0.0020s ]
SQL: SELECT `name` FROM `edu_category` WHERE `id` = 21 LIMIT 1   [ RunTime:0.0000s ]
NOTIC: [8] Undefined index: p D:\wwwwroot\SIS.JXNU\Application\Home\Model\DetailsModel.class.php 第 14 行.
SQL: SELECT d.id,d.title,d.create_time,c.name as category_name,d.category_id,c.pid as c_pid,d.language_id FROM edu_details d INNER JOIN edu_category AS c ON d.category_id = c.id  WHERE d.status = 1 AND d.is_publish = 1 AND d.category_id = '21' ORDER BY create_time desc LIMIT 0,10   [ RunTime:0.0010s ]
SQL: SELECT `pid` FROM `edu_category` WHERE `id` = 21 LIMIT 1   [ RunTime:0.0000s ]
SQL: SELECT `id`,`name` FROM `edu_category` WHERE `pid` = 4 AND `switch` = 1  [ RunTime:0.0010s ]
SQL: SELECT COUNT(*) AS tp_count FROM `edu_details` WHERE `status` = 1 AND `is_publish` = 1 AND `category_id` = 21 LIMIT 1   [ RunTime:0.0010s ]
SQL: SELECT `pid` FROM `edu_category` WHERE `id` = 21 AND `status` = 1 LIMIT 1   [ RunTime:0.0000s ]
SQL: SELECT `name` FROM `edu_category` WHERE `id` = 4 AND `status` = 1 LIMIT 1   [ RunTime:0.0010s ]
INFO: [ view_parse ] --START--
INFO: [ template_filter ] --START--
INFO: Run Behavior\ContentReplaceBehavior [ RunTime:0.000000s ]
INFO: [ template_filter ] --END-- [ RunTime:0.000000s ]
NOTIC: [8] Undefined index: children D:\wwwwroot\SIS.JXNU\Runtime\Cache\Home\1eed4d3931178952bdedc16b19396bb6.php 第 153 行.
NOTIC: [8] Undefined index: children D:\wwwwroot\SIS.JXNU\Runtime\Cache\Home\1eed4d3931178952bdedc16b19396bb6.php 第 153 行.
NOTIC: [8] Undefined index: children D:\wwwwroot\SIS.JXNU\Runtime\Cache\Home\1eed4d3931178952bdedc16b19396bb6.php 第 153 行.
NOTIC: [8] Undefined index: children D:\wwwwroot\SIS.JXNU\Runtime\Cache\Home\1eed4d3931178952bdedc16b19396bb6.php 第 153 行.
NOTIC: [8] Undefined index: children D:\wwwwroot\SIS.JXNU\Runtime\Cache\Home\1eed4d3931178952bdedc16b19396bb6.php 第 153 行.
NOTIC: [8] Undefined index: children D:\wwwwroot\SIS.JXNU\Runtime\Cache\Home\1eed4d3931178952bdedc16b19396bb6.php 第 153 行.
NOTIC: [8] Undefined index: children D:\wwwwroot\SIS.JXNU\Runtime\Cache\Home\1eed4d3931178952bdedc16b19396bb6.php 第 153 行.
NOTIC: [8] Undefined index: children D:\wwwwroot\SIS.JXNU\Runtime\Cache\Home\1eed4d3931178952bdedc16b19396bb6.php 第 153 行.
NOTIC: [8] Undefined index: children D:\wwwwroot\SIS.JXNU\Runtime\Cache\Home\1eed4d3931178952bdedc16b19396bb6.php 第 153 行.
INFO: Run Behavior\ParseTemplateBehavior [ RunTime:0.027342s ]
INFO: [ view_parse ] --END-- [ RunTime:0.027342s ]
INFO: [ view_filter ] --START--
INFO: Run Behavior\WriteHtmlCacheBehavior [ RunTime:0.000000s ]
INFO: [ view_filter ] --END-- [ RunTime:0.000000s ]
INFO: [ action_end ] --START--
INFO: Run Common\Behavior\HyLogBehavior [ RunTime:0.000000s ]
INFO: [ action_end ] --END-- [ RunTime:0.000000s ]
INFO: [ app_end ] --START--
INFO: Run Behavior\ShowPageTraceBehavior [ RunTime:0.000977s ]
INFO: [ app_end ] --END-- [ RunTime:0.000977s ]

[ 2016-06-22T23:58:56+08:00 ] 182.100.44.119 /index.php/Home/Article/detail/content_id/657/lan_id/2.html
INFO: [ app_init ] --START--
INFO: Run Behavior\BuildLiteBehavior [ RunTime:0.000000s ]
INFO: [ app_init ] --END-- [ RunTime:0.000000s ]
INFO: [ app_begin ] --START--
INFO: Run Behavior\ReadHtmlCacheBehavior [ RunTime:0.000000s ]
INFO: [ app_begin ] --END-- [ RunTime:0.000000s ]
NOTIC: [8192] mysql_connect(): The mysql extension is deprecated and will be removed in the future: use mysqli or PDO instead D:\wwwwroot\SIS.JXNU\HomyitCore\Library\Think\Session\Driver\Db.class.php 第 95 行.
INFO: [ action_begin ] --START--
INFO: Run Common\Behavior\HyLogBehavior [ RunTime:0.000000s ]
INFO: [ action_begin ] --END-- [ RunTime:0.000000s ]
SQL: SHOW COLUMNS FROM `edu_friend_link` [ RunTime:0.0029s ]
SQL: SELECT * FROM `edu_friend_link` WHERE `status` = 1 AND `type` = 0 ORDER BY rank desc LIMIT 4   [ RunTime:0.0010s ]
SQL: SHOW COLUMNS FROM `edu_announce` [ RunTime:0.0020s ]
SQL: SELECT * FROM `edu_announce` WHERE `status` = 1 ORDER BY create_time desc LIMIT 5   [ RunTime:0.0000s ]
SQL: SHOW COLUMNS FROM `edu_category` [ RunTime:0.0020s ]
SQL: SELECT `pid`,`id`,`name`,`language_id` FROM `edu_category` WHERE `status` = 1 AND `nav_show` = 0 AND `switch` = 1 AND `language_id` = '2' ORDER BY rank desc  [ RunTime:0.0000s ]
SQL: SHOW COLUMNS FROM `edu_language` [ RunTime:0.0020s ]
SQL: SELECT * FROM `edu_language` WHERE `status` = 1  [ RunTime:0.0010s ]
SQL: SHOW COLUMNS FROM `edu_details` [ RunTime:0.0010s ]
SQL: UPDATE `edu_details` SET `hit`=hit+1 WHERE `id` = 657 [ RunTime:0.0049s ]
SQL: SELECT d.id,d.hit,d.user_id,d.title,d.content,d.create_time,d.update_time,c.pid as c_pid,c.name as category_name,u.name AS user_name FROM edu_details d INNER JOIN edu_category AS c ON d.category_id=c.id LEFT JOIN edu_user AS u ON d.user_id=u.id  WHERE d.status = 1 AND d.is_publish = 1 AND d.id = '657' AND d.language_id = '2'  [ RunTime:0.0010s ]
SQL: SHOW COLUMNS FROM `edu_category` [ RunTime:0.0020s ]
SQL: SELECT `id`,`name` FROM `edu_category` WHERE `status` = 1 AND `switch` = 1 ORDER BY id asc  [ RunTime:0.0000s ]
SQL: SELECT `id`,`name` FROM `edu_category` WHERE `pid` = 4 AND `status` = 1 AND `switch` = 1  [ RunTime:0.0000s ]
INFO: [ view_parse ] --START--
INFO: [ template_filter ] --START--
INFO: Run Behavior\ContentReplaceBehavior [ RunTime:0.000000s ]
INFO: [ template_filter ] --END-- [ RunTime:0.000976s ]
INFO: Run Behavior\ParseTemplateBehavior [ RunTime:0.031248s ]
INFO: [ view_parse ] --END-- [ RunTime:0.031248s ]
INFO: [ view_filter ] --START--
INFO: Run Behavior\WriteHtmlCacheBehavior [ RunTime:0.000000s ]
INFO: [ view_filter ] --END-- [ RunTime:0.000000s ]
INFO: [ action_end ] --START--
INFO: Run Common\Behavior\HyLogBehavior [ RunTime:0.000000s ]
INFO: [ action_end ] --END-- [ RunTime:0.000000s ]
INFO: [ app_end ] --START--
INFO: Run Behavior\ShowPageTraceBehavior [ RunTime:0.000976s ]
INFO: [ app_end ] --END-- [ RunTime:0.000976s ]

[ 2016-06-22T23:58:57+08:00 ] 182.100.44.119 /index.php/Home/Article/ajax_get_category_id?content_id=657
INFO: [ app_init ] --START--
INFO: Run Behavior\BuildLiteBehavior [ RunTime:0.000000s ]
INFO: [ app_init ] --END-- [ RunTime:0.000000s ]
INFO: [ app_begin ] --START--
INFO: Run Behavior\ReadHtmlCacheBehavior [ RunTime:0.000977s ]
INFO: [ app_begin ] --END-- [ RunTime:0.000977s ]
NOTIC: [8192] mysql_connect(): The mysql extension is deprecated and will be removed in the future: use mysqli or PDO instead D:\wwwwroot\SIS.JXNU\HomyitCore\Library\Think\Session\Driver\Db.class.php 第 95 行.
INFO: [ action_begin ] --START--
INFO: Run Common\Behavior\HyLogBehavior [ RunTime:0.000977s ]
INFO: [ action_begin ] --END-- [ RunTime:0.000977s ]
SQL: SHOW COLUMNS FROM `edu_friend_link` [ RunTime:0.0029s ]
SQL: SELECT * FROM `edu_friend_link` WHERE `status` = 1 AND `type` = 0 ORDER BY rank desc LIMIT 4   [ RunTime:0.0000s ]
SQL: SHOW COLUMNS FROM `edu_announce` [ RunTime:0.0020s ]
SQL: SELECT * FROM `edu_announce` WHERE `status` = 1 ORDER BY create_time desc LIMIT 5   [ RunTime:0.0010s ]
SQL: SHOW COLUMNS FROM `edu_category` [ RunTime:0.0020s ]
SQL: SELECT `pid`,`id`,`name`,`language_id` FROM `edu_category` WHERE `status` = 1 AND `nav_show` = 0 AND `switch` = 1 AND `language_id` = 2 ORDER BY rank desc  [ RunTime:0.0010s ]
SQL: SHOW COLUMNS FROM `edu_language` [ RunTime:0.0020s ]
SQL: SELECT * FROM `edu_language` WHERE `status` = 1  [ RunTime:0.0000s ]
SQL: SHOW COLUMNS FROM `edu_details` [ RunTime:0.0020s ]
SQL: SELECT `category_id` FROM `edu_details` WHERE `id` = 657 AND `status` = 1 AND `is_publish` = 1 LIMIT 1   [ RunTime:0.0000s ]

