[ 2016-09-13T21:23:15+08:00 ] ::1 /SIS.JXNU-B/
INFO: [ app_init ] --START--
INFO: Run Behavior\BuildLiteBehavior [ RunTime:0.000000s ]
INFO: [ app_init ] --END-- [ RunTime:0.089005s ]
INFO: [ app_begin ] --START--
INFO: Run Behavior\ReadHtmlCacheBehavior [ RunTime:0.015001s ]
INFO: [ app_begin ] --END-- [ RunTime:0.016001s ]
NOTIC: [8192] mysql_connect(): The mysql extension is deprecated and will be removed in the future: use mysqli or PDO instead F:\PHP\wamp64\www\SIS.JXNU-B\HomyitCore\Library\Think\Session\Driver\Db.class.php 第 95 行.
INFO: [ action_begin ] --START--
INFO: Run Common\Behavior\HyLogBehavior [ RunTime:0.916053s ]
INFO: [ action_begin ] --END-- [ RunTime:0.918053s ]
SQL: SHOW COLUMNS FROM `edu_friend_link` [ RunTime:0.3050s ]
SQL: SELECT * FROM `edu_friend_link` WHERE `status` = 1 AND `type` = 0 ORDER BY rank desc LIMIT 4   [ RunTime:0.0010s ]
SQL: SHOW COLUMNS FROM `edu_announce` [ RunTime:0.1930s ]
SQL: SELECT * FROM `edu_announce` WHERE `status` = 1 ORDER BY create_time desc LIMIT 5   [ RunTime:0.0010s ]
SQL: SHOW COLUMNS FROM `edu_category` [ RunTime:0.1250s ]
SQL: SELECT `pid`,`id`,`name`,`language_id` FROM `edu_category` WHERE `status` = 1 AND `nav_show` = 0 AND `switch` = 1 AND `language_id` = 2 ORDER BY rank desc  [ RunTime:0.0010s ]
SQL: SHOW COLUMNS FROM `edu_language` [ RunTime:0.3730s ]
SQL: SELECT * FROM `edu_language` WHERE `status` = 1  [ RunTime:0.0020s ]
SQL: SHOW COLUMNS FROM `edu_friend_link` [ RunTime:0.0030s ]
SQL: SELECT `savepath`,`savename`,fl.url,fl.name FROM edu_friend_link fl INNER JOIN edu_frame_file as f ON fl.img=f.id  WHERE fl.status = 1 AND fl.type = 1 ORDER BY fl.create_time desc LIMIT 1   [ RunTime:0.4240s ]
SQL: SHOW COLUMNS FROM `edu_banner` [ RunTime:0.4070s ]
SQL: SELECT b.id,b.index_show,f.savepath,f.savename FROM edu_banner b INNER JOIN edu_frame_file AS f ON b.img_title = f.id  WHERE `status` = 1 AND `index_show` <> 0 ORDER BY b.create_time desc LIMIT 5   [ RunTime:0.0010s ]
SQL: SELECT * FROM `edu_category` WHERE `status` = 1 AND `switch` = 1 AND `nav_show` = 1 AND `language_id` = 2 ORDER BY rank desc LIMIT 5   [ RunTime:0.0020s ]
SQL: SHOW COLUMNS FROM `edu_details` [ RunTime:0.4620s ]
SQL: SELECT d.id,d.content FROM edu_details d INNER JOIN edu_category AS c ON d.category_id = c.id  WHERE d.status = 1 AND c.language_id = 2 AND d.is_publish = 1 ORDER BY d.create_time desc  [ RunTime:0.7360s ]
SQL: SHOW COLUMNS FROM `edu_category` [ RunTime:0.0020s ]
SQL: SELECT `id` FROM `edu_category` WHERE `name` = '领导致辞' LIMIT 1   [ RunTime:0.0010s ]
SQL: SELECT * FROM `edu_details` WHERE `status` = 1 AND `category_id` = 59 AND `language_id` = 2 ORDER BY create_time desc LIMIT 6   [ RunTime:0.0010s ]
SQL: SELECT * FROM `edu_details` WHERE `status` = 1 AND `language_id` = 2 ORDER BY create_time desc LIMIT 6   [ RunTime:0.0010s ]
SQL: SELECT `id` FROM `edu_category` WHERE `name` = '师生风采' LIMIT 1   [ RunTime:0.0000s ]
SQL: SELECT * FROM `edu_details` WHERE `status` = 1 AND `category_id` = 18 AND `language_id` = 2 ORDER BY create_time desc LIMIT 6   [ RunTime:0.0020s ]
SQL: SELECT `id` FROM `edu_category` WHERE `name` = '教学动态' LIMIT 1   [ RunTime:0.0010s ]
SQL: SELECT * FROM `edu_details` WHERE `status` = 1 AND `category_id` = 60 AND `language_id` = 2 ORDER BY create_time desc LIMIT 6   [ RunTime:0.0010s ]
SQL: SELECT `id` FROM `edu_category` WHERE `name` = '新闻动态' LIMIT 1   [ RunTime:0.0010s ]
SQL: SELECT * FROM `edu_details` WHERE `status` = 1 AND `category_id` = 23 AND `language_id` = 2 ORDER BY create_time desc LIMIT 6   [ RunTime:0.0010s ]
SQL: SELECT `id` FROM `edu_category` WHERE `name` = '学生组织' LIMIT 1   [ RunTime:0.0010s ]
SQL: SELECT * FROM `edu_details` WHERE `status` = 1 AND `category_id` = 28 AND `language_id` = 2 ORDER BY create_time desc LIMIT 6   [ RunTime:0.0010s ]
SQL: SELECT `id` FROM `edu_category` WHERE `name` = '科研动态' LIMIT 1   [ RunTime:0.0010s ]
SQL: SELECT * FROM `edu_details` WHERE `status` = 1 AND `category_id` = 58 AND `language_id` = 2 ORDER BY create_time desc LIMIT 6   [ RunTime:0.0010s ]
INFO: [ view_parse ] --START--
INFO: [ template_filter ] --START--
INFO: Run Behavior\ContentReplaceBehavior [ RunTime:0.001000s ]
INFO: [ template_filter ] --END-- [ RunTime:0.003000s ]
NOTIC: [8] Use of undefined constant 日 - assumed '日' F:\PHP\wamp64\www\SIS.JXNU-B\Runtime\Cache\Home\2a94b8bda04ff446dcedd42276fc99ee.php 第 30 行.
NOTIC: [8] Use of undefined constant 一 - assumed '一' F:\PHP\wamp64\www\SIS.JXNU-B\Runtime\Cache\Home\2a94b8bda04ff446dcedd42276fc99ee.php 第 30 行.
NOTIC: [8] Use of undefined constant 二 - assumed '二' F:\PHP\wamp64\www\SIS.JXNU-B\Runtime\Cache\Home\2a94b8bda04ff446dcedd42276fc99ee.php 第 30 行.
NOTIC: [8] Use of undefined constant 三 - assumed '三' F:\PHP\wamp64\www\SIS.JXNU-B\Runtime\Cache\Home\2a94b8bda04ff446dcedd42276fc99ee.php 第 30 行.
NOTIC: [8] Use of undefined constant 四 - assumed '四' F:\PHP\wamp64\www\SIS.JXNU-B\Runtime\Cache\Home\2a94b8bda04ff446dcedd42276fc99ee.php 第 30 行.
NOTIC: [8] Use of undefined constant 五 - assumed '五' F:\PHP\wamp64\www\SIS.JXNU-B\Runtime\Cache\Home\2a94b8bda04ff446dcedd42276fc99ee.php 第 30 行.
NOTIC: [8] Use of undefined constant 六 - assumed '六' F:\PHP\wamp64\www\SIS.JXNU-B\Runtime\Cache\Home\2a94b8bda04ff446dcedd42276fc99ee.php 第 30 行.
NOTIC: [8] Use of undefined constant w - assumed 'w' F:\PHP\wamp64\www\SIS.JXNU-B\Runtime\Cache\Home\2a94b8bda04ff446dcedd42276fc99ee.php 第 30 行.
INFO: Run Behavior\ParseTemplateBehavior [ RunTime:1.386079s ]
INFO: [ view_parse ] --END-- [ RunTime:1.387079s ]
INFO: [ view_filter ] --START--
INFO: Run Behavior\WriteHtmlCacheBehavior [ RunTime:0.372022s ]
INFO: [ view_filter ] --END-- [ RunTime:0.373022s ]
INFO: [ action_end ] --START--
INFO: Run Common\Behavior\HyLogBehavior [ RunTime:0.001000s ]
INFO: [ action_end ] --END-- [ RunTime:0.001000s ]
INFO: [ app_end ] --START--
INFO: Run Behavior\ShowPageTraceBehavior [ RunTime:0.228013s ]
INFO: [ app_end ] --END-- [ RunTime:0.229013s ]

[ 2016-09-13T23:17:49+08:00 ] ::1 /SIS.JXNU-B/
INFO: [ app_init ] --START--
INFO: Run Behavior\BuildLiteBehavior [ RunTime:0.000000s ]
INFO: [ app_init ] --END-- [ RunTime:0.001000s ]
INFO: [ app_begin ] --START--
INFO: Run Behavior\ReadHtmlCacheBehavior [ RunTime:0.002001s ]
INFO: [ app_begin ] --END-- [ RunTime:0.002001s ]
NOTIC: [8192] mysql_connect(): The mysql extension is deprecated and will be removed in the future: use mysqli or PDO instead F:\PHP\wamp64\www\SIS.JXNU-B\HomyitCore\Library\Think\Session\Driver\Db.class.php 第 95 行.
INFO: [ action_begin ] --START--
INFO: Run Common\Behavior\HyLogBehavior [ RunTime:0.004000s ]
INFO: [ action_begin ] --END-- [ RunTime:0.004000s ]
SQL: SHOW COLUMNS FROM `edu_friend_link` [ RunTime:0.0260s ]
SQL: SELECT * FROM `edu_friend_link` WHERE `status` = 1 AND `type` = 0 ORDER BY rank desc LIMIT 4   [ RunTime:0.0010s ]
SQL: SHOW COLUMNS FROM `edu_announce` [ RunTime:0.0190s ]
SQL: SELECT * FROM `edu_announce` WHERE `status` = 1 ORDER BY create_time desc LIMIT 5   [ RunTime:0.0010s ]
SQL: SHOW COLUMNS FROM `edu_category` [ RunTime:0.0040s ]
SQL: SELECT `pid`,`id`,`name`,`language_id` FROM `edu_category` WHERE `status` = 1 AND `nav_show` = 0 AND `switch` = 1 AND `language_id` = 2 ORDER BY rank desc  [ RunTime:0.0010s ]
SQL: SHOW COLUMNS FROM `edu_language` [ RunTime:0.0170s ]
SQL: SELECT * FROM `edu_language` WHERE `status` = 1  [ RunTime:0.0010s ]
SQL: SHOW COLUMNS FROM `edu_friend_link` [ RunTime:0.0010s ]
SQL: SELECT `savepath`,`savename`,fl.url,fl.name FROM edu_friend_link fl INNER JOIN edu_frame_file as f ON fl.img=f.id  WHERE fl.status = 1 AND fl.type = 1 ORDER BY fl.create_time desc LIMIT 1   [ RunTime:0.0030s ]
SQL: SHOW COLUMNS FROM `edu_banner` [ RunTime:0.0050s ]
SQL: SELECT b.id,b.index_show,f.savepath,f.savename FROM edu_banner b INNER JOIN edu_frame_file AS f ON b.img_title = f.id  WHERE `status` = 1 AND `index_show` <> 0 ORDER BY b.create_time desc LIMIT 5   [ RunTime:0.0010s ]
SQL: SELECT * FROM `edu_category` WHERE `status` = 1 AND `switch` = 1 AND `nav_show` = 1 AND `language_id` = 2 ORDER BY rank desc LIMIT 5   [ RunTime:0.0010s ]
SQL: SHOW COLUMNS FROM `edu_details` [ RunTime:0.0050s ]
SQL: SELECT d.id,d.content FROM edu_details d INNER JOIN edu_category AS c ON d.category_id = c.id  WHERE d.status = 1 AND c.language_id = 2 AND d.is_publish = 1 ORDER BY d.create_time desc  [ RunTime:0.0090s ]
SQL: SHOW COLUMNS FROM `edu_category` [ RunTime:0.0010s ]
SQL: SELECT `id` FROM `edu_category` WHERE `name` = '领导致辞' LIMIT 1   [ RunTime:0.0010s ]
SQL: SELECT * FROM `edu_details` WHERE `status` = 1 AND `category_id` = 59 AND `language_id` = 2 ORDER BY create_time desc LIMIT 6   [ RunTime:0.0010s ]
SQL: SELECT * FROM `edu_details` WHERE `status` = 1 AND `language_id` = 2 ORDER BY create_time desc LIMIT 6   [ RunTime:0.0020s ]
SQL: SELECT `id` FROM `edu_category` WHERE `name` = '师生风采' LIMIT 1   [ RunTime:0.0010s ]
SQL: SELECT * FROM `edu_details` WHERE `status` = 1 AND `category_id` = 18 AND `language_id` = 2 ORDER BY create_time desc LIMIT 6   [ RunTime:0.0010s ]
SQL: SELECT `id` FROM `edu_category` WHERE `name` = '教学动态' LIMIT 1   [ RunTime:0.0010s ]
SQL: SELECT * FROM `edu_details` WHERE `status` = 1 AND `category_id` = 60 AND `language_id` = 2 ORDER BY create_time desc LIMIT 6   [ RunTime:0.0010s ]
SQL: SELECT `id` FROM `edu_category` WHERE `name` = '新闻动态' LIMIT 1   [ RunTime:0.0010s ]
SQL: SELECT * FROM `edu_details` WHERE `status` = 1 AND `category_id` = 23 AND `language_id` = 2 ORDER BY create_time desc LIMIT 6   [ RunTime:0.0010s ]
SQL: SELECT `id` FROM `edu_category` WHERE `name` = '学生组织' LIMIT 1   [ RunTime:0.0010s ]
SQL: SELECT * FROM `edu_details` WHERE `status` = 1 AND `category_id` = 28 AND `language_id` = 2 ORDER BY create_time desc LIMIT 6   [ RunTime:0.0010s ]
SQL: SELECT `id` FROM `edu_category` WHERE `name` = '科研动态' LIMIT 1   [ RunTime:0.0000s ]
SQL: SELECT * FROM `edu_details` WHERE `status` = 1 AND `category_id` = 58 AND `language_id` = 2 ORDER BY create_time desc LIMIT 6   [ RunTime:0.0010s ]
INFO: [ view_parse ] --START--
INFO: [ template_filter ] --START--
INFO: Run Behavior\ContentReplaceBehavior [ RunTime:0.001001s ]
INFO: [ template_filter ] --END-- [ RunTime:0.002001s ]
NOTIC: [8] Use of undefined constant 日 - assumed '日' F:\PHP\wamp64\www\SIS.JXNU-B\Runtime\Cache\Home\2a94b8bda04ff446dcedd42276fc99ee.php 第 30 行.
NOTIC: [8] Use of undefined constant 一 - assumed '一' F:\PHP\wamp64\www\SIS.JXNU-B\Runtime\Cache\Home\2a94b8bda04ff446dcedd42276fc99ee.php 第 30 行.
NOTIC: [8] Use of undefined constant 二 - assumed '二' F:\PHP\wamp64\www\SIS.JXNU-B\Runtime\Cache\Home\2a94b8bda04ff446dcedd42276fc99ee.php 第 30 行.
NOTIC: [8] Use of undefined constant 三 - assumed '三' F:\PHP\wamp64\www\SIS.JXNU-B\Runtime\Cache\Home\2a94b8bda04ff446dcedd42276fc99ee.php 第 30 行.
NOTIC: [8] Use of undefined constant 四 - assumed '四' F:\PHP\wamp64\www\SIS.JXNU-B\Runtime\Cache\Home\2a94b8bda04ff446dcedd42276fc99ee.php 第 30 行.
NOTIC: [8] Use of undefined constant 五 - assumed '五' F:\PHP\wamp64\www\SIS.JXNU-B\Runtime\Cache\Home\2a94b8bda04ff446dcedd42276fc99ee.php 第 30 行.
NOTIC: [8] Use of undefined constant 六 - assumed '六' F:\PHP\wamp64\www\SIS.JXNU-B\Runtime\Cache\Home\2a94b8bda04ff446dcedd42276fc99ee.php 第 30 行.
NOTIC: [8] Use of undefined constant w - assumed 'w' F:\PHP\wamp64\www\SIS.JXNU-B\Runtime\Cache\Home\2a94b8bda04ff446dcedd42276fc99ee.php 第 30 行.
INFO: Run Behavior\ParseTemplateBehavior [ RunTime:0.319018s ]
INFO: [ view_parse ] --END-- [ RunTime:0.320018s ]
INFO: [ view_filter ] --START--
INFO: Run Behavior\WriteHtmlCacheBehavior [ RunTime:0.003000s ]
INFO: [ view_filter ] --END-- [ RunTime:0.003000s ]
INFO: [ action_end ] --START--
INFO: Run Common\Behavior\HyLogBehavior [ RunTime:0.001000s ]
INFO: [ action_end ] --END-- [ RunTime:0.003000s ]
INFO: [ app_end ] --START--
INFO: Run Behavior\ShowPageTraceBehavior [ RunTime:0.006001s ]
INFO: [ app_end ] --END-- [ RunTime:0.007001s ]

