[ 2016-09-03T20:01:26+08:00 ] ::1 /SIS.JXNU-B/index.php/BasisInfo/Teacher/all.html
INFO: [ app_init ] --START--
INFO: Run Behavior\BuildLiteBehavior [ RunTime:0.000000s ]
INFO: [ app_init ] --END-- [ RunTime:0.002000s ]
INFO: [ app_begin ] --START--
INFO: Run Behavior\ReadHtmlCacheBehavior [ RunTime:0.002000s ]
INFO: [ app_begin ] --END-- [ RunTime:0.003000s ]
NOTIC: [8192] mysql_connect(): The mysql extension is deprecated and will be removed in the future: use mysqli or PDO instead F:\PHP\wamp64\www\SIS.JXNU-B\HomyitCore\Library\Think\Session\Driver\Db.class.php 第 95 行.
INFO: [ action_begin ] --START--
INFO: Run Common\Behavior\HyLogBehavior [ RunTime:0.003000s ]
INFO: [ action_begin ] --END-- [ RunTime:0.004000s ]
NOTIC: [2048] Declaration of Common\Model\HyFrameModel::find() should be compatible with Think\Model::find($options = Array) F:\PHP\wamp64\www\SIS.JXNU-B\Application\Common\Model\HyFrameModel.class.php 第 13 行.
NOTIC: [8] Undefined index: model F:\PHP\wamp64\www\SIS.JXNU-B\Application\Common\Controller\HyFrameController.class.php 第 42 行.
SQL: SHOW COLUMNS FROM `edu_teacher` [ RunTime:0.0020s ]
INFO: [ hy_log ] --START--
NOTIC: [8] Undefined variable: sql F:\PHP\wamp64\www\SIS.JXNU-B\Application\Common\Behavior\HyLogBehavior.class.php 第 31 行.
INFO: Run Common\Behavior\HyLogBehavior [ RunTime:0.001000s ]
INFO: [ hy_log ] --END-- [ RunTime:0.001000s ]
INFO: [ hy_log ] --START--
NOTIC: [8] Undefined index: style F:\PHP\wamp64\www\SIS.JXNU-B\Application\Common\Behavior\HyLogBehavior.class.php 第 23 行.
NOTIC: [8] Undefined index: sql F:\PHP\wamp64\www\SIS.JXNU-B\Application\Common\Behavior\HyLogBehavior.class.php 第 25 行.
INFO: Run Common\Behavior\HyLogBehavior [ RunTime:0.001000s ]
INFO: [ hy_log ] --END-- [ RunTime:-0.001001s ]
NOTIC: [8] Undefined index: all F:\PHP\wamp64\www\SIS.JXNU-B\Application\Common\Model\HyAllModel.class.php 第 922 行.
NOTIC: [8] Undefined index: type F:\PHP\wamp64\www\SIS.JXNU-B\Application\Common\Model\HyAllModel.class.php 第 428 行.
NOTIC: [8] Undefined index: type F:\PHP\wamp64\www\SIS.JXNU-B\Application\Common\Model\HyAllModel.class.php 第 432 行.
SQL: SHOW COLUMNS FROM `edu_frame_role` [ RunTime:0.0030s ]
SQL: SELECT `id`,`title` FROM `edu_frame_role` WHERE `id` > 21 ORDER BY id desc LIMIT 1,10   [ RunTime:0.0020s ]
NOTIC: [8] Undefined index: title F:\PHP\wamp64\www\SIS.JXNU-B\Application\Common\Model\HyAllModel.class.php 第 425 行.
NOTIC: [8] Undefined index: list F:\PHP\wamp64\www\SIS.JXNU-B\Application\Common\Model\HyAllModel.class.php 第 425 行.
NOTIC: [8] Undefined index: title F:\PHP\wamp64\www\SIS.JXNU-B\Application\Common\Model\HyAllModel.class.php 第 426 行.
NOTIC: [8] Undefined index: search F:\PHP\wamp64\www\SIS.JXNU-B\Application\Common\Model\HyAllModel.class.php 第 428 行.
NOTIC: [8] Undefined index: search F:\PHP\wamp64\www\SIS.JXNU-B\Application\Common\Model\HyAllModel.class.php 第 428 行.
NOTIC: [8] Undefined index: type F:\PHP\wamp64\www\SIS.JXNU-B\Application\Common\Model\HyAllModel.class.php 第 432 行.
NOTIC: [8] Undefined index: search F:\PHP\wamp64\www\SIS.JXNU-B\Application\Common\Model\HyAllModel.class.php 第 428 行.
NOTIC: [8] Undefined index: type F:\PHP\wamp64\www\SIS.JXNU-B\Application\Common\Model\HyAllModel.class.php 第 432 行.
NOTIC: [8] Undefined index: search F:\PHP\wamp64\www\SIS.JXNU-B\Application\Common\Model\HyAllModel.class.php 第 428 行.
NOTIC: [8] Undefined index: search F:\PHP\wamp64\www\SIS.JXNU-B\Application\Common\Model\HyAllModel.class.php 第 428 行.
NOTIC: [8] Undefined index: form F:\PHP\wamp64\www\SIS.JXNU-B\Application\Common\Model\HyAllModel.class.php 第 432 行.
NOTIC: [8] Undefined index: title F:\PHP\wamp64\www\SIS.JXNU-B\Application\Common\Model\HyAllModel.class.php 第 425 行.
NOTIC: [8] Undefined index: list F:\PHP\wamp64\www\SIS.JXNU-B\Application\Common\Model\HyAllModel.class.php 第 425 行.
NOTIC: [8] Undefined index: title F:\PHP\wamp64\www\SIS.JXNU-B\Application\Common\Model\HyAllModel.class.php 第 426 行.
NOTIC: [8] Undefined index: search F:\PHP\wamp64\www\SIS.JXNU-B\Application\Common\Model\HyAllModel.class.php 第 428 行.
NOTIC: [8] Undefined index: title F:\PHP\wamp64\www\SIS.JXNU-B\Application\Common\Model\HyAllModel.class.php 第 425 行.
NOTIC: [8] Undefined index: list F:\PHP\wamp64\www\SIS.JXNU-B\Application\Common\Model\HyAllModel.class.php 第 425 行.
NOTIC: [8] Undefined index: title F:\PHP\wamp64\www\SIS.JXNU-B\Application\Common\Model\HyAllModel.class.php 第 426 行.
NOTIC: [8] Undefined index: search F:\PHP\wamp64\www\SIS.JXNU-B\Application\Common\Model\HyAllModel.class.php 第 428 行.
NOTIC: [8] Undefined index: type F:\PHP\wamp64\www\SIS.JXNU-B\Application\Common\Model\HyAllModel.class.php 第 432 行.
NOTIC: [8] Undefined index: title F:\PHP\wamp64\www\SIS.JXNU-B\Application\Common\Model\HyAllModel.class.php 第 425 行.
NOTIC: [8] Undefined index: title F:\PHP\wamp64\www\SIS.JXNU-B\Application\Common\Model\HyAllModel.class.php 第 426 行.
NOTIC: [8] Undefined index: form F:\PHP\wamp64\www\SIS.JXNU-B\Application\Common\Model\HyAllModel.class.php 第 426 行.
NOTIC: [8] Undefined index: search F:\PHP\wamp64\www\SIS.JXNU-B\Application\Common\Model\HyAllModel.class.php 第 428 行.
NOTIC: [8] Undefined index: form F:\PHP\wamp64\www\SIS.JXNU-B\Application\Common\Model\HyAllModel.class.php 第 432 行.
NOTIC: [8] Undefined index: title F:\PHP\wamp64\www\SIS.JXNU-B\Application\Common\Model\HyAllModel.class.php 第 425 行.
NOTIC: [8] Undefined index: list F:\PHP\wamp64\www\SIS.JXNU-B\Application\Common\Model\HyAllModel.class.php 第 425 行.
NOTIC: [8] Undefined index: title F:\PHP\wamp64\www\SIS.JXNU-B\Application\Common\Model\HyAllModel.class.php 第 426 行.
NOTIC: [8] Undefined index: search F:\PHP\wamp64\www\SIS.JXNU-B\Application\Common\Model\HyAllModel.class.php 第 428 行.
INFO: [ before_view ] --START--
SQL: SHOW COLUMNS FROM `edu_frame_alert` [ RunTime:0.0040s ]
SQL: SELECT `id`,`category`,`icon`,`message`,`url`,`type`,`create_time` FROM `edu_frame_alert` where `to_users` LIKE '%,18,%' AND ( IFNULL(`read_users`,'')='' OR `read_users` NOT LIKE '%,18,%') AND `status`=1 ORDER BY `id` DESC [ RunTime:0.0010s ]
INFO: Run Common\Behavior\HyBeforeViewBehavior [ RunTime:0.015000s ]
INFO: [ before_view ] --END-- [ RunTime:0.016000s ]
INFO: [ view_parse ] --START--
INFO: [ template_filter ] --START--
INFO: Run Behavior\ContentReplaceBehavior [ RunTime:0.001000s ]
INFO: [ template_filter ] --END-- [ RunTime:0.002000s ]
NOTIC: [8] Undefined index: GLOBAL F:\PHP\wamp64\www\SIS.JXNU-B\Runtime\Cache\BasisInfo\9c07dc003a2105c82c74ba68c02f614c.php 第 32 行.
NOTIC: [8] Undefined index: PLUGINS F:\PHP\wamp64\www\SIS.JXNU-B\Runtime\Cache\BasisInfo\9c07dc003a2105c82c74ba68c02f614c.php 第 33 行.
NOTIC: [8] Undefined variable: _middle F:\PHP\wamp64\www\SIS.JXNU-B\Runtime\Cache\BasisInfo\9c07dc003a2105c82c74ba68c02f614c.php 第 194 行.
NOTIC: [8] Undefined variable: _bottom F:\PHP\wamp64\www\SIS.JXNU-B\Runtime\Cache\BasisInfo\9c07dc003a2105c82c74ba68c02f614c.php 第 213 行.
NOTIC: [8] Undefined variable: _script F:\PHP\wamp64\www\SIS.JXNU-B\Runtime\Cache\BasisInfo\9c07dc003a2105c82c74ba68c02f614c.php 第 272 行.
NOTIC: [8] Undefined index: PLUGINS F:\PHP\wamp64\www\SIS.JXNU-B\Runtime\Cache\BasisInfo\9c07dc003a2105c82c74ba68c02f614c.php 第 274 行.
NOTIC: [8] Undefined index: GLOBAL F:\PHP\wamp64\www\SIS.JXNU-B\Runtime\Cache\BasisInfo\9c07dc003a2105c82c74ba68c02f614c.php 第 280 行.
NOTIC: [8] Undefined variable: hyMenu F:\PHP\wamp64\www\SIS.JXNU-B\Runtime\Cache\BasisInfo\9c07dc003a2105c82c74ba68c02f614c.php 第 285 行.
INFO: Run Behavior\ParseTemplateBehavior [ RunTime:0.104006s ]
INFO: [ view_parse ] --END-- [ RunTime:0.105006s ]
INFO: [ view_filter ] --START--
INFO: Run Behavior\WriteHtmlCacheBehavior [ RunTime:0.002000s ]
INFO: [ view_filter ] --END-- [ RunTime:0.002000s ]
INFO: [ app_end ] --START--
INFO: Run Behavior\ShowPageTraceBehavior [ RunTime:0.002000s ]
INFO: [ app_end ] --END-- [ RunTime:0.004000s ]

[ 2016-09-03T20:01:28+08:00 ] ::1 /SIS.JXNU-B/index.php/BasisInfo/Teacher/ajax?q=list
INFO: [ app_init ] --START--
INFO: Run Behavior\BuildLiteBehavior [ RunTime:0.000000s ]
INFO: [ app_init ] --END-- [ RunTime:0.002000s ]
INFO: [ app_begin ] --START--
INFO: Run Behavior\ReadHtmlCacheBehavior [ RunTime:0.003000s ]
INFO: [ app_begin ] --END-- [ RunTime:0.004000s ]
NOTIC: [8192] mysql_connect(): The mysql extension is deprecated and will be removed in the future: use mysqli or PDO instead F:\PHP\wamp64\www\SIS.JXNU-B\HomyitCore\Library\Think\Session\Driver\Db.class.php 第 95 行.
INFO: [ action_begin ] --START--
INFO: Run Common\Behavior\HyLogBehavior [ RunTime:0.003000s ]
INFO: [ action_begin ] --END-- [ RunTime:0.005000s ]
NOTIC: [2048] Declaration of Common\Model\HyFrameModel::find() should be compatible with Think\Model::find($options = Array) F:\PHP\wamp64\www\SIS.JXNU-B\Application\Common\Model\HyFrameModel.class.php 第 13 行.
NOTIC: [8] Undefined index: model F:\PHP\wamp64\www\SIS.JXNU-B\Application\Common\Controller\HyFrameController.class.php 第 42 行.
SQL: SHOW COLUMNS FROM `edu_teacher` [ RunTime:0.0260s ]
INFO: [ hy_log ] --START--
NOTIC: [8] Undefined variable: sql F:\PHP\wamp64\www\SIS.JXNU-B\Application\Common\Behavior\HyLogBehavior.class.php 第 31 行.
INFO: Run Common\Behavior\HyLogBehavior [ RunTime:0.000000s ]
INFO: [ hy_log ] --END-- [ RunTime:0.001000s ]
INFO: [ hy_log ] --START--
NOTIC: [8] Undefined index: style F:\PHP\wamp64\www\SIS.JXNU-B\Application\Common\Behavior\HyLogBehavior.class.php 第 23 行.
NOTIC: [8] Undefined index: sql F:\PHP\wamp64\www\SIS.JXNU-B\Application\Common\Behavior\HyLogBehavior.class.php 第 25 行.
INFO: Run Common\Behavior\HyLogBehavior [ RunTime:0.001000s ]
INFO: [ hy_log ] --END-- [ RunTime:0.000000s ]
NOTIC: [8] Undefined index: limit F:\PHP\wamp64\www\SIS.JXNU-B\Application\Common\Model\HyFrameModel.class.php 第 160 行.
NOTIC: [8] Undefined index: order F:\PHP\wamp64\www\SIS.JXNU-B\Application\Common\Model\HyFrameModel.class.php 第 162 行.
NOTIC: [8] Undefined index: field F:\PHP\wamp64\www\SIS.JXNU-B\Application\Common\Model\HyFrameModel.class.php 第 170 行.
NOTIC: [8] Undefined index: where F:\PHP\wamp64\www\SIS.JXNU-B\Application\Common\Model\HyFrameModel.class.php 第 189 行.
NOTIC: [8] Undefined offset: 4 F:\PHP\wamp64\www\SIS.JXNU-B\Application\Common\Model\HyFrameModel.class.php 第 214 行.
NOTIC: [8] Undefined offset: 5 F:\PHP\wamp64\www\SIS.JXNU-B\Application\Common\Model\HyFrameModel.class.php 第 220 行.
NOTIC: [8] Undefined offset: 4 F:\PHP\wamp64\www\SIS.JXNU-B\Application\Common\Model\HyFrameModel.class.php 第 221 行.
NOTIC: [8] Undefined index: decrypt F:\PHP\wamp64\www\SIS.JXNU-B\Application\Common\Model\HyFrameModel.class.php 第 241 行.
SQL: SHOW COLUMNS FROM `edu_teacher` [ RunTime:0.0010s ]
SQL: SELECT 1 FROM `edu_teacher` `hy` INNER JOIN `edu_user` AS `user` ON hy.user_id = user.id  WHERE hy.status = 1  [ RunTime:0.0020s ]
INFO: [ hy_log ] --START--
NOTIC: [8] Undefined index: style F:\PHP\wamp64\www\SIS.JXNU-B\Application\Common\Behavior\HyLogBehavior.class.php 第 23 行.
NOTIC: [8] Undefined index: sql F:\PHP\wamp64\www\SIS.JXNU-B\Application\Common\Behavior\HyLogBehavior.class.php 第 25 行.
INFO: Run Common\Behavior\HyLogBehavior [ RunTime:0.000000s ]
INFO: [ hy_log ] --END-- [ RunTime:-0.010001s ]
NOTIC: [8] Undefined index: hy F:\PHP\wamp64\www\SIS.JXNU-B\Application\Common\Model\HyFrameModel.class.php 第 140 行.
NOTIC: [8] Undefined index: associate F:\PHP\wamp64\www\SIS.JXNU-B\Application\Common\Model\HyFrameModel.class.php 第 141 行.
SQL: SHOW COLUMNS FROM `edu_teacher` [ RunTime:0.0020s ]
SQL: SELECT hy.user_id,hy.department,hy.join_time,hy.end_time,hy.job,hy.remark,hy.status,user.user_no,user.roles,user.name,user.sex,user.email,user.phone,user.login_last_time,user.status AS `user_status` FROM `edu_teacher` `hy` INNER JOIN `edu_user` AS `user` ON hy.user_id = user.id  WHERE hy.status = 1 ORDER BY user.id desc LIMIT 10   [ RunTime:0.0010s ]
NOTIC: [8] Undefined index: hidden F:\PHP\wamp64\www\SIS.JXNU-B\Application\Common\Model\HyAllModel.class.php 第 595 行.
NOTIC: [8] Undefined index: hidden F:\PHP\wamp64\www\SIS.JXNU-B\Application\Common\Model\HyAllModel.class.php 第 595 行.
NOTIC: [8] Undefined index: title F:\PHP\wamp64\www\SIS.JXNU-B\Application\Common\Model\HyAllModel.class.php 第 595 行.
NOTIC: [8] Undefined index: hidden F:\PHP\wamp64\www\SIS.JXNU-B\Application\Common\Model\HyAllModel.class.php 第 595 行.
NOTIC: [8] Undefined index: hidden F:\PHP\wamp64\www\SIS.JXNU-B\Application\Common\Model\HyAllModel.class.php 第 595 行.
NOTIC: [8] Undefined index: hidden F:\PHP\wamp64\www\SIS.JXNU-B\Application\Common\Model\HyAllModel.class.php 第 595 行.
NOTIC: [8] Undefined index: hidden F:\PHP\wamp64\www\SIS.JXNU-B\Application\Common\Model\HyAllModel.class.php 第 595 行.
NOTIC: [8] Undefined index: title F:\PHP\wamp64\www\SIS.JXNU-B\Application\Common\Model\HyAllModel.class.php 第 595 行.
NOTIC: [8] Undefined index: title F:\PHP\wamp64\www\SIS.JXNU-B\Application\Common\Model\HyAllModel.class.php 第 595 行.
NOTIC: [8] Undefined index: title F:\PHP\wamp64\www\SIS.JXNU-B\Application\Common\Model\HyAllModel.class.php 第 595 行.
NOTIC: [8] Undefined index: title F:\PHP\wamp64\www\SIS.JXNU-B\Application\Common\Model\HyAllModel.class.php 第 595 行.
NOTIC: [8] Undefined index: {callback} F:\PHP\wamp64\www\SIS.JXNU-B\Application\Common\Model\HyAllModel.class.php 第 806 行.
NOTIC: [8] Undefined index: {callback} F:\PHP\wamp64\www\SIS.JXNU-B\Application\Common\Model\HyAllModel.class.php 第 806 行.
SQL: SHOW COLUMNS FROM `edu_frame_role` [ RunTime:0.0010s ]
NOTIC: [8] Use of undefined constant IN - assumed 'IN' F:\PHP\wamp64\www\SIS.JXNU-B\Application\BasisInfo\Model\TeacherModel.class.php 第 264 行.
SQL: SELECT `title` FROM `edu_frame_role` WHERE `id` IN ('22','31')  [ RunTime:0.0240s ]
NOTIC: [8] Undefined index: list F:\PHP\wamp64\www\SIS.JXNU-B\Application\Common\Model\HyAllModel.class.php 第 605 行.
NOTIC: [8] Undefined index: callback F:\PHP\wamp64\www\SIS.JXNU-B\Application\Common\Model\HyAllModel.class.php 第 605 行.
NOTIC: [8] Undefined index: callback F:\PHP\wamp64\www\SIS.JXNU-B\Application\Common\Model\HyAllModel.class.php 第 605 行.
NOTIC: [8] Undefined index: {callback} F:\PHP\wamp64\www\SIS.JXNU-B\Application\Common\Model\HyAllModel.class.php 第 806 行.
NOTIC: [8] Undefined index: callback F:\PHP\wamp64\www\SIS.JXNU-B\Application\Common\Model\HyAllModel.class.php 第 605 行.
NOTIC: [8] Undefined index: {callback} F:\PHP\wamp64\www\SIS.JXNU-B\Application\Common\Model\HyAllModel.class.php 第 806 行.
NOTIC: [8] Undefined index: list F:\PHP\wamp64\www\SIS.JXNU-B\Application\Common\Model\HyAllModel.class.php 第 605 行.
NOTIC: [8] Undefined index: list F:\PHP\wamp64\www\SIS.JXNU-B\Application\Common\Model\HyAllModel.class.php 第 605 行.
NOTIC: [8] Undefined index: password F:\PHP\wamp64\www\SIS.JXNU-B\Application\Common\Model\HyAllModel.class.php 第 606 行.
NOTIC: [8] Undefined index: {callback} F:\PHP\wamp64\www\SIS.JXNU-B\Application\Common\Model\HyAllModel.class.php 第 806 行.
NOTIC: [8] Undefined index: list F:\PHP\wamp64\www\SIS.JXNU-B\Application\Common\Model\HyAllModel.class.php 第 605 行.
NOTIC: [8] Undefined index: {callback} F:\PHP\wamp64\www\SIS.JXNU-B\Application\Common\Model\HyAllModel.class.php 第 806 行.
NOTIC: [8] Undefined index: {callback} F:\PHP\wamp64\www\SIS.JXNU-B\Application\Common\Model\HyAllModel.class.php 第 806 行.
NOTIC: [8] Use of undefined constant IN - assumed 'IN' F:\PHP\wamp64\www\SIS.JXNU-B\Application\BasisInfo\Model\TeacherModel.class.php 第 264 行.
SQL: SELECT `title` FROM `edu_frame_role` WHERE `id` IN ('22','31')  [ RunTime:0.0010s ]
NOTIC: [8] Undefined index: list F:\PHP\wamp64\www\SIS.JXNU-B\Application\Common\Model\HyAllModel.class.php 第 605 行.
NOTIC: [8] Undefined index: callback F:\PHP\wamp64\www\SIS.JXNU-B\Application\Common\Model\HyAllModel.class.php 第 605 行.
NOTIC: [8] Undefined index: callback F:\PHP\wamp64\www\SIS.JXNU-B\Application\Common\Model\HyAllModel.class.php 第 605 行.
NOTIC: [8] Undefined index: {callback} F:\PHP\wamp64\www\SIS.JXNU-B\Application\Common\Model\HyAllModel.class.php 第 806 行.
NOTIC: [8] Undefined index: callback F:\PHP\wamp64\www\SIS.JXNU-B\Application\Common\Model\HyAllModel.class.php 第 605 行.
NOTIC: [8] Undefined index: {callback} F:\PHP\wamp64\www\SIS.JXNU-B\Application\Common\Model\HyAllModel.class.php 第 806 行.
NOTIC: [8] Undefined index: list F:\PHP\wamp64\www\SIS.JXNU-B\Application\Common\Model\HyAllModel.class.php 第 605 行.
NOTIC: [8] Undefined index: list F:\PHP\wamp64\www\SIS.JXNU-B\Application\Common\Model\HyAllModel.class.php 第 605 行.
NOTIC: [8] Undefined index: password F:\PHP\wamp64\www\SIS.JXNU-B\Application\Common\Model\HyAllModel.class.php 第 606 行.
NOTIC: [8] Undefined index: {callback} F:\PHP\wamp64\www\SIS.JXNU-B\Application\Common\Model\HyAllModel.class.php 第 806 行.
NOTIC: [8] Undefined index: list F:\PHP\wamp64\www\SIS.JXNU-B\Application\Common\Model\HyAllModel.class.php 第 605 行.
NOTIC: [8] Undefined index: {callback} F:\PHP\wamp64\www\SIS.JXNU-B\Application\Common\Model\HyAllModel.class.php 第 806 行.
NOTIC: [8] Undefined index: {callback} F:\PHP\wamp64\www\SIS.JXNU-B\Application\Common\Model\HyAllModel.class.php 第 806 行.
NOTIC: [8] Use of undefined constant IN - assumed 'IN' F:\PHP\wamp64\www\SIS.JXNU-B\Application\BasisInfo\Model\TeacherModel.class.php 第 264 行.
SQL: SELECT `title` FROM `edu_frame_role` WHERE `id` IN ('22','31')  [ RunTime:0.0010s ]
NOTIC: [8] Undefined index: list F:\PHP\wamp64\www\SIS.JXNU-B\Application\Common\Model\HyAllModel.class.php 第 605 行.
NOTIC: [8] Undefined index: callback F:\PHP\wamp64\www\SIS.JXNU-B\Application\Common\Model\HyAllModel.class.php 第 605 行.
NOTIC: [8] Undefined index: callback F:\PHP\wamp64\www\SIS.JXNU-B\Application\Common\Model\HyAllModel.class.php 第 605 行.
NOTIC: [8] Undefined index: {callback} F:\PHP\wamp64\www\SIS.JXNU-B\Application\Common\Model\HyAllModel.class.php 第 806 行.
NOTIC: [8] Undefined index: callback F:\PHP\wamp64\www\SIS.JXNU-B\Application\Common\Model\HyAllModel.class.php 第 605 行.
NOTIC: [8] Undefined index: {callback} F:\PHP\wamp64\www\SIS.JXNU-B\Application\Common\Model\HyAllModel.class.php 第 806 行.
NOTIC: [8] Undefined index: list F:\PHP\wamp64\www\SIS.JXNU-B\Application\Common\Model\HyAllModel.class.php 第 605 行.
NOTIC: [8] Undefined index: list F:\PHP\wamp64\www\SIS.JXNU-B\Application\Common\Model\HyAllModel.class.php 第 605 行.
NOTIC: [8] Undefined index: password F:\PHP\wamp64\www\SIS.JXNU-B\Application\Common\Model\HyAllModel.class.php 第 606 行.
NOTIC: [8] Undefined index: {callback} F:\PHP\wamp64\www\SIS.JXNU-B\Application\Common\Model\HyAllModel.class.php 第 806 行.
NOTIC: [8] Undefined index: list F:\PHP\wamp64\www\SIS.JXNU-B\Application\Common\Model\HyAllModel.class.php 第 605 行.
NOTIC: [8] Undefined index: {callback} F:\PHP\wamp64\www\SIS.JXNU-B\Application\Common\Model\HyAllModel.class.php 第 806 行.
NOTIC: [8] Undefined index: {callback} F:\PHP\wamp64\www\SIS.JXNU-B\Application\Common\Model\HyAllModel.class.php 第 806 行.
NOTIC: [8] Use of undefined constant IN - assumed 'IN' F:\PHP\wamp64\www\SIS.JXNU-B\Application\BasisInfo\Model\TeacherModel.class.php 第 264 行.
SQL: SELECT `title` FROM `edu_frame_role` WHERE `id` IN ('22','31')  [ RunTime:0.0010s ]
NOTIC: [8] Undefined index: list F:\PHP\wamp64\www\SIS.JXNU-B\Application\Common\Model\HyAllModel.class.php 第 605 行.
NOTIC: [8] Undefined index: callback F:\PHP\wamp64\www\SIS.JXNU-B\Application\Common\Model\HyAllModel.class.php 第 605 行.
NOTIC: [8] Undefined index: callback F:\PHP\wamp64\www\SIS.JXNU-B\Application\Common\Model\HyAllModel.class.php 第 605 行.
NOTIC: [8] Undefined index: {callback} F:\PHP\wamp64\www\SIS.JXNU-B\Application\Common\Model\HyAllModel.class.php 第 806 行.
NOTIC: [8] Undefined index: callback F:\PHP\wamp64\www\SIS.JXNU-B\Application\Common\Model\HyAllModel.class.php 第 605 行.
NOTIC: [8] Undefined index: {callback} F:\PHP\wamp64\www\SIS.JXNU-B\Application\Common\Model\HyAllModel.class.php 第 806 行.
NOTIC: [8] Undefined index: list F:\PHP\wamp64\www\SIS.JXNU-B\Application\Common\Model\HyAllModel.class.php 第 605 行.
NOTIC: [8] Undefined index: list F:\PHP\wamp64\www\SIS.JXNU-B\Application\Common\Model\HyAllModel.class.php 第 605 行.
NOTIC: [8] Undefined index: password F:\PHP\wamp64\www\SIS.JXNU-B\Application\Common\Model\HyAllModel.class.php 第 606 行.
NOTIC: [8] Undefined index: {callback} F:\PHP\wamp64\www\SIS.JXNU-B\Application\Common\Model\HyAllModel.class.php 第 806 行.
NOTIC: [8] Undefined index: list F:\PHP\wamp64\www\SIS.JXNU-B\Application\Common\Model\HyAllModel.class.php 第 605 行.
NOTIC: [8] Undefined index: {callback} F:\PHP\wamp64\www\SIS.JXNU-B\Application\Common\Model\HyAllModel.class.php 第 806 行.
NOTIC: [8] Undefined index: {callback} F:\PHP\wamp64\www\SIS.JXNU-B\Application\Common\Model\HyAllModel.class.php 第 806 行.
NOTIC: [8] Use of undefined constant IN - assumed 'IN' F:\PHP\wamp64\www\SIS.JXNU-B\Application\BasisInfo\Model\TeacherModel.class.php 第 264 行.
SQL: SELECT `title` FROM `edu_frame_role` WHERE `id` IN ('22')  [ RunTime:0.0010s ]
NOTIC: [8] Undefined index: list F:\PHP\wamp64\www\SIS.JXNU-B\Application\Common\Model\HyAllModel.class.php 第 605 行.
NOTIC: [8] Undefined index: callback F:\PHP\wamp64\www\SIS.JXNU-B\Application\Common\Model\HyAllModel.class.php 第 605 行.
NOTIC: [8] Undefined index: callback F:\PHP\wamp64\www\SIS.JXNU-B\Application\Common\Model\HyAllModel.class.php 第 605 行.
NOTIC: [8] Undefined index: {callback} F:\PHP\wamp64\www\SIS.JXNU-B\Application\Common\Model\HyAllModel.class.php 第 806 行.
NOTIC: [8] Undefined index: callback F:\PHP\wamp64\www\SIS.JXNU-B\Application\Common\Model\HyAllModel.class.php 第 605 行.
NOTIC: [8] Undefined index: {callback} F:\PHP\wamp64\www\SIS.JXNU-B\Application\Common\Model\HyAllModel.class.php 第 806 行.
NOTIC: [8] Undefined index: list F:\PHP\wamp64\www\SIS.JXNU-B\Application\Common\Model\HyAllModel.class.php 第 605 行.
NOTIC: [8] Undefined index: list F:\PHP\wamp64\www\SIS.JXNU-B\Application\Common\Model\HyAllModel.class.php 第 605 行.
NOTIC: [8] Undefined index: password F:\PHP\wamp64\www\SIS.JXNU-B\Application\Common\Model\HyAllModel.class.php 第 606 行.
NOTIC: [8] Undefined index: {callback} F:\PHP\wamp64\www\SIS.JXNU-B\Application\Common\Model\HyAllModel.class.php 第 806 行.
NOTIC: [8] Undefined index: list F:\PHP\wamp64\www\SIS.JXNU-B\Application\Common\Model\HyAllModel.class.php 第 605 行.
NOTIC: [8] Undefined index: {callback} F:\PHP\wamp64\www\SIS.JXNU-B\Application\Common\Model\HyAllModel.class.php 第 806 行.
NOTIC: [8] Undefined index: {callback} F:\PHP\wamp64\www\SIS.JXNU-B\Application\Common\Model\HyAllModel.class.php 第 806 行.
NOTIC: [8] Use of undefined constant IN - assumed 'IN' F:\PHP\wamp64\www\SIS.JXNU-B\Application\BasisInfo\Model\TeacherModel.class.php 第 264 行.
SQL: SELECT `title` FROM `edu_frame_role` WHERE `id` IN ('22','32','31')  [ RunTime:0.0010s ]
NOTIC: [8] Undefined index: list F:\PHP\wamp64\www\SIS.JXNU-B\Application\Common\Model\HyAllModel.class.php 第 605 行.
NOTIC: [8] Undefined index: callback F:\PHP\wamp64\www\SIS.JXNU-B\Application\Common\Model\HyAllModel.class.php 第 605 行.
NOTIC: [8] Undefined index: callback F:\PHP\wamp64\www\SIS.JXNU-B\Application\Common\Model\HyAllModel.class.php 第 605 行.
NOTIC: [8] Undefined index: {callback} F:\PHP\wamp64\www\SIS.JXNU-B\Application\Common\Model\HyAllModel.class.php 第 806 行.
NOTIC: [8] Undefined index: callback F:\PHP\wamp64\www\SIS.JXNU-B\Application\Common\Model\HyAllModel.class.php 第 605 行.
NOTIC: [8] Undefined index: {callback} F:\PHP\wamp64\www\SIS.JXNU-B\Application\Common\Model\HyAllModel.class.php 第 806 行.
NOTIC: [8] Undefined index: list F:\PHP\wamp64\www\SIS.JXNU-B\Application\Common\Model\HyAllModel.class.php 第 605 行.
NOTIC: [8] Undefined index: list F:\PHP\wamp64\www\SIS.JXNU-B\Application\Common\Model\HyAllModel.class.php 第 605 行.
NOTIC: [8] Undefined index: password F:\PHP\wamp64\www\SIS.JXNU-B\Application\Common\Model\HyAllModel.class.php 第 606 行.
NOTIC: [8] Undefined index: {callback} F:\PHP\wamp64\www\SIS.JXNU-B\Application\Common\Model\HyAllModel.class.php 第 806 行.
NOTIC: [8] Undefined index: list F:\PHP\wamp64\www\SIS.JXNU-B\Application\Common\Model\HyAllModel.class.php 第 605 行.
NOTIC: [8] Undefined index: info F:\PHP\wamp64\www\SIS.JXNU-B\Application\Common\Model\HyAllModel.class.php 第 470 行.
INFO: [ hy_log ] --START--
INFO: Run Common\Behavior\HyLogBehavior [ RunTime:0.000000s ]
INFO: [ hy_log ] --END-- [ RunTime:-0.086005s ]

[ 2016-09-03T20:01:28+08:00 ] ::1 /SIS.JXNU-B/index.php/BasisInfo/Teacher/favicon.ico
INFO: [ app_init ] --START--
INFO: Run Behavior\BuildLiteBehavior [ RunTime:0.001000s ]
INFO: [ app_init ] --END-- [ RunTime:0.002000s ]

[ 2016-09-03T20:01:30+08:00 ] ::1 /SIS.JXNU-B/index.php/BasisInfo/Teacher/ajax?q=detail
INFO: [ app_init ] --START--
INFO: Run Behavior\BuildLiteBehavior [ RunTime:0.000000s ]
INFO: [ app_init ] --END-- [ RunTime:0.002000s ]
INFO: [ app_begin ] --START--
INFO: Run Behavior\ReadHtmlCacheBehavior [ RunTime:0.002000s ]
INFO: [ app_begin ] --END-- [ RunTime:0.003000s ]
NOTIC: [8192] mysql_connect(): The mysql extension is deprecated and will be removed in the future: use mysqli or PDO instead F:\PHP\wamp64\www\SIS.JXNU-B\HomyitCore\Library\Think\Session\Driver\Db.class.php 第 95 行.
INFO: [ action_begin ] --START--
INFO: Run Common\Behavior\HyLogBehavior [ RunTime:0.003000s ]
INFO: [ action_begin ] --END-- [ RunTime:0.005001s ]
NOTIC: [2048] Declaration of Common\Model\HyFrameModel::find() should be compatible with Think\Model::find($options = Array) F:\PHP\wamp64\www\SIS.JXNU-B\Application\Common\Model\HyFrameModel.class.php 第 13 行.
SQL: SHOW COLUMNS FROM `edu_teacher` [ RunTime:0.0020s ]
INFO: [ hy_log ] --START--
NOTIC: [8] Undefined variable: sql F:\PHP\wamp64\www\SIS.JXNU-B\Application\Common\Behavior\HyLogBehavior.class.php 第 31 行.
INFO: Run Common\Behavior\HyLogBehavior [ RunTime:0.001000s ]
INFO: [ hy_log ] --END-- [ RunTime:0.001000s ]
INFO: [ hy_log ] --START--
NOTIC: [8] Undefined index: style F:\PHP\wamp64\www\SIS.JXNU-B\Application\Common\Behavior\HyLogBehavior.class.php 第 23 行.
NOTIC: [8] Undefined index: sql F:\PHP\wamp64\www\SIS.JXNU-B\Application\Common\Behavior\HyLogBehavior.class.php 第 25 行.
INFO: Run Common\Behavior\HyLogBehavior [ RunTime:0.000000s ]
INFO: [ hy_log ] --END-- [ RunTime:-0.001000s ]
INFO: [ hy_log ] --START--
NOTIC: [8] Undefined index: style F:\PHP\wamp64\www\SIS.JXNU-B\Application\Common\Behavior\HyLogBehavior.class.php 第 23 行.
NOTIC: [8] Undefined index: sql F:\PHP\wamp64\www\SIS.JXNU-B\Application\Common\Behavior\HyLogBehavior.class.php 第 25 行.
INFO: Run Common\Behavior\HyLogBehavior [ RunTime:0.001000s ]
INFO: [ hy_log ] --END-- [ RunTime:-0.002000s ]
NOTIC: [8] Undefined index: hy F:\PHP\wamp64\www\SIS.JXNU-B\Application\Common\Model\HyFrameModel.class.php 第 140 行.
NOTIC: [8] Undefined index: order F:\PHP\wamp64\www\SIS.JXNU-B\Application\Common\Model\HyFrameModel.class.php 第 162 行.
NOTIC: [8] Undefined index: field F:\PHP\wamp64\www\SIS.JXNU-B\Application\Common\Model\HyFrameModel.class.php 第 170 行.
NOTIC: [8] Undefined offset: 4 F:\PHP\wamp64\www\SIS.JXNU-B\Application\Common\Model\HyFrameModel.class.php 第 214 行.
NOTIC: [8] Undefined offset: 5 F:\PHP\wamp64\www\SIS.JXNU-B\Application\Common\Model\HyFrameModel.class.php 第 220 行.
NOTIC: [8] Undefined offset: 4 F:\PHP\wamp64\www\SIS.JXNU-B\Application\Common\Model\HyFrameModel.class.php 第 221 行.
NOTIC: [8] Undefined index: decrypt F:\PHP\wamp64\www\SIS.JXNU-B\Application\Common\Model\HyFrameModel.class.php 第 241 行.
NOTIC: [8] Undefined index: scope F:\PHP\wamp64\www\SIS.JXNU-B\Application\Common\Model\HyFrameModel.class.php 第 247 行.
NOTIC: [8] Undefined index: count F:\PHP\wamp64\www\SIS.JXNU-B\Application\Common\Model\HyFrameModel.class.php 第 248 行.
SQL: SHOW COLUMNS FROM `edu_teacher` [ RunTime:0.0020s ]
SQL: SELECT hy.user_id,hy.department,hy.join_time,hy.end_time,hy.job,hy.remark,hy.status,user.user_no,user.name,user.sex,user.phone,user.roles,user.email,user.login_last_time,user.login_times FROM `edu_teacher` `hy` INNER JOIN `edu_user` AS `user` ON hy.user_id = user.id  WHERE hy.user_id = '21' LIMIT 1   [ RunTime:0.0050s ]
SQL: SHOW COLUMNS FROM `edu_frame_role` [ RunTime:0.0030s ]
NOTIC: [8] Use of undefined constant IN - assumed 'IN' F:\PHP\wamp64\www\SIS.JXNU-B\Application\BasisInfo\Model\TeacherModel.class.php 第 264 行.
SQL: SELECT `title` FROM `edu_frame_role` WHERE `id` IN ('22','31')  [ RunTime:0.0010s ]
NOTIC: [8] Undefined variable: tpl F:\PHP\wamp64\www\SIS.JXNU-B\Application\Common\Controller\HyAllController.class.php 第 90 行.
INFO: [ before_view ] --START--
SQL: SHOW COLUMNS FROM `edu_frame_alert` [ RunTime:0.0040s ]
SQL: SELECT `id`,`category`,`icon`,`message`,`url`,`type`,`create_time` FROM `edu_frame_alert` where `to_users` LIKE '%,18,%' AND ( IFNULL(`read_users`,'')='' OR `read_users` NOT LIKE '%,18,%') AND `status`=1 ORDER BY `id` DESC [ RunTime:0.0010s ]
INFO: Run Common\Behavior\HyBeforeViewBehavior [ RunTime:0.016001s ]
INFO: [ before_view ] --END-- [ RunTime:0.017001s ]
INFO: [ view_parse ] --START--
INFO: [ template_filter ] --START--
INFO: Run Behavior\ContentReplaceBehavior [ RunTime:0.001000s ]
INFO: [ template_filter ] --END-- [ RunTime:0.001000s ]
NOTIC: [8] Undefined index: cols F:\PHP\wamp64\www\SIS.JXNU-B\Runtime\Cache\BasisInfo\c6d80dac29f4bb3371a39f454a43cf44.php 第 13 行.
NOTIC: [8] Undefined index: cols F:\PHP\wamp64\www\SIS.JXNU-B\Runtime\Cache\BasisInfo\c6d80dac29f4bb3371a39f454a43cf44.php 第 13 行.
NOTIC: [8] Undefined index: cols F:\PHP\wamp64\www\SIS.JXNU-B\Runtime\Cache\BasisInfo\c6d80dac29f4bb3371a39f454a43cf44.php 第 13 行.
NOTIC: [8] Undefined index: cols F:\PHP\wamp64\www\SIS.JXNU-B\Runtime\Cache\BasisInfo\c6d80dac29f4bb3371a39f454a43cf44.php 第 13 行.
NOTIC: [8] Undefined index: cols F:\PHP\wamp64\www\SIS.JXNU-B\Runtime\Cache\BasisInfo\c6d80dac29f4bb3371a39f454a43cf44.php 第 13 行.
NOTIC: [8] Undefined index: cols F:\PHP\wamp64\www\SIS.JXNU-B\Runtime\Cache\BasisInfo\c6d80dac29f4bb3371a39f454a43cf44.php 第 30 行.
NOTIC: [8] Undefined index: cols F:\PHP\wamp64\www\SIS.JXNU-B\Runtime\Cache\BasisInfo\c6d80dac29f4bb3371a39f454a43cf44.php 第 30 行.
NOTIC: [8] Undefined index: json F:\PHP\wamp64\www\SIS.JXNU-B\Runtime\Cache\BasisInfo\c6d80dac29f4bb3371a39f454a43cf44.php 第 47 行.
INFO: Run Behavior\ParseTemplateBehavior [ RunTime:0.064003s ]
INFO: [ view_parse ] --END-- [ RunTime:0.064003s ]
INFO: [ view_filter ] --START--
INFO: Run Behavior\WriteHtmlCacheBehavior [ RunTime:0.002000s ]
INFO: [ view_filter ] --END-- [ RunTime:0.002000s ]
INFO: [ app_end ] --START--
INFO: Run Behavior\ShowPageTraceBehavior [ RunTime:0.003000s ]
INFO: [ app_end ] --END-- [ RunTime:0.003000s ]

[ 2016-09-03T20:02:10+08:00 ] ::1 /SIS.JXNU-B/index.php/BasisInfo/Student/all.html
INFO: [ app_init ] --START--
INFO: Run Behavior\BuildLiteBehavior [ RunTime:0.001000s ]
INFO: [ app_init ] --END-- [ RunTime:0.002000s ]
INFO: [ app_begin ] --START--
INFO: Run Behavior\ReadHtmlCacheBehavior [ RunTime:0.003000s ]
INFO: [ app_begin ] --END-- [ RunTime:0.003000s ]
NOTIC: [8192] mysql_connect(): The mysql extension is deprecated and will be removed in the future: use mysqli or PDO instead F:\PHP\wamp64\www\SIS.JXNU-B\HomyitCore\Library\Think\Session\Driver\Db.class.php 第 95 行.
INFO: [ action_begin ] --START--
INFO: Run Common\Behavior\HyLogBehavior [ RunTime:0.003000s ]
INFO: [ action_begin ] --END-- [ RunTime:0.003000s ]
NOTIC: [2048] Declaration of Common\Model\HyFrameModel::find() should be compatible with Think\Model::find($options = Array) F:\PHP\wamp64\www\SIS.JXNU-B\Application\Common\Model\HyFrameModel.class.php 第 13 行.
SQL: SHOW COLUMNS FROM `edu_student` [ RunTime:0.0020s ]
INFO: [ hy_log ] --START--
NOTIC: [8] Undefined variable: sql F:\PHP\wamp64\www\SIS.JXNU-B\Application\Common\Behavior\HyLogBehavior.class.php 第 31 行.
INFO: Run Common\Behavior\HyLogBehavior [ RunTime:0.000000s ]
INFO: [ hy_log ] --END-- [ RunTime:0.001000s ]
INFO: [ hy_log ] --START--
NOTIC: [8] Undefined index: style F:\PHP\wamp64\www\SIS.JXNU-B\Application\Common\Behavior\HyLogBehavior.class.php 第 23 行.
NOTIC: [8] Undefined index: sql F:\PHP\wamp64\www\SIS.JXNU-B\Application\Common\Behavior\HyLogBehavior.class.php 第 25 行.
INFO: Run Common\Behavior\HyLogBehavior [ RunTime:0.000000s ]
INFO: [ hy_log ] --END-- [ RunTime:0.000000s ]
NOTIC: [8] Undefined index: all F:\PHP\wamp64\www\SIS.JXNU-B\Application\Common\Model\HyAllModel.class.php 第 922 行.
NOTIC: [8] Undefined index: tips F:\PHP\wamp64\www\SIS.JXNU-B\Application\Common\Model\HyAllModel.class.php 第 452 行.
NOTIC: [8] Undefined index: type F:\PHP\wamp64\www\SIS.JXNU-B\Application\Common\Model\HyAllModel.class.php 第 432 行.
NOTIC: [8] Undefined index: search F:\PHP\wamp64\www\SIS.JXNU-B\Application\Common\Model\HyAllModel.class.php 第 428 行.
NOTIC: [8] Undefined index: type F:\PHP\wamp64\www\SIS.JXNU-B\Application\Common\Model\HyAllModel.class.php 第 432 行.
NOTIC: [8] Undefined index: title F:\PHP\wamp64\www\SIS.JXNU-B\Application\Common\Model\HyAllModel.class.php 第 425 行.
NOTIC: [8] Undefined index: list F:\PHP\wamp64\www\SIS.JXNU-B\Application\Common\Model\HyAllModel.class.php 第 425 行.
NOTIC: [8] Undefined index: title F:\PHP\wamp64\www\SIS.JXNU-B\Application\Common\Model\HyAllModel.class.php 第 426 行.
NOTIC: [8] Undefined index: search F:\PHP\wamp64\www\SIS.JXNU-B\Application\Common\Model\HyAllModel.class.php 第 428 行.
NOTIC: [2] Missing argument 1 for System\Model\HomkaiServiceModel::getClassOptg(), called in F:\PHP\wamp64\www\SIS.JXNU-B\Application\BasisInfo\Model\StudentModel.class.php on line 285 and defined F:\PHP\wamp64\www\SIS.JXNU-B\Application\System\Model\HomkaiServiceModel.class.php 第 15 行.
SQL: SHOW COLUMNS FROM `edu_class` [ RunTime:0.0030s ]
SQL: SELECT `id`,`name`,`grade` FROM `edu_class` WHERE `status` = 1 ORDER BY grade asc  [ RunTime:0.0010s ]
NOTIC: [2] Missing argument 1 for System\Model\HomkaiServiceModel::getClassOptg(), called in F:\PHP\wamp64\www\SIS.JXNU-B\Application\BasisInfo\Model\StudentModel.class.php on line 285 and defined F:\PHP\wamp64\www\SIS.JXNU-B\Application\System\Model\HomkaiServiceModel.class.php 第 15 行.
SQL: SELECT `id`,`name`,`grade` FROM `edu_class` WHERE `status` = 1 ORDER BY grade asc  [ RunTime:0.0010s ]
NOTIC: [8] Undefined index: form F:\PHP\wamp64\www\SIS.JXNU-B\Application\Common\Model\HyAllModel.class.php 第 432 行.
NOTIC: [8] Undefined index: type F:\PHP\wamp64\www\SIS.JXNU-B\Application\Common\Model\HyAllModel.class.php 第 432 行.
NOTIC: [8] Undefined index: search F:\PHP\wamp64\www\SIS.JXNU-B\Application\Common\Model\HyAllModel.class.php 第 428 行.
NOTIC: [8] Undefined index: search F:\PHP\wamp64\www\SIS.JXNU-B\Application\Common\Model\HyAllModel.class.php 第 428 行.
NOTIC: [8] Undefined index: title F:\PHP\wamp64\www\SIS.JXNU-B\Application\Common\Model\HyAllModel.class.php 第 425 行.
NOTIC: [8] Undefined index: list F:\PHP\wamp64\www\SIS.JXNU-B\Application\Common\Model\HyAllModel.class.php 第 425 行.
NOTIC: [8] Undefined index: title F:\PHP\wamp64\www\SIS.JXNU-B\Application\Common\Model\HyAllModel.class.php 第 426 行.
NOTIC: [8] Undefined index: title F:\PHP\wamp64\www\SIS.JXNU-B\Application\Common\Model\HyAllModel.class.php 第 426 行.
NOTIC: [8] Undefined index: search F:\PHP\wamp64\www\SIS.JXNU-B\Application\Common\Model\HyAllModel.class.php 第 428 行.
NOTIC: [8] Undefined index: form F:\PHP\wamp64\www\SIS.JXNU-B\Application\Common\Model\HyAllModel.class.php 第 432 行.
NOTIC: [8] Undefined index: search F:\PHP\wamp64\www\SIS.JXNU-B\Application\Common\Model\HyAllModel.class.php 第 428 行.
NOTIC: [8] Undefined index: title F:\PHP\wamp64\www\SIS.JXNU-B\Application\Common\Model\HyAllModel.class.php 第 425 行.
NOTIC: [8] Undefined index: list F:\PHP\wamp64\www\SIS.JXNU-B\Application\Common\Model\HyAllModel.class.php 第 425 行.
NOTIC: [8] Undefined index: title F:\PHP\wamp64\www\SIS.JXNU-B\Application\Common\Model\HyAllModel.class.php 第 426 行.
NOTIC: [8] Undefined index: search F:\PHP\wamp64\www\SIS.JXNU-B\Application\Common\Model\HyAllModel.class.php 第 428 行.
NOTIC: [8] Undefined index: title F:\PHP\wamp64\www\SIS.JXNU-B\Application\Common\Model\HyAllModel.class.php 第 425 行.
NOTIC: [8] Undefined index: list F:\PHP\wamp64\www\SIS.JXNU-B\Application\Common\Model\HyAllModel.class.php 第 425 行.
NOTIC: [8] Undefined index: title F:\PHP\wamp64\www\SIS.JXNU-B\Application\Common\Model\HyAllModel.class.php 第 426 行.
NOTIC: [8] Undefined index: search F:\PHP\wamp64\www\SIS.JXNU-B\Application\Common\Model\HyAllModel.class.php 第 428 行.
NOTIC: [8] Undefined index: type F:\PHP\wamp64\www\SIS.JXNU-B\Application\Common\Model\HyAllModel.class.php 第 432 行.
NOTIC: [8] Undefined index: search F:\PHP\wamp64\www\SIS.JXNU-B\Application\Common\Model\HyAllModel.class.php 第 428 行.
NOTIC: [8] Undefined index: search F:\PHP\wamp64\www\SIS.JXNU-B\Application\Common\Model\HyAllModel.class.php 第 428 行.
NOTIC: [8] Undefined index: form F:\PHP\wamp64\www\SIS.JXNU-B\Application\Common\Model\HyAllModel.class.php 第 432 行.
NOTIC: [8] Undefined index: title F:\PHP\wamp64\www\SIS.JXNU-B\Application\Common\Model\HyAllModel.class.php 第 425 行.
NOTIC: [8] Undefined index: list F:\PHP\wamp64\www\SIS.JXNU-B\Application\Common\Model\HyAllModel.class.php 第 425 行.
NOTIC: [8] Undefined index: title F:\PHP\wamp64\www\SIS.JXNU-B\Application\Common\Model\HyAllModel.class.php 第 426 行.
NOTIC: [8] Undefined index: search F:\PHP\wamp64\www\SIS.JXNU-B\Application\Common\Model\HyAllModel.class.php 第 428 行.
NOTIC: [8] Undefined index: type F:\PHP\wamp64\www\SIS.JXNU-B\Application\Common\Model\HyAllModel.class.php 第 432 行.
NOTIC: [8] Undefined index: search F:\PHP\wamp64\www\SIS.JXNU-B\Application\Common\Model\HyAllModel.class.php 第 428 行.
NOTIC: [8] Undefined index: form F:\PHP\wamp64\www\SIS.JXNU-B\Application\Common\Model\HyAllModel.class.php 第 432 行.
NOTIC: [8] Undefined index: title F:\PHP\wamp64\www\SIS.JXNU-B\Application\Common\Model\HyAllModel.class.php 第 425 行.
NOTIC: [8] Undefined index: list F:\PHP\wamp64\www\SIS.JXNU-B\Application\Common\Model\HyAllModel.class.php 第 425 行.
NOTIC: [8] Undefined index: title F:\PHP\wamp64\www\SIS.JXNU-B\Application\Common\Model\HyAllModel.class.php 第 426 行.
NOTIC: [8] Undefined index: search F:\PHP\wamp64\www\SIS.JXNU-B\Application\Common\Model\HyAllModel.class.php 第 428 行.
NOTIC: [8] Undefined index: initJS F:\PHP\wamp64\www\SIS.JXNU-B\Application\Common\Model\HyAllModel.class.php 第 356 行.
INFO: [ before_view ] --START--
SQL: SHOW COLUMNS FROM `edu_frame_alert` [ RunTime:0.0050s ]
SQL: SELECT `id`,`category`,`icon`,`message`,`url`,`type`,`create_time` FROM `edu_frame_alert` where `to_users` LIKE '%,18,%' AND ( IFNULL(`read_users`,'')='' OR `read_users` NOT LIKE '%,18,%') AND `status`=1 ORDER BY `id` DESC [ RunTime:0.0010s ]
INFO: Run Common\Behavior\HyBeforeViewBehavior [ RunTime:0.015001s ]
INFO: [ before_view ] --END-- [ RunTime:0.016001s ]
INFO: [ view_parse ] --START--
INFO: [ template_filter ] --START--
INFO: Run Behavior\ContentReplaceBehavior [ RunTime:0.001000s ]
INFO: [ template_filter ] --END-- [ RunTime:0.001000s ]
NOTIC: [8] Undefined index: GLOBAL F:\PHP\wamp64\www\SIS.JXNU-B\Runtime\Cache\BasisInfo\9c07dc003a2105c82c74ba68c02f614c.php 第 32 行.
NOTIC: [8] Undefined index: PLUGINS F:\PHP\wamp64\www\SIS.JXNU-B\Runtime\Cache\BasisInfo\9c07dc003a2105c82c74ba68c02f614c.php 第 33 行.
NOTIC: [8] Undefined variable: _middle F:\PHP\wamp64\www\SIS.JXNU-B\Runtime\Cache\BasisInfo\9c07dc003a2105c82c74ba68c02f614c.php 第 194 行.
NOTIC: [8] Undefined variable: _bottom F:\PHP\wamp64\www\SIS.JXNU-B\Runtime\Cache\BasisInfo\9c07dc003a2105c82c74ba68c02f614c.php 第 213 行.
NOTIC: [8] Undefined variable: _script F:\PHP\wamp64\www\SIS.JXNU-B\Runtime\Cache\BasisInfo\9c07dc003a2105c82c74ba68c02f614c.php 第 272 行.
NOTIC: [8] Undefined index: PLUGINS F:\PHP\wamp64\www\SIS.JXNU-B\Runtime\Cache\BasisInfo\9c07dc003a2105c82c74ba68c02f614c.php 第 274 行.
NOTIC: [8] Undefined index: GLOBAL F:\PHP\wamp64\www\SIS.JXNU-B\Runtime\Cache\BasisInfo\9c07dc003a2105c82c74ba68c02f614c.php 第 280 行.
NOTIC: [8] Undefined variable: hyMenu F:\PHP\wamp64\www\SIS.JXNU-B\Runtime\Cache\BasisInfo\9c07dc003a2105c82c74ba68c02f614c.php 第 285 行.
INFO: Run Behavior\ParseTemplateBehavior [ RunTime:0.102006s ]
INFO: [ view_parse ] --END-- [ RunTime:0.103006s ]
INFO: [ view_filter ] --START--
INFO: Run Behavior\WriteHtmlCacheBehavior [ RunTime:0.004000s ]
INFO: [ view_filter ] --END-- [ RunTime:0.004000s ]
INFO: [ app_end ] --START--
INFO: Run Behavior\ShowPageTraceBehavior [ RunTime:0.003000s ]
INFO: [ app_end ] --END-- [ RunTime:0.003000s ]

[ 2016-09-03T20:02:11+08:00 ] ::1 /SIS.JXNU-B/index.php/BasisInfo/Student/ajax?q=list
INFO: [ app_init ] --START--
INFO: Run Behavior\BuildLiteBehavior [ RunTime:0.000000s ]
INFO: [ app_init ] --END-- [ RunTime:0.002000s ]
INFO: [ app_begin ] --START--
INFO: Run Behavior\ReadHtmlCacheBehavior [ RunTime:0.003000s ]
INFO: [ app_begin ] --END-- [ RunTime:0.003000s ]
NOTIC: [8192] mysql_connect(): The mysql extension is deprecated and will be removed in the future: use mysqli or PDO instead F:\PHP\wamp64\www\SIS.JXNU-B\HomyitCore\Library\Think\Session\Driver\Db.class.php 第 95 行.
INFO: [ action_begin ] --START--
INFO: Run Common\Behavior\HyLogBehavior [ RunTime:0.004000s ]
INFO: [ action_begin ] --END-- [ RunTime:0.004000s ]
NOTIC: [2048] Declaration of Common\Model\HyFrameModel::find() should be compatible with Think\Model::find($options = Array) F:\PHP\wamp64\www\SIS.JXNU-B\Application\Common\Model\HyFrameModel.class.php 第 13 行.
SQL: SHOW COLUMNS FROM `edu_student` [ RunTime:0.0030s ]
INFO: [ hy_log ] --START--
NOTIC: [8] Undefined variable: sql F:\PHP\wamp64\www\SIS.JXNU-B\Application\Common\Behavior\HyLogBehavior.class.php 第 31 行.
INFO: Run Common\Behavior\HyLogBehavior [ RunTime:0.000000s ]
INFO: [ hy_log ] --END-- [ RunTime:0.001000s ]
INFO: [ hy_log ] --START--
NOTIC: [8] Undefined index: style F:\PHP\wamp64\www\SIS.JXNU-B\Application\Common\Behavior\HyLogBehavior.class.php 第 23 行.
NOTIC: [8] Undefined index: sql F:\PHP\wamp64\www\SIS.JXNU-B\Application\Common\Behavior\HyLogBehavior.class.php 第 25 行.
INFO: Run Common\Behavior\HyLogBehavior [ RunTime:0.001000s ]
INFO: [ hy_log ] --END-- [ RunTime:0.000000s ]
NOTIC: [8] Undefined index: limit F:\PHP\wamp64\www\SIS.JXNU-B\Application\Common\Model\HyFrameModel.class.php 第 160 行.
NOTIC: [8] Undefined index: order F:\PHP\wamp64\www\SIS.JXNU-B\Application\Common\Model\HyFrameModel.class.php 第 162 行.
NOTIC: [8] Undefined index: field F:\PHP\wamp64\www\SIS.JXNU-B\Application\Common\Model\HyFrameModel.class.php 第 170 行.
NOTIC: [8] Undefined index: where F:\PHP\wamp64\www\SIS.JXNU-B\Application\Common\Model\HyFrameModel.class.php 第 189 行.
NOTIC: [8] Undefined index: decrypt F:\PHP\wamp64\www\SIS.JXNU-B\Application\Common\Model\HyFrameModel.class.php 第 241 行.
SQL: SHOW COLUMNS FROM `edu_student` [ RunTime:0.0020s ]
SQL: SELECT 1 FROM `edu_student` `hy` RIGHT JOIN `edu_user` AS `user` ON hy.user_id = user.id LEFT JOIN `edu_class` AS `class` ON hy.class_id = class.id  WHERE hy.status < 9  [ RunTime:0.0030s ]
INFO: [ hy_log ] --START--
NOTIC: [8] Undefined index: style F:\PHP\wamp64\www\SIS.JXNU-B\Application\Common\Behavior\HyLogBehavior.class.php 第 23 行.
NOTIC: [8] Undefined index: sql F:\PHP\wamp64\www\SIS.JXNU-B\Application\Common\Behavior\HyLogBehavior.class.php 第 25 行.
INFO: Run Common\Behavior\HyLogBehavior [ RunTime:0.000000s ]
INFO: [ hy_log ] --END-- [ RunTime:-0.012000s ]
NOTIC: [8] Undefined index: hy F:\PHP\wamp64\www\SIS.JXNU-B\Application\Common\Model\HyFrameModel.class.php 第 140 行.
NOTIC: [8] Undefined index: associate F:\PHP\wamp64\www\SIS.JXNU-B\Application\Common\Model\HyFrameModel.class.php 第 141 行.
SQL: SHOW COLUMNS FROM `edu_student` [ RunTime:0.0010s ]
SQL: SELECT hy.user_id,hy.class_id,hy.status,user.user_no,user.roles,user.email,user.name,user.english_name,user.admission_time,user.birth,user.sex,user.phone,user.login_last_time,user.status AS `user_status`,user.country,class.name AS `class_id_text` FROM `edu_student` `hy` RIGHT JOIN `edu_user` AS `user` ON hy.user_id = user.id LEFT JOIN `edu_class` AS `class` ON hy.class_id = class.id  WHERE hy.status < 9 ORDER BY user.id desc LIMIT 10   [ RunTime:0.0020s ]
NOTIC: [8] Undefined index: hidden F:\PHP\wamp64\www\SIS.JXNU-B\Application\Common\Model\HyAllModel.class.php 第 595 行.
NOTIC: [8] Undefined index: hidden F:\PHP\wamp64\www\SIS.JXNU-B\Application\Common\Model\HyAllModel.class.php 第 595 行.
NOTIC: [8] Undefined index: title F:\PHP\wamp64\www\SIS.JXNU-B\Application\Common\Model\HyAllModel.class.php 第 595 行.
NOTIC: [8] Undefined index: hidden F:\PHP\wamp64\www\SIS.JXNU-B\Application\Common\Model\HyAllModel.class.php 第 595 行.
NOTIC: [8] Undefined index: hidden F:\PHP\wamp64\www\SIS.JXNU-B\Application\Common\Model\HyAllModel.class.php 第 595 行.
NOTIC: [8] Undefined index: hidden F:\PHP\wamp64\www\SIS.JXNU-B\Application\Common\Model\HyAllModel.class.php 第 595 行.
NOTIC: [8] Undefined index: title F:\PHP\wamp64\www\SIS.JXNU-B\Application\Common\Model\HyAllModel.class.php 第 595 行.
NOTIC: [8] Undefined index: hidden F:\PHP\wamp64\www\SIS.JXNU-B\Application\Common\Model\HyAllModel.class.php 第 595 行.
NOTIC: [8] Undefined index: title F:\PHP\wamp64\www\SIS.JXNU-B\Application\Common\Model\HyAllModel.class.php 第 595 行.
NOTIC: [8] Undefined index: title F:\PHP\wamp64\www\SIS.JXNU-B\Application\Common\Model\HyAllModel.class.php 第 595 行.
NOTIC: [8] Undefined index: hidden F:\PHP\wamp64\www\SIS.JXNU-B\Application\Common\Model\HyAllModel.class.php 第 595 行.
NOTIC: [8] Undefined index: title F:\PHP\wamp64\www\SIS.JXNU-B\Application\Common\Model\HyAllModel.class.php 第 595 行.
NOTIC: [8] Undefined index: hidden F:\PHP\wamp64\www\SIS.JXNU-B\Application\Common\Model\HyAllModel.class.php 第 595 行.
NOTIC: [8] Undefined index: title F:\PHP\wamp64\www\SIS.JXNU-B\Application\Common\Model\HyAllModel.class.php 第 595 行.
NOTIC: [8] Undefined index: {callback} F:\PHP\wamp64\www\SIS.JXNU-B\Application\Common\Model\HyAllModel.class.php 第 806 行.
NOTIC: [8] Undefined index: callback F:\PHP\wamp64\www\SIS.JXNU-B\Application\Common\Model\HyAllModel.class.php 第 605 行.
NOTIC: [8] Undefined index: list F:\PHP\wamp64\www\SIS.JXNU-B\Application\Common\Model\HyAllModel.class.php 第 605 行.
NOTIC: [8] Undefined index: callback F:\PHP\wamp64\www\SIS.JXNU-B\Application\Common\Model\HyAllModel.class.php 第 605 行.
NOTIC: [8] Undefined index: callback F:\PHP\wamp64\www\SIS.JXNU-B\Application\Common\Model\HyAllModel.class.php 第 605 行.
NOTIC: [8] Undefined index: {callback} F:\PHP\wamp64\www\SIS.JXNU-B\Application\Common\Model\HyAllModel.class.php 第 806 行.
NOTIC: [8] Undefined index: callback F:\PHP\wamp64\www\SIS.JXNU-B\Application\Common\Model\HyAllModel.class.php 第 605 行.
NOTIC: [8] Undefined index: list F:\PHP\wamp64\www\SIS.JXNU-B\Application\Common\Model\HyAllModel.class.php 第 605 行.
NOTIC: [8] Undefined index: {callback} F:\PHP\wamp64\www\SIS.JXNU-B\Application\Common\Model\HyAllModel.class.php 第 806 行.
NOTIC: [8] Undefined index: list F:\PHP\wamp64\www\SIS.JXNU-B\Application\Common\Model\HyAllModel.class.php 第 605 行.
NOTIC: [8] Undefined index: list F:\PHP\wamp64\www\SIS.JXNU-B\Application\Common\Model\HyAllModel.class.php 第 605 行.
NOTIC: [8] Undefined index: callback F:\PHP\wamp64\www\SIS.JXNU-B\Application\Common\Model\HyAllModel.class.php 第 605 行.
NOTIC: [8] Undefined index: {callback} F:\PHP\wamp64\www\SIS.JXNU-B\Application\Common\Model\HyAllModel.class.php 第 806 行.
NOTIC: [8] Undefined index: list F:\PHP\wamp64\www\SIS.JXNU-B\Application\Common\Model\HyAllModel.class.php 第 605 行.
NOTIC: [8] Undefined index: password F:\PHP\wamp64\www\SIS.JXNU-B\Application\Common\Model\HyAllModel.class.php 第 606 行.
NOTIC: [8] Undefined index: {callback} F:\PHP\wamp64\www\SIS.JXNU-B\Application\Common\Model\HyAllModel.class.php 第 806 行.
NOTIC: [8] Undefined index: list F:\PHP\wamp64\www\SIS.JXNU-B\Application\Common\Model\HyAllModel.class.php 第 605 行.
NOTIC: [8] Undefined index: info F:\PHP\wamp64\www\SIS.JXNU-B\Application\Common\Model\HyAllModel.class.php 第 470 行.
INFO: [ hy_log ] --START--
INFO: Run Common\Behavior\HyLogBehavior [ RunTime:0.000000s ]
INFO: [ hy_log ] --END-- [ RunTime:-0.033002s ]

[ 2016-09-03T20:02:11+08:00 ] ::1 /SIS.JXNU-B/index.php/BasisInfo/Student/favicon.ico
INFO: [ app_init ] --START--
INFO: Run Behavior\BuildLiteBehavior [ RunTime:0.000000s ]
INFO: [ app_init ] --END-- [ RunTime:0.002000s ]

[ 2016-09-03T20:03:18+08:00 ] ::1 /SIS.JXNU-B/index.php/BasisInfo/Student/ajax?q=list
INFO: [ app_init ] --START--
INFO: Run Behavior\BuildLiteBehavior [ RunTime:0.000000s ]
INFO: [ app_init ] --END-- [ RunTime:0.004000s ]
INFO: [ app_begin ] --START--
INFO: Run Behavior\ReadHtmlCacheBehavior [ RunTime:0.002000s ]
INFO: [ app_begin ] --END-- [ RunTime:0.003000s ]
NOTIC: [8192] mysql_connect(): The mysql extension is deprecated and will be removed in the future: use mysqli or PDO instead F:\PHP\wamp64\www\SIS.JXNU-B\HomyitCore\Library\Think\Session\Driver\Db.class.php 第 95 行.
INFO: [ action_begin ] --START--
INFO: Run Common\Behavior\HyLogBehavior [ RunTime:0.003000s ]
INFO: [ action_begin ] --END-- [ RunTime:0.004000s ]
NOTIC: [2048] Declaration of Common\Model\HyFrameModel::find() should be compatible with Think\Model::find($options = Array) F:\PHP\wamp64\www\SIS.JXNU-B\Application\Common\Model\HyFrameModel.class.php 第 13 行.
SQL: SHOW COLUMNS FROM `edu_student` [ RunTime:0.0040s ]
INFO: [ hy_log ] --START--
NOTIC: [8] Undefined variable: sql F:\PHP\wamp64\www\SIS.JXNU-B\Application\Common\Behavior\HyLogBehavior.class.php 第 31 行.
INFO: Run Common\Behavior\HyLogBehavior [ RunTime:0.000000s ]
INFO: [ hy_log ] --END-- [ RunTime:0.001000s ]
INFO: [ hy_log ] --START--
NOTIC: [8] Undefined index: style F:\PHP\wamp64\www\SIS.JXNU-B\Application\Common\Behavior\HyLogBehavior.class.php 第 23 行.
NOTIC: [8] Undefined index: sql F:\PHP\wamp64\www\SIS.JXNU-B\Application\Common\Behavior\HyLogBehavior.class.php 第 25 行.
INFO: Run Common\Behavior\HyLogBehavior [ RunTime:0.001001s ]
INFO: [ hy_log ] --END-- [ RunTime:0.000000s ]
NOTIC: [8] Undefined index: limit F:\PHP\wamp64\www\SIS.JXNU-B\Application\Common\Model\HyFrameModel.class.php 第 160 行.
NOTIC: [8] Undefined index: order F:\PHP\wamp64\www\SIS.JXNU-B\Application\Common\Model\HyFrameModel.class.php 第 162 行.
NOTIC: [8] Undefined index: field F:\PHP\wamp64\www\SIS.JXNU-B\Application\Common\Model\HyFrameModel.class.php 第 170 行.
NOTIC: [8] Undefined index: where F:\PHP\wamp64\www\SIS.JXNU-B\Application\Common\Model\HyFrameModel.class.php 第 189 行.
NOTIC: [8] Undefined index: decrypt F:\PHP\wamp64\www\SIS.JXNU-B\Application\Common\Model\HyFrameModel.class.php 第 241 行.
SQL: SHOW COLUMNS FROM `edu_student` [ RunTime:0.0010s ]
SQL: SELECT 1 FROM `edu_student` `hy` RIGHT JOIN `edu_user` AS `user` ON hy.user_id = user.id LEFT JOIN `edu_class` AS `class` ON hy.class_id = class.id  WHERE hy.status < 9  [ RunTime:0.0020s ]
INFO: [ hy_log ] --START--
NOTIC: [8] Undefined index: style F:\PHP\wamp64\www\SIS.JXNU-B\Application\Common\Behavior\HyLogBehavior.class.php 第 23 行.
NOTIC: [8] Undefined index: sql F:\PHP\wamp64\www\SIS.JXNU-B\Application\Common\Behavior\HyLogBehavior.class.php 第 25 行.
INFO: Run Common\Behavior\HyLogBehavior [ RunTime:0.001000s ]
INFO: [ hy_log ] --END-- [ RunTime:-0.011001s ]
NOTIC: [8] Undefined index: hy F:\PHP\wamp64\www\SIS.JXNU-B\Application\Common\Model\HyFrameModel.class.php 第 140 行.
NOTIC: [8] Undefined index: associate F:\PHP\wamp64\www\SIS.JXNU-B\Application\Common\Model\HyFrameModel.class.php 第 141 行.
SQL: SHOW COLUMNS FROM `edu_student` [ RunTime:0.0020s ]
SQL: SELECT hy.user_id,hy.class_id,hy.status,user.user_no,user.roles,user.email,user.name,user.english_name,user.admission_time,user.birth,user.sex,user.phone,user.login_last_time,user.status AS `user_status`,user.country,class.name AS `class_id_text` FROM `edu_student` `hy` RIGHT JOIN `edu_user` AS `user` ON hy.user_id = user.id LEFT JOIN `edu_class` AS `class` ON hy.class_id = class.id  WHERE hy.status < 9 ORDER BY user.id desc LIMIT 10   [ RunTime:0.0030s ]
NOTIC: [8] Undefined index: hidden F:\PHP\wamp64\www\SIS.JXNU-B\Application\Common\Model\HyAllModel.class.php 第 595 行.
NOTIC: [8] Undefined index: hidden F:\PHP\wamp64\www\SIS.JXNU-B\Application\Common\Model\HyAllModel.class.php 第 595 行.
NOTIC: [8] Undefined index: title F:\PHP\wamp64\www\SIS.JXNU-B\Application\Common\Model\HyAllModel.class.php 第 595 行.
NOTIC: [8] Undefined index: hidden F:\PHP\wamp64\www\SIS.JXNU-B\Application\Common\Model\HyAllModel.class.php 第 595 行.
NOTIC: [8] Undefined index: hidden F:\PHP\wamp64\www\SIS.JXNU-B\Application\Common\Model\HyAllModel.class.php 第 595 行.
NOTIC: [8] Undefined index: hidden F:\PHP\wamp64\www\SIS.JXNU-B\Application\Common\Model\HyAllModel.class.php 第 595 行.
NOTIC: [8] Undefined index: title F:\PHP\wamp64\www\SIS.JXNU-B\Application\Common\Model\HyAllModel.class.php 第 595 行.
NOTIC: [8] Undefined index: hidden F:\PHP\wamp64\www\SIS.JXNU-B\Application\Common\Model\HyAllModel.class.php 第 595 行.
NOTIC: [8] Undefined index: title F:\PHP\wamp64\www\SIS.JXNU-B\Application\Common\Model\HyAllModel.class.php 第 595 行.
NOTIC: [8] Undefined index: title F:\PHP\wamp64\www\SIS.JXNU-B\Application\Common\Model\HyAllModel.class.php 第 595 行.
NOTIC: [8] Undefined index: hidden F:\PHP\wamp64\www\SIS.JXNU-B\Application\Common\Model\HyAllModel.class.php 第 595 行.
NOTIC: [8] Undefined index: title F:\PHP\wamp64\www\SIS.JXNU-B\Application\Common\Model\HyAllModel.class.php 第 595 行.
NOTIC: [8] Undefined index: hidden F:\PHP\wamp64\www\SIS.JXNU-B\Application\Common\Model\HyAllModel.class.php 第 595 行.
NOTIC: [8] Undefined index: title F:\PHP\wamp64\www\SIS.JXNU-B\Application\Common\Model\HyAllModel.class.php 第 595 行.
NOTIC: [8] Undefined index: {callback} F:\PHP\wamp64\www\SIS.JXNU-B\Application\Common\Model\HyAllModel.class.php 第 806 行.
NOTIC: [8] Undefined index: callback F:\PHP\wamp64\www\SIS.JXNU-B\Application\Common\Model\HyAllModel.class.php 第 605 行.
NOTIC: [8] Undefined index: list F:\PHP\wamp64\www\SIS.JXNU-B\Application\Common\Model\HyAllModel.class.php 第 605 行.
NOTIC: [8] Undefined index: callback F:\PHP\wamp64\www\SIS.JXNU-B\Application\Common\Model\HyAllModel.class.php 第 605 行.
NOTIC: [8] Undefined index: callback F:\PHP\wamp64\www\SIS.JXNU-B\Application\Common\Model\HyAllModel.class.php 第 605 行.
NOTIC: [8] Undefined index: {callback} F:\PHP\wamp64\www\SIS.JXNU-B\Application\Common\Model\HyAllModel.class.php 第 806 行.
NOTIC: [8] Undefined index: callback F:\PHP\wamp64\www\SIS.JXNU-B\Application\Common\Model\HyAllModel.class.php 第 605 行.
NOTIC: [8] Undefined index: list F:\PHP\wamp64\www\SIS.JXNU-B\Application\Common\Model\HyAllModel.class.php 第 605 行.
NOTIC: [8] Undefined index: {callback} F:\PHP\wamp64\www\SIS.JXNU-B\Application\Common\Model\HyAllModel.class.php 第 806 行.
NOTIC: [8] Undefined index: list F:\PHP\wamp64\www\SIS.JXNU-B\Application\Common\Model\HyAllModel.class.php 第 605 行.
NOTIC: [8] Undefined index: list F:\PHP\wamp64\www\SIS.JXNU-B\Application\Common\Model\HyAllModel.class.php 第 605 行.
NOTIC: [8] Undefined index: callback F:\PHP\wamp64\www\SIS.JXNU-B\Application\Common\Model\HyAllModel.class.php 第 605 行.
NOTIC: [8] Undefined index: {callback} F:\PHP\wamp64\www\SIS.JXNU-B\Application\Common\Model\HyAllModel.class.php 第 806 行.
NOTIC: [8] Undefined index: list F:\PHP\wamp64\www\SIS.JXNU-B\Application\Common\Model\HyAllModel.class.php 第 605 行.
NOTIC: [8] Undefined index: password F:\PHP\wamp64\www\SIS.JXNU-B\Application\Common\Model\HyAllModel.class.php 第 606 行.
NOTIC: [8] Undefined index: {callback} F:\PHP\wamp64\www\SIS.JXNU-B\Application\Common\Model\HyAllModel.class.php 第 806 行.
NOTIC: [8] Undefined index: list F:\PHP\wamp64\www\SIS.JXNU-B\Application\Common\Model\HyAllModel.class.php 第 605 行.
NOTIC: [8] Undefined index: info F:\PHP\wamp64\www\SIS.JXNU-B\Application\Common\Model\HyAllModel.class.php 第 470 行.
INFO: [ hy_log ] --START--
INFO: Run Common\Behavior\HyLogBehavior [ RunTime:0.001000s ]
INFO: [ hy_log ] --END-- [ RunTime:-0.033002s ]

[ 2016-09-03T20:13:19+08:00 ] ::1 /SIS.JXNU-B/index.php/BasisInfo/Student/all.html
INFO: [ app_init ] --START--
INFO: Run Behavior\BuildLiteBehavior [ RunTime:0.001000s ]
INFO: [ app_init ] --END-- [ RunTime:0.002001s ]
INFO: [ app_begin ] --START--
INFO: Run Behavior\ReadHtmlCacheBehavior [ RunTime:0.004000s ]
INFO: [ app_begin ] --END-- [ RunTime:0.004000s ]
NOTIC: [8192] mysql_connect(): The mysql extension is deprecated and will be removed in the future: use mysqli or PDO instead F:\PHP\wamp64\www\SIS.JXNU-B\HomyitCore\Library\Think\Session\Driver\Db.class.php 第 95 行.
INFO: [ action_begin ] --START--
INFO: Run Common\Behavior\HyLogBehavior [ RunTime:0.004001s ]
INFO: [ action_begin ] --END-- [ RunTime:0.004001s ]
NOTIC: [2048] Declaration of Common\Model\HyFrameModel::find() should be compatible with Think\Model::find($options = Array) F:\PHP\wamp64\www\SIS.JXNU-B\Application\Common\Model\HyFrameModel.class.php 第 13 行.
SQL: SHOW COLUMNS FROM `edu_student` [ RunTime:0.0030s ]
INFO: [ hy_log ] --START--
NOTIC: [8] Undefined variable: sql F:\PHP\wamp64\www\SIS.JXNU-B\Application\Common\Behavior\HyLogBehavior.class.php 第 31 行.
INFO: Run Common\Behavior\HyLogBehavior [ RunTime:0.000000s ]
INFO: [ hy_log ] --END-- [ RunTime:0.002000s ]
INFO: [ hy_log ] --START--
NOTIC: [8] Undefined index: style F:\PHP\wamp64\www\SIS.JXNU-B\Application\Common\Behavior\HyLogBehavior.class.php 第 23 行.
NOTIC: [8] Undefined index: sql F:\PHP\wamp64\www\SIS.JXNU-B\Application\Common\Behavior\HyLogBehavior.class.php 第 25 行.
INFO: Run Common\Behavior\HyLogBehavior [ RunTime:0.000000s ]
INFO: [ hy_log ] --END-- [ RunTime:0.000000s ]
NOTIC: [8] Undefined index: all F:\PHP\wamp64\www\SIS.JXNU-B\Application\Common\Model\HyAllModel.class.php 第 922 行.
NOTIC: [8] Undefined index: tips F:\PHP\wamp64\www\SIS.JXNU-B\Application\Common\Model\HyAllModel.class.php 第 452 行.
NOTIC: [8] Undefined index: type F:\PHP\wamp64\www\SIS.JXNU-B\Application\Common\Model\HyAllModel.class.php 第 432 行.
NOTIC: [8] Undefined index: search F:\PHP\wamp64\www\SIS.JXNU-B\Application\Common\Model\HyAllModel.class.php 第 428 行.
NOTIC: [8] Undefined index: type F:\PHP\wamp64\www\SIS.JXNU-B\Application\Common\Model\HyAllModel.class.php 第 432 行.
NOTIC: [8] Undefined index: title F:\PHP\wamp64\www\SIS.JXNU-B\Application\Common\Model\HyAllModel.class.php 第 425 行.
NOTIC: [8] Undefined index: list F:\PHP\wamp64\www\SIS.JXNU-B\Application\Common\Model\HyAllModel.class.php 第 425 行.
NOTIC: [8] Undefined index: title F:\PHP\wamp64\www\SIS.JXNU-B\Application\Common\Model\HyAllModel.class.php 第 426 行.
NOTIC: [8] Undefined index: search F:\PHP\wamp64\www\SIS.JXNU-B\Application\Common\Model\HyAllModel.class.php 第 428 行.
NOTIC: [2] Missing argument 1 for System\Model\HomkaiServiceModel::getClassOptg(), called in F:\PHP\wamp64\www\SIS.JXNU-B\Application\BasisInfo\Model\StudentModel.class.php on line 285 and defined F:\PHP\wamp64\www\SIS.JXNU-B\Application\System\Model\HomkaiServiceModel.class.php 第 15 行.
SQL: SHOW COLUMNS FROM `edu_class` [ RunTime:0.0030s ]
SQL: SELECT `id`,`name`,`grade` FROM `edu_class` WHERE `status` = 1 ORDER BY grade asc  [ RunTime:0.0010s ]
NOTIC: [2] Missing argument 1 for System\Model\HomkaiServiceModel::getClassOptg(), called in F:\PHP\wamp64\www\SIS.JXNU-B\Application\BasisInfo\Model\StudentModel.class.php on line 285 and defined F:\PHP\wamp64\www\SIS.JXNU-B\Application\System\Model\HomkaiServiceModel.class.php 第 15 行.
SQL: SELECT `id`,`name`,`grade` FROM `edu_class` WHERE `status` = 1 ORDER BY grade asc  [ RunTime:0.0010s ]
NOTIC: [8] Undefined index: form F:\PHP\wamp64\www\SIS.JXNU-B\Application\Common\Model\HyAllModel.class.php 第 432 行.
NOTIC: [8] Undefined index: type F:\PHP\wamp64\www\SIS.JXNU-B\Application\Common\Model\HyAllModel.class.php 第 432 行.
NOTIC: [8] Undefined index: search F:\PHP\wamp64\www\SIS.JXNU-B\Application\Common\Model\HyAllModel.class.php 第 428 行.
NOTIC: [8] Undefined index: search F:\PHP\wamp64\www\SIS.JXNU-B\Application\Common\Model\HyAllModel.class.php 第 428 行.
NOTIC: [8] Undefined index: title F:\PHP\wamp64\www\SIS.JXNU-B\Application\Common\Model\HyAllModel.class.php 第 425 行.
NOTIC: [8] Undefined index: list F:\PHP\wamp64\www\SIS.JXNU-B\Application\Common\Model\HyAllModel.class.php 第 425 行.
NOTIC: [8] Undefined index: title F:\PHP\wamp64\www\SIS.JXNU-B\Application\Common\Model\HyAllModel.class.php 第 426 行.
NOTIC: [8] Undefined index: title F:\PHP\wamp64\www\SIS.JXNU-B\Application\Common\Model\HyAllModel.class.php 第 426 行.
NOTIC: [8] Undefined index: search F:\PHP\wamp64\www\SIS.JXNU-B\Application\Common\Model\HyAllModel.class.php 第 428 行.
NOTIC: [8] Undefined index: form F:\PHP\wamp64\www\SIS.JXNU-B\Application\Common\Model\HyAllModel.class.php 第 432 行.
NOTIC: [8] Undefined index: search F:\PHP\wamp64\www\SIS.JXNU-B\Application\Common\Model\HyAllModel.class.php 第 428 行.
NOTIC: [8] Undefined index: title F:\PHP\wamp64\www\SIS.JXNU-B\Application\Common\Model\HyAllModel.class.php 第 425 行.
NOTIC: [8] Undefined index: list F:\PHP\wamp64\www\SIS.JXNU-B\Application\Common\Model\HyAllModel.class.php 第 425 行.
NOTIC: [8] Undefined index: title F:\PHP\wamp64\www\SIS.JXNU-B\Application\Common\Model\HyAllModel.class.php 第 426 行.
NOTIC: [8] Undefined index: search F:\PHP\wamp64\www\SIS.JXNU-B\Application\Common\Model\HyAllModel.class.php 第 428 行.
NOTIC: [8] Undefined index: title F:\PHP\wamp64\www\SIS.JXNU-B\Application\Common\Model\HyAllModel.class.php 第 425 行.
NOTIC: [8] Undefined index: list F:\PHP\wamp64\www\SIS.JXNU-B\Application\Common\Model\HyAllModel.class.php 第 425 行.
NOTIC: [8] Undefined index: title F:\PHP\wamp64\www\SIS.JXNU-B\Application\Common\Model\HyAllModel.class.php 第 426 行.
NOTIC: [8] Undefined index: search F:\PHP\wamp64\www\SIS.JXNU-B\Application\Common\Model\HyAllModel.class.php 第 428 行.
NOTIC: [8] Undefined index: type F:\PHP\wamp64\www\SIS.JXNU-B\Application\Common\Model\HyAllModel.class.php 第 432 行.
NOTIC: [8] Undefined index: search F:\PHP\wamp64\www\SIS.JXNU-B\Application\Common\Model\HyAllModel.class.php 第 428 行.
NOTIC: [8] Undefined index: search F:\PHP\wamp64\www\SIS.JXNU-B\Application\Common\Model\HyAllModel.class.php 第 428 行.
NOTIC: [8] Undefined index: form F:\PHP\wamp64\www\SIS.JXNU-B\Application\Common\Model\HyAllModel.class.php 第 432 行.
NOTIC: [8] Undefined index: title F:\PHP\wamp64\www\SIS.JXNU-B\Application\Common\Model\HyAllModel.class.php 第 425 行.
NOTIC: [8] Undefined index: list F:\PHP\wamp64\www\SIS.JXNU-B\Application\Common\Model\HyAllModel.class.php 第 425 行.
NOTIC: [8] Undefined index: title F:\PHP\wamp64\www\SIS.JXNU-B\Application\Common\Model\HyAllModel.class.php 第 426 行.
NOTIC: [8] Undefined index: search F:\PHP\wamp64\www\SIS.JXNU-B\Application\Common\Model\HyAllModel.class.php 第 428 行.
NOTIC: [8] Undefined index: type F:\PHP\wamp64\www\SIS.JXNU-B\Application\Common\Model\HyAllModel.class.php 第 432 行.
NOTIC: [8] Undefined index: search F:\PHP\wamp64\www\SIS.JXNU-B\Application\Common\Model\HyAllModel.class.php 第 428 行.
NOTIC: [8] Undefined index: form F:\PHP\wamp64\www\SIS.JXNU-B\Application\Common\Model\HyAllModel.class.php 第 432 行.
NOTIC: [8] Undefined index: title F:\PHP\wamp64\www\SIS.JXNU-B\Application\Common\Model\HyAllModel.class.php 第 425 行.
NOTIC: [8] Undefined index: list F:\PHP\wamp64\www\SIS.JXNU-B\Application\Common\Model\HyAllModel.class.php 第 425 行.
NOTIC: [8] Undefined index: title F:\PHP\wamp64\www\SIS.JXNU-B\Application\Common\Model\HyAllModel.class.php 第 426 行.
NOTIC: [8] Undefined index: search F:\PHP\wamp64\www\SIS.JXNU-B\Application\Common\Model\HyAllModel.class.php 第 428 行.
NOTIC: [8] Undefined index: initJS F:\PHP\wamp64\www\SIS.JXNU-B\Application\Common\Model\HyAllModel.class.php 第 356 行.
INFO: [ before_view ] --START--
SQL: SHOW COLUMNS FROM `edu_frame_alert` [ RunTime:0.0020s ]
SQL: SELECT `id`,`category`,`icon`,`message`,`url`,`type`,`create_time` FROM `edu_frame_alert` where `to_users` LIKE '%,18,%' AND ( IFNULL(`read_users`,'')='' OR `read_users` NOT LIKE '%,18,%') AND `status`=1 ORDER BY `id` DESC [ RunTime:0.0010s ]
INFO: Run Common\Behavior\HyBeforeViewBehavior [ RunTime:0.013000s ]
INFO: [ before_view ] --END-- [ RunTime:0.014000s ]
INFO: [ view_parse ] --START--
INFO: [ template_filter ] --START--
INFO: Run Behavior\ContentReplaceBehavior [ RunTime:0.001000s ]
INFO: [ template_filter ] --END-- [ RunTime:0.001000s ]
NOTIC: [8] Undefined index: GLOBAL F:\PHP\wamp64\www\SIS.JXNU-B\Runtime\Cache\BasisInfo\9c07dc003a2105c82c74ba68c02f614c.php 第 32 行.
NOTIC: [8] Undefined index: PLUGINS F:\PHP\wamp64\www\SIS.JXNU-B\Runtime\Cache\BasisInfo\9c07dc003a2105c82c74ba68c02f614c.php 第 33 行.
NOTIC: [8] Undefined variable: _middle F:\PHP\wamp64\www\SIS.JXNU-B\Runtime\Cache\BasisInfo\9c07dc003a2105c82c74ba68c02f614c.php 第 194 行.
NOTIC: [8] Undefined variable: _bottom F:\PHP\wamp64\www\SIS.JXNU-B\Runtime\Cache\BasisInfo\9c07dc003a2105c82c74ba68c02f614c.php 第 213 行.
NOTIC: [8] Undefined variable: _script F:\PHP\wamp64\www\SIS.JXNU-B\Runtime\Cache\BasisInfo\9c07dc003a2105c82c74ba68c02f614c.php 第 272 行.
NOTIC: [8] Undefined index: PLUGINS F:\PHP\wamp64\www\SIS.JXNU-B\Runtime\Cache\BasisInfo\9c07dc003a2105c82c74ba68c02f614c.php 第 274 行.
NOTIC: [8] Undefined index: GLOBAL F:\PHP\wamp64\www\SIS.JXNU-B\Runtime\Cache\BasisInfo\9c07dc003a2105c82c74ba68c02f614c.php 第 280 行.
NOTIC: [8] Undefined variable: hyMenu F:\PHP\wamp64\www\SIS.JXNU-B\Runtime\Cache\BasisInfo\9c07dc003a2105c82c74ba68c02f614c.php 第 285 行.
INFO: Run Behavior\ParseTemplateBehavior [ RunTime:0.111006s ]
INFO: [ view_parse ] --END-- [ RunTime:0.111006s ]
INFO: [ view_filter ] --START--
INFO: Run Behavior\WriteHtmlCacheBehavior [ RunTime:0.002000s ]
INFO: [ view_filter ] --END-- [ RunTime:0.002000s ]
INFO: [ app_end ] --START--
INFO: Run Behavior\ShowPageTraceBehavior [ RunTime:0.003000s ]
INFO: [ app_end ] --END-- [ RunTime:0.003000s ]

[ 2016-09-03T20:13:21+08:00 ] ::1 /SIS.JXNU-B/index.php/BasisInfo/Student/ajax?q=list
INFO: [ app_init ] --START--
INFO: Run Behavior\BuildLiteBehavior [ RunTime:0.000000s ]
INFO: [ app_init ] --END-- [ RunTime:0.002000s ]
INFO: [ app_begin ] --START--
INFO: Run Behavior\ReadHtmlCacheBehavior [ RunTime:0.003001s ]
INFO: [ app_begin ] --END-- [ RunTime:0.003001s ]
NOTIC: [8192] mysql_connect(): The mysql extension is deprecated and will be removed in the future: use mysqli or PDO instead F:\PHP\wamp64\www\SIS.JXNU-B\HomyitCore\Library\Think\Session\Driver\Db.class.php 第 95 行.
INFO: [ action_begin ] --START--
INFO: Run Common\Behavior\HyLogBehavior [ RunTime:0.003000s ]
INFO: [ action_begin ] --END-- [ RunTime:0.003000s ]
NOTIC: [2048] Declaration of Common\Model\HyFrameModel::find() should be compatible with Think\Model::find($options = Array) F:\PHP\wamp64\www\SIS.JXNU-B\Application\Common\Model\HyFrameModel.class.php 第 13 行.
SQL: SHOW COLUMNS FROM `edu_student` [ RunTime:0.0270s ]
INFO: [ hy_log ] --START--
NOTIC: [8] Undefined variable: sql F:\PHP\wamp64\www\SIS.JXNU-B\Application\Common\Behavior\HyLogBehavior.class.php 第 31 行.
INFO: Run Common\Behavior\HyLogBehavior [ RunTime:0.000000s ]
INFO: [ hy_log ] --END-- [ RunTime:0.000000s ]
INFO: [ hy_log ] --START--
NOTIC: [8] Undefined index: style F:\PHP\wamp64\www\SIS.JXNU-B\Application\Common\Behavior\HyLogBehavior.class.php 第 23 行.
NOTIC: [8] Undefined index: sql F:\PHP\wamp64\www\SIS.JXNU-B\Application\Common\Behavior\HyLogBehavior.class.php 第 25 行.
INFO: Run Common\Behavior\HyLogBehavior [ RunTime:0.001000s ]
INFO: [ hy_log ] --END-- [ RunTime:-0.001000s ]
NOTIC: [8] Undefined index: limit F:\PHP\wamp64\www\SIS.JXNU-B\Application\Common\Model\HyFrameModel.class.php 第 160 行.
NOTIC: [8] Undefined index: order F:\PHP\wamp64\www\SIS.JXNU-B\Application\Common\Model\HyFrameModel.class.php 第 162 行.
NOTIC: [8] Undefined index: field F:\PHP\wamp64\www\SIS.JXNU-B\Application\Common\Model\HyFrameModel.class.php 第 170 行.
NOTIC: [8] Undefined index: where F:\PHP\wamp64\www\SIS.JXNU-B\Application\Common\Model\HyFrameModel.class.php 第 189 行.
NOTIC: [8] Undefined index: decrypt F:\PHP\wamp64\www\SIS.JXNU-B\Application\Common\Model\HyFrameModel.class.php 第 241 行.
SQL: SHOW COLUMNS FROM `edu_student` [ RunTime:0.0020s ]
SQL: SELECT 1 FROM `edu_student` `hy` RIGHT JOIN `edu_user` AS `user` ON hy.user_id = user.id LEFT JOIN `edu_class` AS `class` ON hy.class_id = class.id  WHERE hy.status < 9  [ RunTime:0.0010s ]
INFO: [ hy_log ] --START--
NOTIC: [8] Undefined index: style F:\PHP\wamp64\www\SIS.JXNU-B\Application\Common\Behavior\HyLogBehavior.class.php 第 23 行.
NOTIC: [8] Undefined index: sql F:\PHP\wamp64\www\SIS.JXNU-B\Application\Common\Behavior\HyLogBehavior.class.php 第 25 行.
INFO: Run Common\Behavior\HyLogBehavior [ RunTime:0.000000s ]
INFO: [ hy_log ] --END-- [ RunTime:-0.011001s ]
NOTIC: [8] Undefined index: hy F:\PHP\wamp64\www\SIS.JXNU-B\Application\Common\Model\HyFrameModel.class.php 第 140 行.
NOTIC: [8] Undefined index: associate F:\PHP\wamp64\www\SIS.JXNU-B\Application\Common\Model\HyFrameModel.class.php 第 141 行.
SQL: SHOW COLUMNS FROM `edu_student` [ RunTime:0.0010s ]
SQL: SELECT hy.user_id,hy.class_id,hy.status,user.user_no,user.roles,user.email,user.name,user.english_name,user.admission_time,user.birth,user.sex,user.phone,user.login_last_time,user.status AS `user_status`,user.country,class.name AS `class_id_text` FROM `edu_student` `hy` RIGHT JOIN `edu_user` AS `user` ON hy.user_id = user.id LEFT JOIN `edu_class` AS `class` ON hy.class_id = class.id  WHERE hy.status < 9 ORDER BY user.id desc LIMIT 10   [ RunTime:0.0020s ]
NOTIC: [8] Undefined index: hidden F:\PHP\wamp64\www\SIS.JXNU-B\Application\Common\Model\HyAllModel.class.php 第 595 行.
NOTIC: [8] Undefined index: hidden F:\PHP\wamp64\www\SIS.JXNU-B\Application\Common\Model\HyAllModel.class.php 第 595 行.
NOTIC: [8] Undefined index: title F:\PHP\wamp64\www\SIS.JXNU-B\Application\Common\Model\HyAllModel.class.php 第 595 行.
NOTIC: [8] Undefined index: hidden F:\PHP\wamp64\www\SIS.JXNU-B\Application\Common\Model\HyAllModel.class.php 第 595 行.
NOTIC: [8] Undefined index: hidden F:\PHP\wamp64\www\SIS.JXNU-B\Application\Common\Model\HyAllModel.class.php 第 595 行.
NOTIC: [8] Undefined index: hidden F:\PHP\wamp64\www\SIS.JXNU-B\Application\Common\Model\HyAllModel.class.php 第 595 行.
NOTIC: [8] Undefined index: title F:\PHP\wamp64\www\SIS.JXNU-B\Application\Common\Model\HyAllModel.class.php 第 595 行.
NOTIC: [8] Undefined index: hidden F:\PHP\wamp64\www\SIS.JXNU-B\Application\Common\Model\HyAllModel.class.php 第 595 行.
NOTIC: [8] Undefined index: title F:\PHP\wamp64\www\SIS.JXNU-B\Application\Common\Model\HyAllModel.class.php 第 595 行.
NOTIC: [8] Undefined index: title F:\PHP\wamp64\www\SIS.JXNU-B\Application\Common\Model\HyAllModel.class.php 第 595 行.
NOTIC: [8] Undefined index: hidden F:\PHP\wamp64\www\SIS.JXNU-B\Application\Common\Model\HyAllModel.class.php 第 595 行.
NOTIC: [8] Undefined index: title F:\PHP\wamp64\www\SIS.JXNU-B\Application\Common\Model\HyAllModel.class.php 第 595 行.
NOTIC: [8] Undefined index: hidden F:\PHP\wamp64\www\SIS.JXNU-B\Application\Common\Model\HyAllModel.class.php 第 595 行.
NOTIC: [8] Undefined index: title F:\PHP\wamp64\www\SIS.JXNU-B\Application\Common\Model\HyAllModel.class.php 第 595 行.
NOTIC: [8] Undefined index: {callback} F:\PHP\wamp64\www\SIS.JXNU-B\Application\Common\Model\HyAllModel.class.php 第 806 行.
NOTIC: [8] Undefined index: callback F:\PHP\wamp64\www\SIS.JXNU-B\Application\Common\Model\HyAllModel.class.php 第 605 行.
NOTIC: [8] Undefined index: list F:\PHP\wamp64\www\SIS.JXNU-B\Application\Common\Model\HyAllModel.class.php 第 605 行.
NOTIC: [8] Undefined index: callback F:\PHP\wamp64\www\SIS.JXNU-B\Application\Common\Model\HyAllModel.class.php 第 605 行.
NOTIC: [8] Undefined index: callback F:\PHP\wamp64\www\SIS.JXNU-B\Application\Common\Model\HyAllModel.class.php 第 605 行.
NOTIC: [8] Undefined index: {callback} F:\PHP\wamp64\www\SIS.JXNU-B\Application\Common\Model\HyAllModel.class.php 第 806 行.
NOTIC: [8] Undefined index: callback F:\PHP\wamp64\www\SIS.JXNU-B\Application\Common\Model\HyAllModel.class.php 第 605 行.
NOTIC: [8] Undefined index: list F:\PHP\wamp64\www\SIS.JXNU-B\Application\Common\Model\HyAllModel.class.php 第 605 行.
NOTIC: [8] Undefined index: {callback} F:\PHP\wamp64\www\SIS.JXNU-B\Application\Common\Model\HyAllModel.class.php 第 806 行.
NOTIC: [8] Undefined index: list F:\PHP\wamp64\www\SIS.JXNU-B\Application\Common\Model\HyAllModel.class.php 第 605 行.
NOTIC: [8] Undefined index: list F:\PHP\wamp64\www\SIS.JXNU-B\Application\Common\Model\HyAllModel.class.php 第 605 行.
NOTIC: [8] Undefined index: callback F:\PHP\wamp64\www\SIS.JXNU-B\Application\Common\Model\HyAllModel.class.php 第 605 行.
NOTIC: [8] Undefined index: {callback} F:\PHP\wamp64\www\SIS.JXNU-B\Application\Common\Model\HyAllModel.class.php 第 806 行.
NOTIC: [8] Undefined index: list F:\PHP\wamp64\www\SIS.JXNU-B\Application\Common\Model\HyAllModel.class.php 第 605 行.
NOTIC: [8] Undefined index: password F:\PHP\wamp64\www\SIS.JXNU-B\Application\Common\Model\HyAllModel.class.php 第 606 行.
NOTIC: [8] Undefined index: {callback} F:\PHP\wamp64\www\SIS.JXNU-B\Application\Common\Model\HyAllModel.class.php 第 806 行.
NOTIC: [8] Undefined index: list F:\PHP\wamp64\www\SIS.JXNU-B\Application\Common\Model\HyAllModel.class.php 第 605 行.
NOTIC: [8] Undefined index: info F:\PHP\wamp64\www\SIS.JXNU-B\Application\Common\Model\HyAllModel.class.php 第 470 行.
INFO: [ hy_log ] --START--
INFO: Run Common\Behavior\HyLogBehavior [ RunTime:0.000000s ]
INFO: [ hy_log ] --END-- [ RunTime:-0.030002s ]

