[ 2016-09-03T20:01:10+08:00 ] ::1 /SIS.JXNU-B/index.php/Category/Category/all.html
INFO: [ app_init ] --START--
INFO: Run Behavior\BuildLiteBehavior [ RunTime:0.000000s ]
INFO: [ app_init ] --END-- [ RunTime:0.003000s ]
INFO: [ app_begin ] --START--
INFO: Run Behavior\ReadHtmlCacheBehavior [ RunTime:0.003000s ]
INFO: [ app_begin ] --END-- [ RunTime:0.003000s ]
NOTIC: [8192] mysql_connect(): The mysql extension is deprecated and will be removed in the future: use mysqli or PDO instead F:\PHP\wamp64\www\SIS.JXNU-B\HomyitCore\Library\Think\Session\Driver\Db.class.php 第 95 行.
INFO: [ action_begin ] --START--
INFO: Run Common\Behavior\HyLogBehavior [ RunTime:0.004000s ]
INFO: [ action_begin ] --END-- [ RunTime:0.004000s ]
NOTIC: [2048] Declaration of Common\Model\HyFrameModel::find() should be compatible with Think\Model::find($options = Array) F:\PHP\wamp64\www\SIS.JXNU-B\Application\Common\Model\HyFrameModel.class.php 第 13 行.
NOTIC: [8] Undefined index: model F:\PHP\wamp64\www\SIS.JXNU-B\Application\Common\Controller\HyFrameController.class.php 第 42 行.
SQL: SHOW COLUMNS FROM `edu_category` [ RunTime:0.0020s ]
INFO: [ hy_log ] --START--
NOTIC: [8] Undefined variable: sql F:\PHP\wamp64\www\SIS.JXNU-B\Application\Common\Behavior\HyLogBehavior.class.php 第 31 行.
INFO: Run Common\Behavior\HyLogBehavior [ RunTime:0.001000s ]
INFO: [ hy_log ] --END-- [ RunTime:0.001000s ]
INFO: [ hy_log ] --START--
NOTIC: [8] Undefined index: style F:\PHP\wamp64\www\SIS.JXNU-B\Application\Common\Behavior\HyLogBehavior.class.php 第 23 行.
NOTIC: [8] Undefined index: sql F:\PHP\wamp64\www\SIS.JXNU-B\Application\Common\Behavior\HyLogBehavior.class.php 第 25 行.
INFO: Run Common\Behavior\HyLogBehavior [ RunTime:0.001000s ]
INFO: [ hy_log ] --END-- [ RunTime:-0.001000s ]
NOTIC: [8] Undefined index: all F:\PHP\wamp64\www\SIS.JXNU-B\Application\Common\Model\HyAllModel.class.php 第 922 行.
NOTIC: [8] Undefined index: title F:\PHP\wamp64\www\SIS.JXNU-B\Application\Common\Model\HyAllModel.class.php 第 425 行.
NOTIC: [8] Undefined index: list F:\PHP\wamp64\www\SIS.JXNU-B\Application\Common\Model\HyAllModel.class.php 第 425 行.
NOTIC: [8] Undefined index: title F:\PHP\wamp64\www\SIS.JXNU-B\Application\Common\Model\HyAllModel.class.php 第 426 行.
NOTIC: [8] Undefined index: search F:\PHP\wamp64\www\SIS.JXNU-B\Application\Common\Model\HyAllModel.class.php 第 428 行.
SQL: SHOW COLUMNS FROM `edu_language` [ RunTime:0.0020s ]
SQL: SELECT `id`,`language` FROM `edu_language` WHERE `status` = 1  [ RunTime:0.0010s ]
SQL: SELECT `id`,`name` FROM `edu_category` WHERE `status` = 1 AND `pid` = 0  [ RunTime:0.0010s ]
NOTIC: [8] Undefined index: search F:\PHP\wamp64\www\SIS.JXNU-B\Application\Common\Model\HyAllModel.class.php 第 428 行.
NOTIC: [8] Undefined index: title F:\PHP\wamp64\www\SIS.JXNU-B\Application\Common\Model\HyAllModel.class.php 第 425 行.
NOTIC: [8] Undefined index: title F:\PHP\wamp64\www\SIS.JXNU-B\Application\Common\Model\HyAllModel.class.php 第 426 行.
NOTIC: [8] Undefined index: form F:\PHP\wamp64\www\SIS.JXNU-B\Application\Common\Model\HyAllModel.class.php 第 426 行.
SQL: SELECT `id`,`language` FROM `edu_language` WHERE `status` = 1  [ RunTime:0.0010s ]
NOTIC: [8] Undefined index: form F:\PHP\wamp64\www\SIS.JXNU-B\Application\Common\Model\HyAllModel.class.php 第 432 行.
NOTIC: [8] Undefined index: search F:\PHP\wamp64\www\SIS.JXNU-B\Application\Common\Model\HyAllModel.class.php 第 428 行.
NOTIC: [8] Undefined index: search F:\PHP\wamp64\www\SIS.JXNU-B\Application\Common\Model\HyAllModel.class.php 第 428 行.
NOTIC: [8] Undefined index: search F:\PHP\wamp64\www\SIS.JXNU-B\Application\Common\Model\HyAllModel.class.php 第 428 行.
NOTIC: [8] Undefined index: search F:\PHP\wamp64\www\SIS.JXNU-B\Application\Common\Model\HyAllModel.class.php 第 428 行.
NOTIC: [8] Undefined index: search F:\PHP\wamp64\www\SIS.JXNU-B\Application\Common\Model\HyAllModel.class.php 第 428 行.
INFO: [ before_view ] --START--
SQL: SHOW COLUMNS FROM `edu_frame_alert` [ RunTime:0.0040s ]
SQL: SELECT `id`,`category`,`icon`,`message`,`url`,`type`,`create_time` FROM `edu_frame_alert` where `to_users` LIKE '%,18,%' AND ( IFNULL(`read_users`,'')='' OR `read_users` NOT LIKE '%,18,%') AND `status`=1 ORDER BY `id` DESC [ RunTime:0.0010s ]
INFO: Run Common\Behavior\HyBeforeViewBehavior [ RunTime:0.016001s ]
INFO: [ before_view ] --END-- [ RunTime:0.016001s ]
INFO: [ view_parse ] --START--
INFO: [ template_filter ] --START--
INFO: Run Behavior\ContentReplaceBehavior [ RunTime:0.000000s ]
INFO: [ template_filter ] --END-- [ RunTime:0.002000s ]
NOTIC: [8] Undefined index: GLOBAL F:\PHP\wamp64\www\SIS.JXNU-B\Runtime\Cache\Category\9c07dc003a2105c82c74ba68c02f614c.php 第 32 行.
NOTIC: [8] Undefined variable: _middle F:\PHP\wamp64\www\SIS.JXNU-B\Runtime\Cache\Category\9c07dc003a2105c82c74ba68c02f614c.php 第 194 行.
NOTIC: [8] Undefined variable: _bottom F:\PHP\wamp64\www\SIS.JXNU-B\Runtime\Cache\Category\9c07dc003a2105c82c74ba68c02f614c.php 第 213 行.
NOTIC: [8] Undefined variable: _script F:\PHP\wamp64\www\SIS.JXNU-B\Runtime\Cache\Category\9c07dc003a2105c82c74ba68c02f614c.php 第 272 行.
NOTIC: [8] Undefined index: GLOBAL F:\PHP\wamp64\www\SIS.JXNU-B\Runtime\Cache\Category\9c07dc003a2105c82c74ba68c02f614c.php 第 280 行.
NOTIC: [8] Undefined variable: hyMenu F:\PHP\wamp64\www\SIS.JXNU-B\Runtime\Cache\Category\9c07dc003a2105c82c74ba68c02f614c.php 第 285 行.
INFO: Run Behavior\ParseTemplateBehavior [ RunTime:0.133007s ]
INFO: [ view_parse ] --END-- [ RunTime:0.133007s ]
INFO: [ view_filter ] --START--
INFO: Run Behavior\WriteHtmlCacheBehavior [ RunTime:0.002000s ]
INFO: [ view_filter ] --END-- [ RunTime:0.003001s ]
INFO: [ app_end ] --START--
INFO: Run Behavior\ShowPageTraceBehavior [ RunTime:0.002000s ]
INFO: [ app_end ] --END-- [ RunTime:0.004000s ]

[ 2016-09-03T20:01:11+08:00 ] ::1 /SIS.JXNU-B/index.php/Category/Category/ajax?q=list
INFO: [ app_init ] --START--
INFO: Run Behavior\BuildLiteBehavior [ RunTime:0.001000s ]
INFO: [ app_init ] --END-- [ RunTime:0.004000s ]
INFO: [ app_begin ] --START--
INFO: Run Behavior\ReadHtmlCacheBehavior [ RunTime:0.002000s ]
INFO: [ app_begin ] --END-- [ RunTime:0.003000s ]
NOTIC: [8192] mysql_connect(): The mysql extension is deprecated and will be removed in the future: use mysqli or PDO instead F:\PHP\wamp64\www\SIS.JXNU-B\HomyitCore\Library\Think\Session\Driver\Db.class.php 第 95 行.
INFO: [ action_begin ] --START--
INFO: Run Common\Behavior\HyLogBehavior [ RunTime:0.004000s ]
INFO: [ action_begin ] --END-- [ RunTime:0.004000s ]
NOTIC: [2048] Declaration of Common\Model\HyFrameModel::find() should be compatible with Think\Model::find($options = Array) F:\PHP\wamp64\www\SIS.JXNU-B\Application\Common\Model\HyFrameModel.class.php 第 13 行.
NOTIC: [8] Undefined index: model F:\PHP\wamp64\www\SIS.JXNU-B\Application\Common\Controller\HyFrameController.class.php 第 42 行.
SQL: SHOW COLUMNS FROM `edu_category` [ RunTime:0.2400s ]
INFO: [ hy_log ] --START--
NOTIC: [8] Undefined variable: sql F:\PHP\wamp64\www\SIS.JXNU-B\Application\Common\Behavior\HyLogBehavior.class.php 第 31 行.
INFO: Run Common\Behavior\HyLogBehavior [ RunTime:0.000000s ]
INFO: [ hy_log ] --END-- [ RunTime:0.000000s ]
INFO: [ hy_log ] --START--
NOTIC: [8] Undefined index: style F:\PHP\wamp64\www\SIS.JXNU-B\Application\Common\Behavior\HyLogBehavior.class.php 第 23 行.
NOTIC: [8] Undefined index: sql F:\PHP\wamp64\www\SIS.JXNU-B\Application\Common\Behavior\HyLogBehavior.class.php 第 25 行.
INFO: Run Common\Behavior\HyLogBehavior [ RunTime:0.001000s ]
INFO: [ hy_log ] --END-- [ RunTime:-0.001000s ]
NOTIC: [8] Undefined index: limit F:\PHP\wamp64\www\SIS.JXNU-B\Application\Common\Model\HyFrameModel.class.php 第 160 行.
NOTIC: [8] Undefined index: order F:\PHP\wamp64\www\SIS.JXNU-B\Application\Common\Model\HyFrameModel.class.php 第 162 行.
NOTIC: [8] Undefined index: field F:\PHP\wamp64\www\SIS.JXNU-B\Application\Common\Model\HyFrameModel.class.php 第 170 行.
NOTIC: [8] Undefined index: where F:\PHP\wamp64\www\SIS.JXNU-B\Application\Common\Model\HyFrameModel.class.php 第 189 行.
NOTIC: [8] Undefined offset: 4 F:\PHP\wamp64\www\SIS.JXNU-B\Application\Common\Model\HyFrameModel.class.php 第 214 行.
NOTIC: [8] Undefined offset: 5 F:\PHP\wamp64\www\SIS.JXNU-B\Application\Common\Model\HyFrameModel.class.php 第 220 行.
NOTIC: [8] Undefined offset: 4 F:\PHP\wamp64\www\SIS.JXNU-B\Application\Common\Model\HyFrameModel.class.php 第 221 行.
NOTIC: [8] Undefined index: decrypt F:\PHP\wamp64\www\SIS.JXNU-B\Application\Common\Model\HyFrameModel.class.php 第 241 行.
SQL: SHOW COLUMNS FROM `edu_category` [ RunTime:0.0020s ]
SQL: SELECT 1 FROM `edu_category` `hy` INNER JOIN `edu_language` AS `language` ON hy.language_id = language.id LEFT JOIN `edu_category` AS `category` ON hy.pid = category.id  WHERE hy.status = 1  [ RunTime:0.0060s ]
INFO: [ hy_log ] --START--
NOTIC: [8] Undefined index: style F:\PHP\wamp64\www\SIS.JXNU-B\Application\Common\Behavior\HyLogBehavior.class.php 第 23 行.
NOTIC: [8] Undefined index: sql F:\PHP\wamp64\www\SIS.JXNU-B\Application\Common\Behavior\HyLogBehavior.class.php 第 25 行.
INFO: Run Common\Behavior\HyLogBehavior [ RunTime:0.000000s ]
INFO: [ hy_log ] --END-- [ RunTime:-0.017001s ]
NOTIC: [8] Undefined index: hy F:\PHP\wamp64\www\SIS.JXNU-B\Application\Common\Model\HyFrameModel.class.php 第 140 行.
NOTIC: [8] Undefined index: associate F:\PHP\wamp64\www\SIS.JXNU-B\Application\Common\Model\HyFrameModel.class.php 第 141 行.
SQL: SHOW COLUMNS FROM `edu_category` [ RunTime:0.0020s ]
SQL: SELECT hy.id,hy.pid,hy.name,hy.nav_show,hy.language_id,hy.rank,hy.remark,hy.switch,hy.status,language.language,category.name AS `pid_text` FROM `edu_category` `hy` INNER JOIN `edu_language` AS `language` ON hy.language_id = language.id LEFT JOIN `edu_category` AS `category` ON hy.pid = category.id  WHERE hy.status = 1 ORDER BY hy.id desc LIMIT 10   [ RunTime:0.0030s ]
NOTIC: [8] Undefined index: title F:\PHP\wamp64\www\SIS.JXNU-B\Application\Common\Model\HyAllModel.class.php 第 595 行.
NOTIC: [8] Undefined index: hidden F:\PHP\wamp64\www\SIS.JXNU-B\Application\Common\Model\HyAllModel.class.php 第 595 行.
NOTIC: [8] Undefined index: hidden F:\PHP\wamp64\www\SIS.JXNU-B\Application\Common\Model\HyAllModel.class.php 第 595 行.
NOTIC: [8] Undefined index: title F:\PHP\wamp64\www\SIS.JXNU-B\Application\Common\Model\HyAllModel.class.php 第 595 行.
NOTIC: [8] Undefined index: hidden F:\PHP\wamp64\www\SIS.JXNU-B\Application\Common\Model\HyAllModel.class.php 第 595 行.
NOTIC: [8] Undefined index: hidden F:\PHP\wamp64\www\SIS.JXNU-B\Application\Common\Model\HyAllModel.class.php 第 595 行.
NOTIC: [8] Undefined index: hidden F:\PHP\wamp64\www\SIS.JXNU-B\Application\Common\Model\HyAllModel.class.php 第 595 行.
NOTIC: [8] Undefined index: hidden F:\PHP\wamp64\www\SIS.JXNU-B\Application\Common\Model\HyAllModel.class.php 第 595 行.
NOTIC: [8] Undefined index: hidden F:\PHP\wamp64\www\SIS.JXNU-B\Application\Common\Model\HyAllModel.class.php 第 595 行.
NOTIC: [8] Undefined index: list F:\PHP\wamp64\www\SIS.JXNU-B\Application\Common\Model\HyAllModel.class.php 第 605 行.
NOTIC: [8] Undefined index: {callback} F:\PHP\wamp64\www\SIS.JXNU-B\Application\Common\Model\HyAllModel.class.php 第 806 行.
SQL: SELECT `name` FROM `edu_category` WHERE `status` = 1 AND `id` = 3 LIMIT 1   [ RunTime:0.0010s ]
NOTIC: [8] Undefined index: {callback} F:\PHP\wamp64\www\SIS.JXNU-B\Application\Common\Model\HyAllModel.class.php 第 806 行.
NOTIC: [8] Undefined index: {callback} F:\PHP\wamp64\www\SIS.JXNU-B\Application\Common\Model\HyAllModel.class.php 第 806 行.
NOTIC: [8] Undefined index: language_id1 F:\PHP\wamp64\www\SIS.JXNU-B\Application\Common\Model\HyAllModel.class.php 第 811 行.
NOTIC: [8] Undefined index: callback F:\PHP\wamp64\www\SIS.JXNU-B\Application\Common\Model\HyAllModel.class.php 第 605 行.
NOTIC: [8] Undefined index: {callback} F:\PHP\wamp64\www\SIS.JXNU-B\Application\Common\Model\HyAllModel.class.php 第 806 行.
NOTIC: [8] Undefined index: callback F:\PHP\wamp64\www\SIS.JXNU-B\Application\Common\Model\HyAllModel.class.php 第 605 行.
NOTIC: [8] Undefined index: {callback} F:\PHP\wamp64\www\SIS.JXNU-B\Application\Common\Model\HyAllModel.class.php 第 806 行.
NOTIC: [8] Undefined index: {callback} F:\PHP\wamp64\www\SIS.JXNU-B\Application\Common\Model\HyAllModel.class.php 第 806 行.
NOTIC: [8] Undefined index: list F:\PHP\wamp64\www\SIS.JXNU-B\Application\Common\Model\HyAllModel.class.php 第 605 行.
NOTIC: [8] Undefined index: {callback} F:\PHP\wamp64\www\SIS.JXNU-B\Application\Common\Model\HyAllModel.class.php 第 806 行.
SQL: SELECT `name` FROM `edu_category` WHERE `status` = 1 AND `id` = 4 LIMIT 1   [ RunTime:0.0010s ]
NOTIC: [8] Undefined index: {callback} F:\PHP\wamp64\www\SIS.JXNU-B\Application\Common\Model\HyAllModel.class.php 第 806 行.
NOTIC: [8] Undefined index: {callback} F:\PHP\wamp64\www\SIS.JXNU-B\Application\Common\Model\HyAllModel.class.php 第 806 行.
NOTIC: [8] Undefined index: language_id1 F:\PHP\wamp64\www\SIS.JXNU-B\Application\Common\Model\HyAllModel.class.php 第 811 行.
NOTIC: [8] Undefined index: callback F:\PHP\wamp64\www\SIS.JXNU-B\Application\Common\Model\HyAllModel.class.php 第 605 行.
NOTIC: [8] Undefined index: {callback} F:\PHP\wamp64\www\SIS.JXNU-B\Application\Common\Model\HyAllModel.class.php 第 806 行.
NOTIC: [8] Undefined index: callback F:\PHP\wamp64\www\SIS.JXNU-B\Application\Common\Model\HyAllModel.class.php 第 605 行.
NOTIC: [8] Undefined index: {callback} F:\PHP\wamp64\www\SIS.JXNU-B\Application\Common\Model\HyAllModel.class.php 第 806 行.
NOTIC: [8] Undefined index: {callback} F:\PHP\wamp64\www\SIS.JXNU-B\Application\Common\Model\HyAllModel.class.php 第 806 行.
NOTIC: [8] Undefined index: list F:\PHP\wamp64\www\SIS.JXNU-B\Application\Common\Model\HyAllModel.class.php 第 605 行.
NOTIC: [8] Undefined index: {callback} F:\PHP\wamp64\www\SIS.JXNU-B\Application\Common\Model\HyAllModel.class.php 第 806 行.
SQL: SELECT `name` FROM `edu_category` WHERE `status` = 1 AND `id` = 54 LIMIT 1   [ RunTime:0.0010s ]
NOTIC: [8] Undefined index: {callback} F:\PHP\wamp64\www\SIS.JXNU-B\Application\Common\Model\HyAllModel.class.php 第 806 行.
NOTIC: [8] Undefined index: {callback} F:\PHP\wamp64\www\SIS.JXNU-B\Application\Common\Model\HyAllModel.class.php 第 806 行.
NOTIC: [8] Undefined index: language_id1 F:\PHP\wamp64\www\SIS.JXNU-B\Application\Common\Model\HyAllModel.class.php 第 811 行.
NOTIC: [8] Undefined index: callback F:\PHP\wamp64\www\SIS.JXNU-B\Application\Common\Model\HyAllModel.class.php 第 605 行.
NOTIC: [8] Undefined index: {callback} F:\PHP\wamp64\www\SIS.JXNU-B\Application\Common\Model\HyAllModel.class.php 第 806 行.
NOTIC: [8] Undefined index: callback F:\PHP\wamp64\www\SIS.JXNU-B\Application\Common\Model\HyAllModel.class.php 第 605 行.
NOTIC: [8] Undefined index: {callback} F:\PHP\wamp64\www\SIS.JXNU-B\Application\Common\Model\HyAllModel.class.php 第 806 行.
NOTIC: [8] Undefined index: {callback} F:\PHP\wamp64\www\SIS.JXNU-B\Application\Common\Model\HyAllModel.class.php 第 806 行.
NOTIC: [8] Undefined index: list F:\PHP\wamp64\www\SIS.JXNU-B\Application\Common\Model\HyAllModel.class.php 第 605 行.
NOTIC: [8] Undefined index: {callback} F:\PHP\wamp64\www\SIS.JXNU-B\Application\Common\Model\HyAllModel.class.php 第 806 行.
SQL: SELECT `name` FROM `edu_category` WHERE `status` = 1 AND `id` = 54 LIMIT 1   [ RunTime:0.0010s ]
NOTIC: [8] Undefined index: {callback} F:\PHP\wamp64\www\SIS.JXNU-B\Application\Common\Model\HyAllModel.class.php 第 806 行.
NOTIC: [8] Undefined index: {callback} F:\PHP\wamp64\www\SIS.JXNU-B\Application\Common\Model\HyAllModel.class.php 第 806 行.
NOTIC: [8] Undefined index: language_id1 F:\PHP\wamp64\www\SIS.JXNU-B\Application\Common\Model\HyAllModel.class.php 第 811 行.
NOTIC: [8] Undefined index: callback F:\PHP\wamp64\www\SIS.JXNU-B\Application\Common\Model\HyAllModel.class.php 第 605 行.
NOTIC: [8] Undefined index: {callback} F:\PHP\wamp64\www\SIS.JXNU-B\Application\Common\Model\HyAllModel.class.php 第 806 行.
NOTIC: [8] Undefined index: callback F:\PHP\wamp64\www\SIS.JXNU-B\Application\Common\Model\HyAllModel.class.php 第 605 行.
NOTIC: [8] Undefined index: {callback} F:\PHP\wamp64\www\SIS.JXNU-B\Application\Common\Model\HyAllModel.class.php 第 806 行.
NOTIC: [8] Undefined index: {callback} F:\PHP\wamp64\www\SIS.JXNU-B\Application\Common\Model\HyAllModel.class.php 第 806 行.
NOTIC: [8] Undefined index: list F:\PHP\wamp64\www\SIS.JXNU-B\Application\Common\Model\HyAllModel.class.php 第 605 行.
NOTIC: [8] Undefined index: {callback} F:\PHP\wamp64\www\SIS.JXNU-B\Application\Common\Model\HyAllModel.class.php 第 806 行.
SQL: SELECT `name` FROM `edu_category` WHERE `status` = 1 AND `id` = 54 LIMIT 1   [ RunTime:0.0020s ]
NOTIC: [8] Undefined index: {callback} F:\PHP\wamp64\www\SIS.JXNU-B\Application\Common\Model\HyAllModel.class.php 第 806 行.
NOTIC: [8] Undefined index: {callback} F:\PHP\wamp64\www\SIS.JXNU-B\Application\Common\Model\HyAllModel.class.php 第 806 行.
NOTIC: [8] Undefined index: language_id1 F:\PHP\wamp64\www\SIS.JXNU-B\Application\Common\Model\HyAllModel.class.php 第 811 行.
NOTIC: [8] Undefined index: callback F:\PHP\wamp64\www\SIS.JXNU-B\Application\Common\Model\HyAllModel.class.php 第 605 行.
NOTIC: [8] Undefined index: {callback} F:\PHP\wamp64\www\SIS.JXNU-B\Application\Common\Model\HyAllModel.class.php 第 806 行.
NOTIC: [8] Undefined index: callback F:\PHP\wamp64\www\SIS.JXNU-B\Application\Common\Model\HyAllModel.class.php 第 605 行.
NOTIC: [8] Undefined index: {callback} F:\PHP\wamp64\www\SIS.JXNU-B\Application\Common\Model\HyAllModel.class.php 第 806 行.
NOTIC: [8] Undefined index: {callback} F:\PHP\wamp64\www\SIS.JXNU-B\Application\Common\Model\HyAllModel.class.php 第 806 行.
NOTIC: [8] Undefined index: list F:\PHP\wamp64\www\SIS.JXNU-B\Application\Common\Model\HyAllModel.class.php 第 605 行.
NOTIC: [8] Undefined index: {callback} F:\PHP\wamp64\www\SIS.JXNU-B\Application\Common\Model\HyAllModel.class.php 第 806 行.
NOTIC: [8] Undefined index: {callback} F:\PHP\wamp64\www\SIS.JXNU-B\Application\Common\Model\HyAllModel.class.php 第 806 行.
NOTIC: [8] Undefined index: {callback} F:\PHP\wamp64\www\SIS.JXNU-B\Application\Common\Model\HyAllModel.class.php 第 806 行.
NOTIC: [8] Undefined index: language_id1 F:\PHP\wamp64\www\SIS.JXNU-B\Application\Common\Model\HyAllModel.class.php 第 811 行.
NOTIC: [8] Undefined index: callback F:\PHP\wamp64\www\SIS.JXNU-B\Application\Common\Model\HyAllModel.class.php 第 605 行.
NOTIC: [8] Undefined index: {callback} F:\PHP\wamp64\www\SIS.JXNU-B\Application\Common\Model\HyAllModel.class.php 第 806 行.
NOTIC: [8] Undefined index: callback F:\PHP\wamp64\www\SIS.JXNU-B\Application\Common\Model\HyAllModel.class.php 第 605 行.
NOTIC: [8] Undefined index: {callback} F:\PHP\wamp64\www\SIS.JXNU-B\Application\Common\Model\HyAllModel.class.php 第 806 行.
NOTIC: [8] Undefined index: {callback} F:\PHP\wamp64\www\SIS.JXNU-B\Application\Common\Model\HyAllModel.class.php 第 806 行.
NOTIC: [8] Undefined index: list F:\PHP\wamp64\www\SIS.JXNU-B\Application\Common\Model\HyAllModel.class.php 第 605 行.
NOTIC: [8] Undefined index: {callback} F:\PHP\wamp64\www\SIS.JXNU-B\Application\Common\Model\HyAllModel.class.php 第 806 行.
SQL: SELECT `name` FROM `edu_category` WHERE `status` = 1 AND `id` = 2 LIMIT 1   [ RunTime:0.0010s ]
NOTIC: [8] Undefined index: {callback} F:\PHP\wamp64\www\SIS.JXNU-B\Application\Common\Model\HyAllModel.class.php 第 806 行.
NOTIC: [8] Undefined index: {callback} F:\PHP\wamp64\www\SIS.JXNU-B\Application\Common\Model\HyAllModel.class.php 第 806 行.
NOTIC: [8] Undefined index: language_id1 F:\PHP\wamp64\www\SIS.JXNU-B\Application\Common\Model\HyAllModel.class.php 第 811 行.
NOTIC: [8] Undefined index: callback F:\PHP\wamp64\www\SIS.JXNU-B\Application\Common\Model\HyAllModel.class.php 第 605 行.
NOTIC: [8] Undefined index: {callback} F:\PHP\wamp64\www\SIS.JXNU-B\Application\Common\Model\HyAllModel.class.php 第 806 行.
NOTIC: [8] Undefined index: callback F:\PHP\wamp64\www\SIS.JXNU-B\Application\Common\Model\HyAllModel.class.php 第 605 行.
NOTIC: [8] Undefined index: {callback} F:\PHP\wamp64\www\SIS.JXNU-B\Application\Common\Model\HyAllModel.class.php 第 806 行.
NOTIC: [8] Undefined index: {callback} F:\PHP\wamp64\www\SIS.JXNU-B\Application\Common\Model\HyAllModel.class.php 第 806 行.
NOTIC: [8] Undefined index: list F:\PHP\wamp64\www\SIS.JXNU-B\Application\Common\Model\HyAllModel.class.php 第 605 行.
NOTIC: [8] Undefined index: {callback} F:\PHP\wamp64\www\SIS.JXNU-B\Application\Common\Model\HyAllModel.class.php 第 806 行.
SQL: SELECT `name` FROM `edu_category` WHERE `status` = 1 AND `id` = 12 LIMIT 1   [ RunTime:0.0010s ]
NOTIC: [8] Undefined index: {callback} F:\PHP\wamp64\www\SIS.JXNU-B\Application\Common\Model\HyAllModel.class.php 第 806 行.
NOTIC: [8] Undefined index: {callback} F:\PHP\wamp64\www\SIS.JXNU-B\Application\Common\Model\HyAllModel.class.php 第 806 行.
NOTIC: [8] Undefined index: language_id1 F:\PHP\wamp64\www\SIS.JXNU-B\Application\Common\Model\HyAllModel.class.php 第 811 行.
NOTIC: [8] Undefined index: callback F:\PHP\wamp64\www\SIS.JXNU-B\Application\Common\Model\HyAllModel.class.php 第 605 行.
NOTIC: [8] Undefined index: {callback} F:\PHP\wamp64\www\SIS.JXNU-B\Application\Common\Model\HyAllModel.class.php 第 806 行.
NOTIC: [8] Undefined index: callback F:\PHP\wamp64\www\SIS.JXNU-B\Application\Common\Model\HyAllModel.class.php 第 605 行.
NOTIC: [8] Undefined index: {callback} F:\PHP\wamp64\www\SIS.JXNU-B\Application\Common\Model\HyAllModel.class.php 第 806 行.
NOTIC: [8] Undefined index: {callback} F:\PHP\wamp64\www\SIS.JXNU-B\Application\Common\Model\HyAllModel.class.php 第 806 行.
NOTIC: [8] Undefined index: list F:\PHP\wamp64\www\SIS.JXNU-B\Application\Common\Model\HyAllModel.class.php 第 605 行.
NOTIC: [8] Undefined index: {callback} F:\PHP\wamp64\www\SIS.JXNU-B\Application\Common\Model\HyAllModel.class.php 第 806 行.
SQL: SELECT `name` FROM `edu_category` WHERE `status` = 1 AND `id` = 12 LIMIT 1   [ RunTime:0.0000s ]
NOTIC: [8] Undefined index: {callback} F:\PHP\wamp64\www\SIS.JXNU-B\Application\Common\Model\HyAllModel.class.php 第 806 行.
NOTIC: [8] Undefined index: {callback} F:\PHP\wamp64\www\SIS.JXNU-B\Application\Common\Model\HyAllModel.class.php 第 806 行.
NOTIC: [8] Undefined index: language_id1 F:\PHP\wamp64\www\SIS.JXNU-B\Application\Common\Model\HyAllModel.class.php 第 811 行.
NOTIC: [8] Undefined index: callback F:\PHP\wamp64\www\SIS.JXNU-B\Application\Common\Model\HyAllModel.class.php 第 605 行.
NOTIC: [8] Undefined index: {callback} F:\PHP\wamp64\www\SIS.JXNU-B\Application\Common\Model\HyAllModel.class.php 第 806 行.
NOTIC: [8] Undefined index: callback F:\PHP\wamp64\www\SIS.JXNU-B\Application\Common\Model\HyAllModel.class.php 第 605 行.
NOTIC: [8] Undefined index: {callback} F:\PHP\wamp64\www\SIS.JXNU-B\Application\Common\Model\HyAllModel.class.php 第 806 行.
NOTIC: [8] Undefined index: {callback} F:\PHP\wamp64\www\SIS.JXNU-B\Application\Common\Model\HyAllModel.class.php 第 806 行.
NOTIC: [8] Undefined index: list F:\PHP\wamp64\www\SIS.JXNU-B\Application\Common\Model\HyAllModel.class.php 第 605 行.
NOTIC: [8] Undefined index: {callback} F:\PHP\wamp64\www\SIS.JXNU-B\Application\Common\Model\HyAllModel.class.php 第 806 行.
SQL: SELECT `name` FROM `edu_category` WHERE `status` = 1 AND `id` = 12 LIMIT 1   [ RunTime:0.0010s ]
NOTIC: [8] Undefined index: {callback} F:\PHP\wamp64\www\SIS.JXNU-B\Application\Common\Model\HyAllModel.class.php 第 806 行.
NOTIC: [8] Undefined index: {callback} F:\PHP\wamp64\www\SIS.JXNU-B\Application\Common\Model\HyAllModel.class.php 第 806 行.
NOTIC: [8] Undefined index: language_id1 F:\PHP\wamp64\www\SIS.JXNU-B\Application\Common\Model\HyAllModel.class.php 第 811 行.
NOTIC: [8] Undefined index: callback F:\PHP\wamp64\www\SIS.JXNU-B\Application\Common\Model\HyAllModel.class.php 第 605 行.
NOTIC: [8] Undefined index: {callback} F:\PHP\wamp64\www\SIS.JXNU-B\Application\Common\Model\HyAllModel.class.php 第 806 行.
NOTIC: [8] Undefined index: callback F:\PHP\wamp64\www\SIS.JXNU-B\Application\Common\Model\HyAllModel.class.php 第 605 行.
NOTIC: [8] Undefined index: {callback} F:\PHP\wamp64\www\SIS.JXNU-B\Application\Common\Model\HyAllModel.class.php 第 806 行.
NOTIC: [8] Undefined index: {callback} F:\PHP\wamp64\www\SIS.JXNU-B\Application\Common\Model\HyAllModel.class.php 第 806 行.
NOTIC: [8] Undefined index: info F:\PHP\wamp64\www\SIS.JXNU-B\Application\Common\Model\HyAllModel.class.php 第 470 行.
INFO: [ hy_log ] --START--
INFO: Run Common\Behavior\HyLogBehavior [ RunTime:0.000000s ]
INFO: [ hy_log ] --END-- [ RunTime:-0.110007s ]

[ 2016-09-03T20:01:14+08:00 ] ::1 /SIS.JXNU-B/index.php/Category/Category/favicon.ico
INFO: [ app_init ] --START--
INFO: Run Behavior\BuildLiteBehavior [ RunTime:0.000000s ]
INFO: [ app_init ] --END-- [ RunTime:0.001000s ]

[ 2016-09-03T20:01:15+08:00 ] ::1 /SIS.JXNU-B/index.php/Category/Category/ajax?q=list
INFO: [ app_init ] --START--
INFO: Run Behavior\BuildLiteBehavior [ RunTime:0.000000s ]
INFO: [ app_init ] --END-- [ RunTime:0.004000s ]
INFO: [ app_begin ] --START--
INFO: Run Behavior\ReadHtmlCacheBehavior [ RunTime:0.010001s ]
INFO: [ app_begin ] --END-- [ RunTime:0.010001s ]
NOTIC: [8192] mysql_connect(): The mysql extension is deprecated and will be removed in the future: use mysqli or PDO instead F:\PHP\wamp64\www\SIS.JXNU-B\HomyitCore\Library\Think\Session\Driver\Db.class.php 第 95 行.
INFO: [ action_begin ] --START--
INFO: Run Common\Behavior\HyLogBehavior [ RunTime:0.002000s ]
INFO: [ action_begin ] --END-- [ RunTime:0.003000s ]
NOTIC: [2048] Declaration of Common\Model\HyFrameModel::find() should be compatible with Think\Model::find($options = Array) F:\PHP\wamp64\www\SIS.JXNU-B\Application\Common\Model\HyFrameModel.class.php 第 13 行.
NOTIC: [8] Undefined index: model F:\PHP\wamp64\www\SIS.JXNU-B\Application\Common\Controller\HyFrameController.class.php 第 42 行.
SQL: SHOW COLUMNS FROM `edu_category` [ RunTime:0.1570s ]
INFO: [ hy_log ] --START--
NOTIC: [8] Undefined variable: sql F:\PHP\wamp64\www\SIS.JXNU-B\Application\Common\Behavior\HyLogBehavior.class.php 第 31 行.
INFO: Run Common\Behavior\HyLogBehavior [ RunTime:0.001000s ]
INFO: [ hy_log ] --END-- [ RunTime:0.002000s ]
INFO: [ hy_log ] --START--
NOTIC: [8] Undefined index: style F:\PHP\wamp64\www\SIS.JXNU-B\Application\Common\Behavior\HyLogBehavior.class.php 第 23 行.
NOTIC: [8] Undefined index: sql F:\PHP\wamp64\www\SIS.JXNU-B\Application\Common\Behavior\HyLogBehavior.class.php 第 25 行.
INFO: Run Common\Behavior\HyLogBehavior [ RunTime:0.000000s ]
INFO: [ hy_log ] --END-- [ RunTime:0.000000s ]
NOTIC: [8] Undefined index: limit F:\PHP\wamp64\www\SIS.JXNU-B\Application\Common\Model\HyFrameModel.class.php 第 160 行.
NOTIC: [8] Undefined index: order F:\PHP\wamp64\www\SIS.JXNU-B\Application\Common\Model\HyFrameModel.class.php 第 162 行.
NOTIC: [8] Undefined index: field F:\PHP\wamp64\www\SIS.JXNU-B\Application\Common\Model\HyFrameModel.class.php 第 170 行.
NOTIC: [8] Undefined index: where F:\PHP\wamp64\www\SIS.JXNU-B\Application\Common\Model\HyFrameModel.class.php 第 189 行.
NOTIC: [8] Undefined offset: 4 F:\PHP\wamp64\www\SIS.JXNU-B\Application\Common\Model\HyFrameModel.class.php 第 214 行.
NOTIC: [8] Undefined offset: 5 F:\PHP\wamp64\www\SIS.JXNU-B\Application\Common\Model\HyFrameModel.class.php 第 220 行.
NOTIC: [8] Undefined offset: 4 F:\PHP\wamp64\www\SIS.JXNU-B\Application\Common\Model\HyFrameModel.class.php 第 221 行.
NOTIC: [8] Undefined index: decrypt F:\PHP\wamp64\www\SIS.JXNU-B\Application\Common\Model\HyFrameModel.class.php 第 241 行.
SQL: SHOW COLUMNS FROM `edu_category` [ RunTime:0.0020s ]
SQL: SELECT 1 FROM `edu_category` `hy` INNER JOIN `edu_language` AS `language` ON hy.language_id = language.id LEFT JOIN `edu_category` AS `category` ON hy.pid = category.id  WHERE hy.status = 1  [ RunTime:0.0100s ]
INFO: [ hy_log ] --START--
NOTIC: [8] Undefined index: style F:\PHP\wamp64\www\SIS.JXNU-B\Application\Common\Behavior\HyLogBehavior.class.php 第 23 行.
NOTIC: [8] Undefined index: sql F:\PHP\wamp64\www\SIS.JXNU-B\Application\Common\Behavior\HyLogBehavior.class.php 第 25 行.
INFO: Run Common\Behavior\HyLogBehavior [ RunTime:0.001000s ]
INFO: [ hy_log ] --END-- [ RunTime:-0.024002s ]
NOTIC: [8] Undefined index: order F:\PHP\wamp64\www\SIS.JXNU-B\Application\Common\Model\HyAllModel.class.php 第 577 行.
NOTIC: [8] Undefined index: table F:\PHP\wamp64\www\SIS.JXNU-B\Application\Common\Model\HyAllModel.class.php 第 578 行.
NOTIC: [8] Undefined index: hy F:\PHP\wamp64\www\SIS.JXNU-B\Application\Common\Model\HyFrameModel.class.php 第 140 行.
NOTIC: [8] Undefined index: associate F:\PHP\wamp64\www\SIS.JXNU-B\Application\Common\Model\HyFrameModel.class.php 第 141 行.
SQL: SHOW COLUMNS FROM `edu_category` [ RunTime:0.0020s ]
SQL: SELECT hy.id,hy.pid,hy.name,hy.nav_show,hy.language_id,hy.rank,hy.remark,hy.switch,hy.status,language.language,category.name AS `pid_text` FROM `edu_category` `hy` INNER JOIN `edu_language` AS `language` ON hy.language_id = language.id LEFT JOIN `edu_category` AS `category` ON hy.pid = category.id  WHERE hy.status = 1 ORDER BY hy.rank asc LIMIT 0,10   [ RunTime:0.0030s ]
NOTIC: [8] Undefined index: title F:\PHP\wamp64\www\SIS.JXNU-B\Application\Common\Model\HyAllModel.class.php 第 595 行.
NOTIC: [8] Undefined index: hidden F:\PHP\wamp64\www\SIS.JXNU-B\Application\Common\Model\HyAllModel.class.php 第 595 行.
NOTIC: [8] Undefined index: hidden F:\PHP\wamp64\www\SIS.JXNU-B\Application\Common\Model\HyAllModel.class.php 第 595 行.
NOTIC: [8] Undefined index: title F:\PHP\wamp64\www\SIS.JXNU-B\Application\Common\Model\HyAllModel.class.php 第 595 行.
NOTIC: [8] Undefined index: hidden F:\PHP\wamp64\www\SIS.JXNU-B\Application\Common\Model\HyAllModel.class.php 第 595 行.
NOTIC: [8] Undefined index: hidden F:\PHP\wamp64\www\SIS.JXNU-B\Application\Common\Model\HyAllModel.class.php 第 595 行.
NOTIC: [8] Undefined index: hidden F:\PHP\wamp64\www\SIS.JXNU-B\Application\Common\Model\HyAllModel.class.php 第 595 行.
NOTIC: [8] Undefined index: hidden F:\PHP\wamp64\www\SIS.JXNU-B\Application\Common\Model\HyAllModel.class.php 第 595 行.
NOTIC: [8] Undefined index: hidden F:\PHP\wamp64\www\SIS.JXNU-B\Application\Common\Model\HyAllModel.class.php 第 595 行.
NOTIC: [8] Undefined index: list F:\PHP\wamp64\www\SIS.JXNU-B\Application\Common\Model\HyAllModel.class.php 第 605 行.
NOTIC: [8] Undefined index: {callback} F:\PHP\wamp64\www\SIS.JXNU-B\Application\Common\Model\HyAllModel.class.php 第 806 行.
SQL: SELECT `name` FROM `edu_category` WHERE `status` = 1 AND `id` = 3 LIMIT 1   [ RunTime:0.0010s ]
NOTIC: [8] Undefined index: {callback} F:\PHP\wamp64\www\SIS.JXNU-B\Application\Common\Model\HyAllModel.class.php 第 806 行.
NOTIC: [8] Undefined index: {callback} F:\PHP\wamp64\www\SIS.JXNU-B\Application\Common\Model\HyAllModel.class.php 第 806 行.
NOTIC: [8] Undefined index: language_id1 F:\PHP\wamp64\www\SIS.JXNU-B\Application\Common\Model\HyAllModel.class.php 第 811 行.
NOTIC: [8] Undefined index: callback F:\PHP\wamp64\www\SIS.JXNU-B\Application\Common\Model\HyAllModel.class.php 第 605 行.
NOTIC: [8] Undefined index: {callback} F:\PHP\wamp64\www\SIS.JXNU-B\Application\Common\Model\HyAllModel.class.php 第 806 行.
NOTIC: [8] Undefined index: callback F:\PHP\wamp64\www\SIS.JXNU-B\Application\Common\Model\HyAllModel.class.php 第 605 行.
NOTIC: [8] Undefined index: {callback} F:\PHP\wamp64\www\SIS.JXNU-B\Application\Common\Model\HyAllModel.class.php 第 806 行.
NOTIC: [8] Undefined index: {callback} F:\PHP\wamp64\www\SIS.JXNU-B\Application\Common\Model\HyAllModel.class.php 第 806 行.
NOTIC: [8] Undefined index: list F:\PHP\wamp64\www\SIS.JXNU-B\Application\Common\Model\HyAllModel.class.php 第 605 行.
NOTIC: [8] Undefined index: {callback} F:\PHP\wamp64\www\SIS.JXNU-B\Application\Common\Model\HyAllModel.class.php 第 806 行.
NOTIC: [8] Undefined index: {callback} F:\PHP\wamp64\www\SIS.JXNU-B\Application\Common\Model\HyAllModel.class.php 第 806 行.
NOTIC: [8] Undefined index: {callback} F:\PHP\wamp64\www\SIS.JXNU-B\Application\Common\Model\HyAllModel.class.php 第 806 行.
NOTIC: [8] Undefined index: language_id1 F:\PHP\wamp64\www\SIS.JXNU-B\Application\Common\Model\HyAllModel.class.php 第 811 行.
NOTIC: [8] Undefined index: callback F:\PHP\wamp64\www\SIS.JXNU-B\Application\Common\Model\HyAllModel.class.php 第 605 行.
NOTIC: [8] Undefined index: {callback} F:\PHP\wamp64\www\SIS.JXNU-B\Application\Common\Model\HyAllModel.class.php 第 806 行.
NOTIC: [8] Undefined index: callback F:\PHP\wamp64\www\SIS.JXNU-B\Application\Common\Model\HyAllModel.class.php 第 605 行.
NOTIC: [8] Undefined index: {callback} F:\PHP\wamp64\www\SIS.JXNU-B\Application\Common\Model\HyAllModel.class.php 第 806 行.
NOTIC: [8] Undefined index: {callback} F:\PHP\wamp64\www\SIS.JXNU-B\Application\Common\Model\HyAllModel.class.php 第 806 行.
NOTIC: [8] Undefined index: list F:\PHP\wamp64\www\SIS.JXNU-B\Application\Common\Model\HyAllModel.class.php 第 605 行.
NOTIC: [8] Undefined index: {callback} F:\PHP\wamp64\www\SIS.JXNU-B\Application\Common\Model\HyAllModel.class.php 第 806 行.
NOTIC: [8] Undefined index: {callback} F:\PHP\wamp64\www\SIS.JXNU-B\Application\Common\Model\HyAllModel.class.php 第 806 行.
NOTIC: [8] Undefined index: {callback} F:\PHP\wamp64\www\SIS.JXNU-B\Application\Common\Model\HyAllModel.class.php 第 806 行.
NOTIC: [8] Undefined index: language_id1 F:\PHP\wamp64\www\SIS.JXNU-B\Application\Common\Model\HyAllModel.class.php 第 811 行.
NOTIC: [8] Undefined index: callback F:\PHP\wamp64\www\SIS.JXNU-B\Application\Common\Model\HyAllModel.class.php 第 605 行.
NOTIC: [8] Undefined index: {callback} F:\PHP\wamp64\www\SIS.JXNU-B\Application\Common\Model\HyAllModel.class.php 第 806 行.
NOTIC: [8] Undefined index: callback F:\PHP\wamp64\www\SIS.JXNU-B\Application\Common\Model\HyAllModel.class.php 第 605 行.
NOTIC: [8] Undefined index: {callback} F:\PHP\wamp64\www\SIS.JXNU-B\Application\Common\Model\HyAllModel.class.php 第 806 行.
NOTIC: [8] Undefined index: {callback} F:\PHP\wamp64\www\SIS.JXNU-B\Application\Common\Model\HyAllModel.class.php 第 806 行.
NOTIC: [8] Undefined index: list F:\PHP\wamp64\www\SIS.JXNU-B\Application\Common\Model\HyAllModel.class.php 第 605 行.
NOTIC: [8] Undefined index: {callback} F:\PHP\wamp64\www\SIS.JXNU-B\Application\Common\Model\HyAllModel.class.php 第 806 行.
SQL: SELECT `name` FROM `edu_category` WHERE `status` = 1 AND `id` = 2 LIMIT 1   [ RunTime:0.0020s ]
NOTIC: [8] Undefined index: {callback} F:\PHP\wamp64\www\SIS.JXNU-B\Application\Common\Model\HyAllModel.class.php 第 806 行.
NOTIC: [8] Undefined index: {callback} F:\PHP\wamp64\www\SIS.JXNU-B\Application\Common\Model\HyAllModel.class.php 第 806 行.
NOTIC: [8] Undefined index: language_id1 F:\PHP\wamp64\www\SIS.JXNU-B\Application\Common\Model\HyAllModel.class.php 第 811 行.
NOTIC: [8] Undefined index: callback F:\PHP\wamp64\www\SIS.JXNU-B\Application\Common\Model\HyAllModel.class.php 第 605 行.
NOTIC: [8] Undefined index: {callback} F:\PHP\wamp64\www\SIS.JXNU-B\Application\Common\Model\HyAllModel.class.php 第 806 行.
NOTIC: [8] Undefined index: callback F:\PHP\wamp64\www\SIS.JXNU-B\Application\Common\Model\HyAllModel.class.php 第 605 行.
NOTIC: [8] Undefined index: {callback} F:\PHP\wamp64\www\SIS.JXNU-B\Application\Common\Model\HyAllModel.class.php 第 806 行.
NOTIC: [8] Undefined index: {callback} F:\PHP\wamp64\www\SIS.JXNU-B\Application\Common\Model\HyAllModel.class.php 第 806 行.
NOTIC: [8] Undefined index: list F:\PHP\wamp64\www\SIS.JXNU-B\Application\Common\Model\HyAllModel.class.php 第 605 行.
NOTIC: [8] Undefined index: {callback} F:\PHP\wamp64\www\SIS.JXNU-B\Application\Common\Model\HyAllModel.class.php 第 806 行.
SQL: SELECT `name` FROM `edu_category` WHERE `status` = 1 AND `id` = 1 LIMIT 1   [ RunTime:0.0010s ]
NOTIC: [8] Undefined index: {callback} F:\PHP\wamp64\www\SIS.JXNU-B\Application\Common\Model\HyAllModel.class.php 第 806 行.
NOTIC: [8] Undefined index: {callback} F:\PHP\wamp64\www\SIS.JXNU-B\Application\Common\Model\HyAllModel.class.php 第 806 行.
NOTIC: [8] Undefined index: language_id1 F:\PHP\wamp64\www\SIS.JXNU-B\Application\Common\Model\HyAllModel.class.php 第 811 行.
NOTIC: [8] Undefined index: callback F:\PHP\wamp64\www\SIS.JXNU-B\Application\Common\Model\HyAllModel.class.php 第 605 行.
NOTIC: [8] Undefined index: {callback} F:\PHP\wamp64\www\SIS.JXNU-B\Application\Common\Model\HyAllModel.class.php 第 806 行.
NOTIC: [8] Undefined index: callback F:\PHP\wamp64\www\SIS.JXNU-B\Application\Common\Model\HyAllModel.class.php 第 605 行.
NOTIC: [8] Undefined index: {callback} F:\PHP\wamp64\www\SIS.JXNU-B\Application\Common\Model\HyAllModel.class.php 第 806 行.
NOTIC: [8] Undefined index: {callback} F:\PHP\wamp64\www\SIS.JXNU-B\Application\Common\Model\HyAllModel.class.php 第 806 行.
NOTIC: [8] Undefined index: list F:\PHP\wamp64\www\SIS.JXNU-B\Application\Common\Model\HyAllModel.class.php 第 605 行.
NOTIC: [8] Undefined index: {callback} F:\PHP\wamp64\www\SIS.JXNU-B\Application\Common\Model\HyAllModel.class.php 第 806 行.
SQL: SELECT `name` FROM `edu_category` WHERE `status` = 1 AND `id` = 3 LIMIT 1   [ RunTime:0.0010s ]
NOTIC: [8] Undefined index: {callback} F:\PHP\wamp64\www\SIS.JXNU-B\Application\Common\Model\HyAllModel.class.php 第 806 行.
NOTIC: [8] Undefined index: {callback} F:\PHP\wamp64\www\SIS.JXNU-B\Application\Common\Model\HyAllModel.class.php 第 806 行.
NOTIC: [8] Undefined index: language_id1 F:\PHP\wamp64\www\SIS.JXNU-B\Application\Common\Model\HyAllModel.class.php 第 811 行.
NOTIC: [8] Undefined index: callback F:\PHP\wamp64\www\SIS.JXNU-B\Application\Common\Model\HyAllModel.class.php 第 605 行.
NOTIC: [8] Undefined index: {callback} F:\PHP\wamp64\www\SIS.JXNU-B\Application\Common\Model\HyAllModel.class.php 第 806 行.
NOTIC: [8] Undefined index: callback F:\PHP\wamp64\www\SIS.JXNU-B\Application\Common\Model\HyAllModel.class.php 第 605 行.
NOTIC: [8] Undefined index: {callback} F:\PHP\wamp64\www\SIS.JXNU-B\Application\Common\Model\HyAllModel.class.php 第 806 行.
NOTIC: [8] Undefined index: {callback} F:\PHP\wamp64\www\SIS.JXNU-B\Application\Common\Model\HyAllModel.class.php 第 806 行.
NOTIC: [8] Undefined index: list F:\PHP\wamp64\www\SIS.JXNU-B\Application\Common\Model\HyAllModel.class.php 第 605 行.
NOTIC: [8] Undefined index: {callback} F:\PHP\wamp64\www\SIS.JXNU-B\Application\Common\Model\HyAllModel.class.php 第 806 行.
SQL: SELECT `name` FROM `edu_category` WHERE `status` = 1 AND `id` = 4 LIMIT 1   [ RunTime:0.0010s ]
NOTIC: [8] Undefined index: {callback} F:\PHP\wamp64\www\SIS.JXNU-B\Application\Common\Model\HyAllModel.class.php 第 806 行.
NOTIC: [8] Undefined index: {callback} F:\PHP\wamp64\www\SIS.JXNU-B\Application\Common\Model\HyAllModel.class.php 第 806 行.
NOTIC: [8] Undefined index: language_id1 F:\PHP\wamp64\www\SIS.JXNU-B\Application\Common\Model\HyAllModel.class.php 第 811 行.
NOTIC: [8] Undefined index: callback F:\PHP\wamp64\www\SIS.JXNU-B\Application\Common\Model\HyAllModel.class.php 第 605 行.
NOTIC: [8] Undefined index: {callback} F:\PHP\wamp64\www\SIS.JXNU-B\Application\Common\Model\HyAllModel.class.php 第 806 行.
NOTIC: [8] Undefined index: callback F:\PHP\wamp64\www\SIS.JXNU-B\Application\Common\Model\HyAllModel.class.php 第 605 行.
NOTIC: [8] Undefined index: {callback} F:\PHP\wamp64\www\SIS.JXNU-B\Application\Common\Model\HyAllModel.class.php 第 806 行.
NOTIC: [8] Undefined index: {callback} F:\PHP\wamp64\www\SIS.JXNU-B\Application\Common\Model\HyAllModel.class.php 第 806 行.
NOTIC: [8] Undefined index: list F:\PHP\wamp64\www\SIS.JXNU-B\Application\Common\Model\HyAllModel.class.php 第 605 行.
NOTIC: [8] Undefined index: {callback} F:\PHP\wamp64\www\SIS.JXNU-B\Application\Common\Model\HyAllModel.class.php 第 806 行.
SQL: SELECT `name` FROM `edu_category` WHERE `status` = 1 AND `id` = 5 LIMIT 1   [ RunTime:0.0010s ]
NOTIC: [8] Undefined index: {callback} F:\PHP\wamp64\www\SIS.JXNU-B\Application\Common\Model\HyAllModel.class.php 第 806 行.
NOTIC: [8] Undefined index: {callback} F:\PHP\wamp64\www\SIS.JXNU-B\Application\Common\Model\HyAllModel.class.php 第 806 行.
NOTIC: [8] Undefined index: language_id1 F:\PHP\wamp64\www\SIS.JXNU-B\Application\Common\Model\HyAllModel.class.php 第 811 行.
NOTIC: [8] Undefined index: callback F:\PHP\wamp64\www\SIS.JXNU-B\Application\Common\Model\HyAllModel.class.php 第 605 行.
NOTIC: [8] Undefined index: {callback} F:\PHP\wamp64\www\SIS.JXNU-B\Application\Common\Model\HyAllModel.class.php 第 806 行.
NOTIC: [8] Undefined index: callback F:\PHP\wamp64\www\SIS.JXNU-B\Application\Common\Model\HyAllModel.class.php 第 605 行.
NOTIC: [8] Undefined index: {callback} F:\PHP\wamp64\www\SIS.JXNU-B\Application\Common\Model\HyAllModel.class.php 第 806 行.
NOTIC: [8] Undefined index: {callback} F:\PHP\wamp64\www\SIS.JXNU-B\Application\Common\Model\HyAllModel.class.php 第 806 行.
NOTIC: [8] Undefined index: list F:\PHP\wamp64\www\SIS.JXNU-B\Application\Common\Model\HyAllModel.class.php 第 605 行.
NOTIC: [8] Undefined index: {callback} F:\PHP\wamp64\www\SIS.JXNU-B\Application\Common\Model\HyAllModel.class.php 第 806 行.
SQL: SELECT `name` FROM `edu_category` WHERE `status` = 1 AND `id` = 5 LIMIT 1   [ RunTime:0.0010s ]
NOTIC: [8] Undefined index: {callback} F:\PHP\wamp64\www\SIS.JXNU-B\Application\Common\Model\HyAllModel.class.php 第 806 行.
NOTIC: [8] Undefined index: {callback} F:\PHP\wamp64\www\SIS.JXNU-B\Application\Common\Model\HyAllModel.class.php 第 806 行.
NOTIC: [8] Undefined index: language_id1 F:\PHP\wamp64\www\SIS.JXNU-B\Application\Common\Model\HyAllModel.class.php 第 811 行.
NOTIC: [8] Undefined index: callback F:\PHP\wamp64\www\SIS.JXNU-B\Application\Common\Model\HyAllModel.class.php 第 605 行.
NOTIC: [8] Undefined index: {callback} F:\PHP\wamp64\www\SIS.JXNU-B\Application\Common\Model\HyAllModel.class.php 第 806 行.
NOTIC: [8] Undefined index: callback F:\PHP\wamp64\www\SIS.JXNU-B\Application\Common\Model\HyAllModel.class.php 第 605 行.
NOTIC: [8] Undefined index: {callback} F:\PHP\wamp64\www\SIS.JXNU-B\Application\Common\Model\HyAllModel.class.php 第 806 行.
NOTIC: [8] Undefined index: {callback} F:\PHP\wamp64\www\SIS.JXNU-B\Application\Common\Model\HyAllModel.class.php 第 806 行.
NOTIC: [8] Undefined index: list F:\PHP\wamp64\www\SIS.JXNU-B\Application\Common\Model\HyAllModel.class.php 第 605 行.
NOTIC: [8] Undefined index: {callback} F:\PHP\wamp64\www\SIS.JXNU-B\Application\Common\Model\HyAllModel.class.php 第 806 行.
SQL: SELECT `name` FROM `edu_category` WHERE `status` = 1 AND `id` = 6 LIMIT 1   [ RunTime:0.0010s ]
NOTIC: [8] Undefined index: {callback} F:\PHP\wamp64\www\SIS.JXNU-B\Application\Common\Model\HyAllModel.class.php 第 806 行.
NOTIC: [8] Undefined index: {callback} F:\PHP\wamp64\www\SIS.JXNU-B\Application\Common\Model\HyAllModel.class.php 第 806 行.
NOTIC: [8] Undefined index: language_id1 F:\PHP\wamp64\www\SIS.JXNU-B\Application\Common\Model\HyAllModel.class.php 第 811 行.
NOTIC: [8] Undefined index: callback F:\PHP\wamp64\www\SIS.JXNU-B\Application\Common\Model\HyAllModel.class.php 第 605 行.
NOTIC: [8] Undefined index: {callback} F:\PHP\wamp64\www\SIS.JXNU-B\Application\Common\Model\HyAllModel.class.php 第 806 行.
NOTIC: [8] Undefined index: callback F:\PHP\wamp64\www\SIS.JXNU-B\Application\Common\Model\HyAllModel.class.php 第 605 行.
NOTIC: [8] Undefined index: {callback} F:\PHP\wamp64\www\SIS.JXNU-B\Application\Common\Model\HyAllModel.class.php 第 806 行.
NOTIC: [8] Undefined index: {callback} F:\PHP\wamp64\www\SIS.JXNU-B\Application\Common\Model\HyAllModel.class.php 第 806 行.
NOTIC: [8] Undefined index: info F:\PHP\wamp64\www\SIS.JXNU-B\Application\Common\Model\HyAllModel.class.php 第 470 行.
INFO: [ hy_log ] --START--
INFO: Run Common\Behavior\HyLogBehavior [ RunTime:0.000000s ]
INFO: [ hy_log ] --END-- [ RunTime:-0.113007s ]

[ 2016-09-03T20:01:24+08:00 ] ::1 /SIS.JXNU-B/index.php/Category/Category/ajax?q=list
INFO: [ app_init ] --START--
INFO: Run Behavior\BuildLiteBehavior [ RunTime:0.001000s ]
INFO: [ app_init ] --END-- [ RunTime:0.003000s ]
INFO: [ app_begin ] --START--
INFO: Run Behavior\ReadHtmlCacheBehavior [ RunTime:0.005000s ]
INFO: [ app_begin ] --END-- [ RunTime:0.005000s ]
NOTIC: [8192] mysql_connect(): The mysql extension is deprecated and will be removed in the future: use mysqli or PDO instead F:\PHP\wamp64\www\SIS.JXNU-B\HomyitCore\Library\Think\Session\Driver\Db.class.php 第 95 行.
INFO: [ action_begin ] --START--
INFO: Run Common\Behavior\HyLogBehavior [ RunTime:0.004000s ]
INFO: [ action_begin ] --END-- [ RunTime:0.004000s ]
NOTIC: [2048] Declaration of Common\Model\HyFrameModel::find() should be compatible with Think\Model::find($options = Array) F:\PHP\wamp64\www\SIS.JXNU-B\Application\Common\Model\HyFrameModel.class.php 第 13 行.
NOTIC: [8] Undefined index: model F:\PHP\wamp64\www\SIS.JXNU-B\Application\Common\Controller\HyFrameController.class.php 第 42 行.
SQL: SHOW COLUMNS FROM `edu_category` [ RunTime:0.0050s ]
INFO: [ hy_log ] --START--
NOTIC: [8] Undefined variable: sql F:\PHP\wamp64\www\SIS.JXNU-B\Application\Common\Behavior\HyLogBehavior.class.php 第 31 行.
INFO: Run Common\Behavior\HyLogBehavior [ RunTime:0.001000s ]
INFO: [ hy_log ] --END-- [ RunTime:0.001000s ]
INFO: [ hy_log ] --START--
NOTIC: [8] Undefined index: style F:\PHP\wamp64\www\SIS.JXNU-B\Application\Common\Behavior\HyLogBehavior.class.php 第 23 行.
NOTIC: [8] Undefined index: sql F:\PHP\wamp64\www\SIS.JXNU-B\Application\Common\Behavior\HyLogBehavior.class.php 第 25 行.
INFO: Run Common\Behavior\HyLogBehavior [ RunTime:0.000000s ]
INFO: [ hy_log ] --END-- [ RunTime:-0.001000s ]
NOTIC: [8] Undefined index: limit F:\PHP\wamp64\www\SIS.JXNU-B\Application\Common\Model\HyFrameModel.class.php 第 160 行.
NOTIC: [8] Undefined index: order F:\PHP\wamp64\www\SIS.JXNU-B\Application\Common\Model\HyFrameModel.class.php 第 162 行.
NOTIC: [8] Undefined index: field F:\PHP\wamp64\www\SIS.JXNU-B\Application\Common\Model\HyFrameModel.class.php 第 170 行.
INFO: [ hy_log ] --START--
NOTIC: [8] Undefined index: style F:\PHP\wamp64\www\SIS.JXNU-B\Application\Common\Behavior\HyLogBehavior.class.php 第 23 行.
NOTIC: [8] Undefined index: sql F:\PHP\wamp64\www\SIS.JXNU-B\Application\Common\Behavior\HyLogBehavior.class.php 第 25 行.
INFO: Run Common\Behavior\HyLogBehavior [ RunTime:0.001000s ]
INFO: [ hy_log ] --END-- [ RunTime:-0.003000s ]
NOTIC: [8] Undefined index: where F:\PHP\wamp64\www\SIS.JXNU-B\Application\Common\Model\HyFrameModel.class.php 第 189 行.
NOTIC: [8] Undefined offset: 4 F:\PHP\wamp64\www\SIS.JXNU-B\Application\Common\Model\HyFrameModel.class.php 第 214 行.
NOTIC: [8] Undefined offset: 5 F:\PHP\wamp64\www\SIS.JXNU-B\Application\Common\Model\HyFrameModel.class.php 第 220 行.
NOTIC: [8] Undefined offset: 4 F:\PHP\wamp64\www\SIS.JXNU-B\Application\Common\Model\HyFrameModel.class.php 第 221 行.
NOTIC: [8] Undefined index: decrypt F:\PHP\wamp64\www\SIS.JXNU-B\Application\Common\Model\HyFrameModel.class.php 第 241 行.
SQL: SHOW COLUMNS FROM `edu_category` [ RunTime:0.0040s ]
SQL: SELECT 1 FROM `edu_category` `hy` INNER JOIN `edu_language` AS `language` ON hy.language_id = language.id LEFT JOIN `edu_category` AS `category` ON hy.pid = category.id  WHERE hy.status = 1  [ RunTime:0.0050s ]
INFO: [ hy_log ] --START--
NOTIC: [8] Undefined index: style F:\PHP\wamp64\www\SIS.JXNU-B\Application\Common\Behavior\HyLogBehavior.class.php 第 23 行.
NOTIC: [8] Undefined index: sql F:\PHP\wamp64\www\SIS.JXNU-B\Application\Common\Behavior\HyLogBehavior.class.php 第 25 行.
INFO: Run Common\Behavior\HyLogBehavior [ RunTime:0.000000s ]
INFO: [ hy_log ] --END-- [ RunTime:-0.019001s ]
NOTIC: [8] Undefined index: order F:\PHP\wamp64\www\SIS.JXNU-B\Application\Common\Model\HyAllModel.class.php 第 577 行.
NOTIC: [8] Undefined index: table F:\PHP\wamp64\www\SIS.JXNU-B\Application\Common\Model\HyAllModel.class.php 第 578 行.
NOTIC: [8] Undefined index: hy F:\PHP\wamp64\www\SIS.JXNU-B\Application\Common\Model\HyFrameModel.class.php 第 140 行.
NOTIC: [8] Undefined index: associate F:\PHP\wamp64\www\SIS.JXNU-B\Application\Common\Model\HyFrameModel.class.php 第 141 行.
SQL: SHOW COLUMNS FROM `edu_category` [ RunTime:0.0010s ]
SQL: SELECT hy.id,hy.pid,hy.name,hy.nav_show,hy.language_id,hy.rank,hy.remark,hy.switch,hy.status,language.language,category.name AS `pid_text` FROM `edu_category` `hy` INNER JOIN `edu_language` AS `language` ON hy.language_id = language.id LEFT JOIN `edu_category` AS `category` ON hy.pid = category.id  WHERE hy.status = 1 ORDER BY hy.rank asc LIMIT 0,10   [ RunTime:0.0010s ]
NOTIC: [8] Undefined index: title F:\PHP\wamp64\www\SIS.JXNU-B\Application\Common\Model\HyAllModel.class.php 第 595 行.
NOTIC: [8] Undefined index: hidden F:\PHP\wamp64\www\SIS.JXNU-B\Application\Common\Model\HyAllModel.class.php 第 595 行.
NOTIC: [8] Undefined index: hidden F:\PHP\wamp64\www\SIS.JXNU-B\Application\Common\Model\HyAllModel.class.php 第 595 行.
NOTIC: [8] Undefined index: title F:\PHP\wamp64\www\SIS.JXNU-B\Application\Common\Model\HyAllModel.class.php 第 595 行.
NOTIC: [8] Undefined index: hidden F:\PHP\wamp64\www\SIS.JXNU-B\Application\Common\Model\HyAllModel.class.php 第 595 行.
NOTIC: [8] Undefined index: hidden F:\PHP\wamp64\www\SIS.JXNU-B\Application\Common\Model\HyAllModel.class.php 第 595 行.
NOTIC: [8] Undefined index: hidden F:\PHP\wamp64\www\SIS.JXNU-B\Application\Common\Model\HyAllModel.class.php 第 595 行.
NOTIC: [8] Undefined index: hidden F:\PHP\wamp64\www\SIS.JXNU-B\Application\Common\Model\HyAllModel.class.php 第 595 行.
NOTIC: [8] Undefined index: hidden F:\PHP\wamp64\www\SIS.JXNU-B\Application\Common\Model\HyAllModel.class.php 第 595 行.
NOTIC: [8] Undefined index: list F:\PHP\wamp64\www\SIS.JXNU-B\Application\Common\Model\HyAllModel.class.php 第 605 行.
NOTIC: [8] Undefined index: {callback} F:\PHP\wamp64\www\SIS.JXNU-B\Application\Common\Model\HyAllModel.class.php 第 806 行.
SQL: SELECT `name` FROM `edu_category` WHERE `status` = 1 AND `id` = 3 LIMIT 1   [ RunTime:0.0010s ]
NOTIC: [8] Undefined index: {callback} F:\PHP\wamp64\www\SIS.JXNU-B\Application\Common\Model\HyAllModel.class.php 第 806 行.
NOTIC: [8] Undefined index: {callback} F:\PHP\wamp64\www\SIS.JXNU-B\Application\Common\Model\HyAllModel.class.php 第 806 行.
NOTIC: [8] Undefined index: language_id1 F:\PHP\wamp64\www\SIS.JXNU-B\Application\Common\Model\HyAllModel.class.php 第 811 行.
NOTIC: [8] Undefined index: callback F:\PHP\wamp64\www\SIS.JXNU-B\Application\Common\Model\HyAllModel.class.php 第 605 行.
NOTIC: [8] Undefined index: {callback} F:\PHP\wamp64\www\SIS.JXNU-B\Application\Common\Model\HyAllModel.class.php 第 806 行.
NOTIC: [8] Undefined index: callback F:\PHP\wamp64\www\SIS.JXNU-B\Application\Common\Model\HyAllModel.class.php 第 605 行.
NOTIC: [8] Undefined index: {callback} F:\PHP\wamp64\www\SIS.JXNU-B\Application\Common\Model\HyAllModel.class.php 第 806 行.
NOTIC: [8] Undefined index: {callback} F:\PHP\wamp64\www\SIS.JXNU-B\Application\Common\Model\HyAllModel.class.php 第 806 行.
NOTIC: [8] Undefined index: list F:\PHP\wamp64\www\SIS.JXNU-B\Application\Common\Model\HyAllModel.class.php 第 605 行.
NOTIC: [8] Undefined index: {callback} F:\PHP\wamp64\www\SIS.JXNU-B\Application\Common\Model\HyAllModel.class.php 第 806 行.
NOTIC: [8] Undefined index: {callback} F:\PHP\wamp64\www\SIS.JXNU-B\Application\Common\Model\HyAllModel.class.php 第 806 行.
NOTIC: [8] Undefined index: {callback} F:\PHP\wamp64\www\SIS.JXNU-B\Application\Common\Model\HyAllModel.class.php 第 806 行.
NOTIC: [8] Undefined index: language_id1 F:\PHP\wamp64\www\SIS.JXNU-B\Application\Common\Model\HyAllModel.class.php 第 811 行.
NOTIC: [8] Undefined index: callback F:\PHP\wamp64\www\SIS.JXNU-B\Application\Common\Model\HyAllModel.class.php 第 605 行.
NOTIC: [8] Undefined index: {callback} F:\PHP\wamp64\www\SIS.JXNU-B\Application\Common\Model\HyAllModel.class.php 第 806 行.
NOTIC: [8] Undefined index: callback F:\PHP\wamp64\www\SIS.JXNU-B\Application\Common\Model\HyAllModel.class.php 第 605 行.
NOTIC: [8] Undefined index: {callback} F:\PHP\wamp64\www\SIS.JXNU-B\Application\Common\Model\HyAllModel.class.php 第 806 行.
NOTIC: [8] Undefined index: {callback} F:\PHP\wamp64\www\SIS.JXNU-B\Application\Common\Model\HyAllModel.class.php 第 806 行.
NOTIC: [8] Undefined index: list F:\PHP\wamp64\www\SIS.JXNU-B\Application\Common\Model\HyAllModel.class.php 第 605 行.
NOTIC: [8] Undefined index: {callback} F:\PHP\wamp64\www\SIS.JXNU-B\Application\Common\Model\HyAllModel.class.php 第 806 行.
NOTIC: [8] Undefined index: {callback} F:\PHP\wamp64\www\SIS.JXNU-B\Application\Common\Model\HyAllModel.class.php 第 806 行.
NOTIC: [8] Undefined index: {callback} F:\PHP\wamp64\www\SIS.JXNU-B\Application\Common\Model\HyAllModel.class.php 第 806 行.
NOTIC: [8] Undefined index: language_id1 F:\PHP\wamp64\www\SIS.JXNU-B\Application\Common\Model\HyAllModel.class.php 第 811 行.
NOTIC: [8] Undefined index: callback F:\PHP\wamp64\www\SIS.JXNU-B\Application\Common\Model\HyAllModel.class.php 第 605 行.
NOTIC: [8] Undefined index: {callback} F:\PHP\wamp64\www\SIS.JXNU-B\Application\Common\Model\HyAllModel.class.php 第 806 行.
NOTIC: [8] Undefined index: callback F:\PHP\wamp64\www\SIS.JXNU-B\Application\Common\Model\HyAllModel.class.php 第 605 行.
NOTIC: [8] Undefined index: {callback} F:\PHP\wamp64\www\SIS.JXNU-B\Application\Common\Model\HyAllModel.class.php 第 806 行.
NOTIC: [8] Undefined index: {callback} F:\PHP\wamp64\www\SIS.JXNU-B\Application\Common\Model\HyAllModel.class.php 第 806 行.
NOTIC: [8] Undefined index: list F:\PHP\wamp64\www\SIS.JXNU-B\Application\Common\Model\HyAllModel.class.php 第 605 行.
NOTIC: [8] Undefined index: {callback} F:\PHP\wamp64\www\SIS.JXNU-B\Application\Common\Model\HyAllModel.class.php 第 806 行.
SQL: SELECT `name` FROM `edu_category` WHERE `status` = 1 AND `id` = 2 LIMIT 1   [ RunTime:0.0010s ]
NOTIC: [8] Undefined index: {callback} F:\PHP\wamp64\www\SIS.JXNU-B\Application\Common\Model\HyAllModel.class.php 第 806 行.
NOTIC: [8] Undefined index: {callback} F:\PHP\wamp64\www\SIS.JXNU-B\Application\Common\Model\HyAllModel.class.php 第 806 行.
NOTIC: [8] Undefined index: language_id1 F:\PHP\wamp64\www\SIS.JXNU-B\Application\Common\Model\HyAllModel.class.php 第 811 行.
NOTIC: [8] Undefined index: callback F:\PHP\wamp64\www\SIS.JXNU-B\Application\Common\Model\HyAllModel.class.php 第 605 行.
NOTIC: [8] Undefined index: {callback} F:\PHP\wamp64\www\SIS.JXNU-B\Application\Common\Model\HyAllModel.class.php 第 806 行.
NOTIC: [8] Undefined index: callback F:\PHP\wamp64\www\SIS.JXNU-B\Application\Common\Model\HyAllModel.class.php 第 605 行.
NOTIC: [8] Undefined index: {callback} F:\PHP\wamp64\www\SIS.JXNU-B\Application\Common\Model\HyAllModel.class.php 第 806 行.
NOTIC: [8] Undefined index: {callback} F:\PHP\wamp64\www\SIS.JXNU-B\Application\Common\Model\HyAllModel.class.php 第 806 行.
NOTIC: [8] Undefined index: list F:\PHP\wamp64\www\SIS.JXNU-B\Application\Common\Model\HyAllModel.class.php 第 605 行.
NOTIC: [8] Undefined index: {callback} F:\PHP\wamp64\www\SIS.JXNU-B\Application\Common\Model\HyAllModel.class.php 第 806 行.
SQL: SELECT `name` FROM `edu_category` WHERE `status` = 1 AND `id` = 1 LIMIT 1   [ RunTime:0.0010s ]
NOTIC: [8] Undefined index: {callback} F:\PHP\wamp64\www\SIS.JXNU-B\Application\Common\Model\HyAllModel.class.php 第 806 行.
NOTIC: [8] Undefined index: {callback} F:\PHP\wamp64\www\SIS.JXNU-B\Application\Common\Model\HyAllModel.class.php 第 806 行.
NOTIC: [8] Undefined index: language_id1 F:\PHP\wamp64\www\SIS.JXNU-B\Application\Common\Model\HyAllModel.class.php 第 811 行.
NOTIC: [8] Undefined index: callback F:\PHP\wamp64\www\SIS.JXNU-B\Application\Common\Model\HyAllModel.class.php 第 605 行.
NOTIC: [8] Undefined index: {callback} F:\PHP\wamp64\www\SIS.JXNU-B\Application\Common\Model\HyAllModel.class.php 第 806 行.
NOTIC: [8] Undefined index: callback F:\PHP\wamp64\www\SIS.JXNU-B\Application\Common\Model\HyAllModel.class.php 第 605 行.
NOTIC: [8] Undefined index: {callback} F:\PHP\wamp64\www\SIS.JXNU-B\Application\Common\Model\HyAllModel.class.php 第 806 行.
NOTIC: [8] Undefined index: {callback} F:\PHP\wamp64\www\SIS.JXNU-B\Application\Common\Model\HyAllModel.class.php 第 806 行.
NOTIC: [8] Undefined index: list F:\PHP\wamp64\www\SIS.JXNU-B\Application\Common\Model\HyAllModel.class.php 第 605 行.
NOTIC: [8] Undefined index: {callback} F:\PHP\wamp64\www\SIS.JXNU-B\Application\Common\Model\HyAllModel.class.php 第 806 行.
SQL: SELECT `name` FROM `edu_category` WHERE `status` = 1 AND `id` = 3 LIMIT 1   [ RunTime:0.0000s ]
NOTIC: [8] Undefined index: {callback} F:\PHP\wamp64\www\SIS.JXNU-B\Application\Common\Model\HyAllModel.class.php 第 806 行.
NOTIC: [8] Undefined index: {callback} F:\PHP\wamp64\www\SIS.JXNU-B\Application\Common\Model\HyAllModel.class.php 第 806 行.
NOTIC: [8] Undefined index: language_id1 F:\PHP\wamp64\www\SIS.JXNU-B\Application\Common\Model\HyAllModel.class.php 第 811 行.
NOTIC: [8] Undefined index: callback F:\PHP\wamp64\www\SIS.JXNU-B\Application\Common\Model\HyAllModel.class.php 第 605 行.
NOTIC: [8] Undefined index: {callback} F:\PHP\wamp64\www\SIS.JXNU-B\Application\Common\Model\HyAllModel.class.php 第 806 行.
NOTIC: [8] Undefined index: callback F:\PHP\wamp64\www\SIS.JXNU-B\Application\Common\Model\HyAllModel.class.php 第 605 行.
NOTIC: [8] Undefined index: {callback} F:\PHP\wamp64\www\SIS.JXNU-B\Application\Common\Model\HyAllModel.class.php 第 806 行.
NOTIC: [8] Undefined index: {callback} F:\PHP\wamp64\www\SIS.JXNU-B\Application\Common\Model\HyAllModel.class.php 第 806 行.
NOTIC: [8] Undefined index: list F:\PHP\wamp64\www\SIS.JXNU-B\Application\Common\Model\HyAllModel.class.php 第 605 行.
NOTIC: [8] Undefined index: {callback} F:\PHP\wamp64\www\SIS.JXNU-B\Application\Common\Model\HyAllModel.class.php 第 806 行.
SQL: SELECT `name` FROM `edu_category` WHERE `status` = 1 AND `id` = 4 LIMIT 1   [ RunTime:0.0010s ]
NOTIC: [8] Undefined index: {callback} F:\PHP\wamp64\www\SIS.JXNU-B\Application\Common\Model\HyAllModel.class.php 第 806 行.
NOTIC: [8] Undefined index: {callback} F:\PHP\wamp64\www\SIS.JXNU-B\Application\Common\Model\HyAllModel.class.php 第 806 行.
NOTIC: [8] Undefined index: language_id1 F:\PHP\wamp64\www\SIS.JXNU-B\Application\Common\Model\HyAllModel.class.php 第 811 行.
NOTIC: [8] Undefined index: callback F:\PHP\wamp64\www\SIS.JXNU-B\Application\Common\Model\HyAllModel.class.php 第 605 行.
NOTIC: [8] Undefined index: {callback} F:\PHP\wamp64\www\SIS.JXNU-B\Application\Common\Model\HyAllModel.class.php 第 806 行.
NOTIC: [8] Undefined index: callback F:\PHP\wamp64\www\SIS.JXNU-B\Application\Common\Model\HyAllModel.class.php 第 605 行.
NOTIC: [8] Undefined index: {callback} F:\PHP\wamp64\www\SIS.JXNU-B\Application\Common\Model\HyAllModel.class.php 第 806 行.
NOTIC: [8] Undefined index: {callback} F:\PHP\wamp64\www\SIS.JXNU-B\Application\Common\Model\HyAllModel.class.php 第 806 行.
NOTIC: [8] Undefined index: list F:\PHP\wamp64\www\SIS.JXNU-B\Application\Common\Model\HyAllModel.class.php 第 605 行.
NOTIC: [8] Undefined index: {callback} F:\PHP\wamp64\www\SIS.JXNU-B\Application\Common\Model\HyAllModel.class.php 第 806 行.
SQL: SELECT `name` FROM `edu_category` WHERE `status` = 1 AND `id` = 5 LIMIT 1   [ RunTime:0.0000s ]
NOTIC: [8] Undefined index: {callback} F:\PHP\wamp64\www\SIS.JXNU-B\Application\Common\Model\HyAllModel.class.php 第 806 行.
NOTIC: [8] Undefined index: {callback} F:\PHP\wamp64\www\SIS.JXNU-B\Application\Common\Model\HyAllModel.class.php 第 806 行.
NOTIC: [8] Undefined index: language_id1 F:\PHP\wamp64\www\SIS.JXNU-B\Application\Common\Model\HyAllModel.class.php 第 811 行.
NOTIC: [8] Undefined index: callback F:\PHP\wamp64\www\SIS.JXNU-B\Application\Common\Model\HyAllModel.class.php 第 605 行.
NOTIC: [8] Undefined index: {callback} F:\PHP\wamp64\www\SIS.JXNU-B\Application\Common\Model\HyAllModel.class.php 第 806 行.
NOTIC: [8] Undefined index: callback F:\PHP\wamp64\www\SIS.JXNU-B\Application\Common\Model\HyAllModel.class.php 第 605 行.
NOTIC: [8] Undefined index: {callback} F:\PHP\wamp64\www\SIS.JXNU-B\Application\Common\Model\HyAllModel.class.php 第 806 行.
NOTIC: [8] Undefined index: {callback} F:\PHP\wamp64\www\SIS.JXNU-B\Application\Common\Model\HyAllModel.class.php 第 806 行.
NOTIC: [8] Undefined index: list F:\PHP\wamp64\www\SIS.JXNU-B\Application\Common\Model\HyAllModel.class.php 第 605 行.
NOTIC: [8] Undefined index: {callback} F:\PHP\wamp64\www\SIS.JXNU-B\Application\Common\Model\HyAllModel.class.php 第 806 行.
SQL: SELECT `name` FROM `edu_category` WHERE `status` = 1 AND `id` = 5 LIMIT 1   [ RunTime:0.0000s ]
NOTIC: [8] Undefined index: {callback} F:\PHP\wamp64\www\SIS.JXNU-B\Application\Common\Model\HyAllModel.class.php 第 806 行.
NOTIC: [8] Undefined index: {callback} F:\PHP\wamp64\www\SIS.JXNU-B\Application\Common\Model\HyAllModel.class.php 第 806 行.
NOTIC: [8] Undefined index: language_id1 F:\PHP\wamp64\www\SIS.JXNU-B\Application\Common\Model\HyAllModel.class.php 第 811 行.
NOTIC: [8] Undefined index: callback F:\PHP\wamp64\www\SIS.JXNU-B\Application\Common\Model\HyAllModel.class.php 第 605 行.
NOTIC: [8] Undefined index: {callback} F:\PHP\wamp64\www\SIS.JXNU-B\Application\Common\Model\HyAllModel.class.php 第 806 行.
NOTIC: [8] Undefined index: callback F:\PHP\wamp64\www\SIS.JXNU-B\Application\Common\Model\HyAllModel.class.php 第 605 行.
NOTIC: [8] Undefined index: {callback} F:\PHP\wamp64\www\SIS.JXNU-B\Application\Common\Model\HyAllModel.class.php 第 806 行.
NOTIC: [8] Undefined index: {callback} F:\PHP\wamp64\www\SIS.JXNU-B\Application\Common\Model\HyAllModel.class.php 第 806 行.
NOTIC: [8] Undefined index: list F:\PHP\wamp64\www\SIS.JXNU-B\Application\Common\Model\HyAllModel.class.php 第 605 行.
NOTIC: [8] Undefined index: {callback} F:\PHP\wamp64\www\SIS.JXNU-B\Application\Common\Model\HyAllModel.class.php 第 806 行.
SQL: SELECT `name` FROM `edu_category` WHERE `status` = 1 AND `id` = 6 LIMIT 1   [ RunTime:0.0010s ]
NOTIC: [8] Undefined index: {callback} F:\PHP\wamp64\www\SIS.JXNU-B\Application\Common\Model\HyAllModel.class.php 第 806 行.
NOTIC: [8] Undefined index: {callback} F:\PHP\wamp64\www\SIS.JXNU-B\Application\Common\Model\HyAllModel.class.php 第 806 行.
NOTIC: [8] Undefined index: language_id1 F:\PHP\wamp64\www\SIS.JXNU-B\Application\Common\Model\HyAllModel.class.php 第 811 行.
NOTIC: [8] Undefined index: callback F:\PHP\wamp64\www\SIS.JXNU-B\Application\Common\Model\HyAllModel.class.php 第 605 行.
NOTIC: [8] Undefined index: {callback} F:\PHP\wamp64\www\SIS.JXNU-B\Application\Common\Model\HyAllModel.class.php 第 806 行.
NOTIC: [8] Undefined index: callback F:\PHP\wamp64\www\SIS.JXNU-B\Application\Common\Model\HyAllModel.class.php 第 605 行.
NOTIC: [8] Undefined index: {callback} F:\PHP\wamp64\www\SIS.JXNU-B\Application\Common\Model\HyAllModel.class.php 第 806 行.
NOTIC: [8] Undefined index: {callback} F:\PHP\wamp64\www\SIS.JXNU-B\Application\Common\Model\HyAllModel.class.php 第 806 行.
NOTIC: [8] Undefined index: info F:\PHP\wamp64\www\SIS.JXNU-B\Application\Common\Model\HyAllModel.class.php 第 470 行.
INFO: [ hy_log ] --START--
INFO: Run Common\Behavior\HyLogBehavior [ RunTime:0.000000s ]
INFO: [ hy_log ] --END-- [ RunTime:-0.076005s ]

