[ 2016-09-15T11:56:52+08:00 ] ::1 /SIS.JXNU-B/index.php/QuestionCategory/QuestionCategory/all.html
INFO: [ app_init ] --START--
INFO: Run Behavior\BuildLiteBehavior [ RunTime:0.000000s ]
INFO: [ app_init ] --END-- [ RunTime:0.001000s ]
INFO: [ app_begin ] --START--
INFO: Run Behavior\ReadHtmlCacheBehavior [ RunTime:0.001000s ]
INFO: [ app_begin ] --END-- [ RunTime:0.001000s ]
NOTIC: [8192] mysql_connect(): The mysql extension is deprecated and will be removed in the future: use mysqli or PDO instead F:\PHP\wamp64\www\SIS.JXNU-B\HomyitCore\Library\Think\Session\Driver\Db.class.php 第 95 行.
INFO: [ action_begin ] --START--
INFO: Run Common\Behavior\HyLogBehavior [ RunTime:0.001000s ]
INFO: [ action_begin ] --END-- [ RunTime:0.002000s ]
NOTIC: [2048] Declaration of Common\Model\HyFrameModel::find() should be compatible with Think\Model::find($options = Array) F:\PHP\wamp64\www\SIS.JXNU-B\Application\Common\Model\HyFrameModel.class.php 第 13 行.
NOTIC: [8] Undefined index: model F:\PHP\wamp64\www\SIS.JXNU-B\Application\Common\Controller\HyFrameController.class.php 第 42 行.
SQL: SHOW COLUMNS FROM `edu_question_category` [ RunTime:0.1470s ]
INFO: [ hy_log ] --START--
NOTIC: [8] Undefined variable: sql F:\PHP\wamp64\www\SIS.JXNU-B\Application\Common\Behavior\HyLogBehavior.class.php 第 31 行.
INFO: Run Common\Behavior\HyLogBehavior [ RunTime:0.000000s ]
INFO: [ hy_log ] --END-- [ RunTime:0.000000s ]
INFO: [ hy_log ] --START--
NOTIC: [8] Undefined index: style F:\PHP\wamp64\www\SIS.JXNU-B\Application\Common\Behavior\HyLogBehavior.class.php 第 23 行.
NOTIC: [8] Undefined index: sql F:\PHP\wamp64\www\SIS.JXNU-B\Application\Common\Behavior\HyLogBehavior.class.php 第 25 行.
INFO: Run Common\Behavior\HyLogBehavior [ RunTime:0.000000s ]
INFO: [ hy_log ] --END-- [ RunTime:-0.001000s ]
NOTIC: [8] Undefined index: all F:\PHP\wamp64\www\SIS.JXNU-B\Application\Common\Model\HyAllModel.class.php 第 922 行.
NOTIC: [8] Undefined index: tips F:\PHP\wamp64\www\SIS.JXNU-B\Application\Common\Model\HyAllModel.class.php 第 452 行.
NOTIC: [8] Undefined index: search F:\PHP\wamp64\www\SIS.JXNU-B\Application\Common\Model\HyAllModel.class.php 第 428 行.
SQL: SHOW COLUMNS FROM `edu_question_category` [ RunTime:0.0010s ]
SQL: SELECT `id`,`name` FROM `edu_question_category` WHERE `status` > 0  [ RunTime:0.0000s ]
NOTIC: [8] Undefined index: search F:\PHP\wamp64\www\SIS.JXNU-B\Application\Common\Model\HyAllModel.class.php 第 428 行.
SQL: SHOW COLUMNS FROM `edu_teacher` [ RunTime:0.0010s ]
SQL: SELECT `user_id` FROM `edu_teacher` WHERE `status` = 1  [ RunTime:0.0010s ]
SQL: SHOW COLUMNS FROM `edu_user` [ RunTime:0.0010s ]
NOTIC: [8] Use of undefined constant IN - assumed 'IN' F:\PHP\wamp64\www\SIS.JXNU-B\Application\QuestionCategory\Model\QuestionCategoryModel.class.php 第 208 行.
SQL: SELECT `id`,`name` FROM `edu_user` WHERE `id` IN ('1','4','2','3','9','18','20','21','22','23','33','34')  [ RunTime:0.0270s ]
NOTIC: [8] Undefined index: search F:\PHP\wamp64\www\SIS.JXNU-B\Application\Common\Model\HyAllModel.class.php 第 428 行.
NOTIC: [8] Undefined index: search F:\PHP\wamp64\www\SIS.JXNU-B\Application\Common\Model\HyAllModel.class.php 第 428 行.
NOTIC: [8] Undefined index: search F:\PHP\wamp64\www\SIS.JXNU-B\Application\Common\Model\HyAllModel.class.php 第 428 行.
INFO: [ before_view ] --START--
SQL: SHOW COLUMNS FROM `edu_frame_alert` [ RunTime:0.0020s ]
SQL: SELECT `id`,`category`,`icon`,`message`,`url`,`type`,`create_time` FROM `edu_frame_alert` where `to_users` LIKE '%,18,%' AND ( IFNULL(`read_users`,'')='' OR `read_users` NOT LIKE '%,18,%') AND `status`=1 ORDER BY `id` DESC [ RunTime:0.0020s ]
INFO: Run Common\Behavior\HyBeforeViewBehavior [ RunTime:0.014001s ]
INFO: [ before_view ] --END-- [ RunTime:0.014001s ]
INFO: [ view_parse ] --START--
INFO: [ template_filter ] --START--
INFO: Run Behavior\ContentReplaceBehavior [ RunTime:0.001000s ]
INFO: [ template_filter ] --END-- [ RunTime:0.002000s ]
NOTIC: [8] Undefined variable: _middle F:\PHP\wamp64\www\SIS.JXNU-B\Runtime\Cache\QuestionCategory\9c07dc003a2105c82c74ba68c02f614c.php 第 204 行.
NOTIC: [8] Undefined variable: _bottom F:\PHP\wamp64\www\SIS.JXNU-B\Runtime\Cache\QuestionCategory\9c07dc003a2105c82c74ba68c02f614c.php 第 223 行.
NOTIC: [8] Undefined variable: _script F:\PHP\wamp64\www\SIS.JXNU-B\Runtime\Cache\QuestionCategory\9c07dc003a2105c82c74ba68c02f614c.php 第 282 行.
NOTIC: [8] Undefined variable: hyMenu F:\PHP\wamp64\www\SIS.JXNU-B\Runtime\Cache\QuestionCategory\9c07dc003a2105c82c74ba68c02f614c.php 第 295 行.
INFO: Run Behavior\ParseTemplateBehavior [ RunTime:0.168010s ]
INFO: [ view_parse ] --END-- [ RunTime:0.168010s ]
INFO: [ view_filter ] --START--
INFO: Run Behavior\WriteHtmlCacheBehavior [ RunTime:0.002000s ]
INFO: [ view_filter ] --END-- [ RunTime:0.003000s ]
INFO: [ app_end ] --START--
INFO: Run Behavior\ShowPageTraceBehavior [ RunTime:0.003000s ]
INFO: [ app_end ] --END-- [ RunTime:0.003000s ]

[ 2016-09-15T11:56:54+08:00 ] ::1 /SIS.JXNU-B/index.php/QuestionCategory/QuestionCategory/ajax?q=list
INFO: [ app_init ] --START--
INFO: Run Behavior\BuildLiteBehavior [ RunTime:0.001000s ]
INFO: [ app_init ] --END-- [ RunTime:0.002000s ]
INFO: [ app_begin ] --START--
INFO: Run Behavior\ReadHtmlCacheBehavior [ RunTime:0.003000s ]
INFO: [ app_begin ] --END-- [ RunTime:0.003000s ]
NOTIC: [8192] mysql_connect(): The mysql extension is deprecated and will be removed in the future: use mysqli or PDO instead F:\PHP\wamp64\www\SIS.JXNU-B\HomyitCore\Library\Think\Session\Driver\Db.class.php 第 95 行.
INFO: [ action_begin ] --START--
INFO: Run Common\Behavior\HyLogBehavior [ RunTime:0.003000s ]
INFO: [ action_begin ] --END-- [ RunTime:0.003000s ]
NOTIC: [2048] Declaration of Common\Model\HyFrameModel::find() should be compatible with Think\Model::find($options = Array) F:\PHP\wamp64\www\SIS.JXNU-B\Application\Common\Model\HyFrameModel.class.php 第 13 行.
SQL: SHOW COLUMNS FROM `edu_question_category` [ RunTime:0.0040s ]
INFO: [ hy_log ] --START--
NOTIC: [8] Undefined variable: sql F:\PHP\wamp64\www\SIS.JXNU-B\Application\Common\Behavior\HyLogBehavior.class.php 第 31 行.
INFO: Run Common\Behavior\HyLogBehavior [ RunTime:0.001000s ]
INFO: [ hy_log ] --END-- [ RunTime:0.001000s ]
INFO: [ hy_log ] --START--
NOTIC: [8] Undefined index: style F:\PHP\wamp64\www\SIS.JXNU-B\Application\Common\Behavior\HyLogBehavior.class.php 第 23 行.
NOTIC: [8] Undefined index: sql F:\PHP\wamp64\www\SIS.JXNU-B\Application\Common\Behavior\HyLogBehavior.class.php 第 25 行.
INFO: Run Common\Behavior\HyLogBehavior [ RunTime:0.000000s ]
INFO: [ hy_log ] --END-- [ RunTime:0.000000s ]
NOTIC: [8] Undefined index: limit F:\PHP\wamp64\www\SIS.JXNU-B\Application\Common\Model\HyFrameModel.class.php 第 161 行.
NOTIC: [8] Undefined index: order F:\PHP\wamp64\www\SIS.JXNU-B\Application\Common\Model\HyFrameModel.class.php 第 163 行.
NOTIC: [8] Undefined index: field F:\PHP\wamp64\www\SIS.JXNU-B\Application\Common\Model\HyFrameModel.class.php 第 171 行.
NOTIC: [8] Undefined index: where F:\PHP\wamp64\www\SIS.JXNU-B\Application\Common\Model\HyFrameModel.class.php 第 190 行.
NOTIC: [8] Undefined index: decrypt F:\PHP\wamp64\www\SIS.JXNU-B\Application\Common\Model\HyFrameModel.class.php 第 242 行.
SQL: SHOW COLUMNS FROM `edu_question_category` [ RunTime:0.0020s ]
SQL: SELECT 1 FROM `edu_question_category` `hy` LEFT JOIN `edu_question_category` AS `question_category` ON hy.pid = question_category.id LEFT JOIN `edu_user` AS `user` ON hy.incharge_id = user.id  WHERE hy.status = 1  [ RunTime:0.0040s ]
INFO: [ hy_log ] --START--
NOTIC: [8] Undefined index: style F:\PHP\wamp64\www\SIS.JXNU-B\Application\Common\Behavior\HyLogBehavior.class.php 第 23 行.
NOTIC: [8] Undefined index: sql F:\PHP\wamp64\www\SIS.JXNU-B\Application\Common\Behavior\HyLogBehavior.class.php 第 25 行.
INFO: Run Common\Behavior\HyLogBehavior [ RunTime:0.001000s ]
INFO: [ hy_log ] --END-- [ RunTime:-0.017001s ]
NOTIC: [8] Undefined index: hy F:\PHP\wamp64\www\SIS.JXNU-B\Application\Common\Model\HyFrameModel.class.php 第 141 行.
NOTIC: [8] Undefined index: associate F:\PHP\wamp64\www\SIS.JXNU-B\Application\Common\Model\HyFrameModel.class.php 第 142 行.
SQL: SHOW COLUMNS FROM `edu_question_category` [ RunTime:0.0020s ]
SQL: SELECT hy.id,hy.pid,hy.name,hy.incharge_id,hy.rank,hy.remark,hy.status,question_category.name AS `category_name`,user.name AS `user_name` FROM `edu_question_category` `hy` LEFT JOIN `edu_question_category` AS `question_category` ON hy.pid = question_category.id LEFT JOIN `edu_user` AS `user` ON hy.incharge_id = user.id  WHERE hy.status = 1 ORDER BY hy.id desc LIMIT 10   [ RunTime:0.0040s ]
NOTIC: [8] Undefined index: hidden F:\PHP\wamp64\www\SIS.JXNU-B\Application\Common\Model\HyAllModel.class.php 第 595 行.
NOTIC: [8] Undefined index: hidden F:\PHP\wamp64\www\SIS.JXNU-B\Application\Common\Model\HyAllModel.class.php 第 595 行.
NOTIC: [8] Undefined index: hidden F:\PHP\wamp64\www\SIS.JXNU-B\Application\Common\Model\HyAllModel.class.php 第 595 行.
NOTIC: [8] Undefined index: hidden F:\PHP\wamp64\www\SIS.JXNU-B\Application\Common\Model\HyAllModel.class.php 第 595 行.
NOTIC: [8] Undefined index: hidden F:\PHP\wamp64\www\SIS.JXNU-B\Application\Common\Model\HyAllModel.class.php 第 595 行.
NOTIC: [8] Undefined index: hidden F:\PHP\wamp64\www\SIS.JXNU-B\Application\Common\Model\HyAllModel.class.php 第 595 行.
NOTIC: [8] Undefined index: {callback} F:\PHP\wamp64\www\SIS.JXNU-B\Application\Common\Model\HyAllModel.class.php 第 806 行.
SQL: SELECT `id` FROM `edu_question_category` WHERE `id` = 1 LIMIT 1   [ RunTime:0.0020s ]
SQL: SELECT `name` FROM `edu_question_category` WHERE `id` = 1 LIMIT 1   [ RunTime:0.0020s ]
NOTIC: [8] Undefined index: callback F:\PHP\wamp64\www\SIS.JXNU-B\Application\Common\Model\HyAllModel.class.php 第 605 行.
NOTIC: [8] Undefined index: {callback} F:\PHP\wamp64\www\SIS.JXNU-B\Application\Common\Model\HyAllModel.class.php 第 806 行.
SQL: SHOW COLUMNS FROM `edu_user` [ RunTime:0.0020s ]
SQL: SELECT `name` FROM `edu_user` WHERE `id` = 33 LIMIT 1   [ RunTime:0.0010s ]
NOTIC: [8] Undefined index: callback F:\PHP\wamp64\www\SIS.JXNU-B\Application\Common\Model\HyAllModel.class.php 第 605 行.
NOTIC: [8] Undefined index: callback F:\PHP\wamp64\www\SIS.JXNU-B\Application\Common\Model\HyAllModel.class.php 第 605 行.
NOTIC: [8] Undefined index: {callback} F:\PHP\wamp64\www\SIS.JXNU-B\Application\Common\Model\HyAllModel.class.php 第 806 行.
NOTIC: [8] Undefined index: {callback} F:\PHP\wamp64\www\SIS.JXNU-B\Application\Common\Model\HyAllModel.class.php 第 806 行.
SQL: SELECT `id` FROM `edu_question_category` WHERE `id` = 2 LIMIT 1   [ RunTime:0.0020s ]
SQL: SELECT `name` FROM `edu_question_category` WHERE `id` = 2 LIMIT 1   [ RunTime:0.0010s ]
NOTIC: [8] Undefined index: callback F:\PHP\wamp64\www\SIS.JXNU-B\Application\Common\Model\HyAllModel.class.php 第 605 行.
NOTIC: [8] Undefined index: {callback} F:\PHP\wamp64\www\SIS.JXNU-B\Application\Common\Model\HyAllModel.class.php 第 806 行.
SQL: SELECT `name` FROM `edu_user` WHERE `id` = 18 LIMIT 1   [ RunTime:0.0010s ]
NOTIC: [8] Undefined index: callback F:\PHP\wamp64\www\SIS.JXNU-B\Application\Common\Model\HyAllModel.class.php 第 605 行.
NOTIC: [8] Undefined index: callback F:\PHP\wamp64\www\SIS.JXNU-B\Application\Common\Model\HyAllModel.class.php 第 605 行.
NOTIC: [8] Undefined index: {callback} F:\PHP\wamp64\www\SIS.JXNU-B\Application\Common\Model\HyAllModel.class.php 第 806 行.
NOTIC: [8] Undefined index: {callback} F:\PHP\wamp64\www\SIS.JXNU-B\Application\Common\Model\HyAllModel.class.php 第 806 行.
SQL: SELECT `id` FROM `edu_question_category` WHERE `id` = 2 LIMIT 1   [ RunTime:0.0020s ]
SQL: SELECT `name` FROM `edu_question_category` WHERE `id` = 2 LIMIT 1   [ RunTime:0.0020s ]
NOTIC: [8] Undefined index: callback F:\PHP\wamp64\www\SIS.JXNU-B\Application\Common\Model\HyAllModel.class.php 第 605 行.
NOTIC: [8] Undefined index: {callback} F:\PHP\wamp64\www\SIS.JXNU-B\Application\Common\Model\HyAllModel.class.php 第 806 行.
SQL: SELECT `name` FROM `edu_user` WHERE `id` = 18 LIMIT 1   [ RunTime:0.0010s ]
NOTIC: [8] Undefined index: callback F:\PHP\wamp64\www\SIS.JXNU-B\Application\Common\Model\HyAllModel.class.php 第 605 行.
NOTIC: [8] Undefined index: callback F:\PHP\wamp64\www\SIS.JXNU-B\Application\Common\Model\HyAllModel.class.php 第 605 行.
NOTIC: [8] Undefined index: {callback} F:\PHP\wamp64\www\SIS.JXNU-B\Application\Common\Model\HyAllModel.class.php 第 806 行.
NOTIC: [8] Undefined index: {callback} F:\PHP\wamp64\www\SIS.JXNU-B\Application\Common\Model\HyAllModel.class.php 第 806 行.
SQL: SELECT `id` FROM `edu_question_category` WHERE `id` = 1 LIMIT 1   [ RunTime:0.0010s ]
SQL: SELECT `name` FROM `edu_question_category` WHERE `id` = 1 LIMIT 1   [ RunTime:0.0010s ]
NOTIC: [8] Undefined index: callback F:\PHP\wamp64\www\SIS.JXNU-B\Application\Common\Model\HyAllModel.class.php 第 605 行.
NOTIC: [8] Undefined index: {callback} F:\PHP\wamp64\www\SIS.JXNU-B\Application\Common\Model\HyAllModel.class.php 第 806 行.
SQL: SELECT `name` FROM `edu_user` WHERE `id` = 20 LIMIT 1   [ RunTime:0.0010s ]
NOTIC: [8] Undefined index: callback F:\PHP\wamp64\www\SIS.JXNU-B\Application\Common\Model\HyAllModel.class.php 第 605 行.
NOTIC: [8] Undefined index: callback F:\PHP\wamp64\www\SIS.JXNU-B\Application\Common\Model\HyAllModel.class.php 第 605 行.
NOTIC: [8] Undefined index: {callback} F:\PHP\wamp64\www\SIS.JXNU-B\Application\Common\Model\HyAllModel.class.php 第 806 行.
NOTIC: [8] Undefined index: {callback} F:\PHP\wamp64\www\SIS.JXNU-B\Application\Common\Model\HyAllModel.class.php 第 806 行.
SQL: SELECT `id` FROM `edu_question_category` WHERE `id` = 1 LIMIT 1   [ RunTime:0.0000s ]
SQL: SELECT `name` FROM `edu_question_category` WHERE `id` = 1 LIMIT 1   [ RunTime:0.0010s ]
NOTIC: [8] Undefined index: callback F:\PHP\wamp64\www\SIS.JXNU-B\Application\Common\Model\HyAllModel.class.php 第 605 行.
NOTIC: [8] Undefined index: {callback} F:\PHP\wamp64\www\SIS.JXNU-B\Application\Common\Model\HyAllModel.class.php 第 806 行.
SQL: SELECT `name` FROM `edu_user` WHERE `id` = 20 LIMIT 1   [ RunTime:0.0000s ]
NOTIC: [8] Undefined index: callback F:\PHP\wamp64\www\SIS.JXNU-B\Application\Common\Model\HyAllModel.class.php 第 605 行.
NOTIC: [8] Undefined index: callback F:\PHP\wamp64\www\SIS.JXNU-B\Application\Common\Model\HyAllModel.class.php 第 605 行.
NOTIC: [8] Undefined index: {callback} F:\PHP\wamp64\www\SIS.JXNU-B\Application\Common\Model\HyAllModel.class.php 第 806 行.
NOTIC: [8] Undefined index: {callback} F:\PHP\wamp64\www\SIS.JXNU-B\Application\Common\Model\HyAllModel.class.php 第 806 行.
SQL: SELECT `id` FROM `edu_question_category` WHERE `id` = 0 LIMIT 1   [ RunTime:0.0010s ]
NOTIC: [8] Undefined index: callback F:\PHP\wamp64\www\SIS.JXNU-B\Application\Common\Model\HyAllModel.class.php 第 605 行.
NOTIC: [8] Undefined index: {callback} F:\PHP\wamp64\www\SIS.JXNU-B\Application\Common\Model\HyAllModel.class.php 第 806 行.
SQL: SELECT `name` FROM `edu_user` WHERE `id` = 18 LIMIT 1   [ RunTime:0.0010s ]
NOTIC: [8] Undefined index: callback F:\PHP\wamp64\www\SIS.JXNU-B\Application\Common\Model\HyAllModel.class.php 第 605 行.
NOTIC: [8] Undefined index: callback F:\PHP\wamp64\www\SIS.JXNU-B\Application\Common\Model\HyAllModel.class.php 第 605 行.
NOTIC: [8] Undefined index: {callback} F:\PHP\wamp64\www\SIS.JXNU-B\Application\Common\Model\HyAllModel.class.php 第 806 行.
NOTIC: [8] Undefined index: {callback} F:\PHP\wamp64\www\SIS.JXNU-B\Application\Common\Model\HyAllModel.class.php 第 806 行.
SQL: SELECT `id` FROM `edu_question_category` WHERE `id` = 0 LIMIT 1   [ RunTime:0.0010s ]
NOTIC: [8] Undefined index: callback F:\PHP\wamp64\www\SIS.JXNU-B\Application\Common\Model\HyAllModel.class.php 第 605 行.
NOTIC: [8] Undefined index: {callback} F:\PHP\wamp64\www\SIS.JXNU-B\Application\Common\Model\HyAllModel.class.php 第 806 行.
SQL: SELECT `name` FROM `edu_user` WHERE `id` = 20 LIMIT 1   [ RunTime:0.0010s ]
NOTIC: [8] Undefined index: callback F:\PHP\wamp64\www\SIS.JXNU-B\Application\Common\Model\HyAllModel.class.php 第 605 行.
NOTIC: [8] Undefined index: callback F:\PHP\wamp64\www\SIS.JXNU-B\Application\Common\Model\HyAllModel.class.php 第 605 行.
NOTIC: [8] Undefined index: {callback} F:\PHP\wamp64\www\SIS.JXNU-B\Application\Common\Model\HyAllModel.class.php 第 806 行.
NOTIC: [8] Undefined index: info F:\PHP\wamp64\www\SIS.JXNU-B\Application\Common\Model\HyAllModel.class.php 第 470 行.
INFO: [ hy_log ] --START--
INFO: Run Common\Behavior\HyLogBehavior [ RunTime:0.000000s ]
INFO: [ hy_log ] --END-- [ RunTime:-0.116006s ]

[ 2016-09-15T11:56:54+08:00 ] ::1 /SIS.JXNU-B/index.php/QuestionCategory/QuestionCategory/favicon.ico
INFO: [ app_init ] --START--
INFO: Run Behavior\BuildLiteBehavior [ RunTime:0.000000s ]
INFO: [ app_init ] --END-- [ RunTime:0.002000s ]

