[ 2016-07-04T16:21:03+08:00 ] 115.152.76.218 /index.php/SysSet/SysSet/all.html
INFO: [ app_init ] --START--
INFO: Run Behavior\BuildLiteBehavior [ RunTime:0.000000s ]
INFO: [ app_init ] --END-- [ RunTime:0.000977s ]
INFO: [ app_begin ] --START--
INFO: Run Behavior\ReadHtmlCacheBehavior [ RunTime:0.000976s ]
INFO: [ app_begin ] --END-- [ RunTime:0.000976s ]
NOTIC: [8192] mysql_connect(): The mysql extension is deprecated and will be removed in the future: use mysqli or PDO instead D:\wwwwroot\SIS.JXNU\HomyitCore\Library\Think\Session\Driver\Db.class.php 第 95 行.
INFO: [ action_begin ] --START--
INFO: Run Common\Behavior\HyLogBehavior [ RunTime:0.000977s ]
INFO: [ action_begin ] --END-- [ RunTime:0.000977s ]
NOTIC: [2048] Declaration of Common\Model\HyFrameModel::find() should be compatible with Think\Model::find($options = Array) D:\wwwwroot\SIS.JXNU\Application\Common\Model\HyFrameModel.class.php 第 13 行.
NOTIC: [8] Undefined index: model D:\wwwwroot\SIS.JXNU\Application\Common\Controller\HyFrameController.class.php 第 42 行.
SQL: SHOW COLUMNS FROM `edu_frame_setting` [ RunTime:0.0020s ]
NOTIC: [8] Use of undefined constant IN - assumed 'IN' D:\wwwwroot\SIS.JXNU\Application\SysSet\Model\SysSetModel.class.php 第 37 行.
INFO: [ hy_log ] --START--
NOTIC: [8] Undefined variable: sql D:\wwwwroot\SIS.JXNU\Application\Common\Behavior\HyLogBehavior.class.php 第 31 行.
INFO: Run Common\Behavior\HyLogBehavior [ RunTime:0.000000s ]
INFO: [ hy_log ] --END-- [ RunTime:0.000000s ]
INFO: [ hy_log ] --START--
NOTIC: [8] Undefined index: style D:\wwwwroot\SIS.JXNU\Application\Common\Behavior\HyLogBehavior.class.php 第 23 行.
NOTIC: [8] Undefined index: sql D:\wwwwroot\SIS.JXNU\Application\Common\Behavior\HyLogBehavior.class.php 第 25 行.
INFO: Run Common\Behavior\HyLogBehavior [ RunTime:0.000000s ]
INFO: [ hy_log ] --END-- [ RunTime:0.000000s ]
NOTIC: [8] Undefined index: all D:\wwwwroot\SIS.JXNU\Application\Common\Model\HyAllModel.class.php 第 922 行.
NOTIC: [8] Undefined index: tips D:\wwwwroot\SIS.JXNU\Application\Common\Model\HyAllModel.class.php 第 452 行.
NOTIC: [8] Undefined index: search D:\wwwwroot\SIS.JXNU\Application\Common\Model\HyAllModel.class.php 第 428 行.
NOTIC: [8] Undefined index: title D:\wwwwroot\SIS.JXNU\Application\Common\Model\HyAllModel.class.php 第 425 行.
NOTIC: [8] Undefined index: title D:\wwwwroot\SIS.JXNU\Application\Common\Model\HyAllModel.class.php 第 426 行.
NOTIC: [8] Undefined index: title D:\wwwwroot\SIS.JXNU\Application\Common\Model\HyAllModel.class.php 第 426 行.
NOTIC: [8] Undefined index: search D:\wwwwroot\SIS.JXNU\Application\Common\Model\HyAllModel.class.php 第 428 行.
NOTIC: [8] Undefined index: form D:\wwwwroot\SIS.JXNU\Application\Common\Model\HyAllModel.class.php 第 432 行.
NOTIC: [8] Undefined index: search D:\wwwwroot\SIS.JXNU\Application\Common\Model\HyAllModel.class.php 第 428 行.
NOTIC: [8] Undefined index: form D:\wwwwroot\SIS.JXNU\Application\Common\Model\HyAllModel.class.php 第 432 行.
NOTIC: [8] Undefined index: search D:\wwwwroot\SIS.JXNU\Application\Common\Model\HyAllModel.class.php 第 428 行.
NOTIC: [8] Undefined index: initJS D:\wwwwroot\SIS.JXNU\Application\Common\Model\HyAllModel.class.php 第 356 行.
INFO: [ before_view ] --START--
SQL: SHOW COLUMNS FROM `edu_frame_alert` [ RunTime:0.0020s ]
SQL: SELECT `id`,`category`,`icon`,`message`,`url`,`type`,`create_time` FROM `edu_frame_alert` where `to_users` LIKE '%,18,%' AND ( IFNULL(`read_users`,'')='' OR `read_users` NOT LIKE '%,18,%') AND `status`=1 ORDER BY `id` DESC [ RunTime:0.0000s ]
INFO: Run Common\Behavior\HyBeforeViewBehavior [ RunTime:0.003907s ]
INFO: [ before_view ] --END-- [ RunTime:0.003907s ]
INFO: [ view_parse ] --START--
INFO: [ template_filter ] --START--
INFO: Run Behavior\ContentReplaceBehavior [ RunTime:0.000977s ]
INFO: [ template_filter ] --END-- [ RunTime:0.000977s ]
NOTIC: [8] Undefined index: GLOBAL D:\wwwwroot\SIS.JXNU\Runtime\Cache\SysSet\9c07dc003a2105c82c74ba68c02f614c.php 第 32 行.
NOTIC: [8] Undefined index: PAGES D:\wwwwroot\SIS.JXNU\Runtime\Cache\SysSet\9c07dc003a2105c82c74ba68c02f614c.php 第 34 行.
NOTIC: [8] Undefined variable: _middle D:\wwwwroot\SIS.JXNU\Runtime\Cache\SysSet\9c07dc003a2105c82c74ba68c02f614c.php 第 194 行.
NOTIC: [8] Undefined variable: _bottom D:\wwwwroot\SIS.JXNU\Runtime\Cache\SysSet\9c07dc003a2105c82c74ba68c02f614c.php 第 213 行.
NOTIC: [8] Undefined variable: _script D:\wwwwroot\SIS.JXNU\Runtime\Cache\SysSet\9c07dc003a2105c82c74ba68c02f614c.php 第 272 行.
NOTIC: [8] Undefined index: GLOBAL D:\wwwwroot\SIS.JXNU\Runtime\Cache\SysSet\9c07dc003a2105c82c74ba68c02f614c.php 第 280 行.
NOTIC: [8] Undefined index: PAGES D:\wwwwroot\SIS.JXNU\Runtime\Cache\SysSet\9c07dc003a2105c82c74ba68c02f614c.php 第 281 行.
NOTIC: [8] Undefined variable: hyMenu D:\wwwwroot\SIS.JXNU\Runtime\Cache\SysSet\9c07dc003a2105c82c74ba68c02f614c.php 第 285 行.
INFO: Run Behavior\ParseTemplateBehavior [ RunTime:0.018556s ]
INFO: [ view_parse ] --END-- [ RunTime:0.018556s ]
INFO: [ view_filter ] --START--
INFO: Run Behavior\WriteHtmlCacheBehavior [ RunTime:0.000000s ]
INFO: [ view_filter ] --END-- [ RunTime:0.000000s ]
INFO: [ app_end ] --START--
INFO: Run Behavior\ShowPageTraceBehavior [ RunTime:0.000000s ]
INFO: [ app_end ] --END-- [ RunTime:0.000000s ]

[ 2016-07-04T16:21:04+08:00 ] 115.152.76.218 /index.php/SysSet/SysSet/ajax?q=list
INFO: [ app_init ] --START--
INFO: Run Behavior\BuildLiteBehavior [ RunTime:0.000000s ]
INFO: [ app_init ] --END-- [ RunTime:0.000000s ]
INFO: [ app_begin ] --START--
INFO: Run Behavior\ReadHtmlCacheBehavior [ RunTime:0.000000s ]
INFO: [ app_begin ] --END-- [ RunTime:0.000000s ]
NOTIC: [8192] mysql_connect(): The mysql extension is deprecated and will be removed in the future: use mysqli or PDO instead D:\wwwwroot\SIS.JXNU\HomyitCore\Library\Think\Session\Driver\Db.class.php 第 95 行.
INFO: [ action_begin ] --START--
INFO: Run Common\Behavior\HyLogBehavior [ RunTime:0.000000s ]
INFO: [ action_begin ] --END-- [ RunTime:0.000000s ]
NOTIC: [2048] Declaration of Common\Model\HyFrameModel::find() should be compatible with Think\Model::find($options = Array) D:\wwwwroot\SIS.JXNU\Application\Common\Model\HyFrameModel.class.php 第 13 行.
NOTIC: [8] Undefined index: model D:\wwwwroot\SIS.JXNU\Application\Common\Controller\HyFrameController.class.php 第 42 行.
SQL: SHOW COLUMNS FROM `edu_frame_setting` [ RunTime:0.0020s ]
NOTIC: [8] Use of undefined constant IN - assumed 'IN' D:\wwwwroot\SIS.JXNU\Application\SysSet\Model\SysSetModel.class.php 第 37 行.
INFO: [ hy_log ] --START--
NOTIC: [8] Undefined variable: sql D:\wwwwroot\SIS.JXNU\Application\Common\Behavior\HyLogBehavior.class.php 第 31 行.
INFO: Run Common\Behavior\HyLogBehavior [ RunTime:0.000000s ]
INFO: [ hy_log ] --END-- [ RunTime:0.000000s ]
INFO: [ hy_log ] --START--
NOTIC: [8] Undefined index: style D:\wwwwroot\SIS.JXNU\Application\Common\Behavior\HyLogBehavior.class.php 第 23 行.
NOTIC: [8] Undefined index: sql D:\wwwwroot\SIS.JXNU\Application\Common\Behavior\HyLogBehavior.class.php 第 25 行.
INFO: Run Common\Behavior\HyLogBehavior [ RunTime:0.000000s ]
INFO: [ hy_log ] --END-- [ RunTime:-0.000977s ]
NOTIC: [8] Undefined index: associate D:\wwwwroot\SIS.JXNU\Application\Common\Model\HyFrameModel.class.php 第 141 行.
NOTIC: [8] Undefined index: associate D:\wwwwroot\SIS.JXNU\Application\Common\Model\HyFrameModel.class.php 第 141 行.
NOTIC: [8] Undefined index: limit D:\wwwwroot\SIS.JXNU\Application\Common\Model\HyFrameModel.class.php 第 160 行.
NOTIC: [8] Undefined index: order D:\wwwwroot\SIS.JXNU\Application\Common\Model\HyFrameModel.class.php 第 162 行.
NOTIC: [8] Undefined variable: field D:\wwwwroot\SIS.JXNU\Application\Common\Model\HyFrameModel.class.php 第 181 行.
NOTIC: [8] Undefined index: where D:\wwwwroot\SIS.JXNU\Application\Common\Model\HyFrameModel.class.php 第 189 行.
NOTIC: [8] Undefined index: decrypt D:\wwwwroot\SIS.JXNU\Application\Common\Model\HyFrameModel.class.php 第 241 行.
SQL: SELECT 1 FROM `edu_frame_setting` WHERE `status` < 9 AND `key` IN ('SITE_BANNER','SITE_ICP','SITE_ADMIN_TITLE')  [ RunTime:0.0000s ]
INFO: [ hy_log ] --START--
NOTIC: [8] Undefined index: style D:\wwwwroot\SIS.JXNU\Application\Common\Behavior\HyLogBehavior.class.php 第 23 行.
NOTIC: [8] Undefined index: sql D:\wwwwroot\SIS.JXNU\Application\Common\Behavior\HyLogBehavior.class.php 第 25 行.
INFO: Run Common\Behavior\HyLogBehavior [ RunTime:0.000000s ]
INFO: [ hy_log ] --END-- [ RunTime:-0.000977s ]
NOTIC: [8] Undefined index: hy D:\wwwwroot\SIS.JXNU\Application\Common\Model\HyFrameModel.class.php 第 140 行.
NOTIC: [8] Undefined index: associate D:\wwwwroot\SIS.JXNU\Application\Common\Model\HyFrameModel.class.php 第 141 行.
SQL: SELECT `id`,`key`,`value`,`remark`,`update_time`,`status` FROM `edu_frame_setting` WHERE `status` < 9 AND `key` IN ('SITE_BANNER','SITE_ICP','SITE_ADMIN_TITLE') ORDER BY id desc LIMIT 10   [ RunTime:0.0000s ]
NOTIC: [8] Undefined index: hidden D:\wwwwroot\SIS.JXNU\Application\Common\Model\HyAllModel.class.php 第 595 行.
NOTIC: [8] Undefined index: title D:\wwwwroot\SIS.JXNU\Application\Common\Model\HyAllModel.class.php 第 595 行.
NOTIC: [8] Undefined index: hidden D:\wwwwroot\SIS.JXNU\Application\Common\Model\HyAllModel.class.php 第 595 行.
NOTIC: [8] Undefined index: hidden D:\wwwwroot\SIS.JXNU\Application\Common\Model\HyAllModel.class.php 第 595 行.
NOTIC: [8] Undefined index: callback D:\wwwwroot\SIS.JXNU\Application\Common\Model\HyAllModel.class.php 第 605 行.
NOTIC: [8] Undefined index: {callback} D:\wwwwroot\SIS.JXNU\Application\Common\Model\HyAllModel.class.php 第 806 行.
NOTIC: [8] Undefined index: callback D:\wwwwroot\SIS.JXNU\Application\Common\Model\HyAllModel.class.php 第 605 行.
NOTIC: [8] Undefined index: {callback} D:\wwwwroot\SIS.JXNU\Application\Common\Model\HyAllModel.class.php 第 806 行.
NOTIC: [8] Undefined index: callback D:\wwwwroot\SIS.JXNU\Application\Common\Model\HyAllModel.class.php 第 605 行.
NOTIC: [8] Undefined index: {callback} D:\wwwwroot\SIS.JXNU\Application\Common\Model\HyAllModel.class.php 第 806 行.
NOTIC: [8] Undefined index: callback D:\wwwwroot\SIS.JXNU\Application\Common\Model\HyAllModel.class.php 第 605 行.
NOTIC: [8] Undefined index: {callback} D:\wwwwroot\SIS.JXNU\Application\Common\Model\HyAllModel.class.php 第 806 行.
NOTIC: [8] Undefined index: callback D:\wwwwroot\SIS.JXNU\Application\Common\Model\HyAllModel.class.php 第 605 行.
NOTIC: [8] Undefined index: {callback} D:\wwwwroot\SIS.JXNU\Application\Common\Model\HyAllModel.class.php 第 806 行.
NOTIC: [8] Undefined index: callback D:\wwwwroot\SIS.JXNU\Application\Common\Model\HyAllModel.class.php 第 605 行.
NOTIC: [8] Undefined index: {callback} D:\wwwwroot\SIS.JXNU\Application\Common\Model\HyAllModel.class.php 第 806 行.
NOTIC: [8] Undefined index: info D:\wwwwroot\SIS.JXNU\Application\Common\Model\HyAllModel.class.php 第 470 行.
INFO: [ hy_log ] --START--
INFO: Run Common\Behavior\HyLogBehavior [ RunTime:0.000000s ]
INFO: [ hy_log ] --END-- [ RunTime:-0.003906s ]

[ 2016-07-04T16:21:04+08:00 ] 115.152.76.218 /index.php/SysSet/SysSet/favicon.ico
INFO: [ app_init ] --START--
INFO: Run Behavior\BuildLiteBehavior [ RunTime:0.000000s ]
INFO: [ app_init ] --END-- [ RunTime:0.000000s ]

