[ 2016-09-17T15:42:17+08:00 ] ::1 /Hy2/index.php/User/Class/all.html
INFO: [ app_init ] --START--
INFO: Run Behavior\BuildLiteBehavior [ RunTime:0.000000s ]
INFO: [ app_init ] --END-- [ RunTime:0.002000s ]
INFO: [ app_begin ] --START--
INFO: Run Behavior\ReadHtmlCacheBehavior [ RunTime:0.003000s ]
INFO: [ app_begin ] --END-- [ RunTime:0.003000s ]
NOTIC: [8192] mysql_connect(): The mysql extension is deprecated and will be removed in the future: use mysqli or PDO instead F:\PHP\wamp64\www\Hy2\HomyitCore\Library\Think\Session\Driver\Db.class.php 第 95 行.
INFO: [ action_begin ] --START--
INFO: Run Common\Behavior\HyLogBehavior [ RunTime:0.004000s ]
INFO: [ action_begin ] --END-- [ RunTime:0.004000s ]
NOTIC: [2048] Declaration of Common\Model\HyFrameModel::find() should be compatible with Think\Model::find($options = Array) F:\PHP\wamp64\www\Hy2\Application\Common\Model\HyFrameModel.class.php 第 13 行.
SQL: SHOW COLUMNS FROM `com_class` [ RunTime:0.0920s ]
INFO: [ hy_log ] --START--
NOTIC: [8] Undefined variable: sql F:\PHP\wamp64\www\Hy2\Application\Common\Behavior\HyLogBehavior.class.php 第 31 行.
INFO: Run Common\Behavior\HyLogBehavior [ RunTime:0.001000s ]
INFO: [ hy_log ] --END-- [ RunTime:0.001000s ]
INFO: [ hy_log ] --START--
NOTIC: [8] Undefined index: style F:\PHP\wamp64\www\Hy2\Application\Common\Behavior\HyLogBehavior.class.php 第 23 行.
NOTIC: [8] Undefined index: sql F:\PHP\wamp64\www\Hy2\Application\Common\Behavior\HyLogBehavior.class.php 第 25 行.
INFO: Run Common\Behavior\HyLogBehavior [ RunTime:0.001000s ]
INFO: [ hy_log ] --END-- [ RunTime:-0.001000s ]
NOTIC: [8] Undefined index: all F:\PHP\wamp64\www\Hy2\Application\Common\Model\HyAllModel.class.php 第 922 行.
NOTIC: [8] Undefined index: tips F:\PHP\wamp64\www\Hy2\Application\Common\Model\HyAllModel.class.php 第 452 行.
NOTIC: [8] Undefined index: type F:\PHP\wamp64\www\Hy2\Application\Common\Model\HyAllModel.class.php 第 428 行.
NOTIC: [8] Undefined index: type F:\PHP\wamp64\www\Hy2\Application\Common\Model\HyAllModel.class.php 第 432 行.
SQL: SHOW COLUMNS FROM `com_class` [ RunTime:0.0020s ]
SQL: SELECT `grade`,grade as grade1 FROM `com_class` WHERE `college_id` = null  [ RunTime:0.0000s ]
NOTIC: [8] Undefined index: search F:\PHP\wamp64\www\Hy2\Application\Common\Model\HyAllModel.class.php 第 428 行.
NOTIC: [8] Undefined index: search F:\PHP\wamp64\www\Hy2\Application\Common\Model\HyAllModel.class.php 第 428 行.
NOTIC: [8] Undefined index: title F:\PHP\wamp64\www\Hy2\Application\Common\Model\HyAllModel.class.php 第 425 行.
NOTIC: [8] Undefined index: list F:\PHP\wamp64\www\Hy2\Application\Common\Model\HyAllModel.class.php 第 425 行.
NOTIC: [8] Undefined index: title F:\PHP\wamp64\www\Hy2\Application\Common\Model\HyAllModel.class.php 第 426 行.
NOTIC: [8] Undefined index: title F:\PHP\wamp64\www\Hy2\Application\Common\Model\HyAllModel.class.php 第 426 行.
NOTIC: [8] Undefined index: search F:\PHP\wamp64\www\Hy2\Application\Common\Model\HyAllModel.class.php 第 428 行.
NOTIC: [8] Undefined index: form F:\PHP\wamp64\www\Hy2\Application\Common\Model\HyAllModel.class.php 第 432 行.
INFO: [ before_view ] --START--
SQL: SHOW COLUMNS FROM `com_frame_alert` [ RunTime:0.0340s ]
SQL: SELECT `id`,`category`,`icon`,`message`,`url`,`type`,`create_time` FROM `com_frame_alert` where `to_users` LIKE '%,101160,%' AND ( IFNULL(`read_users`,'')='' OR `read_users` NOT LIKE '%,101160,%') AND `status`=1 ORDER BY `id` DESC [ RunTime:0.0010s ]
INFO: Run Common\Behavior\HyBeforeViewBehavior [ RunTime:0.046003s ]
INFO: [ before_view ] --END-- [ RunTime:0.046003s ]
INFO: [ view_parse ] --START--
INFO: [ template_filter ] --START--
INFO: Run Behavior\ContentReplaceBehavior [ RunTime:0.001000s ]
INFO: [ template_filter ] --END-- [ RunTime:0.003000s ]
NOTIC: [8] Undefined variable: _middle F:\PHP\wamp64\www\Hy2\Runtime\Cache\User\9c07dc003a2105c82c74ba68c02f614c.php 第 204 行.
NOTIC: [8] Undefined variable: _bottom F:\PHP\wamp64\www\Hy2\Runtime\Cache\User\9c07dc003a2105c82c74ba68c02f614c.php 第 223 行.
NOTIC: [8] Undefined variable: _script F:\PHP\wamp64\www\Hy2\Runtime\Cache\User\9c07dc003a2105c82c74ba68c02f614c.php 第 282 行.
NOTIC: [8] Undefined variable: hyMenu F:\PHP\wamp64\www\Hy2\Runtime\Cache\User\9c07dc003a2105c82c74ba68c02f614c.php 第 295 行.
INFO: Run Behavior\ParseTemplateBehavior [ RunTime:0.296017s ]
INFO: [ view_parse ] --END-- [ RunTime:0.296017s ]
INFO: [ view_filter ] --START--
INFO: Run Behavior\WriteHtmlCacheBehavior [ RunTime:0.002000s ]
INFO: [ view_filter ] --END-- [ RunTime:0.002000s ]
INFO: [ app_end ] --START--
INFO: Run Behavior\ShowPageTraceBehavior [ RunTime:0.003000s ]
INFO: [ app_end ] --END-- [ RunTime:0.004000s ]

[ 2016-09-17T15:42:20+08:00 ] ::1 /Hy2/index.php/User/Class/ajax?q=list
INFO: [ app_init ] --START--
INFO: Run Behavior\BuildLiteBehavior [ RunTime:0.000000s ]
INFO: [ app_init ] --END-- [ RunTime:0.002001s ]
INFO: [ app_begin ] --START--
INFO: Run Behavior\ReadHtmlCacheBehavior [ RunTime:0.001000s ]
INFO: [ app_begin ] --END-- [ RunTime:0.003000s ]
NOTIC: [8192] mysql_connect(): The mysql extension is deprecated and will be removed in the future: use mysqli or PDO instead F:\PHP\wamp64\www\Hy2\HomyitCore\Library\Think\Session\Driver\Db.class.php 第 95 行.
INFO: [ action_begin ] --START--
INFO: Run Common\Behavior\HyLogBehavior [ RunTime:0.005000s ]
INFO: [ action_begin ] --END-- [ RunTime:0.005000s ]
NOTIC: [2048] Declaration of Common\Model\HyFrameModel::find() should be compatible with Think\Model::find($options = Array) F:\PHP\wamp64\www\Hy2\Application\Common\Model\HyFrameModel.class.php 第 13 行.
SQL: SHOW COLUMNS FROM `com_class` [ RunTime:0.0020s ]
INFO: [ hy_log ] --START--
NOTIC: [8] Undefined variable: sql F:\PHP\wamp64\www\Hy2\Application\Common\Behavior\HyLogBehavior.class.php 第 31 行.
INFO: Run Common\Behavior\HyLogBehavior [ RunTime:0.000000s ]
INFO: [ hy_log ] --END-- [ RunTime:0.001000s ]
INFO: [ hy_log ] --START--
NOTIC: [8] Undefined index: style F:\PHP\wamp64\www\Hy2\Application\Common\Behavior\HyLogBehavior.class.php 第 23 行.
NOTIC: [8] Undefined index: sql F:\PHP\wamp64\www\Hy2\Application\Common\Behavior\HyLogBehavior.class.php 第 25 行.
INFO: Run Common\Behavior\HyLogBehavior [ RunTime:0.001000s ]
INFO: [ hy_log ] --END-- [ RunTime:0.000000s ]
NOTIC: [8] Undefined index: associate F:\PHP\wamp64\www\Hy2\Application\Common\Model\HyFrameModel.class.php 第 142 行.
NOTIC: [8] Undefined index: associate F:\PHP\wamp64\www\Hy2\Application\Common\Model\HyFrameModel.class.php 第 142 行.
NOTIC: [8] Undefined index: limit F:\PHP\wamp64\www\Hy2\Application\Common\Model\HyFrameModel.class.php 第 161 行.
NOTIC: [8] Undefined index: order F:\PHP\wamp64\www\Hy2\Application\Common\Model\HyFrameModel.class.php 第 163 行.
NOTIC: [8] Undefined variable: field F:\PHP\wamp64\www\Hy2\Application\Common\Model\HyFrameModel.class.php 第 182 行.
NOTIC: [8] Undefined index: where F:\PHP\wamp64\www\Hy2\Application\Common\Model\HyFrameModel.class.php 第 190 行.
NOTIC: [8] Undefined index: decrypt F:\PHP\wamp64\www\Hy2\Application\Common\Model\HyFrameModel.class.php 第 242 行.
SQL: SELECT 1 FROM `com_class` WHERE `college_id` = null AND `status` = 1 AND `id` > 10000  [ RunTime:0.0010s ]
INFO: [ hy_log ] --START--
NOTIC: [8] Undefined index: style F:\PHP\wamp64\www\Hy2\Application\Common\Behavior\HyLogBehavior.class.php 第 23 行.
NOTIC: [8] Undefined index: sql F:\PHP\wamp64\www\Hy2\Application\Common\Behavior\HyLogBehavior.class.php 第 25 行.
INFO: Run Common\Behavior\HyLogBehavior [ RunTime:0.001000s ]
INFO: [ hy_log ] --END-- [ RunTime:-0.005000s ]
NOTIC: [8] Undefined index: hidden F:\PHP\wamp64\www\Hy2\Application\Common\Model\HyAllModel.class.php 第 595 行.
NOTIC: [8] Undefined index: hidden F:\PHP\wamp64\www\Hy2\Application\Common\Model\HyAllModel.class.php 第 595 行.
NOTIC: [8] Undefined index: hidden F:\PHP\wamp64\www\Hy2\Application\Common\Model\HyAllModel.class.php 第 595 行.
NOTIC: [8] Undefined index: title F:\PHP\wamp64\www\Hy2\Application\Common\Model\HyAllModel.class.php 第 595 行.
NOTIC: [8] Undefined index: info F:\PHP\wamp64\www\Hy2\Application\Common\Model\HyAllModel.class.php 第 470 行.
INFO: [ hy_log ] --START--
INFO: Run Common\Behavior\HyLogBehavior [ RunTime:0.000000s ]
INFO: [ hy_log ] --END-- [ RunTime:-0.007000s ]

[ 2016-09-17T15:42:20+08:00 ] ::1 /Hy2/index.php/User/Class/favicon.ico
INFO: [ app_init ] --START--
INFO: Run Behavior\BuildLiteBehavior [ RunTime:0.001000s ]
INFO: [ app_init ] --END-- [ RunTime:0.002000s ]

[ 2016-09-17T15:42:23+08:00 ] ::1 /Hy2/index.php/User/Teacher/all.html
INFO: [ app_init ] --START--
INFO: Run Behavior\BuildLiteBehavior [ RunTime:0.000000s ]
INFO: [ app_init ] --END-- [ RunTime:0.003000s ]
INFO: [ app_begin ] --START--
INFO: Run Behavior\ReadHtmlCacheBehavior [ RunTime:0.003000s ]
INFO: [ app_begin ] --END-- [ RunTime:0.005000s ]
NOTIC: [8192] mysql_connect(): The mysql extension is deprecated and will be removed in the future: use mysqli or PDO instead F:\PHP\wamp64\www\Hy2\HomyitCore\Library\Think\Session\Driver\Db.class.php 第 95 行.
INFO: [ action_begin ] --START--
INFO: Run Common\Behavior\HyLogBehavior [ RunTime:0.005000s ]
INFO: [ action_begin ] --END-- [ RunTime:0.005000s ]
NOTIC: [2048] Declaration of Common\Model\HyFrameModel::find() should be compatible with Think\Model::find($options = Array) F:\PHP\wamp64\www\Hy2\Application\Common\Model\HyFrameModel.class.php 第 13 行.
SQL: SHOW COLUMNS FROM `com_teacher` [ RunTime:0.0350s ]
INFO: [ hy_log ] --START--
NOTIC: [8] Undefined variable: sql F:\PHP\wamp64\www\Hy2\Application\Common\Behavior\HyLogBehavior.class.php 第 31 行.
INFO: Run Common\Behavior\HyLogBehavior [ RunTime:0.001000s ]
INFO: [ hy_log ] --END-- [ RunTime:0.001000s ]
INFO: [ hy_log ] --START--
NOTIC: [8] Undefined index: style F:\PHP\wamp64\www\Hy2\Application\Common\Behavior\HyLogBehavior.class.php 第 23 行.
NOTIC: [8] Undefined index: sql F:\PHP\wamp64\www\Hy2\Application\Common\Behavior\HyLogBehavior.class.php 第 25 行.
INFO: Run Common\Behavior\HyLogBehavior [ RunTime:0.000000s ]
INFO: [ hy_log ] --END-- [ RunTime:0.000000s ]
NOTIC: [8] Undefined index: all F:\PHP\wamp64\www\Hy2\Application\Common\Model\HyAllModel.class.php 第 922 行.
NOTIC: [8] Undefined index: type F:\PHP\wamp64\www\Hy2\Application\Common\Model\HyAllModel.class.php 第 428 行.
NOTIC: [8] Undefined index: type F:\PHP\wamp64\www\Hy2\Application\Common\Model\HyAllModel.class.php 第 432 行.
NOTIC: [8] Undefined index: title F:\PHP\wamp64\www\Hy2\Application\Common\Model\HyAllModel.class.php 第 425 行.
NOTIC: [8] Undefined index: list F:\PHP\wamp64\www\Hy2\Application\Common\Model\HyAllModel.class.php 第 425 行.
NOTIC: [8] Undefined index: title F:\PHP\wamp64\www\Hy2\Application\Common\Model\HyAllModel.class.php 第 426 行.
NOTIC: [8] Undefined index: title F:\PHP\wamp64\www\Hy2\Application\Common\Model\HyAllModel.class.php 第 426 行.
NOTIC: [8] Undefined index: search F:\PHP\wamp64\www\Hy2\Application\Common\Model\HyAllModel.class.php 第 428 行.
NOTIC: [8] Undefined index: form F:\PHP\wamp64\www\Hy2\Application\Common\Model\HyAllModel.class.php 第 432 行.
NOTIC: [8] Undefined index: list F:\PHP\wamp64\www\Hy2\Application\Common\Model\HyAllModel.class.php 第 428 行.
NOTIC: [8] Undefined index: search F:\PHP\wamp64\www\Hy2\Application\Common\Model\HyAllModel.class.php 第 428 行.
NOTIC: [8] Undefined index: type F:\PHP\wamp64\www\Hy2\Application\Common\Model\HyAllModel.class.php 第 432 行.
NOTIC: [8] Undefined index: search F:\PHP\wamp64\www\Hy2\Application\Common\Model\HyAllModel.class.php 第 428 行.
NOTIC: [8] Undefined index: type F:\PHP\wamp64\www\Hy2\Application\Common\Model\HyAllModel.class.php 第 432 行.
NOTIC: [8] Undefined index: search F:\PHP\wamp64\www\Hy2\Application\Common\Model\HyAllModel.class.php 第 428 行.
NOTIC: [8] Undefined index: form F:\PHP\wamp64\www\Hy2\Application\Common\Model\HyAllModel.class.php 第 432 行.
NOTIC: [8] Undefined index: title F:\PHP\wamp64\www\Hy2\Application\Common\Model\HyAllModel.class.php 第 425 行.
NOTIC: [8] Undefined index: list F:\PHP\wamp64\www\Hy2\Application\Common\Model\HyAllModel.class.php 第 425 行.
NOTIC: [8] Undefined index: title F:\PHP\wamp64\www\Hy2\Application\Common\Model\HyAllModel.class.php 第 426 行.
NOTIC: [8] Undefined index: search F:\PHP\wamp64\www\Hy2\Application\Common\Model\HyAllModel.class.php 第 428 行.
NOTIC: [8] Undefined index: title F:\PHP\wamp64\www\Hy2\Application\Common\Model\HyAllModel.class.php 第 425 行.
NOTIC: [8] Undefined index: list F:\PHP\wamp64\www\Hy2\Application\Common\Model\HyAllModel.class.php 第 425 行.
NOTIC: [8] Undefined index: title F:\PHP\wamp64\www\Hy2\Application\Common\Model\HyAllModel.class.php 第 426 行.
NOTIC: [8] Undefined index: search F:\PHP\wamp64\www\Hy2\Application\Common\Model\HyAllModel.class.php 第 428 行.
NOTIC: [8] Undefined index: title F:\PHP\wamp64\www\Hy2\Application\Common\Model\HyAllModel.class.php 第 425 行.
NOTIC: [8] Undefined index: list F:\PHP\wamp64\www\Hy2\Application\Common\Model\HyAllModel.class.php 第 425 行.
NOTIC: [8] Undefined index: title F:\PHP\wamp64\www\Hy2\Application\Common\Model\HyAllModel.class.php 第 426 行.
NOTIC: [8] Undefined index: title F:\PHP\wamp64\www\Hy2\Application\Common\Model\HyAllModel.class.php 第 426 行.
NOTIC: [8] Undefined index: search F:\PHP\wamp64\www\Hy2\Application\Common\Model\HyAllModel.class.php 第 428 行.
NOTIC: [8] Undefined index: form F:\PHP\wamp64\www\Hy2\Application\Common\Model\HyAllModel.class.php 第 432 行.
NOTIC: [8] Undefined index: title F:\PHP\wamp64\www\Hy2\Application\Common\Model\HyAllModel.class.php 第 425 行.
NOTIC: [8] Undefined index: list F:\PHP\wamp64\www\Hy2\Application\Common\Model\HyAllModel.class.php 第 425 行.
NOTIC: [8] Undefined index: title F:\PHP\wamp64\www\Hy2\Application\Common\Model\HyAllModel.class.php 第 426 行.
NOTIC: [8] Undefined index: search F:\PHP\wamp64\www\Hy2\Application\Common\Model\HyAllModel.class.php 第 428 行.
NOTIC: [8] Undefined index: type F:\PHP\wamp64\www\Hy2\Application\Common\Model\HyAllModel.class.php 第 432 行.
NOTIC: [8] Undefined index: title F:\PHP\wamp64\www\Hy2\Application\Common\Model\HyAllModel.class.php 第 425 行.
NOTIC: [8] Undefined index: title F:\PHP\wamp64\www\Hy2\Application\Common\Model\HyAllModel.class.php 第 426 行.
NOTIC: [8] Undefined index: form F:\PHP\wamp64\www\Hy2\Application\Common\Model\HyAllModel.class.php 第 426 行.
NOTIC: [8] Undefined index: search F:\PHP\wamp64\www\Hy2\Application\Common\Model\HyAllModel.class.php 第 428 行.
NOTIC: [8] Undefined index: form F:\PHP\wamp64\www\Hy2\Application\Common\Model\HyAllModel.class.php 第 432 行.
NOTIC: [8] Undefined index: title F:\PHP\wamp64\www\Hy2\Application\Common\Model\HyAllModel.class.php 第 425 行.
NOTIC: [8] Undefined index: list F:\PHP\wamp64\www\Hy2\Application\Common\Model\HyAllModel.class.php 第 425 行.
NOTIC: [8] Undefined index: title F:\PHP\wamp64\www\Hy2\Application\Common\Model\HyAllModel.class.php 第 426 行.
NOTIC: [8] Undefined index: search F:\PHP\wamp64\www\Hy2\Application\Common\Model\HyAllModel.class.php 第 428 行.
NOTIC: [8] Undefined index: initJS F:\PHP\wamp64\www\Hy2\Application\Common\Model\HyAllModel.class.php 第 356 行.
INFO: [ before_view ] --START--
SQL: SHOW COLUMNS FROM `com_frame_alert` [ RunTime:0.0070s ]
SQL: SELECT `id`,`category`,`icon`,`message`,`url`,`type`,`create_time` FROM `com_frame_alert` where `to_users` LIKE '%,101160,%' AND ( IFNULL(`read_users`,'')='' OR `read_users` NOT LIKE '%,101160,%') AND `status`=1 ORDER BY `id` DESC [ RunTime:0.0020s ]
INFO: Run Common\Behavior\HyBeforeViewBehavior [ RunTime:0.020001s ]
INFO: [ before_view ] --END-- [ RunTime:0.021001s ]
INFO: [ view_parse ] --START--
INFO: [ template_filter ] --START--
INFO: Run Behavior\ContentReplaceBehavior [ RunTime:0.001000s ]
INFO: [ template_filter ] --END-- [ RunTime:0.002000s ]
NOTIC: [8] Undefined variable: _middle F:\PHP\wamp64\www\Hy2\Runtime\Cache\User\9c07dc003a2105c82c74ba68c02f614c.php 第 204 行.
NOTIC: [8] Undefined variable: _bottom F:\PHP\wamp64\www\Hy2\Runtime\Cache\User\9c07dc003a2105c82c74ba68c02f614c.php 第 223 行.
NOTIC: [8] Undefined variable: _script F:\PHP\wamp64\www\Hy2\Runtime\Cache\User\9c07dc003a2105c82c74ba68c02f614c.php 第 282 行.
NOTIC: [8] Undefined variable: hyMenu F:\PHP\wamp64\www\Hy2\Runtime\Cache\User\9c07dc003a2105c82c74ba68c02f614c.php 第 295 行.
INFO: Run Behavior\ParseTemplateBehavior [ RunTime:0.148009s ]
INFO: [ view_parse ] --END-- [ RunTime:0.149009s ]
INFO: [ view_filter ] --START--
INFO: Run Behavior\WriteHtmlCacheBehavior [ RunTime:0.002000s ]
INFO: [ view_filter ] --END-- [ RunTime:0.003000s ]
INFO: [ app_end ] --START--
INFO: Run Behavior\ShowPageTraceBehavior [ RunTime:0.004000s ]
INFO: [ app_end ] --END-- [ RunTime:0.005000s ]

[ 2016-09-17T15:42:25+08:00 ] ::1 /Hy2/index.php/User/Teacher/ajax?q=list
INFO: [ app_init ] --START--
INFO: Run Behavior\BuildLiteBehavior [ RunTime:0.000000s ]
INFO: [ app_init ] --END-- [ RunTime:0.001000s ]
INFO: [ app_begin ] --START--
INFO: Run Behavior\ReadHtmlCacheBehavior [ RunTime:0.002000s ]
INFO: [ app_begin ] --END-- [ RunTime:0.003000s ]
NOTIC: [8192] mysql_connect(): The mysql extension is deprecated and will be removed in the future: use mysqli or PDO instead F:\PHP\wamp64\www\Hy2\HomyitCore\Library\Think\Session\Driver\Db.class.php 第 95 行.
INFO: [ action_begin ] --START--
INFO: Run Common\Behavior\HyLogBehavior [ RunTime:0.002000s ]
INFO: [ action_begin ] --END-- [ RunTime:0.004000s ]
NOTIC: [2048] Declaration of Common\Model\HyFrameModel::find() should be compatible with Think\Model::find($options = Array) F:\PHP\wamp64\www\Hy2\Application\Common\Model\HyFrameModel.class.php 第 13 行.
SQL: SHOW COLUMNS FROM `com_teacher` [ RunTime:0.1580s ]
INFO: [ hy_log ] --START--
NOTIC: [8] Undefined variable: sql F:\PHP\wamp64\www\Hy2\Application\Common\Behavior\HyLogBehavior.class.php 第 31 行.
INFO: Run Common\Behavior\HyLogBehavior [ RunTime:0.000000s ]
INFO: [ hy_log ] --END-- [ RunTime:0.000000s ]
INFO: [ hy_log ] --START--
NOTIC: [8] Undefined index: style F:\PHP\wamp64\www\Hy2\Application\Common\Behavior\HyLogBehavior.class.php 第 23 行.
NOTIC: [8] Undefined index: sql F:\PHP\wamp64\www\Hy2\Application\Common\Behavior\HyLogBehavior.class.php 第 25 行.
INFO: Run Common\Behavior\HyLogBehavior [ RunTime:0.001000s ]
INFO: [ hy_log ] --END-- [ RunTime:-0.001000s ]
NOTIC: [8] Undefined index: limit F:\PHP\wamp64\www\Hy2\Application\Common\Model\HyFrameModel.class.php 第 161 行.
NOTIC: [8] Undefined index: order F:\PHP\wamp64\www\Hy2\Application\Common\Model\HyFrameModel.class.php 第 163 行.
NOTIC: [8] Undefined index: field F:\PHP\wamp64\www\Hy2\Application\Common\Model\HyFrameModel.class.php 第 171 行.
NOTIC: [8] Undefined index: where F:\PHP\wamp64\www\Hy2\Application\Common\Model\HyFrameModel.class.php 第 190 行.
NOTIC: [8] Undefined offset: 4 F:\PHP\wamp64\www\Hy2\Application\Common\Model\HyFrameModel.class.php 第 215 行.
NOTIC: [8] Undefined offset: 5 F:\PHP\wamp64\www\Hy2\Application\Common\Model\HyFrameModel.class.php 第 221 行.
NOTIC: [8] Undefined offset: 4 F:\PHP\wamp64\www\Hy2\Application\Common\Model\HyFrameModel.class.php 第 222 行.
NOTIC: [8] Undefined index: decrypt F:\PHP\wamp64\www\Hy2\Application\Common\Model\HyFrameModel.class.php 第 242 行.
SQL: SHOW COLUMNS FROM `com_teacher` [ RunTime:0.1850s ]
SQL: SELECT 1 FROM `com_teacher` `hy` INNER JOIN `com_user` AS `user` ON hy.user_id = user.id  WHERE user.college_id = null AND hy.status = 1 AND hy.user_id > 10000  [ RunTime:0.0010s ]
INFO: [ hy_log ] --START--
NOTIC: [8] Undefined index: style F:\PHP\wamp64\www\Hy2\Application\Common\Behavior\HyLogBehavior.class.php 第 23 行.
NOTIC: [8] Undefined index: sql F:\PHP\wamp64\www\Hy2\Application\Common\Behavior\HyLogBehavior.class.php 第 25 行.
INFO: Run Common\Behavior\HyLogBehavior [ RunTime:0.000000s ]
INFO: [ hy_log ] --END-- [ RunTime:-0.195011s ]
NOTIC: [8] Undefined index: hidden F:\PHP\wamp64\www\Hy2\Application\Common\Model\HyAllModel.class.php 第 595 行.
NOTIC: [8] Undefined index: title F:\PHP\wamp64\www\Hy2\Application\Common\Model\HyAllModel.class.php 第 595 行.
NOTIC: [8] Undefined index: list F:\PHP\wamp64\www\Hy2\Application\Common\Model\HyAllModel.class.php 第 595 行.
NOTIC: [8] Undefined index: hidden F:\PHP\wamp64\www\Hy2\Application\Common\Model\HyAllModel.class.php 第 595 行.
NOTIC: [8] Undefined index: hidden F:\PHP\wamp64\www\Hy2\Application\Common\Model\HyAllModel.class.php 第 595 行.
NOTIC: [8] Undefined index: hidden F:\PHP\wamp64\www\Hy2\Application\Common\Model\HyAllModel.class.php 第 595 行.
NOTIC: [8] Undefined index: title F:\PHP\wamp64\www\Hy2\Application\Common\Model\HyAllModel.class.php 第 595 行.
NOTIC: [8] Undefined index: title F:\PHP\wamp64\www\Hy2\Application\Common\Model\HyAllModel.class.php 第 595 行.
NOTIC: [8] Undefined index: title F:\PHP\wamp64\www\Hy2\Application\Common\Model\HyAllModel.class.php 第 595 行.
NOTIC: [8] Undefined index: title F:\PHP\wamp64\www\Hy2\Application\Common\Model\HyAllModel.class.php 第 595 行.
NOTIC: [8] Undefined index: title F:\PHP\wamp64\www\Hy2\Application\Common\Model\HyAllModel.class.php 第 595 行.
NOTIC: [8] Undefined index: title F:\PHP\wamp64\www\Hy2\Application\Common\Model\HyAllModel.class.php 第 595 行.
NOTIC: [8] Undefined index: info F:\PHP\wamp64\www\Hy2\Application\Common\Model\HyAllModel.class.php 第 470 行.
INFO: [ hy_log ] --START--
INFO: Run Common\Behavior\HyLogBehavior [ RunTime:0.000000s ]
INFO: [ hy_log ] --END-- [ RunTime:-0.199011s ]

[ 2016-09-17T15:42:26+08:00 ] ::1 /Hy2/index.php/User/Teacher/favicon.ico
INFO: [ app_init ] --START--
INFO: Run Behavior\BuildLiteBehavior [ RunTime:0.000000s ]
INFO: [ app_init ] --END-- [ RunTime:0.001000s ]

[ 2016-09-17T15:43:51+08:00 ] ::1 /Hy2/index.php/User/Class/all.html
INFO: [ app_init ] --START--
INFO: Run Behavior\BuildLiteBehavior [ RunTime:0.000000s ]
INFO: [ app_init ] --END-- [ RunTime:0.002000s ]
INFO: [ app_begin ] --START--
INFO: Run Behavior\ReadHtmlCacheBehavior [ RunTime:0.002000s ]
INFO: [ app_begin ] --END-- [ RunTime:0.004000s ]
NOTIC: [8192] mysql_connect(): The mysql extension is deprecated and will be removed in the future: use mysqli or PDO instead F:\PHP\wamp64\www\Hy2\HomyitCore\Library\Think\Session\Driver\Db.class.php 第 95 行.
INFO: [ action_begin ] --START--
INFO: Run Common\Behavior\HyLogBehavior [ RunTime:0.005001s ]
INFO: [ action_begin ] --END-- [ RunTime:0.005001s ]
NOTIC: [2048] Declaration of Common\Model\HyFrameModel::find() should be compatible with Think\Model::find($options = Array) F:\PHP\wamp64\www\Hy2\Application\Common\Model\HyFrameModel.class.php 第 13 行.
SQL: SHOW COLUMNS FROM `com_class` [ RunTime:0.2840s ]
INFO: [ hy_log ] --START--
NOTIC: [8] Undefined variable: sql F:\PHP\wamp64\www\Hy2\Application\Common\Behavior\HyLogBehavior.class.php 第 31 行.
INFO: Run Common\Behavior\HyLogBehavior [ RunTime:0.000000s ]
INFO: [ hy_log ] --END-- [ RunTime:0.001000s ]
INFO: [ hy_log ] --START--
NOTIC: [8] Undefined index: style F:\PHP\wamp64\www\Hy2\Application\Common\Behavior\HyLogBehavior.class.php 第 23 行.
NOTIC: [8] Undefined index: sql F:\PHP\wamp64\www\Hy2\Application\Common\Behavior\HyLogBehavior.class.php 第 25 行.
INFO: Run Common\Behavior\HyLogBehavior [ RunTime:0.001000s ]
INFO: [ hy_log ] --END-- [ RunTime:-0.001000s ]
NOTIC: [8] Undefined index: all F:\PHP\wamp64\www\Hy2\Application\Common\Model\HyAllModel.class.php 第 922 行.
NOTIC: [8] Undefined index: tips F:\PHP\wamp64\www\Hy2\Application\Common\Model\HyAllModel.class.php 第 452 行.
NOTIC: [8] Undefined index: type F:\PHP\wamp64\www\Hy2\Application\Common\Model\HyAllModel.class.php 第 428 行.
NOTIC: [8] Undefined index: type F:\PHP\wamp64\www\Hy2\Application\Common\Model\HyAllModel.class.php 第 432 行.
SQL: SHOW COLUMNS FROM `com_class` [ RunTime:0.0030s ]
SQL: SELECT `grade`,grade as grade1 FROM `com_class` WHERE `college_id` = 2  [ RunTime:0.0010s ]
NOTIC: [8] Undefined index: search F:\PHP\wamp64\www\Hy2\Application\Common\Model\HyAllModel.class.php 第 428 行.
NOTIC: [8] Undefined index: search F:\PHP\wamp64\www\Hy2\Application\Common\Model\HyAllModel.class.php 第 428 行.
NOTIC: [8] Undefined index: title F:\PHP\wamp64\www\Hy2\Application\Common\Model\HyAllModel.class.php 第 425 行.
NOTIC: [8] Undefined index: list F:\PHP\wamp64\www\Hy2\Application\Common\Model\HyAllModel.class.php 第 425 行.
NOTIC: [8] Undefined index: title F:\PHP\wamp64\www\Hy2\Application\Common\Model\HyAllModel.class.php 第 426 行.
NOTIC: [8] Undefined index: title F:\PHP\wamp64\www\Hy2\Application\Common\Model\HyAllModel.class.php 第 426 行.
NOTIC: [8] Undefined index: search F:\PHP\wamp64\www\Hy2\Application\Common\Model\HyAllModel.class.php 第 428 行.
NOTIC: [8] Undefined index: form F:\PHP\wamp64\www\Hy2\Application\Common\Model\HyAllModel.class.php 第 432 行.
INFO: [ before_view ] --START--
SQL: SHOW COLUMNS FROM `com_frame_alert` [ RunTime:0.0030s ]
SQL: SELECT `id`,`category`,`icon`,`message`,`url`,`type`,`create_time` FROM `com_frame_alert` where `to_users` LIKE '%,101155,%' AND ( IFNULL(`read_users`,'')='' OR `read_users` NOT LIKE '%,101155,%') AND `status`=1 ORDER BY `id` DESC [ RunTime:0.0020s ]
INFO: Run Common\Behavior\HyBeforeViewBehavior [ RunTime:0.018001s ]
INFO: [ before_view ] --END-- [ RunTime:0.018001s ]
INFO: [ view_parse ] --START--
INFO: [ template_filter ] --START--
INFO: Run Behavior\ContentReplaceBehavior [ RunTime:0.001000s ]
INFO: [ template_filter ] --END-- [ RunTime:0.001000s ]
NOTIC: [8] Undefined variable: _middle F:\PHP\wamp64\www\Hy2\Runtime\Cache\User\9c07dc003a2105c82c74ba68c02f614c.php 第 204 行.
NOTIC: [8] Undefined variable: _bottom F:\PHP\wamp64\www\Hy2\Runtime\Cache\User\9c07dc003a2105c82c74ba68c02f614c.php 第 223 行.
NOTIC: [8] Undefined variable: _script F:\PHP\wamp64\www\Hy2\Runtime\Cache\User\9c07dc003a2105c82c74ba68c02f614c.php 第 282 行.
NOTIC: [8] Undefined variable: hyMenu F:\PHP\wamp64\www\Hy2\Runtime\Cache\User\9c07dc003a2105c82c74ba68c02f614c.php 第 295 行.
INFO: Run Behavior\ParseTemplateBehavior [ RunTime:0.139008s ]
INFO: [ view_parse ] --END-- [ RunTime:0.141008s ]
INFO: [ view_filter ] --START--
INFO: Run Behavior\WriteHtmlCacheBehavior [ RunTime:0.002000s ]
INFO: [ view_filter ] --END-- [ RunTime:0.003000s ]
INFO: [ app_end ] --START--
INFO: Run Behavior\ShowPageTraceBehavior [ RunTime:0.004001s ]
INFO: [ app_end ] --END-- [ RunTime:0.004001s ]

[ 2016-09-17T15:43:53+08:00 ] ::1 /Hy2/index.php/User/Class/ajax?q=list
INFO: [ app_init ] --START--
INFO: Run Behavior\BuildLiteBehavior [ RunTime:0.000000s ]
INFO: [ app_init ] --END-- [ RunTime:0.003000s ]
INFO: [ app_begin ] --START--
INFO: Run Behavior\ReadHtmlCacheBehavior [ RunTime:0.002000s ]
INFO: [ app_begin ] --END-- [ RunTime:0.002000s ]
NOTIC: [8192] mysql_connect(): The mysql extension is deprecated and will be removed in the future: use mysqli or PDO instead F:\PHP\wamp64\www\Hy2\HomyitCore\Library\Think\Session\Driver\Db.class.php 第 95 行.
INFO: [ action_begin ] --START--
INFO: Run Common\Behavior\HyLogBehavior [ RunTime:0.003000s ]
INFO: [ action_begin ] --END-- [ RunTime:0.004000s ]
NOTIC: [2048] Declaration of Common\Model\HyFrameModel::find() should be compatible with Think\Model::find($options = Array) F:\PHP\wamp64\www\Hy2\Application\Common\Model\HyFrameModel.class.php 第 13 行.
SQL: SHOW COLUMNS FROM `com_class` [ RunTime:0.2410s ]
INFO: [ hy_log ] --START--
NOTIC: [8] Undefined variable: sql F:\PHP\wamp64\www\Hy2\Application\Common\Behavior\HyLogBehavior.class.php 第 31 行.
INFO: Run Common\Behavior\HyLogBehavior [ RunTime:0.000000s ]
INFO: [ hy_log ] --END-- [ RunTime:0.001000s ]
INFO: [ hy_log ] --START--
NOTIC: [8] Undefined index: style F:\PHP\wamp64\www\Hy2\Application\Common\Behavior\HyLogBehavior.class.php 第 23 行.
NOTIC: [8] Undefined index: sql F:\PHP\wamp64\www\Hy2\Application\Common\Behavior\HyLogBehavior.class.php 第 25 行.
INFO: Run Common\Behavior\HyLogBehavior [ RunTime:0.000000s ]
INFO: [ hy_log ] --END-- [ RunTime:0.000000s ]
NOTIC: [8] Undefined index: associate F:\PHP\wamp64\www\Hy2\Application\Common\Model\HyFrameModel.class.php 第 142 行.
NOTIC: [8] Undefined index: associate F:\PHP\wamp64\www\Hy2\Application\Common\Model\HyFrameModel.class.php 第 142 行.
NOTIC: [8] Undefined index: limit F:\PHP\wamp64\www\Hy2\Application\Common\Model\HyFrameModel.class.php 第 161 行.
NOTIC: [8] Undefined index: order F:\PHP\wamp64\www\Hy2\Application\Common\Model\HyFrameModel.class.php 第 163 行.
NOTIC: [8] Undefined variable: field F:\PHP\wamp64\www\Hy2\Application\Common\Model\HyFrameModel.class.php 第 182 行.
NOTIC: [8] Undefined index: where F:\PHP\wamp64\www\Hy2\Application\Common\Model\HyFrameModel.class.php 第 190 行.
NOTIC: [8] Undefined index: decrypt F:\PHP\wamp64\www\Hy2\Application\Common\Model\HyFrameModel.class.php 第 242 行.
SQL: SELECT 1 FROM `com_class` WHERE `college_id` = 2 AND `status` = 1 AND `id` > 10000  [ RunTime:0.0020s ]
INFO: [ hy_log ] --START--
NOTIC: [8] Undefined index: style F:\PHP\wamp64\www\Hy2\Application\Common\Behavior\HyLogBehavior.class.php 第 23 行.
NOTIC: [8] Undefined index: sql F:\PHP\wamp64\www\Hy2\Application\Common\Behavior\HyLogBehavior.class.php 第 25 行.
INFO: Run Common\Behavior\HyLogBehavior [ RunTime:0.001000s ]
INFO: [ hy_log ] --END-- [ RunTime:-0.006000s ]
NOTIC: [8] Undefined index: hy F:\PHP\wamp64\www\Hy2\Application\Common\Model\HyFrameModel.class.php 第 141 行.
NOTIC: [8] Undefined index: associate F:\PHP\wamp64\www\Hy2\Application\Common\Model\HyFrameModel.class.php 第 142 行.
SQL: SELECT `id`,`college_id`,`name`,`grade`,`graduate`,`remark`,`status` FROM `com_class` WHERE `college_id` = 2 AND `status` = 1 AND `id` > 10000 ORDER BY id desc LIMIT 10   [ RunTime:0.0010s ]
NOTIC: [8] Undefined index: hidden F:\PHP\wamp64\www\Hy2\Application\Common\Model\HyAllModel.class.php 第 595 行.
NOTIC: [8] Undefined index: hidden F:\PHP\wamp64\www\Hy2\Application\Common\Model\HyAllModel.class.php 第 595 行.
NOTIC: [8] Undefined index: hidden F:\PHP\wamp64\www\Hy2\Application\Common\Model\HyAllModel.class.php 第 595 行.
NOTIC: [8] Undefined index: title F:\PHP\wamp64\www\Hy2\Application\Common\Model\HyAllModel.class.php 第 595 行.
NOTIC: [8] Undefined index: {callback} F:\PHP\wamp64\www\Hy2\Application\Common\Model\HyAllModel.class.php 第 806 行.
NOTIC: [8] Undefined index: callback F:\PHP\wamp64\www\Hy2\Application\Common\Model\HyAllModel.class.php 第 605 行.
NOTIC: [8] Undefined index: callback F:\PHP\wamp64\www\Hy2\Application\Common\Model\HyAllModel.class.php 第 605 行.
NOTIC: [8] Undefined index: callback F:\PHP\wamp64\www\Hy2\Application\Common\Model\HyAllModel.class.php 第 605 行.
NOTIC: [8] Undefined index: list F:\PHP\wamp64\www\Hy2\Application\Common\Model\HyAllModel.class.php 第 605 行.
NOTIC: [8] Undefined index: {callback} F:\PHP\wamp64\www\Hy2\Application\Common\Model\HyAllModel.class.php 第 806 行.
NOTIC: [8] Undefined index: callback F:\PHP\wamp64\www\Hy2\Application\Common\Model\HyAllModel.class.php 第 605 行.
NOTIC: [8] Undefined index: callback F:\PHP\wamp64\www\Hy2\Application\Common\Model\HyAllModel.class.php 第 605 行.
NOTIC: [8] Undefined index: callback F:\PHP\wamp64\www\Hy2\Application\Common\Model\HyAllModel.class.php 第 605 行.
NOTIC: [8] Undefined index: list F:\PHP\wamp64\www\Hy2\Application\Common\Model\HyAllModel.class.php 第 605 行.
NOTIC: [8] Undefined index: {callback} F:\PHP\wamp64\www\Hy2\Application\Common\Model\HyAllModel.class.php 第 806 行.
NOTIC: [8] Undefined index: callback F:\PHP\wamp64\www\Hy2\Application\Common\Model\HyAllModel.class.php 第 605 行.
NOTIC: [8] Undefined index: callback F:\PHP\wamp64\www\Hy2\Application\Common\Model\HyAllModel.class.php 第 605 行.
NOTIC: [8] Undefined index: callback F:\PHP\wamp64\www\Hy2\Application\Common\Model\HyAllModel.class.php 第 605 行.
NOTIC: [8] Undefined index: list F:\PHP\wamp64\www\Hy2\Application\Common\Model\HyAllModel.class.php 第 605 行.
NOTIC: [8] Undefined index: info F:\PHP\wamp64\www\Hy2\Application\Common\Model\HyAllModel.class.php 第 470 行.
INFO: [ hy_log ] --START--
INFO: Run Common\Behavior\HyLogBehavior [ RunTime:0.000000s ]
INFO: [ hy_log ] --END-- [ RunTime:-0.017001s ]

[ 2016-09-17T15:44:35+08:00 ] ::1 /Hy2/index.php/User/Class/all.html
INFO: [ app_init ] --START--
INFO: Run Behavior\BuildLiteBehavior [ RunTime:0.000000s ]
INFO: [ app_init ] --END-- [ RunTime:0.002001s ]
INFO: [ app_begin ] --START--
INFO: Run Behavior\ReadHtmlCacheBehavior [ RunTime:0.003000s ]
INFO: [ app_begin ] --END-- [ RunTime:0.003000s ]
NOTIC: [8192] mysql_connect(): The mysql extension is deprecated and will be removed in the future: use mysqli or PDO instead F:\PHP\wamp64\www\Hy2\HomyitCore\Library\Think\Session\Driver\Db.class.php 第 95 行.
INFO: [ action_begin ] --START--
INFO: Run Common\Behavior\HyLogBehavior [ RunTime:0.003000s ]
INFO: [ action_begin ] --END-- [ RunTime:0.004000s ]
NOTIC: [2048] Declaration of Common\Model\HyFrameModel::find() should be compatible with Think\Model::find($options = Array) F:\PHP\wamp64\www\Hy2\Application\Common\Model\HyFrameModel.class.php 第 13 行.
SQL: SHOW COLUMNS FROM `com_class` [ RunTime:0.0220s ]
INFO: [ hy_log ] --START--
NOTIC: [8] Undefined variable: sql F:\PHP\wamp64\www\Hy2\Application\Common\Behavior\HyLogBehavior.class.php 第 31 行.
INFO: Run Common\Behavior\HyLogBehavior [ RunTime:0.000000s ]
INFO: [ hy_log ] --END-- [ RunTime:0.001000s ]
INFO: [ hy_log ] --START--
NOTIC: [8] Undefined index: style F:\PHP\wamp64\www\Hy2\Application\Common\Behavior\HyLogBehavior.class.php 第 23 行.
NOTIC: [8] Undefined index: sql F:\PHP\wamp64\www\Hy2\Application\Common\Behavior\HyLogBehavior.class.php 第 25 行.
INFO: Run Common\Behavior\HyLogBehavior [ RunTime:0.000000s ]
INFO: [ hy_log ] --END-- [ RunTime:-0.001000s ]
NOTIC: [8] Undefined index: all F:\PHP\wamp64\www\Hy2\Application\Common\Model\HyAllModel.class.php 第 922 行.
NOTIC: [8] Undefined index: tips F:\PHP\wamp64\www\Hy2\Application\Common\Model\HyAllModel.class.php 第 452 行.
NOTIC: [8] Undefined index: type F:\PHP\wamp64\www\Hy2\Application\Common\Model\HyAllModel.class.php 第 428 行.
NOTIC: [8] Undefined index: type F:\PHP\wamp64\www\Hy2\Application\Common\Model\HyAllModel.class.php 第 432 行.
SQL: SHOW COLUMNS FROM `com_class` [ RunTime:0.0030s ]
SQL: SELECT `grade`,grade as grade1 FROM `com_class` WHERE `college_id` = 2  [ RunTime:0.0010s ]
NOTIC: [8] Undefined index: search F:\PHP\wamp64\www\Hy2\Application\Common\Model\HyAllModel.class.php 第 428 行.
NOTIC: [8] Undefined index: search F:\PHP\wamp64\www\Hy2\Application\Common\Model\HyAllModel.class.php 第 428 行.
NOTIC: [8] Undefined index: title F:\PHP\wamp64\www\Hy2\Application\Common\Model\HyAllModel.class.php 第 425 行.
NOTIC: [8] Undefined index: list F:\PHP\wamp64\www\Hy2\Application\Common\Model\HyAllModel.class.php 第 425 行.
NOTIC: [8] Undefined index: title F:\PHP\wamp64\www\Hy2\Application\Common\Model\HyAllModel.class.php 第 426 行.
NOTIC: [8] Undefined index: title F:\PHP\wamp64\www\Hy2\Application\Common\Model\HyAllModel.class.php 第 426 行.
NOTIC: [8] Undefined index: search F:\PHP\wamp64\www\Hy2\Application\Common\Model\HyAllModel.class.php 第 428 行.
NOTIC: [8] Undefined index: form F:\PHP\wamp64\www\Hy2\Application\Common\Model\HyAllModel.class.php 第 432 行.
INFO: [ before_view ] --START--
SQL: SHOW COLUMNS FROM `com_frame_alert` [ RunTime:0.0020s ]
SQL: SELECT `id`,`category`,`icon`,`message`,`url`,`type`,`create_time` FROM `com_frame_alert` where `to_users` LIKE '%,101155,%' AND ( IFNULL(`read_users`,'')='' OR `read_users` NOT LIKE '%,101155,%') AND `status`=1 ORDER BY `id` DESC [ RunTime:0.0010s ]
INFO: Run Common\Behavior\HyBeforeViewBehavior [ RunTime:0.015000s ]
INFO: [ before_view ] --END-- [ RunTime:0.016001s ]
INFO: [ view_parse ] --START--
INFO: [ template_filter ] --START--
INFO: Run Behavior\ContentReplaceBehavior [ RunTime:0.001000s ]
INFO: [ template_filter ] --END-- [ RunTime:0.002000s ]
NOTIC: [8] Undefined variable: _middle F:\PHP\wamp64\www\Hy2\Runtime\Cache\User\9c07dc003a2105c82c74ba68c02f614c.php 第 204 行.
NOTIC: [8] Undefined variable: _bottom F:\PHP\wamp64\www\Hy2\Runtime\Cache\User\9c07dc003a2105c82c74ba68c02f614c.php 第 223 行.
NOTIC: [8] Undefined variable: _script F:\PHP\wamp64\www\Hy2\Runtime\Cache\User\9c07dc003a2105c82c74ba68c02f614c.php 第 282 行.
NOTIC: [8] Undefined variable: hyMenu F:\PHP\wamp64\www\Hy2\Runtime\Cache\User\9c07dc003a2105c82c74ba68c02f614c.php 第 295 行.
INFO: Run Behavior\ParseTemplateBehavior [ RunTime:0.116007s ]
INFO: [ view_parse ] --END-- [ RunTime:0.117007s ]
INFO: [ view_filter ] --START--
INFO: Run Behavior\WriteHtmlCacheBehavior [ RunTime:0.002000s ]
INFO: [ view_filter ] --END-- [ RunTime:0.003000s ]
INFO: [ app_end ] --START--
INFO: Run Behavior\ShowPageTraceBehavior [ RunTime:0.003001s ]
INFO: [ app_end ] --END-- [ RunTime:0.004001s ]

[ 2016-09-17T15:44:37+08:00 ] ::1 /Hy2/index.php/User/Class/ajax?q=list
INFO: [ app_init ] --START--
INFO: Run Behavior\BuildLiteBehavior [ RunTime:0.000000s ]
INFO: [ app_init ] --END-- [ RunTime:0.001000s ]
INFO: [ app_begin ] --START--
INFO: Run Behavior\ReadHtmlCacheBehavior [ RunTime:0.002000s ]
INFO: [ app_begin ] --END-- [ RunTime:0.002000s ]
NOTIC: [8192] mysql_connect(): The mysql extension is deprecated and will be removed in the future: use mysqli or PDO instead F:\PHP\wamp64\www\Hy2\HomyitCore\Library\Think\Session\Driver\Db.class.php 第 95 行.
INFO: [ action_begin ] --START--
INFO: Run Common\Behavior\HyLogBehavior [ RunTime:0.003000s ]
INFO: [ action_begin ] --END-- [ RunTime:0.003000s ]
NOTIC: [2048] Declaration of Common\Model\HyFrameModel::find() should be compatible with Think\Model::find($options = Array) F:\PHP\wamp64\www\Hy2\Application\Common\Model\HyFrameModel.class.php 第 13 行.
SQL: SHOW COLUMNS FROM `com_class` [ RunTime:0.0010s ]
INFO: [ hy_log ] --START--
NOTIC: [8] Undefined variable: sql F:\PHP\wamp64\www\Hy2\Application\Common\Behavior\HyLogBehavior.class.php 第 31 行.
INFO: Run Common\Behavior\HyLogBehavior [ RunTime:0.001000s ]
INFO: [ hy_log ] --END-- [ RunTime:0.001000s ]
INFO: [ hy_log ] --START--
NOTIC: [8] Undefined index: style F:\PHP\wamp64\www\Hy2\Application\Common\Behavior\HyLogBehavior.class.php 第 23 行.
NOTIC: [8] Undefined index: sql F:\PHP\wamp64\www\Hy2\Application\Common\Behavior\HyLogBehavior.class.php 第 25 行.
INFO: Run Common\Behavior\HyLogBehavior [ RunTime:0.000000s ]
INFO: [ hy_log ] --END-- [ RunTime:0.000000s ]
NOTIC: [8] Undefined index: associate F:\PHP\wamp64\www\Hy2\Application\Common\Model\HyFrameModel.class.php 第 142 行.
NOTIC: [8] Undefined index: associate F:\PHP\wamp64\www\Hy2\Application\Common\Model\HyFrameModel.class.php 第 142 行.
NOTIC: [8] Undefined index: limit F:\PHP\wamp64\www\Hy2\Application\Common\Model\HyFrameModel.class.php 第 161 行.
NOTIC: [8] Undefined index: order F:\PHP\wamp64\www\Hy2\Application\Common\Model\HyFrameModel.class.php 第 163 行.
NOTIC: [8] Undefined variable: field F:\PHP\wamp64\www\Hy2\Application\Common\Model\HyFrameModel.class.php 第 182 行.
NOTIC: [8] Undefined index: where F:\PHP\wamp64\www\Hy2\Application\Common\Model\HyFrameModel.class.php 第 190 行.
NOTIC: [8] Undefined index: decrypt F:\PHP\wamp64\www\Hy2\Application\Common\Model\HyFrameModel.class.php 第 242 行.
SQL: SELECT 1 FROM `com_class` WHERE `college_id` = 2 AND `status` = 1 AND `id` > 10000  [ RunTime:0.0020s ]
INFO: [ hy_log ] --START--
NOTIC: [8] Undefined index: style F:\PHP\wamp64\www\Hy2\Application\Common\Behavior\HyLogBehavior.class.php 第 23 行.
NOTIC: [8] Undefined index: sql F:\PHP\wamp64\www\Hy2\Application\Common\Behavior\HyLogBehavior.class.php 第 25 行.
INFO: Run Common\Behavior\HyLogBehavior [ RunTime:0.001000s ]
INFO: [ hy_log ] --END-- [ RunTime:-0.009001s ]
NOTIC: [8] Undefined index: hy F:\PHP\wamp64\www\Hy2\Application\Common\Model\HyFrameModel.class.php 第 141 行.
NOTIC: [8] Undefined index: associate F:\PHP\wamp64\www\Hy2\Application\Common\Model\HyFrameModel.class.php 第 142 行.
SQL: SELECT `id`,`college_id`,`name`,`grade`,`graduate`,`remark`,`status` FROM `com_class` WHERE `college_id` = 2 AND `status` = 1 AND `id` > 10000 ORDER BY id desc LIMIT 10   [ RunTime:0.0010s ]
NOTIC: [8] Undefined index: hidden F:\PHP\wamp64\www\Hy2\Application\Common\Model\HyAllModel.class.php 第 595 行.
NOTIC: [8] Undefined index: hidden F:\PHP\wamp64\www\Hy2\Application\Common\Model\HyAllModel.class.php 第 595 行.
NOTIC: [8] Undefined index: hidden F:\PHP\wamp64\www\Hy2\Application\Common\Model\HyAllModel.class.php 第 595 行.
NOTIC: [8] Undefined index: title F:\PHP\wamp64\www\Hy2\Application\Common\Model\HyAllModel.class.php 第 595 行.
NOTIC: [8] Undefined index: {callback} F:\PHP\wamp64\www\Hy2\Application\Common\Model\HyAllModel.class.php 第 806 行.
NOTIC: [8] Undefined index: callback F:\PHP\wamp64\www\Hy2\Application\Common\Model\HyAllModel.class.php 第 605 行.
NOTIC: [8] Undefined index: callback F:\PHP\wamp64\www\Hy2\Application\Common\Model\HyAllModel.class.php 第 605 行.
NOTIC: [8] Undefined index: callback F:\PHP\wamp64\www\Hy2\Application\Common\Model\HyAllModel.class.php 第 605 行.
NOTIC: [8] Undefined index: list F:\PHP\wamp64\www\Hy2\Application\Common\Model\HyAllModel.class.php 第 605 行.
NOTIC: [8] Undefined index: {callback} F:\PHP\wamp64\www\Hy2\Application\Common\Model\HyAllModel.class.php 第 806 行.
NOTIC: [8] Undefined index: callback F:\PHP\wamp64\www\Hy2\Application\Common\Model\HyAllModel.class.php 第 605 行.
NOTIC: [8] Undefined index: callback F:\PHP\wamp64\www\Hy2\Application\Common\Model\HyAllModel.class.php 第 605 行.
NOTIC: [8] Undefined index: callback F:\PHP\wamp64\www\Hy2\Application\Common\Model\HyAllModel.class.php 第 605 行.
NOTIC: [8] Undefined index: list F:\PHP\wamp64\www\Hy2\Application\Common\Model\HyAllModel.class.php 第 605 行.
NOTIC: [8] Undefined index: {callback} F:\PHP\wamp64\www\Hy2\Application\Common\Model\HyAllModel.class.php 第 806 行.
NOTIC: [8] Undefined index: callback F:\PHP\wamp64\www\Hy2\Application\Common\Model\HyAllModel.class.php 第 605 行.
NOTIC: [8] Undefined index: callback F:\PHP\wamp64\www\Hy2\Application\Common\Model\HyAllModel.class.php 第 605 行.
NOTIC: [8] Undefined index: callback F:\PHP\wamp64\www\Hy2\Application\Common\Model\HyAllModel.class.php 第 605 行.
NOTIC: [8] Undefined index: list F:\PHP\wamp64\www\Hy2\Application\Common\Model\HyAllModel.class.php 第 605 行.
NOTIC: [8] Undefined index: info F:\PHP\wamp64\www\Hy2\Application\Common\Model\HyAllModel.class.php 第 470 行.
INFO: [ hy_log ] --START--
INFO: Run Common\Behavior\HyLogBehavior [ RunTime:0.000000s ]
INFO: [ hy_log ] --END-- [ RunTime:-0.023002s ]

