[ 2016-09-14T10:40:09+08:00 ] ::1 /SIS.JXNU-B/index.php/International/International/all.html
INFO: [ app_init ] --START--
INFO: Run Behavior\BuildLiteBehavior [ RunTime:0.000000s ]
INFO: [ app_init ] --END-- [ RunTime:0.001000s ]
INFO: [ app_begin ] --START--
INFO: Run Behavior\ReadHtmlCacheBehavior [ RunTime:0.002000s ]
INFO: [ app_begin ] --END-- [ RunTime:0.002000s ]
NOTIC: [8192] mysql_connect(): The mysql extension is deprecated and will be removed in the future: use mysqli or PDO instead F:\PHP\wamp64\www\SIS.JXNU-B\HomyitCore\Library\Think\Session\Driver\Db.class.php 第 95 行.
INFO: [ action_begin ] --START--
INFO: Run Common\Behavior\HyLogBehavior [ RunTime:0.002000s ]
INFO: [ action_begin ] --END-- [ RunTime:0.002000s ]
NOTIC: [2048] Declaration of Common\Model\HyFrameModel::find() should be compatible with Think\Model::find($options = Array) F:\PHP\wamp64\www\SIS.JXNU-B\Application\Common\Model\HyFrameModel.class.php 第 13 行.
NOTIC: [8] Undefined index: model F:\PHP\wamp64\www\SIS.JXNU-B\Application\Common\Controller\HyFrameController.class.php 第 42 行.
SQL: SHOW COLUMNS FROM `edu_score` [ RunTime:0.0430s ]
INFO: [ hy_log ] --START--
NOTIC: [8] Undefined variable: sql F:\PHP\wamp64\www\SIS.JXNU-B\Application\Common\Behavior\HyLogBehavior.class.php 第 31 行.
INFO: Run Common\Behavior\HyLogBehavior [ RunTime:0.000000s ]
INFO: [ hy_log ] --END-- [ RunTime:0.000000s ]
INFO: [ hy_log ] --START--
NOTIC: [8] Undefined index: style F:\PHP\wamp64\www\SIS.JXNU-B\Application\Common\Behavior\HyLogBehavior.class.php 第 23 行.
NOTIC: [8] Undefined index: sql F:\PHP\wamp64\www\SIS.JXNU-B\Application\Common\Behavior\HyLogBehavior.class.php 第 25 行.
INFO: Run Common\Behavior\HyLogBehavior [ RunTime:0.001000s ]
INFO: [ hy_log ] --END-- [ RunTime:-0.001000s ]
NOTIC: [8] Undefined index: all F:\PHP\wamp64\www\SIS.JXNU-B\Application\Common\Model\HyAllModel.class.php 第 922 行.
NOTIC: [8] Undefined index: tips F:\PHP\wamp64\www\SIS.JXNU-B\Application\Common\Model\HyAllModel.class.php 第 452 行.
NOTIC: [2] Missing argument 1 for System\Model\HomkaiServiceModel::getClassOptg(), called in F:\PHP\wamp64\www\SIS.JXNU-B\Application\International\Model\InternationalModel.class.php on line 219 and defined F:\PHP\wamp64\www\SIS.JXNU-B\Application\System\Model\HomkaiServiceModel.class.php 第 15 行.
SQL: SHOW COLUMNS FROM `edu_class` [ RunTime:0.0020s ]
SQL: SELECT `id`,`name`,`grade` FROM `edu_class` WHERE `status` = 1 ORDER BY grade asc  [ RunTime:0.0010s ]
NOTIC: [8] Undefined index: form F:\PHP\wamp64\www\SIS.JXNU-B\Application\Common\Model\HyAllModel.class.php 第 432 行.
NOTIC: [8] Undefined index: search F:\PHP\wamp64\www\SIS.JXNU-B\Application\Common\Model\HyAllModel.class.php 第 428 行.
SQL: SHOW COLUMNS FROM `edu_user` [ RunTime:0.0020s ]
SQL: SELECT `id`,`name` FROM edu_user u INNER JOIN edu_student s on u.id=s.user_id  WHERE s.status < 9 AND u.status < 9 AND `country` <> '中国'  [ RunTime:0.0030s ]
NOTIC: [8] Undefined index: search F:\PHP\wamp64\www\SIS.JXNU-B\Application\Common\Model\HyAllModel.class.php 第 428 行.
NOTIC: [8] Undefined index: form F:\PHP\wamp64\www\SIS.JXNU-B\Application\Common\Model\HyAllModel.class.php 第 432 行.
SQL: SHOW COLUMNS FROM `edu_exam_course` [ RunTime:0.0180s ]
SQL: SELECT `id`,`name` FROM `edu_exam_course` WHERE `status` = 1  [ RunTime:0.0010s ]
NOTIC: [8] Undefined index: form F:\PHP\wamp64\www\SIS.JXNU-B\Application\Common\Model\HyAllModel.class.php 第 432 行.
NOTIC: [8] Undefined index: search F:\PHP\wamp64\www\SIS.JXNU-B\Application\Common\Model\HyAllModel.class.php 第 428 行.
SQL: SELECT `id`,`name` FROM `edu_exam_course` WHERE `status` = 1  [ RunTime:0.0010s ]
NOTIC: [8] Undefined index: search F:\PHP\wamp64\www\SIS.JXNU-B\Application\Common\Model\HyAllModel.class.php 第 428 行.
NOTIC: [8] Undefined index: search F:\PHP\wamp64\www\SIS.JXNU-B\Application\Common\Model\HyAllModel.class.php 第 428 行.
NOTIC: [8] Undefined index: search F:\PHP\wamp64\www\SIS.JXNU-B\Application\Common\Model\HyAllModel.class.php 第 428 行.
INFO: [ before_view ] --START--
SQL: SHOW COLUMNS FROM `edu_frame_alert` [ RunTime:0.0020s ]
SQL: SELECT `id`,`category`,`icon`,`message`,`url`,`type`,`create_time` FROM `edu_frame_alert` where `to_users` LIKE '%,18,%' AND ( IFNULL(`read_users`,'')='' OR `read_users` NOT LIKE '%,18,%') AND `status`=1 ORDER BY `id` DESC [ RunTime:0.0020s ]
INFO: Run Common\Behavior\HyBeforeViewBehavior [ RunTime:0.013001s ]
INFO: [ before_view ] --END-- [ RunTime:0.013001s ]
INFO: [ view_parse ] --START--
INFO: [ template_filter ] --START--
INFO: Run Behavior\ContentReplaceBehavior [ RunTime:0.001000s ]
INFO: [ template_filter ] --END-- [ RunTime:0.001000s ]
NOTIC: [8] Undefined variable: _middle F:\PHP\wamp64\www\SIS.JXNU-B\Runtime\Cache\International\9c07dc003a2105c82c74ba68c02f614c.php 第 204 行.
NOTIC: [8] Undefined variable: _bottom F:\PHP\wamp64\www\SIS.JXNU-B\Runtime\Cache\International\9c07dc003a2105c82c74ba68c02f614c.php 第 223 行.
NOTIC: [8] Undefined variable: _script F:\PHP\wamp64\www\SIS.JXNU-B\Runtime\Cache\International\9c07dc003a2105c82c74ba68c02f614c.php 第 282 行.
NOTIC: [8] Undefined variable: hyMenu F:\PHP\wamp64\www\SIS.JXNU-B\Runtime\Cache\International\9c07dc003a2105c82c74ba68c02f614c.php 第 295 行.
INFO: Run Behavior\ParseTemplateBehavior [ RunTime:0.104006s ]
INFO: [ view_parse ] --END-- [ RunTime:0.104006s ]
INFO: [ view_filter ] --START--
INFO: Run Behavior\WriteHtmlCacheBehavior [ RunTime:0.002000s ]
INFO: [ view_filter ] --END-- [ RunTime:0.002000s ]
INFO: [ app_end ] --START--
INFO: Run Behavior\ShowPageTraceBehavior [ RunTime:0.002000s ]
INFO: [ app_end ] --END-- [ RunTime:0.003000s ]

[ 2016-09-14T10:40:11+08:00 ] ::1 /SIS.JXNU-B/index.php/International/International/ajax?q=list
INFO: [ app_init ] --START--
INFO: Run Behavior\BuildLiteBehavior [ RunTime:0.000000s ]
INFO: [ app_init ] --END-- [ RunTime:0.002001s ]
INFO: [ app_begin ] --START--
INFO: Run Behavior\ReadHtmlCacheBehavior [ RunTime:0.002000s ]
INFO: [ app_begin ] --END-- [ RunTime:0.003000s ]
NOTIC: [8192] mysql_connect(): The mysql extension is deprecated and will be removed in the future: use mysqli or PDO instead F:\PHP\wamp64\www\SIS.JXNU-B\HomyitCore\Library\Think\Session\Driver\Db.class.php 第 95 行.
INFO: [ action_begin ] --START--
INFO: Run Common\Behavior\HyLogBehavior [ RunTime:0.002000s ]
INFO: [ action_begin ] --END-- [ RunTime:0.002000s ]
NOTIC: [2048] Declaration of Common\Model\HyFrameModel::find() should be compatible with Think\Model::find($options = Array) F:\PHP\wamp64\www\SIS.JXNU-B\Application\Common\Model\HyFrameModel.class.php 第 13 行.
NOTIC: [8] Undefined index: model F:\PHP\wamp64\www\SIS.JXNU-B\Application\Common\Controller\HyFrameController.class.php 第 42 行.
SQL: SHOW COLUMNS FROM `edu_score` [ RunTime:0.0050s ]
INFO: [ hy_log ] --START--
NOTIC: [8] Undefined variable: sql F:\PHP\wamp64\www\SIS.JXNU-B\Application\Common\Behavior\HyLogBehavior.class.php 第 31 行.
INFO: Run Common\Behavior\HyLogBehavior [ RunTime:0.000000s ]
INFO: [ hy_log ] --END-- [ RunTime:0.001000s ]
INFO: [ hy_log ] --START--
NOTIC: [8] Undefined index: style F:\PHP\wamp64\www\SIS.JXNU-B\Application\Common\Behavior\HyLogBehavior.class.php 第 23 行.
NOTIC: [8] Undefined index: sql F:\PHP\wamp64\www\SIS.JXNU-B\Application\Common\Behavior\HyLogBehavior.class.php 第 25 行.
INFO: Run Common\Behavior\HyLogBehavior [ RunTime:0.000000s ]
INFO: [ hy_log ] --END-- [ RunTime:-0.001000s ]
NOTIC: [8] Undefined index: limit F:\PHP\wamp64\www\SIS.JXNU-B\Application\Common\Model\HyFrameModel.class.php 第 160 行.
NOTIC: [8] Undefined index: order F:\PHP\wamp64\www\SIS.JXNU-B\Application\Common\Model\HyFrameModel.class.php 第 162 行.
NOTIC: [8] Undefined index: field F:\PHP\wamp64\www\SIS.JXNU-B\Application\Common\Model\HyFrameModel.class.php 第 170 行.
NOTIC: [8] Undefined index: where F:\PHP\wamp64\www\SIS.JXNU-B\Application\Common\Model\HyFrameModel.class.php 第 189 行.
NOTIC: [8] Undefined index: decrypt F:\PHP\wamp64\www\SIS.JXNU-B\Application\Common\Model\HyFrameModel.class.php 第 241 行.
SQL: SHOW COLUMNS FROM `edu_score` [ RunTime:0.0020s ]
SQL: SELECT 1 FROM `edu_score` `hy` LEFT JOIN `edu_user` AS `user` ON hy.stu_id = user.id LEFT JOIN `edu_student` AS `student` ON user.id = student.user_id LEFT JOIN `edu_class` AS `class` ON student.class_id = class.id LEFT JOIN `edu_exam_course` AS `exam_course` ON hy.course_id = exam_course.id  WHERE hy.status < 9 AND user.country <> '中国' AND student.status < 9  [ RunTime:0.0040s ]
INFO: [ hy_log ] --START--
NOTIC: [8] Undefined index: style F:\PHP\wamp64\www\SIS.JXNU-B\Application\Common\Behavior\HyLogBehavior.class.php 第 23 行.
NOTIC: [8] Undefined index: sql F:\PHP\wamp64\www\SIS.JXNU-B\Application\Common\Behavior\HyLogBehavior.class.php 第 25 行.
INFO: Run Common\Behavior\HyLogBehavior [ RunTime:0.000000s ]
INFO: [ hy_log ] --END-- [ RunTime:-0.016001s ]
NOTIC: [8] Undefined index: hy F:\PHP\wamp64\www\SIS.JXNU-B\Application\Common\Model\HyFrameModel.class.php 第 140 行.
NOTIC: [8] Undefined index: associate F:\PHP\wamp64\www\SIS.JXNU-B\Application\Common\Model\HyFrameModel.class.php 第 141 行.
SQL: SHOW COLUMNS FROM `edu_score` [ RunTime:0.0020s ]
SQL: SELECT hy.id,hy.course_id,hy.stu_id,hy.score,hy.year,hy.term,hy.status,user.name AS `student_name`,user.id AS `user_id`,user.user_no,student.class_id,class.name AS `class_name`,exam_course.name AS `course_name` FROM `edu_score` `hy` LEFT JOIN `edu_user` AS `user` ON hy.stu_id = user.id LEFT JOIN `edu_student` AS `student` ON user.id = student.user_id LEFT JOIN `edu_class` AS `class` ON student.class_id = class.id LEFT JOIN `edu_exam_course` AS `exam_course` ON hy.course_id = exam_course.id  WHERE hy.status < 9 AND user.country <> '中国' AND student.status < 9 ORDER BY hy.id desc LIMIT 10   [ RunTime:0.0020s ]
NOTIC: [8] Undefined index: hidden F:\PHP\wamp64\www\SIS.JXNU-B\Application\Common\Model\HyAllModel.class.php 第 595 行.
NOTIC: [8] Undefined index: hidden F:\PHP\wamp64\www\SIS.JXNU-B\Application\Common\Model\HyAllModel.class.php 第 595 行.
NOTIC: [8] Undefined index: hidden F:\PHP\wamp64\www\SIS.JXNU-B\Application\Common\Model\HyAllModel.class.php 第 595 行.
NOTIC: [8] Undefined index: hidden F:\PHP\wamp64\www\SIS.JXNU-B\Application\Common\Model\HyAllModel.class.php 第 595 行.
NOTIC: [8] Undefined index: hidden F:\PHP\wamp64\www\SIS.JXNU-B\Application\Common\Model\HyAllModel.class.php 第 595 行.
NOTIC: [8] Undefined index: hidden F:\PHP\wamp64\www\SIS.JXNU-B\Application\Common\Model\HyAllModel.class.php 第 595 行.
NOTIC: [8] Undefined index: hidden F:\PHP\wamp64\www\SIS.JXNU-B\Application\Common\Model\HyAllModel.class.php 第 595 行.
NOTIC: [8] Undefined index: hidden F:\PHP\wamp64\www\SIS.JXNU-B\Application\Common\Model\HyAllModel.class.php 第 595 行.
NOTIC: [8] Undefined index: {callback} F:\PHP\wamp64\www\SIS.JXNU-B\Application\Common\Model\HyAllModel.class.php 第 806 行.
NOTIC: [8] Undefined index: callback F:\PHP\wamp64\www\SIS.JXNU-B\Application\Common\Model\HyAllModel.class.php 第 605 行.
NOTIC: [8] Undefined index: callback F:\PHP\wamp64\www\SIS.JXNU-B\Application\Common\Model\HyAllModel.class.php 第 605 行.
NOTIC: [8] Undefined index: callback F:\PHP\wamp64\www\SIS.JXNU-B\Application\Common\Model\HyAllModel.class.php 第 605 行.
NOTIC: [8] Undefined index: callback F:\PHP\wamp64\www\SIS.JXNU-B\Application\Common\Model\HyAllModel.class.php 第 605 行.
NOTIC: [8] Undefined index: callback F:\PHP\wamp64\www\SIS.JXNU-B\Application\Common\Model\HyAllModel.class.php 第 605 行.
NOTIC: [8] Undefined index: callback F:\PHP\wamp64\www\SIS.JXNU-B\Application\Common\Model\HyAllModel.class.php 第 605 行.
NOTIC: [8] Undefined index: callback F:\PHP\wamp64\www\SIS.JXNU-B\Application\Common\Model\HyAllModel.class.php 第 605 行.
NOTIC: [8] Undefined index: {callback} F:\PHP\wamp64\www\SIS.JXNU-B\Application\Common\Model\HyAllModel.class.php 第 806 行.
NOTIC: [8] Undefined index: {callback} F:\PHP\wamp64\www\SIS.JXNU-B\Application\Common\Model\HyAllModel.class.php 第 806 行.
NOTIC: [8] Undefined index: {callback} F:\PHP\wamp64\www\SIS.JXNU-B\Application\Common\Model\HyAllModel.class.php 第 806 行.
NOTIC: [8] Undefined index: callback F:\PHP\wamp64\www\SIS.JXNU-B\Application\Common\Model\HyAllModel.class.php 第 605 行.
NOTIC: [8] Undefined index: callback F:\PHP\wamp64\www\SIS.JXNU-B\Application\Common\Model\HyAllModel.class.php 第 605 行.
NOTIC: [8] Undefined index: callback F:\PHP\wamp64\www\SIS.JXNU-B\Application\Common\Model\HyAllModel.class.php 第 605 行.
NOTIC: [8] Undefined index: callback F:\PHP\wamp64\www\SIS.JXNU-B\Application\Common\Model\HyAllModel.class.php 第 605 行.
NOTIC: [8] Undefined index: callback F:\PHP\wamp64\www\SIS.JXNU-B\Application\Common\Model\HyAllModel.class.php 第 605 行.
NOTIC: [8] Undefined index: callback F:\PHP\wamp64\www\SIS.JXNU-B\Application\Common\Model\HyAllModel.class.php 第 605 行.
NOTIC: [8] Undefined index: callback F:\PHP\wamp64\www\SIS.JXNU-B\Application\Common\Model\HyAllModel.class.php 第 605 行.
NOTIC: [8] Undefined index: {callback} F:\PHP\wamp64\www\SIS.JXNU-B\Application\Common\Model\HyAllModel.class.php 第 806 行.
NOTIC: [8] Undefined index: {callback} F:\PHP\wamp64\www\SIS.JXNU-B\Application\Common\Model\HyAllModel.class.php 第 806 行.
NOTIC: [8] Undefined index: {callback} F:\PHP\wamp64\www\SIS.JXNU-B\Application\Common\Model\HyAllModel.class.php 第 806 行.
NOTIC: [8] Undefined index: callback F:\PHP\wamp64\www\SIS.JXNU-B\Application\Common\Model\HyAllModel.class.php 第 605 行.
NOTIC: [8] Undefined index: callback F:\PHP\wamp64\www\SIS.JXNU-B\Application\Common\Model\HyAllModel.class.php 第 605 行.
NOTIC: [8] Undefined index: callback F:\PHP\wamp64\www\SIS.JXNU-B\Application\Common\Model\HyAllModel.class.php 第 605 行.
NOTIC: [8] Undefined index: callback F:\PHP\wamp64\www\SIS.JXNU-B\Application\Common\Model\HyAllModel.class.php 第 605 行.
NOTIC: [8] Undefined index: callback F:\PHP\wamp64\www\SIS.JXNU-B\Application\Common\Model\HyAllModel.class.php 第 605 行.
NOTIC: [8] Undefined index: callback F:\PHP\wamp64\www\SIS.JXNU-B\Application\Common\Model\HyAllModel.class.php 第 605 行.
NOTIC: [8] Undefined index: callback F:\PHP\wamp64\www\SIS.JXNU-B\Application\Common\Model\HyAllModel.class.php 第 605 行.
NOTIC: [8] Undefined index: {callback} F:\PHP\wamp64\www\SIS.JXNU-B\Application\Common\Model\HyAllModel.class.php 第 806 行.
NOTIC: [8] Undefined index: {callback} F:\PHP\wamp64\www\SIS.JXNU-B\Application\Common\Model\HyAllModel.class.php 第 806 行.
NOTIC: [8] Undefined index: {callback} F:\PHP\wamp64\www\SIS.JXNU-B\Application\Common\Model\HyAllModel.class.php 第 806 行.
NOTIC: [8] Undefined index: callback F:\PHP\wamp64\www\SIS.JXNU-B\Application\Common\Model\HyAllModel.class.php 第 605 行.
NOTIC: [8] Undefined index: callback F:\PHP\wamp64\www\SIS.JXNU-B\Application\Common\Model\HyAllModel.class.php 第 605 行.
NOTIC: [8] Undefined index: callback F:\PHP\wamp64\www\SIS.JXNU-B\Application\Common\Model\HyAllModel.class.php 第 605 行.
NOTIC: [8] Undefined index: callback F:\PHP\wamp64\www\SIS.JXNU-B\Application\Common\Model\HyAllModel.class.php 第 605 行.
NOTIC: [8] Undefined index: callback F:\PHP\wamp64\www\SIS.JXNU-B\Application\Common\Model\HyAllModel.class.php 第 605 行.
NOTIC: [8] Undefined index: callback F:\PHP\wamp64\www\SIS.JXNU-B\Application\Common\Model\HyAllModel.class.php 第 605 行.
NOTIC: [8] Undefined index: callback F:\PHP\wamp64\www\SIS.JXNU-B\Application\Common\Model\HyAllModel.class.php 第 605 行.
NOTIC: [8] Undefined index: {callback} F:\PHP\wamp64\www\SIS.JXNU-B\Application\Common\Model\HyAllModel.class.php 第 806 行.
NOTIC: [8] Undefined index: {callback} F:\PHP\wamp64\www\SIS.JXNU-B\Application\Common\Model\HyAllModel.class.php 第 806 行.
NOTIC: [8] Undefined index: {callback} F:\PHP\wamp64\www\SIS.JXNU-B\Application\Common\Model\HyAllModel.class.php 第 806 行.
NOTIC: [8] Undefined index: callback F:\PHP\wamp64\www\SIS.JXNU-B\Application\Common\Model\HyAllModel.class.php 第 605 行.
NOTIC: [8] Undefined index: callback F:\PHP\wamp64\www\SIS.JXNU-B\Application\Common\Model\HyAllModel.class.php 第 605 行.
NOTIC: [8] Undefined index: callback F:\PHP\wamp64\www\SIS.JXNU-B\Application\Common\Model\HyAllModel.class.php 第 605 行.
NOTIC: [8] Undefined index: callback F:\PHP\wamp64\www\SIS.JXNU-B\Application\Common\Model\HyAllModel.class.php 第 605 行.
NOTIC: [8] Undefined index: callback F:\PHP\wamp64\www\SIS.JXNU-B\Application\Common\Model\HyAllModel.class.php 第 605 行.
NOTIC: [8] Undefined index: callback F:\PHP\wamp64\www\SIS.JXNU-B\Application\Common\Model\HyAllModel.class.php 第 605 行.
NOTIC: [8] Undefined index: callback F:\PHP\wamp64\www\SIS.JXNU-B\Application\Common\Model\HyAllModel.class.php 第 605 行.
NOTIC: [8] Undefined index: {callback} F:\PHP\wamp64\www\SIS.JXNU-B\Application\Common\Model\HyAllModel.class.php 第 806 行.
NOTIC: [8] Undefined index: {callback} F:\PHP\wamp64\www\SIS.JXNU-B\Application\Common\Model\HyAllModel.class.php 第 806 行.
NOTIC: [8] Undefined index: info F:\PHP\wamp64\www\SIS.JXNU-B\Application\Common\Model\HyAllModel.class.php 第 470 行.
INFO: [ hy_log ] --START--
INFO: Run Common\Behavior\HyLogBehavior [ RunTime:0.000000s ]
INFO: [ hy_log ] --END-- [ RunTime:-0.052003s ]

[ 2016-09-14T10:40:11+08:00 ] ::1 /SIS.JXNU-B/index.php/International/International/favicon.ico
INFO: [ app_init ] --START--
INFO: Run Behavior\BuildLiteBehavior [ RunTime:0.000000s ]
INFO: [ app_init ] --END-- [ RunTime:0.001000s ]

